################################################################################
# Detailed information on each weight update.
################################################################################
# Col  Name      Description
################################################################################
# 1    U         Update type (E = energy, F = force).
# 2    epoch     Current training epoch.
# 3    count     Update counter (Multiple lines with identical count for multi-streaming!).
# 4    proc      MPI process providing this update candidate.
# 5    tl        Threshold loop counter.
# 6    rmse_frac Update candidates error divided by this epochs RMSE.
# 7    s_ind_g   Global structure index.
# 8    s_ind     Local structure index on this MPI process.
# 9    a_ind     Atom index.
# 10   c         Force component (0 = x, 1 = y, 2 = z).
################################################################################
# 1     2          3     4   5          6          7     8     9 10
# U epoch      count  proc  tl  rmse_frac    s_ind_g s_ind a_ind  c
###################################################################
  E     1          1     0   1   5.49E-01          4     4
  F     1          2     0   1   1.02E+00         16    16     0  2
  E     1          3     0   1   1.02E+00          3     3
  F     1          4     0   1   1.28E+00          8     8    35  0
  E     1          5     0   1   1.43E+00          8     8
  F     1          6     0   2   4.24E+00         17    17    87  1
  E     1          7     0   1   8.40E-01         19    19
  F     1          8     0   4   2.12E-01         17    17   107  1
  E     1          9     0   1   1.71E+00         18    18
  F     1         10     0   2   1.35E+00         19    19    67  2
  E     1         11     0   1   2.94E+00         15    15
  E     1         12     0   1   1.13E+00         11    11
  F     1         13     0   4   6.67E-01         18    18    35  0
  E     1         14     0   1   1.80E-01          9     9
  F     1         15     0   1   1.19E+00         19    19   135  0
  F     1         16     0   4   3.60E-01          0     0   188  2
  F     1         17     0   4   3.20E-01         16    16   190  2
  F     1         18     0   3   1.02E+00         17    17    92  1
  E     1         19     0   1   3.90E-01          0     0
  F     1         20     0   4   3.96E-01          0     0    12  0
  F     1         21     0   4   2.62E-01          0     0    16  0
  F     1         22     0   4   3.20E-01         18    18    26  1
  F     1         23     0   1   1.43E+00         18    18   127  1
  F     1         24     0   4   8.76E-01         19    19    73  2
  E     1         25     0   1   5.74E-01         14    14
  E     1         26     0   1   1.55E-01          5     5
  E     1         27     0   1   1.52E+00          7     7
  E     1         28     0   1   7.23E-01         10    10
  E     1         29     0   1   1.57E+00         12    12
  F     1         30     0   2   1.01E+00         15    15    48  2
  F     1         31     0   1   1.21E+00          7     7     0  0
  E     1         32     0   1   1.69E+00         17    17
  F     1         33     0   2   2.73E+00         14    14    54  1
  F     1         34     0   4   1.98E-01          0     0   123  2
  F     1         35     0   4   7.00E-01         17    17   153  1
  E     1         36     0   1   1.93E+00         16    16
  F     1         37     0   4   4.37E-01          0     0    66  0
  E     1         38     0   1   4.39E-01         13    13
  F     1         39     0   1   2.27E+00         16    16    52  1
  E     1         40     0   1   2.99E-02          1     1
  E     1         41     0   1   9.10E-01          6     6
  F     1         42     0   4   7.19E-02         19    19   171  1
  F     1         43     0   4   5.72E-01         18    18   134  1
  F     2         44     0   4   4.09E-01         18    18   182  1
  E     2         45     0   1   7.52E-01         14    14
  F     2         46     0   4   4.57E-01         16    16   136  1
  F     2         47     0   4   5.83E-01         17    17    66  2
  F     2         48     0   2   1.22E+00         17    17    55  2
  F     2         49     0   4   4.23E-01          7     7    31  0
  E     2         50     0   1   2.11E+00         17    17
  E     2         51     0   1   8.47E-01          7     7
  E     2         52     0   1   1.65E+00         16    16
  E     2         53     0   1   2.72E-01          4     4
  F     2         54     0   1   1.44E+00         18    18   127  1
  F     2         55     0   4   7.86E-01          9     9    42  1
  E     2         56     0   1   3.52E-01         13    13
  E     2         57     0   1   8.22E-01         15    15
  F     2         58     0   1   2.34E+00         18    18   183  0
  F     2         59     0   1   1.73E+00         18    18    69  1
  F     2         60     0   4   2.37E-01         17    17    39  2
  E     2         61     0   1   1.16E+00          0     0
  F     2         62     0   2   5.51E+00         12    12    40  1
  F     2         63     0   1   5.35E+00         16    16    66  0
  F     2         64     0   4   5.54E-01         16    16    50  1
  F     2         65     0   3   3.64E+00         11    11    26  0
  E     2         66     0   1   1.41E+00          8     8
  F     2         67     0   3   1.08E+00         15    15    76  0
  F     2         68     0   4   1.54E-02          0     0    85  2
  F     2         69     0   2   2.94E+00         16    16    17  1
  E     2         70     0   1   7.58E-02         10    10
  F     2         71     0   1   1.14E+00         12    12    20  2
  E     2         72     0   1   3.74E-01          3     3
  F     2         73     0   4   1.17E-01         12    12     4  1
  F     2         74     0   1   1.69E+00         14    14    56  1
  F     2         75     0   4   5.83E-01         13    13   157  2
  E     2         76     0   1   2.90E-01          5     5
  E     2         77     0   1   2.15E-01          9     9
  E     2         78     0   1   1.81E-01         11    11
  E     2         79     0   1   3.02E-01         19    19
  F     2         80     0   4   1.35E-01         16    16   179  2
  F     2         81     0   4   2.50E-01          4     4    38  0
  E     2         82     0   1   8.21E-02          6     6
  F     2         83     0   3   4.30E+00         13    13    12  2
  E     2         84     0   1   6.15E-02          1     1
  E     2         85     0   1   5.07E-01         12    12
  E     2         86     0   1   1.72E+00         18    18
  F     3         87     0   3   1.34E+00         18    18    38  1
  F     3         88     0   2   1.75E+00         17    17   180  1
  E     3         89     0   1   2.70E-01          6     6
  E     3         90     0   1   1.82E-01         19    19
  E     3         91     0   1   9.62E-02          4     4
  F     3         92     0   4   2.05E-01          7     7    24  1
  E     3         93     0   1   9.72E-01          0     0
  F     3         94     0   1   1.16E+00          6     6    27  1
  F     3         95     0   4   4.22E-01         13    13   100  1
  F     3         96     0   2   2.18E+00         18    18    15  2
  F     3         97     0   4   6.78E-01         14    14   113  0
  E     3         98     0   1   7.56E-01          8     8
  F     3         99     0   4   4.70E-01         16    16    37  2
  E     3        100     0   1   1.14E+00         17    17
  F     3        101     0   4   5.23E-01         13    13     0  2
  F     3        102     0   4   7.46E-01         15    15    44  1
  F     3        103     0   4   2.68E-02          8     8    38  1
  E     3        104     0   1   5.70E-01          9     9
  E     3        105     0   1   7.50E-01         15    15
  F     3        106     0   4   1.51E-01         16    16     0  2
  E     3        107     0   1   6.07E-01         16    16
  E     3        108     0   1   1.98E-01         12    12
  F     3        109     0   4   2.96E-01         17    17    71  2
  E     3        110     0   1   2.86E-01          1     1
  F     3        111     0   4   8.75E-02         10    10    22  1
