################################################################################
# Neural network connection values (weights and biases).
################################################################################
# Col  Name       Description
################################################################################
# 1    connection Neural network connection value.
# 2    t          Connection type (a = weight, b = bias).
# 3    index      Index enumerating weights.
# 4    l_s        Starting point layer (end point layer for biases).
# 5    n_s        Starting point neuron in starting layer (end point neuron for biases).
# 6    l_e        End point layer.
# 7    n_e        End point neuron in end layer.
################################################################################
#                      1 2         3     4     5     6     7
#             connection t     index   l_s   n_s   l_e   n_e
############################################################
  2.5274416251247506E-01 a         1     0     1     1     1
 -3.5023795992697099E-01 a         2     0     1     1     2
  9.5873764011422294E-02 a         3     0     1     1     3
 -2.1347808192181947E-01 a         4     0     1     1     4
 -4.8682593592837289E-02 a         5     0     1     1     5
 -4.9026810319755176E-01 a         6     0     1     1     6
  1.8970556915524028E-01 a         7     0     1     1     7
  1.1741667550715684E-01 a         8     0     1     1     8
  1.0883843142978502E+00 a         9     0     1     1     9
 -1.5445565845683698E-01 a        10     0     1     1    10
  3.7675259288421914E-01 a        11     0     1     1    11
 -2.0582457326408499E-01 a        12     0     1     1    12
  4.1700588083912365E-01 a        13     0     1     1    13
  9.5125878063038988E-02 a        14     0     1     1    14
  4.7848081621184513E-01 a        15     0     1     1    15
  4.8788533696609904E-01 a        16     0     1     1    16
 -4.0944189289747734E-01 a        17     0     1     1    17
  3.9440738699837957E-01 a        18     0     1     1    18
 -5.1790110634156805E-01 a        19     0     1     1    19
 -4.0480367352225038E-01 a        20     0     1     1    20
  1.8812827141973604E-01 a        21     0     1     1    21
 -1.7204189784411644E-01 a        22     0     1     1    22
 -3.4085996224423515E-01 a        23     0     1     1    23
 -2.6895535407892324E-01 a        24     0     1     1    24
  6.7830729586705851E-01 a        25     0     1     1    25
 -1.7111826240203354E-01 a        26     0     2     1     1
 -6.1891174035663099E-01 a        27     0     2     1     2
 -2.0707839961366459E-01 a        28     0     2     1     3
  5.8868706989350539E-01 a        29     0     2     1     4
 -3.1855515040750548E-01 a        30     0     2     1     5
 -3.3719877910338142E-01 a        31     0     2     1     6
  4.7002888437353380E-01 a        32     0     2     1     7
  2.6329043122930007E-01 a        33     0     2     1     8
  6.0273020874045069E-01 a        34     0     2     1     9
 -8.8631995967158733E-02 a        35     0     2     1    10
  5.4264955908609069E-01 a        36     0     2     1    11
  5.2008075861037284E-01 a        37     0     2     1    12
 -5.9247345893821843E-02 a        38     0     2     1    13
 -3.6138717765566630E-01 a        39     0     2     1    14
  6.7591080340720811E-01 a        40     0     2     1    15
  5.4811802057483794E-01 a        41     0     2     1    16
  2.5358934853443699E-01 a        42     0     2     1    17
  5.0581610767608129E-02 a        43     0     2     1    18
 -8.4897132865552991E-02 a        44     0     2     1    19
 -2.3822002461187991E-01 a        45     0     2     1    20
  9.0451697150894095E-01 a        46     0     2     1    21
  4.2886251542571044E-02 a        47     0     2     1    22
  7.6941223807743808E-01 a        48     0     2     1    23
  4.2873659209496824E-02 a        49     0     2     1    24
  6.4563560316535962E-01 a        50     0     2     1    25
  1.6028225238519839E-01 a        51     0     3     1     1
 -5.8811673756703475E-01 a        52     0     3     1     2
  2.5176426751834780E-01 a        53     0     3     1     3
  3.0610745233874537E-01 a        54     0     3     1     4
 -1.3979781599026347E-01 a        55     0     3     1     5
 -5.4838771550731524E-01 a        56     0     3     1     6
  7.2438008848007829E-01 a        57     0     3     1     7
  2.7520648599012615E-01 a        58     0     3     1     8
  6.3909437183314233E-01 a        59     0     3     1     9
 -9.3552100230755914E-02 a        60     0     3     1    10
  4.6544424904604309E-01 a        61     0     3     1    11
 -4.0134251970656953E-02 a        62     0     3     1    12
  1.4292745110774185E-01 a        63     0     3     1    13
 -1.5452666277229293E-01 a        64     0     3     1    14
  2.0985336994602133E-01 a        65     0     3     1    15
  6.1772545547394267E-02 a        66     0     3     1    16
 -2.6497618357613728E-01 a        67     0     3     1    17
  4.9737642910611712E-01 a        68     0     3     1    18
 -5.4354291952815914E-01 a        69     0     3     1    19
 -4.9163805762588836E-01 a        70     0     3     1    20
  2.6890448873156303E-01 a        71     0     3     1    21
  5.2741792479858010E-02 a        72     0     3     1    22
 -4.4785574961116503E-01 a        73     0     3     1    23
 -8.1927067780631316E-02 a        74     0     3     1    24
  2.9386296403368017E-01 a        75     0     3     1    25
 -2.8128920731568785E-01 a        76     0     4     1     1
 -4.4717647282240947E-01 a        77     0     4     1     2
 -5.2730307038887514E-01 a        78     0     4     1     3
  2.0172862432034636E-01 a        79     0     4     1     4
 -5.3023599447648451E-01 a        80     0     4     1     5
  2.2702357766537584E-01 a        81     0     4     1     6
  7.5199501880636055E-01 a        82     0     4     1     7
 -7.3528878543009546E-02 a        83     0     4     1     8
  1.5627228386075354E-01 a        84     0     4     1     9
 -4.4116342043715256E-01 a        85     0     4     1    10
  3.3476897234352843E-01 a        86     0     4     1    11
  1.7122358345735772E-01 a        87     0     4     1    12
  1.0759250267017413E-01 a        88     0     4     1    13
 -6.0415697139507174E-01 a        89     0     4     1    14
  8.8531070793367905E-01 a        90     0     4     1    15
  2.9894366535261285E-01 a        91     0     4     1    16
  6.5870158031282078E-01 a        92     0     4     1    17
  4.8030115161558154E-03 a        93     0     4     1    18
  1.9194528493487256E-01 a        94     0     4     1    19
 -7.0802876674836168E-01 a        95     0     4     1    20
  3.8570128373032886E-01 a        96     0     4     1    21
  1.0980077691203455E-01 a        97     0     4     1    22
  8.1848565039111054E-01 a        98     0     4     1    23
  4.1818597978345709E-02 a        99     0     4     1    24
  6.6240829886387709E-01 a       100     0     4     1    25
 -2.3938661235915723E-01 a       101     0     5     1     1
 -4.2474772534352367E-01 a       102     0     5     1     2
  4.3689925803009411E-01 a       103     0     5     1     3
 -8.2351192160388303E-02 a       104     0     5     1     4
 -3.4559596830012729E-01 a       105     0     5     1     5
 -1.9376230956219040E-01 a       106     0     5     1     6
  4.6391468330779256E-01 a       107     0     5     1     7
 -1.4713520766382082E-01 a       108     0     5     1     8
  1.4546067698134718E-01 a       109     0     5     1     9
 -2.3537411752667325E-01 a       110     0     5     1    10
  8.5220049329296876E-01 a       111     0     5     1    11
  4.0202529652548341E-01 a       112     0     5     1    12
  4.0894854772368111E-01 a       113     0     5     1    13
  9.6336277255945138E-02 a       114     0     5     1    14
  1.6538485212019199E-01 a       115     0     5     1    15
 -1.4953819180612082E-01 a       116     0     5     1    16
 -1.4794379885688697E-01 a       117     0     5     1    17
  3.1265081110682430E-01 a       118     0     5     1    18
 -1.7195545533481474E-01 a       119     0     5     1    19
 -9.5604818630831989E-01 a       120     0     5     1    20
  5.4679759560908592E-02 a       121     0     5     1    21
 -5.6217692308110134E-01 a       122     0     5     1    22
 -3.9238944379417001E-01 a       123     0     5     1    23
  2.4914786681335180E-01 a       124     0     5     1    24
 -3.4661982343573217E-01 a       125     0     5     1    25
 -3.2596138660635193E-01 a       126     0     6     1     1
 -2.4275181776779059E-01 a       127     0     6     1     2
 -2.4716448608278549E-01 a       128     0     6     1     3
  4.1779529216530376E-01 a       129     0     6     1     4
 -1.3245552423177132E-01 a       130     0     6     1     5
  2.9596756333158267E-02 a       131     0     6     1     6
  6.2925377897874624E-01 a       132     0     6     1     7
  6.8501196166942030E-02 a       133     0     6     1     8
  2.0914479162738320E-01 a       134     0     6     1     9
 -2.2293526727799204E-01 a       135     0     6     1    10
  3.7251211481963886E-01 a       136     0     6     1    11
  6.4585017673295594E-02 a       137     0     6     1    12
  5.8673906843841972E-01 a       138     0     6     1    13
 -5.8721217749991880E-02 a       139     0     6     1    14
  5.4555021562673900E-01 a       140     0     6     1    15
  3.4448352803648680E-01 a       141     0     6     1    16
  3.9653015442802048E-01 a       142     0     6     1    17
  2.0812549038419453E-01 a       143     0     6     1    18
  2.8728535903642211E-01 a       144     0     6     1    19
 -4.4645319352019175E-01 a       145     0     6     1    20
  4.1717660763350228E-01 a       146     0     6     1    21
 -4.8589191362977064E-03 a       147     0     6     1    22
  6.7510913787678184E-01 a       148     0     6     1    23
 -2.1380623248995320E-01 a       149     0     6     1    24
  6.5185688465725955E-01 a       150     0     6     1    25
 -2.1406542824426744E-01 a       151     0     7     1     1
 -3.2383093228004883E-01 a       152     0     7     1     2
  1.6667686977507777E-02 a       153     0     7     1     3
 -3.1223037766173301E-01 a       154     0     7     1     4
 -2.5062816427747181E-01 a       155     0     7     1     5
 -4.0795485271327864E-01 a       156     0     7     1     6
  1.6241085400900626E-01 a       157     0     7     1     7
 -3.0049075336556452E-01 a       158     0     7     1     8
  4.0531054537409422E-01 a       159     0     7     1     9
 -2.8716026413958912E-01 a       160     0     7     1    10
  7.3421820593506515E-01 a       161     0     7     1    11
  5.9868546080784335E-01 a       162     0     7     1    12
  3.9655134923942542E-01 a       163     0     7     1    13
 -8.2849188394988561E-04 a       164     0     7     1    14
  5.4591617185289369E-02 a       165     0     7     1    15
  3.5088737583016344E-01 a       166     0     7     1    16
  3.6018057368425183E-01 a       167     0     7     1    17
  3.6812181923683834E-03 a       168     0     7     1    18
 -4.0198652288943726E-01 a       169     0     7     1    19
 -2.5047118923811668E-01 a       170     0     7     1    20
 -9.7293216205432465E-02 a       171     0     7     1    21
 -8.2098030208772521E-01 a       172     0     7     1    22
 -1.3577228198405244E-02 a       173     0     7     1    23
  3.4423997713380017E-01 a       174     0     7     1    24
 -9.1370074441220173E-01 a       175     0     7     1    25
 -2.7911892241561063E-02 a       176     0     8     1     1
 -4.9090571655970083E-01 a       177     0     8     1     2
  2.4242225437240777E-01 a       178     0     8     1     3
  2.8646168780814174E-01 a       179     0     8     1     4
 -5.1613934692084518E-01 a       180     0     8     1     5
  4.2131257232292640E-01 a       181     0     8     1     6
 -2.1777521951290735E-02 a       182     0     8     1     7
 -1.2654882809748022E-01 a       183     0     8     1     8
  8.5375493179299144E-01 a       184     0     8     1     9
  6.7616732769034626E-02 a       185     0     8     1    10
 -4.9615475493317540E-01 a       186     0     8     1    11
 -3.8200310118153497E-01 a       187     0     8     1    12
 -8.1738909189613088E-02 a       188     0     8     1    13
 -2.7993603854911571E-02 a       189     0     8     1    14
 -4.4669279336626386E-02 a       190     0     8     1    15
  3.1897286304708694E-01 a       191     0     8     1    16
  1.6640766784785432E-01 a       192     0     8     1    17
 -2.5463231764954564E-01 a       193     0     8     1    18
 -1.6796681438772346E-01 a       194     0     8     1    19
  3.3855294863939706E-01 a       195     0     8     1    20
 -1.7214304668639357E-01 a       196     0     8     1    21
  1.0402942808512999E-01 a       197     0     8     1    22
  3.6728127626722612E-01 a       198     0     8     1    23
 -6.5467695912494836E-02 a       199     0     8     1    24
  2.7575335326500944E-01 a       200     0     8     1    25
  4.7125730779974478E-01 a       201     0     9     1     1
 -3.6677942446858219E-01 a       202     0     9     1     2
  8.9469896365866886E-01 a       203     0     9     1     3
  6.3662447015114820E-01 a       204     0     9     1     4
 -1.5996665122293233E-01 a       205     0     9     1     5
  3.0266438497446868E-01 a       206     0     9     1     6
 -1.4890600060751051E+00 a       207     0     9     1     7
 -6.3940240931629344E-01 a       208     0     9     1     8
  1.2908746422076063E+00 a       209     0     9     1     9
  2.3940199307943527E-01 a       210     0     9     1    10
 -4.9463903713918239E-01 a       211     0     9     1    11
  5.4304197504685792E-02 a       212     0     9     1    12
 -3.1330578856935729E-02 a       213     0     9     1    13
 -6.8061800990192978E-01 a       214     0     9     1    14
 -1.2775861725823393E-01 a       215     0     9     1    15
  1.7296312462570065E-01 a       216     0     9     1    16
 -5.6873136546650926E-01 a       217     0     9     1    17
  2.0826334772926108E-01 a       218     0     9     1    18
 -6.3308182364794752E-01 a       219     0     9     1    19
  1.0442507428358343E+00 a       220     0     9     1    20
 -7.5549035109136464E-01 a       221     0     9     1    21
 -3.4232119139760431E-01 a       222     0     9     1    22
  3.1565404666422980E-01 a       223     0     9     1    23
  6.9342305503757617E-01 a       224     0     9     1    24
 -7.8820386373667103E-02 a       225     0     9     1    25
  1.7570259334101349E-01 a       226     0    10     1     1
  7.7430291308097185E-02 a       227     0    10     1     2
  1.0225910981804243E-01 a       228     0    10     1     3
 -8.1369048544667505E-02 a       229     0    10     1     4
  1.6737974773495555E-02 a       230     0    10     1     5
 -6.2835616956222543E-03 a       231     0    10     1     6
  6.1303618770347283E-02 a       232     0    10     1     7
 -6.9676275390709558E-02 a       233     0    10     1     8
  7.6199900746618421E-01 a       234     0    10     1     9
 -4.1398515194489049E-01 a       235     0    10     1    10
  6.2864604818612291E-01 a       236     0    10     1    11
  3.6116089707829963E-01 a       237     0    10     1    12
  7.5924227009150236E-01 a       238     0    10     1    13
 -1.2678107112934212E-01 a       239     0    10     1    14
 -5.6535133458649267E-01 a       240     0    10     1    15
  1.0486221297722412E-01 a       241     0    10     1    16
  4.0594608880236871E-01 a       242     0    10     1    17
 -1.2557477718678545E-01 a       243     0    10     1    18
 -3.9365895023152792E-01 a       244     0    10     1    19
  1.0339085372914975E-01 a       245     0    10     1    20
 -1.3850303769109662E-01 a       246     0    10     1    21
 -4.3517077516580238E-01 a       247     0    10     1    22
  2.1347208657033495E-01 a       248     0    10     1    23
  2.7348649230010186E-01 a       249     0    10     1    24
 -1.3400245271838489E+00 a       250     0    10     1    25
  5.0558886217632260E-01 a       251     0    11     1     1
 -1.0400406057603344E-01 a       252     0    11     1     2
  4.9433256566814118E-02 a       253     0    11     1     3
  6.7462744028937774E-02 a       254     0    11     1     4
 -4.6510792137499524E-01 a       255     0    11     1     5
  2.9980711120248332E-01 a       256     0    11     1     6
 -1.2160169798661886E+00 a       257     0    11     1     7
 -1.4224282351311546E-01 a       258     0    11     1     8
  1.1760625061631942E+00 a       259     0    11     1     9
  3.1360280786957462E-01 a       260     0    11     1    10
 -2.4643574804974180E-01 a       261     0    11     1    11
 -8.0166807736775225E-01 a       262     0    11     1    12
 -9.2055199325876735E-01 a       263     0    11     1    13
  6.4276021041756415E-01 a       264     0    11     1    14
  3.0526415689676600E-01 a       265     0    11     1    15
 -5.0539066878646222E-01 a       266     0    11     1    16
  3.9305002632816161E-01 a       267     0    11     1    17
  1.2554661142622789E-01 a       268     0    11     1    18
 -1.5774285301726268E-01 a       269     0    11     1    19
  7.6212476277158869E-01 a       270     0    11     1    20
 -9.0116162096315466E-03 a       271     0    11     1    21
  4.5837378385015187E-01 a       272     0    11     1    22
  7.3050461390313759E-01 a       273     0    11     1    23
 -1.2606263912070928E-01 a       274     0    11     1    24
  1.8289770278475501E+00 a       275     0    11     1    25
  2.0979403362963733E-01 a       276     0    12     1     1
 -4.8457359928029337E-01 a       277     0    12     1     2
 -1.4829446253358969E-01 a       278     0    12     1     3
  3.9659782356782003E-01 a       279     0    12     1     4
  2.6068900380670701E-01 a       280     0    12     1     5
 -2.1811364993197710E-01 a       281     0    12     1     6
  1.3522271090097182E-01 a       282     0    12     1     7
  5.5000566040676491E-01 a       283     0    12     1     8
  1.9018059292408893E-01 a       284     0    12     1     9
  2.7332987710505213E-01 a       285     0    12     1    10
 -1.1144358872034957E-01 a       286     0    12     1    11
  1.0674446232810451E-01 a       287     0    12     1    12
  1.9423994818735282E-01 a       288     0    12     1    13
 -4.8000022169974710E-01 a       289     0    12     1    14
 -1.1616686581094886E+00 a       290     0    12     1    15
  4.5690285177826018E-01 a       291     0    12     1    16
 -1.1170743546047039E-01 a       292     0    12     1    17
 -4.1055217613127165E-02 a       293     0    12     1    18
 -4.3231704850632746E-01 a       294     0    12     1    19
  6.3887066339811938E-01 a       295     0    12     1    20
 -1.6748281812872515E-01 a       296     0    12     1    21
 -2.7629405912686344E-01 a       297     0    12     1    22
 -2.5405124848338045E-01 a       298     0    12     1    23
  1.8675008473199625E-02 a       299     0    12     1    24
 -6.7730474393994899E-01 a       300     0    12     1    25
  2.4814951989419343E-01 a       301     0    13     1     1
 -9.9570777869209426E-02 a       302     0    13     1     2
  1.0849378719405268E-01 a       303     0    13     1     3
  1.0167559689564803E-01 a       304     0    13     1     4
 -1.2035136784348009E-02 a       305     0    13     1     5
  2.9039617056984951E-01 a       306     0    13     1     6
 -1.0472438221644242E+00 a       307     0    13     1     7
 -2.1216336895108720E-01 a       308     0    13     1     8
  9.7977991948749188E-01 a       309     0    13     1     9
  6.4609911904256045E-01 a       310     0    13     1    10
 -2.5687449576171134E-01 a       311     0    13     1    11
 -1.0447623514134716E+00 a       312     0    13     1    12
 -1.3451495596199283E+00 a       313     0    13     1    13
  1.7676000377897310E+00 a       314     0    13     1    14
  9.7052250926706130E-01 a       315     0    13     1    15
 -1.1135727583650004E+00 a       316     0    13     1    16
  7.9207549869362859E-01 a       317     0    13     1    17
 -7.7679876567682674E-02 a       318     0    13     1    18
  5.4492284691551895E-01 a       319     0    13     1    19
  1.1616805517985864E+00 a       320     0    13     1    20
  7.6843841456818707E-01 a       321     0    13     1    21
  6.7636879884702117E-01 a       322     0    13     1    22
  5.2208533367780363E-01 a       323     0    13     1    23
 -6.2206556658519230E-01 a       324     0    13     1    24
  2.6160418109475407E+00 a       325     0    13     1    25
  8.2671280508342326E-01 a       326     0    14     1     1
 -2.9862212989392434E-01 a       327     0    14     1     2
  4.1015718963158886E-02 a       328     0    14     1     3
  2.9698273583459617E-01 a       329     0    14     1     4
 -5.0398694272862032E-02 a       330     0    14     1     5
 -1.9421858840574821E-01 a       331     0    14     1     6
 -1.3557203196936912E-01 a       332     0    14     1     7
  7.2266330675422630E-01 a       333     0    14     1     8
 -9.6459352168560086E-01 a       334     0    14     1     9
  6.4282487531309807E-01 a       335     0    14     1    10
  2.4263686282420852E-01 a       336     0    14     1    11
  4.4916023393495236E-01 a       337     0    14     1    12
 -6.2002321349159928E-01 a       338     0    14     1    13
 -1.2322548107252837E-01 a       339     0    14     1    14
 -8.5096412751093686E-01 a       340     0    14     1    15
  2.7846289767153372E-02 a       341     0    14     1    16
  2.9900914185143035E-01 a       342     0    14     1    17
  1.7243177458895845E-01 a       343     0    14     1    18
  2.4441666900547210E-01 a       344     0    14     1    19
  1.0867444042520588E-01 a       345     0    14     1    20
  3.9879646176636652E-01 a       346     0    14     1    21
 -4.8394438223064506E-01 a       347     0    14     1    22
 -2.1079574905804166E-01 a       348     0    14     1    23
 -6.9296575712624620E-01 a       349     0    14     1    24
 -3.1971375939853647E-01 a       350     0    14     1    25
  3.1462842188181162E-01 a       351     0    15     1     1
  2.0316778751618908E-01 a       352     0    15     1     2
  5.8045655816614916E-01 a       353     0    15     1     3
  7.7849861988943492E-01 a       354     0    15     1     4
  1.1310370208857470E-01 a       355     0    15     1     5
 -2.2508127603381589E-01 a       356     0    15     1     6
 -1.3899157965424327E-01 a       357     0    15     1     7
 -4.1159398771092837E-01 a       358     0    15     1     8
  8.7840628138715415E-01 a       359     0    15     1     9
  7.3546002579438363E-01 a       360     0    15     1    10
 -4.1796284349717500E-01 a       361     0    15     1    11
 -1.6357161456173999E+00 a       362     0    15     1    12
 -9.2975778835611367E-01 a       363     0    15     1    13
  8.0832295341644211E-01 a       364     0    15     1    14
  9.2530294691068049E-01 a       365     0    15     1    15
 -1.2093492178201191E+00 a       366     0    15     1    16
  4.2492013636725424E-02 a       367     0    15     1    17
 -2.2643678550724711E-01 a       368     0    15     1    18
 -5.1708166526314055E-02 a       369     0    15     1    19
  7.0456569408025516E-01 a       370     0    15     1    20
  6.9854420848244192E-01 a       371     0    15     1    21
  5.0321836852559421E-01 a       372     0    15     1    22
 -1.1047887110859960E+00 a       373     0    15     1    23
 -4.8397693968913968E-01 a       374     0    15     1    24
  1.6665724208838235E+00 a       375     0    15     1    25
  9.1252321960889970E-01 a       376     0    16     1     1
  1.4796251943060687E-01 a       377     0    16     1     2
  3.2266425849191749E-01 a       378     0    16     1     3
 -8.3462913133720604E-02 a       379     0    16     1     4
 -4.8472054051370450E-01 a       380     0    16     1     5
 -1.5500210348320412E-01 a       381     0    16     1     6
  5.2969583494466044E-01 a       382     0    16     1     7
  2.0389977714831470E-01 a       383     0    16     1     8
 -1.4822614106158178E+00 a       384     0    16     1     9
  5.9386845432634683E-01 a       385     0    16     1    10
  6.7409339837389060E-01 a       386     0    16     1    11
  4.8666252098073576E-01 a       387     0    16     1    12
 -1.5513255512128992E-03 a       388     0    16     1    13
  1.7254861096774510E-01 a       389     0    16     1    14
 -4.2905015011432035E-01 a       390     0    16     1    15
 -6.9540272956485649E-01 a       391     0    16     1    16
  1.3749596304997225E+00 a       392     0    16     1    17
 -4.1981922113919806E-01 a       393     0    16     1    18
  2.3352094023911907E-01 a       394     0    16     1    19
 -9.7224706209357775E-02 a       395     0    16     1    20
  1.1335305937585651E+00 a       396     0    16     1    21
 -6.7478872998189043E-01 a       397     0    16     1    22
  2.9191451266185925E-01 a       398     0    16     1    23
 -1.1493516134270463E+00 a       399     0    16     1    24
 -2.9257140560746792E-01 a       400     0    16     1    25
  2.8137504466774765E-01 a       401     0    17     1     1
 -7.0647732373607464E-01 a       402     0    17     1     2
  1.3082084716969502E+00 a       403     0    17     1     3
  3.8795713279374464E-03 a       404     0    17     1     4
 -3.1023519682767109E-01 a       405     0    17     1     5
  9.1587418925724762E-01 a       406     0    17     1     6
 -1.9713487596745742E+00 a       407     0    17     1     7
  3.2748420541712314E-02 a       408     0    17     1     8
  4.5258117251010771E-01 a       409     0    17     1     9
  1.1958351987087924E-01 a       410     0    17     1    10
  1.1898656908194377E-01 a       411     0    17     1    11
  1.8543451784918302E-01 a       412     0    17     1    12
 -8.8435329521655726E-01 a       413     0    17     1    13
  1.4028732675704452E+00 a       414     0    17     1    14
  2.5348185236958637E-01 a       415     0    17     1    15
  6.8777070951196839E-01 a       416     0    17     1    16
 -3.7196942221803442E-01 a       417     0    17     1    17
 -2.5794515681822522E-01 a       418     0    17     1    18
  1.4761112552822211E-02 a       419     0    17     1    19
 -3.3239936968658645E-01 a       420     0    17     1    20
 -4.8299315923352798E-01 a       421     0    17     1    21
 -2.2613740821586986E-01 a       422     0    17     1    22
  1.2828294712588966E+00 a       423     0    17     1    23
 -1.6138383157346281E-01 a       424     0    17     1    24
 -7.3118244895331880E-03 a       425     0    17     1    25
 -2.6273042188457418E-01 a       426     0    18     1     1
 -6.9770669203480307E-01 a       427     0    18     1     2
 -7.7465002993962528E-01 a       428     0    18     1     3
 -3.5466336799577025E-01 a       429     0    18     1     4
 -1.9352341977466206E-01 a       430     0    18     1     5
  5.9453699674007862E-02 a       431     0    18     1     6
 -1.5422370568844324E+00 a       432     0    18     1     7
 -2.2961052638466381E-01 a       433     0    18     1     8
  3.6211527409616739E-01 a       434     0    18     1     9
 -3.9214832495125612E-01 a       435     0    18     1    10
  7.2144442877463122E-01 a       436     0    18     1    11
  5.9080715903078396E-01 a       437     0    18     1    12
 -1.5956411463740390E-02 a       438     0    18     1    13
 -4.9341088673076949E-01 a       439     0    18     1    14
 -9.2485664882362900E-02 a       440     0    18     1    15
  1.3975106137208007E-01 a       441     0    18     1    16
 -6.9074995444751786E-01 a       442     0    18     1    17
  4.4853618202282974E-01 a       443     0    18     1    18
  1.5900995200116433E-01 a       444     0    18     1    19
 -4.1969731945132344E-01 a       445     0    18     1    20
 -1.0492693273225187E-01 a       446     0    18     1    21
  4.0236209656118439E-02 a       447     0    18     1    22
 -9.5385750703969804E-02 a       448     0    18     1    23
 -6.1615838896984576E-01 a       449     0    18     1    24
 -2.3691081587663670E-02 a       450     0    18     1    25
  6.8321253798960679E-01 a       451     0    19     1     1
 -5.4920400148022475E-01 a       452     0    19     1     2
  2.1058409957051522E-02 a       453     0    19     1     3
  5.2240186497630015E-02 a       454     0    19     1     4
 -1.1975434937486572E-01 a       455     0    19     1     5
  1.2000465080555901E-01 a       456     0    19     1     6
 -1.7035056072513477E+00 a       457     0    19     1     7
  4.7443730642212500E-01 a       458     0    19     1     8
  1.1781032807208380E+00 a       459     0    19     1     9
 -5.6588139767474466E-01 a       460     0    19     1    10
 -6.1753117393815123E-02 a       461     0    19     1    11
  2.8264716891653408E-01 a       462     0    19     1    12
 -6.1297333943664267E-01 a       463     0    19     1    13
  8.5701061385645583E-01 a       464     0    19     1    14
 -1.4306866112519862E-01 a       465     0    19     1    15
  6.6586974296953871E-01 a       466     0    19     1    16
  1.9024994947825197E-01 a       467     0    19     1    17
  7.5144649764642946E-01 a       468     0    19     1    18
  3.5823058710852623E-01 a       469     0    19     1    19
  5.0720749143768340E-01 a       470     0    19     1    20
 -2.6049158323370603E-01 a       471     0    19     1    21
 -2.1861686322301049E-01 a       472     0    19     1    22
  1.1293684364374720E-01 a       473     0    19     1    23
  2.3699352416444108E-01 a       474     0    19     1    24
 -4.3325669465418398E-01 a       475     0    19     1    25
 -2.0626181305972102E-01 a       476     0    20     1     1
 -7.1448845346323453E-01 a       477     0    20     1     2
 -3.5584103272563165E-02 a       478     0    20     1     3
  1.8419060313443850E-01 a       479     0    20     1     4
  5.8996166922073087E-02 a       480     0    20     1     5
 -9.3469206814604203E-02 a       481     0    20     1     6
  9.2307133570332309E-02 a       482     0    20     1     7
 -2.8382629146838118E-01 a       483     0    20     1     8
  1.2037078972994664E+00 a       484     0    20     1     9
  1.7975216126757576E-01 a       485     0    20     1    10
  4.0074714141054146E-01 a       486     0    20     1    11
 -4.2506403212351901E-01 a       487     0    20     1    12
  6.4807525462965099E-01 a       488     0    20     1    13
 -8.6362345960699152E-03 a       489     0    20     1    14
 -1.0267131279708594E-01 a       490     0    20     1    15
  5.1913534318396204E-01 a       491     0    20     1    16
 -4.0483366969198303E-01 a       492     0    20     1    17
  6.1074467843113800E-01 a       493     0    20     1    18
 -5.4514514374072565E-01 a       494     0    20     1    19
 -1.7175964833446614E-01 a       495     0    20     1    20
 -5.0616180476960271E-01 a       496     0    20     1    21
 -2.4901123445933671E-01 a       497     0    20     1    22
 -9.7777532799382061E-02 a       498     0    20     1    23
  5.9846551550545735E-01 a       499     0    20     1    24
 -1.2796554525233805E+00 a       500     0    20     1    25
 -1.0653467639094949E-01 a       501     0    21     1     1
 -3.2962349156202175E-01 a       502     0    21     1     2
  1.5173121719143623E-01 a       503     0    21     1     3
  7.2722289639453735E-02 a       504     0    21     1     4
 -2.1623054485406545E-01 a       505     0    21     1     5
 -1.4469708710521662E-01 a       506     0    21     1     6
  2.4563227931719209E-03 a       507     0    21     1     7
  2.7389094802729658E-01 a       508     0    21     1     8
  6.8616805479114251E-01 a       509     0    21     1     9
 -1.7631890913519663E-01 a       510     0    21     1    10
  8.2912480100567926E-02 a       511     0    21     1    11
  3.4293097188870836E-01 a       512     0    21     1    12
  3.4087828713228970E-02 a       513     0    21     1    13
 -7.6731262846659043E-01 a       514     0    21     1    14
 -4.0210162309044539E-01 a       515     0    21     1    15
  1.8007487075414966E-01 a       516     0    21     1    16
  2.1121573407307045E-01 a       517     0    21     1    17
 -4.2916139303697372E-02 a       518     0    21     1    18
 -3.6038126588505343E-01 a       519     0    21     1    19
  5.7143619885348007E-01 a       520     0    21     1    20
 -2.5865791874102734E-02 a       521     0    21     1    21
 -6.7763774169916169E-01 a       522     0    21     1    22
  4.5937650697180372E-02 a       523     0    21     1    23
 -1.7494847477552633E-01 a       524     0    21     1    24
 -5.7396878056791467E-01 a       525     0    21     1    25
 -1.4190292497959398E-01 a       526     0    22     1     1
 -6.4883805716156173E-01 a       527     0    22     1     2
  5.1404623412036932E-01 a       528     0    22     1     3
  5.2254524575218342E-01 a       529     0    22     1     4
 -2.4580106756216832E-01 a       530     0    22     1     5
  7.3537189327296293E-01 a       531     0    22     1     6
 -6.4485445792000251E-01 a       532     0    22     1     7
 -5.8501167833707546E-01 a       533     0    22     1     8
  7.0828043154571019E-01 a       534     0    22     1     9
  4.8560424666604879E-01 a       535     0    22     1    10
 -3.5893692730786619E-01 a       536     0    22     1    11
 -7.5745389028965757E-02 a       537     0    22     1    12
  2.0527548441909252E-01 a       538     0    22     1    13
 -1.5501521089565851E+00 a       539     0    22     1    14
 -7.7681075326792026E-01 a       540     0    22     1    15
  1.2309736064452079E+00 a       541     0    22     1    16
 -4.1515031726909513E-01 a       542     0    22     1    17
 -4.4026403047995050E-01 a       543     0    22     1    18
 -8.7406562872199900E-01 a       544     0    22     1    19
  5.2421087038264236E-01 a       545     0    22     1    20
 -7.5423843282568392E-01 a       546     0    22     1    21
 -6.9401138430261233E-01 a       547     0    22     1    22
  8.2686648735154661E-02 a       548     0    22     1    23
  9.7826453325522889E-01 a       549     0    22     1    24
 -6.3845106667053386E-01 a       550     0    22     1    25
  1.6593206057389548E-01 a       551     0    23     1     1
 -2.0838210709517690E-01 a       552     0    23     1     2
 -2.0502738062852038E-01 a       553     0    23     1     3
 -1.3390036157903890E-01 a       554     0    23     1     4
 -2.6533396071873316E-01 a       555     0    23     1     5
 -1.6366568118344690E-01 a       556     0    23     1     6
 -2.1569091776439522E-01 a       557     0    23     1     7
 -5.0708517115829133E-01 a       558     0    23     1     8
  7.5219011626500498E-01 a       559     0    23     1     9
  7.1785366554743407E-02 a       560     0    23     1    10
  5.9387890077514949E-01 a       561     0    23     1    11
  7.2186950659482454E-02 a       562     0    23     1    12
  9.6212948978700058E-02 a       563     0    23     1    13
  2.3194448229304627E-02 a       564     0    23     1    14
 -4.5042255783730384E-01 a       565     0    23     1    15
  2.3923870979451400E-03 a       566     0    23     1    16
 -2.2955944868502420E-01 a       567     0    23     1    17
  2.2913500190085540E-01 a       568     0    23     1    18
 -3.0980823175765332E-01 a       569     0    23     1    19
  3.1567801277762886E-01 a       570     0    23     1    20
 -8.6449576887979229E-01 a       571     0    23     1    21
 -3.6733718897813550E-01 a       572     0    23     1    22
  3.3926394583097108E-01 a       573     0    23     1    23
 -1.7031352213370565E-01 a       574     0    23     1    24
 -9.2985504466344837E-01 a       575     0    23     1    25
 -7.5779485961329840E-01 a       576     0    24     1     1
  3.1119062562397831E-01 a       577     0    24     1     2
 -1.7149113505568443E+00 a       578     0    24     1     3
  6.0367453796203807E-01 a       579     0    24     1     4
 -2.5280818231108176E-01 a       580     0    24     1     5
  2.4557289454578393E-01 a       581     0    24     1     6
 -1.2837764497718296E-01 a       582     0    24     1     7
  7.6160093437673937E-01 a       583     0    24     1     8
 -3.2102232624251392E-01 a       584     0    24     1     9
  8.9541989119368781E-01 a       585     0    24     1    10
  7.0819368983182973E-01 a       586     0    24     1    11
  1.4013739853316431E-01 a       587     0    24     1    12
 -2.2094869949370555E-01 a       588     0    24     1    13
 -9.0626543453323938E-02 a       589     0    24     1    14
  9.5162323346944555E-01 a       590     0    24     1    15
 -7.1522589062381470E-01 a       591     0    24     1    16
  1.6659380030426352E-01 a       592     0    24     1    17
  4.0571345974985373E-01 a       593     0    24     1    18
  3.4222909880095581E-01 a       594     0    24     1    19
  2.2953669673422594E-01 a       595     0    24     1    20
  3.6930848792770898E-01 a       596     0    24     1    21
  6.3237829837701071E-02 a       597     0    24     1    22
 -1.4588218959885907E-01 a       598     0    24     1    23
 -4.5601301744801315E-01 a       599     0    24     1    24
  5.2683789835565520E-01 a       600     0    24     1    25
  5.0449011629704410E-01 a       601     0    25     1     1
 -2.3619611658590411E-01 a       602     0    25     1     2
  1.4281429683958755E-01 a       603     0    25     1     3
 -4.7962106188899650E-01 a       604     0    25     1     4
 -7.1708209828822062E-02 a       605     0    25     1     5
 -3.2719518036574663E-01 a       606     0    25     1     6
 -6.7596916687119069E-01 a       607     0    25     1     7
  1.1121264697045161E+00 a       608     0    25     1     8
 -4.7327679189535782E-01 a       609     0    25     1     9
  3.5268512032545124E-01 a       610     0    25     1    10
  2.9807919620024154E-01 a       611     0    25     1    11
  3.2039326492773118E-01 a       612     0    25     1    12
 -4.9480489390676857E-01 a       613     0    25     1    13
  7.9360033036889366E-01 a       614     0    25     1    14
 -9.9921891400601814E-02 a       615     0    25     1    15
 -1.2800551146852793E-01 a       616     0    25     1    16
 -1.1603040520206501E-01 a       617     0    25     1    17
 -5.9284789906095037E-01 a       618     0    25     1    18
  4.4323814776602431E-02 a       619     0    25     1    19
  9.2329135464073164E-01 a       620     0    25     1    20
  6.5853932540395760E-02 a       621     0    25     1    21
 -3.9761978236043938E-01 a       622     0    25     1    22
  9.9547689508020964E-01 a       623     0    25     1    23
 -1.4747807698047115E+00 a       624     0    25     1    24
  2.0623394319730551E-01 a       625     0    25     1    25
  3.3733593894381236E-01 a       626     0    26     1     1
 -7.5179812256264911E-01 a       627     0    26     1     2
  1.9752114517069669E-01 a       628     0    26     1     3
 -1.1169813608075722E-01 a       629     0    26     1     4
 -4.9636710516070026E-01 a       630     0    26     1     5
 -2.7137327908096048E-01 a       631     0    26     1     6
 -1.2924959749684253E-01 a       632     0    26     1     7
 -5.3395121792107125E-01 a       633     0    26     1     8
  3.9924158370632451E-01 a       634     0    26     1     9
  8.8168797199480098E-01 a       635     0    26     1    10
  7.6216237525190644E-01 a       636     0    26     1    11
  1.8287839119636287E-01 a       637     0    26     1    12
 -1.7674423315559365E-01 a       638     0    26     1    13
 -5.4568461205850405E-01 a       639     0    26     1    14
 -4.8557609275875846E-01 a       640     0    26     1    15
 -9.7850845119881805E-02 a       641     0    26     1    16
  4.4182966514318534E-01 a       642     0    26     1    17
  3.1031561853026385E-01 a       643     0    26     1    18
  2.6319838450793061E-02 a       644     0    26     1    19
  7.5854888005661691E-01 a       645     0    26     1    20
 -9.8357854543474954E-02 a       646     0    26     1    21
 -3.5171119367153980E-01 a       647     0    26     1    22
 -2.1878344562694171E-01 a       648     0    26     1    23
  1.7101868207595011E-01 a       649     0    26     1    24
 -6.0197917691505987E-01 a       650     0    26     1    25
  4.2888668362070109E-01 a       651     0    27     1     1
 -2.3310481262758273E-01 a       652     0    27     1     2
  5.9296278375505385E-01 a       653     0    27     1     3
  3.6316954475652413E-01 a       654     0    27     1     4
 -1.5429765694414950E+00 a       655     0    27     1     5
 -3.2903027582864458E-01 a       656     0    27     1     6
  5.3888290738050149E-01 a       657     0    27     1     7
 -1.1325754039564946E+00 a       658     0    27     1     8
 -8.7966922239177370E-01 a       659     0    27     1     9
  1.2291975393205170E+00 a       660     0    27     1    10
  2.9430850459628105E-01 a       661     0    27     1    11
  3.3892728576546066E-01 a       662     0    27     1    12
 -1.3161364973784367E-01 a       663     0    27     1    13
 -5.5310196804081557E-01 a       664     0    27     1    14
 -5.0601084463598178E-01 a       665     0    27     1    15
 -5.5222454190886616E-01 a       666     0    27     1    16
  2.1524426068596023E+00 a       667     0    27     1    17
 -8.3556066561172093E-01 a       668     0    27     1    18
 -2.1113051221613305E-01 a       669     0    27     1    19
  1.7267536895171942E-01 a       670     0    27     1    20
  1.1750906474690355E+00 a       671     0    27     1    21
 -7.3092163862041071E-01 a       672     0    27     1    22
  4.8230585087826694E-01 a       673     0    27     1    23
  1.3500107810024800E-01 a       674     0    27     1    24
  1.7388289631379614E-01 a       675     0    27     1    25
  1.9537688705814542E+00 b       676     1     1
  8.5726524853084285E-01 b       677     1     2
 -3.5373269754977538E-02 b       678     1     3
  3.5952396398688924E-01 b       679     1     4
  1.1352826486831817E+00 b       680     1     5
  3.0853481375161267E+00 b       681     1     6
 -4.1029479368316142E-02 b       682     1     7
  5.2298539321860731E-02 b       683     1     8
  2.1358735903431341E+00 b       684     1     9
 -1.2268769348177391E+00 b       685     1    10
  1.6567106240825156E+00 b       686     1    11
  9.8238367642093916E-01 b       687     1    12
 -3.4109576337901093E-01 b       688     1    13
 -2.5156483978316302E-01 b       689     1    14
  1.1988739951048570E+00 b       690     1    15
  8.1757363636562641E-01 b       691     1    16
 -1.5594242582756761E+00 b       692     1    17
 -1.5973997839663687E+00 b       693     1    18
 -1.3182387899115000E+00 b       694     1    19
 -6.2271964437793148E-01 b       695     1    20
 -9.6077845400415407E-01 b       696     1    21
 -1.3778086724602281E+00 b       697     1    22
 -6.1307505235433324E-01 b       698     1    23
 -6.8410119597181751E-01 b       699     1    24
  1.4648247254482547E+00 b       700     1    25
 -1.1497275985300379E+00 a       701     1     1     2     1
  5.9623710035616184E-01 a       702     1     1     2     2
  9.6644346537037285E-01 a       703     1     1     2     3
 -8.2569287556504278E-03 a       704     1     1     2     4
  1.9161115354732517E-02 a       705     1     1     2     5
 -2.5855643723025556E-01 a       706     1     1     2     6
  5.2950818572462277E-01 a       707     1     1     2     7
  6.5876416199571652E-01 a       708     1     1     2     8
  1.4241984133922539E-01 a       709     1     1     2     9
 -7.5949371500147134E-02 a       710     1     1     2    10
 -1.6774175715993597E-01 a       711     1     1     2    11
  2.6669585978191168E-01 a       712     1     1     2    12
 -3.7698661204309158E-01 a       713     1     1     2    13
 -3.7637150109952822E-01 a       714     1     1     2    14
 -1.4604820413020050E+00 a       715     1     1     2    15
 -1.1277894857939985E+00 a       716     1     1     2    16
 -5.5294127858829289E-01 a       717     1     1     2    17
 -1.0545525366971569E+00 a       718     1     1     2    18
 -3.4578984064917567E-01 a       719     1     1     2    19
 -1.4176128915586511E-02 a       720     1     1     2    20
 -1.8750678800844858E+00 a       721     1     1     2    21
 -1.1587397975745890E+00 a       722     1     1     2    22
 -4.2157599907308621E-02 a       723     1     1     2    23
  9.4641982216958054E-01 a       724     1     1     2    24
  7.6065459792818935E-01 a       725     1     1     2    25
  1.3138525566777651E-01 a       726     1     2     2     1
 -2.7806207473956845E-01 a       727     1     2     2     2
 -1.8218026816324044E+00 a       728     1     2     2     3
  5.2261947862946578E-02 a       729     1     2     2     4
 -6.2361998745864744E-01 a       730     1     2     2     5
 -1.4050850307561480E-01 a       731     1     2     2     6
 -4.0922142255096261E-01 a       732     1     2     2     7
 -4.7127858124007127E-01 a       733     1     2     2     8
  7.7926830464695229E-01 a       734     1     2     2     9
 -2.5245664596211048E-01 a       735     1     2     2    10
 -1.1959661041792594E-01 a       736     1     2     2    11
  1.0050256889522051E+00 a       737     1     2     2    12
  1.5426934167183632E+00 a       738     1     2     2    13
  2.5049385383385031E-01 a       739     1     2     2    14
  2.0417973867958570E+00 a       740     1     2     2    15
  3.5920597703190182E-01 a       741     1     2     2    16
  7.1563327871949467E-01 a       742     1     2     2    17
  2.3846492806156214E-01 a       743     1     2     2    18
 -2.1464334552981737E-01 a       744     1     2     2    19
 -8.0964233073216607E-01 a       745     1     2     2    20
 -6.7851813840115949E-01 a       746     1     2     2    21
  1.1484679335190864E+00 a       747     1     2     2    22
 -8.4211279465172678E-02 a       748     1     2     2    23
 -7.8637689243389386E-01 a       749     1     2     2    24
  2.1360285507523860E-01 a       750     1     2     2    25
 -1.4821254830872690E-01 a       751     1     3     2     1
  1.8016666335879505E+00 a       752     1     3     2     2
 -3.1865327770032670E-01 a       753     1     3     2     3
  9.6313750006949317E-01 a       754     1     3     2     4
 -7.8388385310268927E-02 a       755     1     3     2     5
  2.2751898114148594E-01 a       756     1     3     2     6
 -3.5597087395453142E-01 a       757     1     3     2     7
  9.0446326775595054E-02 a       758     1     3     2     8
  1.0695212669649423E+00 a       759     1     3     2     9
  3.2468310349557095E-01 a       760     1     3     2    10
  1.9933839087775307E-01 a       761     1     3     2    11
  3.8128099446780653E-02 a       762     1     3     2    12
  6.3288286374314962E-01 a       763     1     3     2    13
  4.8123816873491926E-01 a       764     1     3     2    14
 -4.6021655151965984E-01 a       765     1     3     2    15
  4.4945673689951482E-01 a       766     1     3     2    16
  3.1874614531433798E-01 a       767     1     3     2    17
  3.5170798233772727E-01 a       768     1     3     2    18
 -6.5724926646478199E-01 a       769     1     3     2    19
 -1.0365233284014200E-01 a       770     1     3     2    20
 -8.5673141534355901E-01 a       771     1     3     2    21
 -2.8903254217746893E-01 a       772     1     3     2    22
 -6.5166946020291960E-01 a       773     1     3     2    23
  4.7119227935925112E-01 a       774     1     3     2    24
 -1.8782369683358144E-01 a       775     1     3     2    25
 -2.3782833299652995E-01 a       776     1     4     2     1
  1.7350552480297460E-01 a       777     1     4     2     2
 -5.0849716861530936E-01 a       778     1     4     2     3
  9.2112695883751516E-01 a       779     1     4     2     4
  3.9762734403075684E-01 a       780     1     4     2     5
 -6.9184528016366775E-01 a       781     1     4     2     6
  2.0621400745906507E-01 a       782     1     4     2     7
  5.0958968198284693E-01 a       783     1     4     2     8
  1.9849044171879929E-01 a       784     1     4     2     9
  3.8444854350684399E-02 a       785     1     4     2    10
  1.5548902129170339E+00 a       786     1     4     2    11
 -1.2476128184800951E-01 a       787     1     4     2    12
 -6.4098025715877055E-02 a       788     1     4     2    13
 -3.9098026096340228E-02 a       789     1     4     2    14
  7.1092553418811266E-01 a       790     1     4     2    15
 -7.2673072931835658E-01 a       791     1     4     2    16
 -6.6046457687824600E-01 a       792     1     4     2    17
 -9.2746324591178020E-01 a       793     1     4     2    18
 -3.8042219887533590E-01 a       794     1     4     2    19
  4.3407231984202307E-02 a       795     1     4     2    20
 -1.6673406195369106E-01 a       796     1     4     2    21
  2.1833164816064934E-01 a       797     1     4     2    22
 -9.2915673746750449E-01 a       798     1     4     2    23
  9.5553868342852311E-01 a       799     1     4     2    24
  3.3557126295118572E-01 a       800     1     4     2    25
 -1.9805317788056045E-01 a       801     1     5     2     1
  2.8294630123809650E-01 a       802     1     5     2     2
 -4.9532304816545714E-01 a       803     1     5     2     3
  1.3351930166668313E+00 a       804     1     5     2     4
  1.5093605110327066E-01 a       805     1     5     2     5
  1.0460650505851550E-01 a       806     1     5     2     6
  7.6628298692501332E-02 a       807     1     5     2     7
  7.4888178743300310E-02 a       808     1     5     2     8
  1.0552768032529276E+00 a       809     1     5     2     9
 -3.4882854340191408E-02 a       810     1     5     2    10
  1.4783116508854290E+00 a       811     1     5     2    11
 -5.0767862140633546E-01 a       812     1     5     2    12
  1.0076056759980427E+00 a       813     1     5     2    13
  2.2956362936812297E-01 a       814     1     5     2    14
  1.0210182153136035E-01 a       815     1     5     2    15
 -7.7320793323783665E-01 a       816     1     5     2    16
 -1.0062733466958375E-01 a       817     1     5     2    17
 -5.7904881296827349E-01 a       818     1     5     2    18
 -1.8416388851232299E-01 a       819     1     5     2    19
  4.5017741849896031E-01 a       820     1     5     2    20
 -2.1522126052374607E-01 a       821     1     5     2    21
  6.3434754437569374E-01 a       822     1     5     2    22
  9.0051040590155351E-01 a       823     1     5     2    23
 -9.7686153124321529E-01 a       824     1     5     2    24
 -1.3744337445847235E-01 a       825     1     5     2    25
 -2.6379742964993230E-01 a       826     1     6     2     1
 -4.5302931934003354E-01 a       827     1     6     2     2
  1.0675105036187924E+00 a       828     1     6     2     3
 -5.6818025021609930E-01 a       829     1     6     2     4
  6.4276458937554048E-01 a       830     1     6     2     5
  1.7161132571560217E-01 a       831     1     6     2     6
 -3.1745670332240100E-01 a       832     1     6     2     7
  2.4528553383729143E-01 a       833     1     6     2     8
  3.9946370493307537E-01 a       834     1     6     2     9
 -1.0272661659193925E+00 a       835     1     6     2    10
 -9.1873530040155960E-01 a       836     1     6     2    11
  9.0576147702383647E-01 a       837     1     6     2    12
 -1.4214069217295616E-01 a       838     1     6     2    13
  8.2560237481736454E-01 a       839     1     6     2    14
  8.3617409813777011E-01 a       840     1     6     2    15
 -4.6143568994054029E-01 a       841     1     6     2    16
  9.6869979152973934E-02 a       842     1     6     2    17
  9.3286179414114012E-01 a       843     1     6     2    18
  2.4771104669191080E-01 a       844     1     6     2    19
 -1.2632975935744002E+00 a       845     1     6     2    20
 -1.9920493366580591E-01 a       846     1     6     2    21
  2.3544789705167898E-01 a       847     1     6     2    22
  5.9703320596898396E-02 a       848     1     6     2    23
 -1.7557496864226751E-02 a       849     1     6     2    24
  1.2028728915852565E+00 a       850     1     6     2    25
  9.1309276190277022E-01 a       851     1     7     2     1
 -8.3366249951803817E-01 a       852     1     7     2     2
 -1.8787749684788584E+00 a       853     1     7     2     3
  8.4094319725648334E-02 a       854     1     7     2     4
  8.5027945856554384E-03 a       855     1     7     2     5
  8.0360203475183759E-02 a       856     1     7     2     6
  1.7469713168271828E-01 a       857     1     7     2     7
  2.1508981981529413E-01 a       858     1     7     2     8
 -2.2316344289944598E-01 a       859     1     7     2     9
  2.8799079813820821E-01 a       860     1     7     2    10
 -1.2722561231847951E-01 a       861     1     7     2    11
 -7.3111389211933242E-01 a       862     1     7     2    12
 -1.6783715241025319E-02 a       863     1     7     2    13
  8.4822443889300680E-01 a       864     1     7     2    14
  7.9007952075104626E-01 a       865     1     7     2    15
  9.6860453264765711E-01 a       866     1     7     2    16
  3.7203972765281268E-01 a       867     1     7     2    17
 -4.2217060860645600E-01 a       868     1     7     2    18
  5.3606736122596221E-01 a       869     1     7     2    19
  1.0371617810576421E+00 a       870     1     7     2    20
  5.0792909740607417E-01 a       871     1     7     2    21
  4.5183302846665740E-01 a       872     1     7     2    22
  1.0350064588710048E+00 a       873     1     7     2    23
  4.4130767244867675E-01 a       874     1     7     2    24
 -1.0251713026014821E+00 a       875     1     7     2    25
  5.0237782769930472E-01 a       876     1     8     2     1
  1.1909352214968354E+00 a       877     1     8     2     2
  5.0947107111916939E-02 a       878     1     8     2     3
  5.0800712073419707E-01 a       879     1     8     2     4
  8.4394953561344729E-02 a       880     1     8     2     5
 -1.0908654677657681E-01 a       881     1     8     2     6
 -8.5294847863095116E-02 a       882     1     8     2     7
  2.4717957533660134E-01 a       883     1     8     2     8
 -2.0170193877839086E-02 a       884     1     8     2     9
 -6.9235890995544211E-02 a       885     1     8     2    10
  8.8683352158169648E-01 a       886     1     8     2    11
  5.2103519694534521E-02 a       887     1     8     2    12
  8.2091261180621422E-01 a       888     1     8     2    13
 -1.9921733349808290E-01 a       889     1     8     2    14
  2.1215832233704029E-01 a       890     1     8     2    15
 -3.2794438379036245E-01 a       891     1     8     2    16
  1.3102046245714435E-01 a       892     1     8     2    17
 -9.6686731406767146E-01 a       893     1     8     2    18
  2.1772324054731806E-01 a       894     1     8     2    19
  6.4385693435896041E-01 a       895     1     8     2    20
 -5.1018458785847105E-02 a       896     1     8     2    21
  3.3685493589161863E-01 a       897     1     8     2    22
  1.1768807513159156E+00 a       898     1     8     2    23
 -1.5439858302400547E-01 a       899     1     8     2    24
 -1.0144593525142621E-01 a       900     1     8     2    25
 -8.9592959064141675E-01 a       901     1     9     2     1
  1.3482299647492542E+00 a       902     1     9     2     2
  7.3295144051674321E-01 a       903     1     9     2     3
 -6.6439402606057729E-01 a       904     1     9     2     4
 -7.8363353655683480E-03 a       905     1     9     2     5
 -7.4703553950371859E-01 a       906     1     9     2     6
  1.0573996202888241E+00 a       907     1     9     2     7
  3.0822438955306114E-01 a       908     1     9     2     8
  8.4757721845093392E-02 a       909     1     9     2     9
  3.3751152805275325E-01 a       910     1     9     2    10
  3.7898739517512292E-01 a       911     1     9     2    11
  1.3947711464406563E+00 a       912     1     9     2    12
 -6.8302254004047699E-02 a       913     1     9     2    13
  2.0687127075487718E-01 a       914     1     9     2    14
 -1.5083961036565625E+00 a       915     1     9     2    15
 -5.4019216749418575E-01 a       916     1     9     2    16
 -9.6543150472039196E-01 a       917     1     9     2    17
 -7.8173659234122583E-01 a       918     1     9     2    18
 -7.2778908477223947E-01 a       919     1     9     2    19
  4.4338424081527317E-01 a       920     1     9     2    20
 -1.7937095485833578E+00 a       921     1     9     2    21
  5.0744681084039700E-01 a       922     1     9     2    22
 -1.2082604512238813E+00 a       923     1     9     2    23
  8.7755392552299760E-01 a       924     1     9     2    24
 -9.4561320921572034E-01 a       925     1     9     2    25
  6.4280931971549904E-01 a       926     1    10     2     1
 -3.5484544330398854E-01 a       927     1    10     2     2
  2.6079183883768692E-01 a       928     1    10     2     3
  3.2310901916625429E-01 a       929     1    10     2     4
 -2.6572193109461406E-01 a       930     1    10     2     5
  6.0760492477120243E-01 a       931     1    10     2     6
  7.5566227121866281E-02 a       932     1    10     2     7
 -5.1556165516689911E-01 a       933     1    10     2     8
 -4.5307963158478071E-01 a       934     1    10     2     9
  3.7037837686666947E-01 a       935     1    10     2    10
  7.6011461749599718E-01 a       936     1    10     2    11
 -1.9882586738921848E-01 a       937     1    10     2    12
 -5.1658377942520928E-01 a       938     1    10     2    13
 -3.5596112672626756E-01 a       939     1    10     2    14
  1.3497106222722355E+00 a       940     1    10     2    15
  5.1129180277246877E-01 a       941     1    10     2    16
  3.1587368133372057E-01 a       942     1    10     2    17
  1.3444373021482254E+00 a       943     1    10     2    18
 -8.1680170328164736E-01 a       944     1    10     2    19
  4.3164849280991924E-01 a       945     1    10     2    20
 -5.0570334809136275E-01 a       946     1    10     2    21
 -2.8966611634553475E-02 a       947     1    10     2    22
 -1.5608785126725513E+00 a       948     1    10     2    23
  6.8647182632951798E-01 a       949     1    10     2    24
 -6.5539671724079174E-01 a       950     1    10     2    25
  1.5418774189139169E-02 a       951     1    11     2     1
 -3.2377124054937878E-01 a       952     1    11     2     2
 -6.4608364441846955E-01 a       953     1    11     2     3
 -4.3649464043383202E-01 a       954     1    11     2     4
 -5.5620805976036199E-02 a       955     1    11     2     5
 -2.7078783838645593E-01 a       956     1    11     2     6
  2.3970009669696191E-02 a       957     1    11     2     7
 -2.3487489943817272E-01 a       958     1    11     2     8
 -3.2345386058757047E-01 a       959     1    11     2     9
  1.2415530440657488E-01 a       960     1    11     2    10
 -4.5461166825427668E-01 a       961     1    11     2    11
  3.0549162159997278E-01 a       962     1    11     2    12
 -3.4938820963957962E-01 a       963     1    11     2    13
  2.1033497829851938E-01 a       964     1    11     2    14
  8.5339399305718688E-01 a       965     1    11     2    15
 -1.1782481439452808E-01 a       966     1    11     2    16
  1.6993616024597555E-01 a       967     1    11     2    17
 -2.4118493244224459E-01 a       968     1    11     2    18
 -9.5487865531900207E-01 a       969     1    11     2    19
 -6.8934931221906548E-01 a       970     1    11     2    20
 -4.0017761546084157E-01 a       971     1    11     2    21
  7.8735343358917598E-01 a       972     1    11     2    22
 -3.6106786410781416E-01 a       973     1    11     2    23
 -3.3310871110302737E-01 a       974     1    11     2    24
 -2.8635827669296537E-02 a       975     1    11     2    25
 -5.7669550819086324E-01 a       976     1    12     2     1
  1.8949616889988238E-02 a       977     1    12     2     2
 -6.1874801201030644E-02 a       978     1    12     2     3
 -6.7279722346742521E-01 a       979     1    12     2     4
 -5.1743285581140330E-02 a       980     1    12     2     5
  4.0107654741569340E-02 a       981     1    12     2     6
 -2.2829581705626142E-02 a       982     1    12     2     7
 -3.6042409565026350E-02 a       983     1    12     2     8
  3.0211584298591165E-01 a       984     1    12     2     9
 -1.3270516138870531E-01 a       985     1    12     2    10
 -1.4087514195166049E+00 a       986     1    12     2    11
  1.9027548962191052E-01 a       987     1    12     2    12
  7.2488866804532204E-02 a       988     1    12     2    13
 -1.0768615644243727E-01 a       989     1    12     2    14
 -1.1187894069454662E-01 a       990     1    12     2    15
 -4.7914778228124227E-01 a       991     1    12     2    16
 -1.3803114652827417E-02 a       992     1    12     2    17
 -1.4309897811038558E-01 a       993     1    12     2    18
  2.1003503861400163E-01 a       994     1    12     2    19
 -1.3350887123756183E-01 a       995     1    12     2    20
  1.9844761216402484E-01 a       996     1    12     2    21
 -6.6830626704883406E-02 a       997     1    12     2    22
  6.0852381342312974E-02 a       998     1    12     2    23
 -6.2675845862710178E-01 a       999     1    12     2    24
  2.5340603599925066E-01 a      1000     1    12     2    25
  6.4554864468834372E-01 a      1001     1    13     2     1
 -2.2770385884862721E-01 a      1002     1    13     2     2
 -1.1739233482896017E+00 a      1003     1    13     2     3
  8.5749440727073833E-01 a      1004     1    13     2     4
 -6.4377594657213333E-01 a      1005     1    13     2     5
  5.8743551072906686E-01 a      1006     1    13     2     6
 -6.9177985608482706E-01 a      1007     1    13     2     7
 -4.2068629635645488E-01 a      1008     1    13     2     8
  2.1029465069062386E-01 a      1009     1    13     2     9
  1.6725263566982540E-01 a      1010     1    13     2    10
 -3.8319577773139790E-01 a      1011     1    13     2    11
 -7.4311862292898490E-01 a      1012     1    13     2    12
  1.1046400883356154E-01 a      1013     1    13     2    13
  8.5600089533786028E-01 a      1014     1    13     2    14
  2.2831192879729273E-01 a      1015     1    13     2    15
  3.8618974959045577E-01 a      1016     1    13     2    16
  1.3570877402519801E-01 a      1017     1    13     2    17
  3.5102011044803988E-01 a      1018     1    13     2    18
  6.5105980035242395E-01 a      1019     1    13     2    19
 -2.5192776554553559E-01 a      1020     1    13     2    20
  6.8578403280273492E-01 a      1021     1    13     2    21
  2.9256538461667758E-01 a      1022     1    13     2    22
  6.2021338985668684E-01 a      1023     1    13     2    23
 -6.7032911331682188E-01 a      1024     1    13     2    24
 -1.5126656951128384E-01 a      1025     1    13     2    25
 -1.5498541538666791E-01 a      1026     1    14     2     1
  1.6282559716288958E+00 a      1027     1    14     2     2
  7.1523443298919021E-01 a      1028     1    14     2     3
 -1.0253819519456016E+00 a      1029     1    14     2     4
  1.0000445400303390E+00 a      1030     1    14     2     5
 -4.7253000467477480E-01 a      1031     1    14     2     6
  1.4754235876277436E-01 a      1032     1    14     2     7
  1.6917061080578691E-01 a      1033     1    14     2     8
 -4.8559485846182704E-01 a      1034     1    14     2     9
  3.3253125572314343E-02 a      1035     1    14     2    10
  7.3087061936386455E-01 a      1036     1    14     2    11
 -8.1572898399282223E-01 a      1037     1    14     2    12
  4.0134306434034545E-01 a      1038     1    14     2    13
 -1.6220520773559552E+00 a      1039     1    14     2    14
 -1.1513340034223958E+00 a      1040     1    14     2    15
 -7.4470788692590240E-01 a      1041     1    14     2    16
 -1.2801767145640222E-01 a      1042     1    14     2    17
 -8.9320449881195851E-01 a      1043     1    14     2    18
 -1.7751616005288232E-01 a      1044     1    14     2    19
  4.0181110922895458E-01 a      1045     1    14     2    20
 -8.6510206406130455E-02 a      1046     1    14     2    21
  9.5791579108526170E-01 a      1047     1    14     2    22
 -3.0732503845032205E-01 a      1048     1    14     2    23
  4.2149178498638157E-01 a      1049     1    14     2    24
  1.4223003133939299E-01 a      1050     1    14     2    25
 -1.0164862282529284E-01 a      1051     1    15     2     1
  1.7759646591679346E+00 a      1052     1    15     2     2
 -5.0190348716712706E-02 a      1053     1    15     2     3
 -1.7176555514064279E-01 a      1054     1    15     2     4
  3.2407755831279153E-02 a      1055     1    15     2     5
 -6.6306678953072214E-03 a      1056     1    15     2     6
  2.5139088639179547E-01 a      1057     1    15     2     7
  1.2771924905592785E-01 a      1058     1    15     2     8
  4.7216212422248011E-01 a      1059     1    15     2     9
 -2.4747583448504312E-01 a      1060     1    15     2    10
  3.1378239799191310E-01 a      1061     1    15     2    11
  4.6143515793456008E-01 a      1062     1    15     2    12
 -1.2071502724143623E-01 a      1063     1    15     2    13
 -1.4723982153530362E+00 a      1064     1    15     2    14
  7.2604835185859895E-01 a      1065     1    15     2    15
 -7.7967356668159826E-01 a      1066     1    15     2    16
 -2.6979797710272752E-01 a      1067     1    15     2    17
 -9.5091163109294252E-01 a      1068     1    15     2    18
 -3.4819051491960451E-01 a      1069     1    15     2    19
 -2.7571636543184186E-01 a      1070     1    15     2    20
 -7.0632727545941953E-01 a      1071     1    15     2    21
  5.7491613957676047E-01 a      1072     1    15     2    22
 -1.1913723547338193E+00 a      1073     1    15     2    23
 -4.6549652030913380E-01 a      1074     1    15     2    24
  1.0930024466383263E-01 a      1075     1    15     2    25
 -6.2267833946109841E-01 a      1076     1    16     2     1
 -6.9897484730112678E-03 a      1077     1    16     2     2
  1.3929191740263938E+00 a      1078     1    16     2     3
  3.7158391946963895E-02 a      1079     1    16     2     4
  4.4151890250540954E-01 a      1080     1    16     2     5
 -4.9311406359343229E-01 a      1081     1    16     2     6
  2.0597887629975922E-01 a      1082     1    16     2     7
  4.6544137924215673E-01 a      1083     1    16     2     8
 -5.4403057693021839E-02 a      1084     1    16     2     9
 -5.8984539371539435E-01 a      1085     1    16     2    10
 -2.1065856144059866E-01 a      1086     1    16     2    11
  5.8468773127035534E-01 a      1087     1    16     2    12
 -2.9773560595963544E-01 a      1088     1    16     2    13
  1.7847119175288224E+00 a      1089     1    16     2    14
 -1.5822402002543674E+00 a      1090     1    16     2    15
 -6.1994655207355231E-01 a      1091     1    16     2    16
 -2.2524155183874706E-01 a      1092     1    16     2    17
 -1.3693866357173920E-01 a      1093     1    16     2    18
  3.8805153693844335E-01 a      1094     1    16     2    19
 -8.1750018148739645E-01 a      1095     1    16     2    20
 -6.3641720989547568E-01 a      1096     1    16     2    21
 -8.8545212230471781E-01 a      1097     1    16     2    22
  8.8755273028482029E-01 a      1098     1    16     2    23
  4.4550794469112358E-02 a      1099     1    16     2    24
  6.2890538721497447E-01 a      1100     1    16     2    25
  1.1224832599964929E-01 a      1101     1    17     2     1
  2.2511778613370736E-02 a      1102     1    17     2     2
 -1.7597287560611514E+00 a      1103     1    17     2     3
 -3.4460878003785822E-01 a      1104     1    17     2     4
 -2.5950739824689539E-01 a      1105     1    17     2     5
  7.2634749799272424E-01 a      1106     1    17     2     6
 -1.0559971064106461E+00 a      1107     1    17     2     7
 -3.2907508490946397E-01 a      1108     1    17     2     8
 -1.1405233531761918E+00 a      1109     1    17     2     9
  1.3005507621502940E-01 a      1110     1    17     2    10
 -1.4281608798701309E+00 a      1111     1    17     2    11
 -2.0418288026251719E-01 a      1112     1    17     2    12
 -6.9842210178406150E-01 a      1113     1    17     2    13
  6.3608353583423027E-01 a      1114     1    17     2    14
  1.3387483223799046E+00 a      1115     1    17     2    15
  1.6962044874333551E-01 a      1116     1    17     2    16
  4.0571659449022093E-02 a      1117     1    17     2    17
 -4.5988306458821088E-01 a      1118     1    17     2    18
  1.0143864235555050E-01 a      1119     1    17     2    19
  4.2702583475483902E-01 a      1120     1    17     2    20
 -2.7006412742475877E-01 a      1121     1    17     2    21
  5.9067365191071489E-02 a      1122     1    17     2    22
  9.7839407637552200E-01 a      1123     1    17     2    23
  2.5295648258362293E+00 a      1124     1    17     2    24
 -3.7809096482475074E-01 a      1125     1    17     2    25
  2.1167621476830181E-01 a      1126     1    18     2     1
  4.7203714894789806E-02 a      1127     1    18     2     2
 -7.7401271959333284E-01 a      1128     1    18     2     3
  1.4842226966045194E-01 a      1129     1    18     2     4
  3.9965704382950301E-03 a      1130     1    18     2     5
 -5.3764947324712695E-02 a      1131     1    18     2     6
 -5.6395830292418991E-01 a      1132     1    18     2     7
 -4.3793850013670454E-01 a      1133     1    18     2     8
 -6.4715162878601007E-01 a      1134     1    18     2     9
  1.8605575099737157E-01 a      1135     1    18     2    10
  3.4679099814758008E-01 a      1136     1    18     2    11
 -5.5600509222492722E-01 a      1137     1    18     2    12
 -8.2637162023818755E-01 a      1138     1    18     2    13
 -9.6227519587326993E-01 a      1139     1    18     2    14
 -6.1511771969946594E-01 a      1140     1    18     2    15
  5.1843220207607177E-01 a      1141     1    18     2    16
 -4.2654667048910952E-02 a      1142     1    18     2    17
 -4.5105477163583951E-01 a      1143     1    18     2    18
  8.1692424884065279E-02 a      1144     1    18     2    19
  5.4491924040318318E-01 a      1145     1    18     2    20
  5.0719639267803796E-01 a      1146     1    18     2    21
 -1.8559258369559178E-01 a      1147     1    18     2    22
  8.4477524546055727E-01 a      1148     1    18     2    23
 -1.2041469330289547E+00 a      1149     1    18     2    24
 -4.7452246498108142E-01 a      1150     1    18     2    25
  9.3555505316982590E-01 a      1151     1    19     2     1
  9.2929592867074795E-01 a      1152     1    19     2     2
  1.1983030115314454E-01 a      1153     1    19     2     3
 -6.6774107993714260E-01 a      1154     1    19     2     4
 -2.5523209839165883E-01 a      1155     1    19     2     5
  1.0215573795106079E+00 a      1156     1    19     2     6
 -1.4541173541800495E-01 a      1157     1    19     2     7
 -8.6859571294735849E-01 a      1158     1    19     2     8
 -2.4135134567303113E-01 a      1159     1    19     2     9
  3.1390469285533096E-01 a      1160     1    19     2    10
 -1.3726844471368307E+00 a      1161     1    19     2    11
 -2.1160597264381723E-01 a      1162     1    19     2    12
  6.0546752930650805E-01 a      1163     1    19     2    13
 -7.4272351343747756E-01 a      1164     1    19     2    14
 -3.4706572778234951E-01 a      1165     1    19     2    15
  2.6605969263262980E-01 a      1166     1    19     2    16
  4.0242375889405185E-01 a      1167     1    19     2    17
  5.8893574972215168E-01 a      1168     1    19     2    18
  2.6766997516258206E-01 a      1169     1    19     2    19
 -2.9814301620812367E-01 a      1170     1    19     2    20
  4.6246497278564586E-01 a      1171     1    19     2    21
  1.7615283421550101E+00 a      1172     1    19     2    22
  3.7371215847064693E-01 a      1173     1    19     2    23
 -2.1209573340434995E-01 a      1174     1    19     2    24
 -3.4597917090810670E-01 a      1175     1    19     2    25
 -1.0371205997267892E+00 a      1176     1    20     2     1
  7.5165867759081184E-01 a      1177     1    20     2     2
  1.3095518219378797E+00 a      1178     1    20     2     3
 -1.4740416200045696E+00 a      1179     1    20     2     4
  4.5429033318887452E-02 a      1180     1    20     2     5
 -8.5818767357584802E-01 a      1181     1    20     2     6
  4.8789301023812010E-01 a      1182     1    20     2     7
  4.0933607265518418E-01 a      1183     1    20     2     8
 -5.9488543844360664E-01 a      1184     1    20     2     9
 -2.5587004814117065E-01 a      1185     1    20     2    10
  2.4065649256001309E-01 a      1186     1    20     2    11
  8.8024984373704074E-01 a      1187     1    20     2    12
 -1.7930882733362638E-01 a      1188     1    20     2    13
 -2.0577268340190022E-01 a      1189     1    20     2    14
 -4.9335690705122720E-01 a      1190     1    20     2    15
 -1.2489743122776891E+00 a      1191     1    20     2    16
 -4.1912495793268684E-01 a      1192     1    20     2    17
 -7.9265859335307964E-01 a      1193     1    20     2    18
 -2.2080873597848677E-01 a      1194     1    20     2    19
  1.1176403998648827E+00 a      1195     1    20     2    20
 -1.0842914516826021E+00 a      1196     1    20     2    21
 -9.1076732243027958E-01 a      1197     1    20     2    22
  2.1554082004142830E-01 a      1198     1    20     2    23
  1.0087362952523333E+00 a      1199     1    20     2    24
  3.7319034215209551E-01 a      1200     1    20     2    25
 -1.4222136127671037E-02 a      1201     1    21     2     1
 -2.1730423636760232E-01 a      1202     1    21     2     2
 -2.3097443365447229E-01 a      1203     1    21     2     3
 -3.8882424196571774E-01 a      1204     1    21     2     4
 -2.9726726618882215E-01 a      1205     1    21     2     5
  9.4450988402100822E-01 a      1206     1    21     2     6
 -9.0271123798269826E-01 a      1207     1    21     2     7
 -2.7479929399777675E-01 a      1208     1    21     2     8
  2.8027806381572923E-01 a      1209     1    21     2     9
  1.4726663170003390E-01 a      1210     1    21     2    10
 -3.1001946840360989E-01 a      1211     1    21     2    11
 -1.0942336107984277E-01 a      1212     1    21     2    12
 -5.6884989656951590E-01 a      1213     1    21     2    13
  1.5928763373703474E+00 a      1214     1    21     2    14
  1.0451731982678449E+00 a      1215     1    21     2    15
  8.2573235029910583E-02 a      1216     1    21     2    16
  2.1992668357240808E-01 a      1217     1    21     2    17
 -1.4028027093718315E-01 a      1218     1    21     2    18
  4.4294752742464874E-02 a      1219     1    21     2    19
 -1.0833116093506824E-01 a      1220     1    21     2    20
 -1.9165368262604859E-01 a      1221     1    21     2    21
  4.2850765233756200E-01 a      1222     1    21     2    22
  9.0316681319838366E-01 a      1223     1    21     2    23
  1.2518065668937399E+00 a      1224     1    21     2    24
  2.0379575843035139E-01 a      1225     1    21     2    25
  3.8820319796156039E-01 a      1226     1    22     2     1
 -6.8892583158917789E-02 a      1227     1    22     2     2
  5.5243651558773688E-01 a      1228     1    22     2     3
  4.9214853963084165E-01 a      1229     1    22     2     4
  2.2168285542605509E-01 a      1230     1    22     2     5
  7.0382663738836115E-01 a      1231     1    22     2     6
 -5.3437106901480025E-01 a      1232     1    22     2     7
 -5.9281226419620547E-01 a      1233     1    22     2     8
  3.5436055957009227E-01 a      1234     1    22     2     9
  3.5386576696026512E-01 a      1235     1    22     2    10
  1.2758685142246493E+00 a      1236     1    22     2    11
 -7.0267929009951269E-01 a      1237     1    22     2    12
  1.2326293901578146E-01 a      1238     1    22     2    13
 -9.3285615981183567E-01 a      1239     1    22     2    14
 -2.4319079086744264E-01 a      1240     1    22     2    15
  9.1154737103747674E-01 a      1241     1    22     2    16
  6.4433711464806931E-01 a      1242     1    22     2    17
  1.7522892371404752E-01 a      1243     1    22     2    18
 -2.4537541217888231E-01 a      1244     1    22     2    19
  8.2298637436337529E-01 a      1245     1    22     2    20
 -3.1224175870429338E-01 a      1246     1    22     2    21
  4.5394897509314740E-02 a      1247     1    22     2    22
 -8.2161859240776389E-02 a      1248     1    22     2    23
  8.6980058896237403E-02 a      1249     1    22     2    24
 -5.6327497115625424E-01 a      1250     1    22     2    25
 -2.4376989898268372E-01 a      1251     1    23     2     1
 -2.0470212719619149E-01 a      1252     1    23     2     2
  1.6400672809896861E+00 a      1253     1    23     2     3
 -2.6011158021002756E-01 a      1254     1    23     2     4
  3.6638781057925085E-01 a      1255     1    23     2     5
  1.2510216784788277E+00 a      1256     1    23     2     6
 -4.5201557538064713E-01 a      1257     1    23     2     7
 -7.8087043115621854E-02 a      1258     1    23     2     8
 -9.0147309749925586E-01 a      1259     1    23     2     9
  1.6692947096814029E-01 a      1260     1    23     2    10
 -8.3564714081669667E-01 a      1261     1    23     2    11
 -1.2488757657474490E-01 a      1262     1    23     2    12
 -1.0257734392444018E+00 a      1263     1    23     2    13
 -1.0477546005738125E+00 a      1264     1    23     2    14
 -1.3664675571947003E+00 a      1265     1    23     2    15
  2.3915150040947838E-01 a      1266     1    23     2    16
  2.2497779486347072E-01 a      1267     1    23     2    17
  5.2910157719876805E-01 a      1268     1    23     2    18
 -1.4837601859315694E-01 a      1269     1    23     2    19
  4.0753768623983666E-01 a      1270     1    23     2    20
  4.2444934404041942E-02 a      1271     1    23     2    21
  6.6682205280126350E-01 a      1272     1    23     2    22
 -2.7981679040899687E-01 a      1273     1    23     2    23
  1.4297917909183973E+00 a      1274     1    23     2    24
 -3.9975720296409079E-01 a      1275     1    23     2    25
  3.1468489189049947E-01 a      1276     1    24     2     1
 -1.2068399149691378E+00 a      1277     1    24     2     2
 -1.1726860114053681E+00 a      1278     1    24     2     3
  1.8004021595050541E+00 a      1279     1    24     2     4
 -2.6394781355749369E-01 a      1280     1    24     2     5
  3.1527439339470970E-01 a      1281     1    24     2     6
  7.0558273824746512E-02 a      1282     1    24     2     7
 -3.0710016324779266E-01 a      1283     1    24     2     8
 -3.5061930428050647E-01 a      1284     1    24     2     9
  1.6247683444058511E-02 a      1285     1    24     2    10
  7.0968566914453662E-02 a      1286     1    24     2    11
 -5.3491505637300585E-01 a      1287     1    24     2    12
  2.5730132345562137E-02 a      1288     1    24     2    13
  1.0322236791074946E+00 a      1289     1    24     2    14
 -1.7023330885662771E+00 a      1290     1    24     2    15
 -1.5648452161900825E-01 a      1291     1    24     2    16
 -1.1165691155456088E-01 a      1292     1    24     2    17
 -1.3014151611139502E-01 a      1293     1    24     2    18
  3.8281804626618909E-01 a      1294     1    24     2    19
  4.8812132053904378E-01 a      1295     1    24     2    20
  1.1788451266632136E+00 a      1296     1    24     2    21
  2.2520367849204828E-01 a      1297     1    24     2    22
  1.5528162165854872E-01 a      1298     1    24     2    23
  9.9746225585246151E-01 a      1299     1    24     2    24
 -5.3609263471633228E-01 a      1300     1    24     2    25
 -1.3159296284080135E-01 a      1301     1    25     2     1
  1.1279542011742636E+00 a      1302     1    25     2     2
  1.6141901907148717E+00 a      1303     1    25     2     3
 -9.6617437875851908E-01 a      1304     1    25     2     4
  6.1969423026404369E-01 a      1305     1    25     2     5
 -2.3218735497917015E-01 a      1306     1    25     2     6
  6.3865173885253923E-01 a      1307     1    25     2     7
  1.7058249973957179E-01 a      1308     1    25     2     8
  1.2481404359073724E-01 a      1309     1    25     2     9
 -6.9037703260203520E-01 a      1310     1    25     2    10
 -1.8814775481181574E+00 a      1311     1    25     2    11
 -8.6029641355456543E-01 a      1312     1    25     2    12
 -2.5989123150545757E-01 a      1313     1    25     2    13
 -4.5894765423438522E-01 a      1314     1    25     2    14
 -1.3366787142399976E+00 a      1315     1    25     2    15
 -1.2563026460061817E+00 a      1316     1    25     2    16
 -1.0227008016462259E-01 a      1317     1    25     2    17
  4.1317937416330347E-01 a      1318     1    25     2    18
 -2.7559303077221337E-01 a      1319     1    25     2    19
 -9.0121957939745634E-01 a      1320     1    25     2    20
 -1.4625103194005201E-01 a      1321     1    25     2    21
 -4.8203812851763655E-01 a      1322     1    25     2    22
 -1.0005829458401521E+00 a      1323     1    25     2    23
 -1.2327370834953873E-01 a      1324     1    25     2    24
  7.7835236716820477E-01 a      1325     1    25     2    25
 -1.1856162976974993E+00 b      1326     2     1
 -6.2410733286893099E-03 b      1327     2     2
  5.9616061744497328E-01 b      1328     2     3
  3.8256769756099707E-01 b      1329     2     4
 -4.2830969270451830E-01 b      1330     2     5
 -1.5882513198745238E-01 b      1331     2     6
 -3.3349555245470647E-01 b      1332     2     7
  1.5950751565939658E-01 b      1333     2     8
 -6.9238117158182355E-01 b      1334     2     9
 -6.9729111237493213E-01 b      1335     2    10
  2.6295750925388028E-01 b      1336     2    11
 -3.4179812801832699E-01 b      1337     2    12
 -5.8925982769038565E-01 b      1338     2    13
 -1.3779166311558966E+00 b      1339     2    14
 -3.0615830370644981E-01 b      1340     2    15
 -1.6245576411235012E+00 b      1341     2    16
 -4.8154839231967356E-01 b      1342     2    17
 -8.2026584078734355E-01 b      1343     2    18
 -1.6533898779488210E-01 b      1344     2    19
 -5.4819657261323884E-01 b      1345     2    20
  1.8501433690608593E-01 b      1346     2    21
 -1.0831882366769905E+00 b      1347     2    22
 -8.3798247583518420E-02 b      1348     2    23
 -6.8446567435753292E-01 b      1349     2    24
  1.1824331419625855E+00 b      1350     2    25
 -1.8766329843371361E+00 a      1351     2     1     3     1
 -2.3398534450174573E+00 a      1352     2     2     3     1
 -2.6859942659377336E+00 a      1353     2     3     3     1
  1.9528634695970366E+00 a      1354     2     4     3     1
 -5.0964330135570612E-01 a      1355     2     5     3     1
  5.0488890011097909E-01 a      1356     2     6     3     1
  3.2432704455701705E-01 a      1357     2     7     3     1
  2.6645955918991399E-01 a      1358     2     8     3     1
 -6.6756804900523226E-01 a      1359     2     9     3     1
 -3.0206312238915822E-01 a      1360     2    10     3     1
  9.3827646494851402E-01 a      1361     2    11     3     1
  1.2079394960045280E+00 a      1362     2    12     3     1
  4.8205342006080476E-01 a      1363     2    13     3     1
  1.6081663301599587E+00 a      1364     2    14     3     1
  1.5032649274733905E+00 a      1365     2    15     3     1
 -9.1700719695549993E-01 a      1366     2    16     3     1
  1.1966531227067754E+00 a      1367     2    17     3     1
  1.0464645024374084E-01 a      1368     2    18     3     1
  1.1587735208050173E-01 a      1369     2    19     3     1
 -2.4580009050175211E+00 a      1370     2    20     3     1
 -6.1978677166385343E-01 a      1371     2    21     3     1
 -4.4660790154784669E-01 a      1372     2    22     3     1
  9.6378477871299773E-01 a      1373     2    23     3     1
  1.9773452215358420E+00 a      1374     2    24     3     1
  9.1053089600999926E-01 a      1375     2    25     3     1
  7.9442059327472980E-01 b      1376     3     1
