################################################################################
# Neural network connection values (weights and biases).
################################################################################
# Col  Name       Description
################################################################################
# 1    connection Neural network connection value.
# 2    t          Connection type (a = weight, b = bias).
# 3    index      Index enumerating weights.
# 4    l_s        Starting point layer (end point layer for biases).
# 5    n_s        Starting point neuron in starting layer (end point neuron for biases).
# 6    l_e        End point layer.
# 7    n_e        End point neuron in end layer.
################################################################################
#                      1 2         3     4     5     6     7
#             connection t     index   l_s   n_s   l_e   n_e
############################################################
  2.5152285737180075E-01 a         1     0     1     1     1
 -2.7950557093792577E-01 a         2     0     1     1     2
  1.3867825368759479E-01 a         3     0     1     1     3
 -7.9080111638112106E-03 a         4     0     1     1     4
  1.6422206532836467E-01 a         5     0     1     1     5
  1.3698285518948694E-01 a         6     0     1     1     6
 -1.7132230481531663E-01 a         7     0     1     1     7
 -1.8407892781012089E-01 a         8     0     1     1     8
 -1.6996002077921590E-01 a         9     0     1     1     9
  1.4017807933524623E-01 a        10     0     1     1    10
 -4.8995251092002062E-01 a        11     0     1     1    11
 -7.8399822940625877E-02 a        12     0     1     1    12
 -4.7217735307087338E-02 a        13     0     1     1    13
  2.5474382429603348E-01 a        14     0     1     1    14
  8.2390115971009689E-02 a        15     0     1     1    15
  2.3770978976222670E-01 a        16     0     1     1    16
 -4.3215107479620707E-02 a        17     0     1     1    17
  3.6764106775839883E-01 a        18     0     1     1    18
 -1.5413060340196116E-01 a        19     0     1     1    19
 -3.4304463906645638E-01 a        20     0     1     1    20
 -9.2829363743189147E-03 a        21     0     1     1    21
 -3.9375887008742193E-02 a        22     0     1     1    22
 -3.3887028022680232E-01 a        23     0     1     1    23
 -1.7068261100697360E-01 a        24     0     1     1    24
  2.6964319757676958E-01 a        25     0     1     1    25
  1.9780249210906639E-03 a        26     0     2     1     1
 -3.8747050140525832E-02 a        27     0     2     1     2
 -4.7596251863562850E-01 a        28     0     2     1     3
  2.9941030422476234E-01 a        29     0     2     1     4
 -4.7030472288085094E-02 a        30     0     2     1     5
 -3.8117433541783230E-01 a        31     0     2     1     6
  1.8015834286442847E-01 a        32     0     2     1     7
 -3.2547239604321138E-01 a        33     0     2     1     8
 -7.9163725157956888E-02 a        34     0     2     1     9
  2.7401961961260241E-01 a        35     0     2     1    10
 -5.6380803954787617E-01 a        36     0     2     1    11
 -4.4632038499925758E-01 a        37     0     2     1    12
 -1.8038532635746554E-01 a        38     0     2     1    13
 -1.5302284234440980E-02 a        39     0     2     1    14
  3.1310559440090002E-01 a        40     0     2     1    15
 -1.2104846080722195E-01 a        41     0     2     1    16
  4.7196786840965697E-02 a        42     0     2     1    17
  5.7371205945478609E-01 a        43     0     2     1    18
 -2.7955132473363631E-01 a        44     0     2     1    19
 -2.2742325122395982E-01 a        45     0     2     1    20
  2.4900440405541319E-01 a        46     0     2     1    21
 -2.7171212772719394E-01 a        47     0     2     1    22
 -6.4848503938672453E-01 a        48     0     2     1    23
 -2.0801624007612352E-01 a        49     0     2     1    24
  4.4816643212703268E-02 a        50     0     2     1    25
 -3.3514001906536589E-01 a        51     0     3     1     1
  3.5247620732165741E-01 a        52     0     3     1     2
  1.6368373058222871E-01 a        53     0     3     1     3
 -1.0487692576078941E-01 a        54     0     3     1     4
  5.0392584058349377E-01 a        55     0     3     1     5
 -1.8581205757749880E-01 a        56     0     3     1     6
 -1.1356660036237021E-01 a        57     0     3     1     7
  1.2364722211003974E-01 a        58     0     3     1     8
  2.6523366089071809E-01 a        59     0     3     1     9
 -2.8666712952935230E-01 a        60     0     3     1    10
 -4.7443336305971612E-01 a        61     0     3     1    11
 -2.5973592927411099E-01 a        62     0     3     1    12
 -1.2171901652046299E-01 a        63     0     3     1    13
 -1.6070042076628006E-02 a        64     0     3     1    14
  2.1891545251992478E-01 a        65     0     3     1    15
 -6.5097824652787462E-02 a        66     0     3     1    16
  2.3159388518743038E-01 a        67     0     3     1    17
 -3.6887288133583149E-02 a        68     0     3     1    18
  3.4237862067190272E-01 a        69     0     3     1    19
 -3.3316877690570534E-01 a        70     0     3     1    20
  1.2217218221770670E-01 a        71     0     3     1    21
  2.3275938834193927E-01 a        72     0     3     1    22
 -1.6079212787864214E-01 a        73     0     3     1    23
  1.2971722443936992E-01 a        74     0     3     1    24
 -1.8377403112911048E-01 a        75     0     3     1    25
  1.3077610833817851E-01 a        76     0     4     1     1
 -1.0243511548897394E-01 a        77     0     4     1     2
 -2.6557742002781504E-01 a        78     0     4     1     3
  2.0135347947630650E-01 a        79     0     4     1     4
  2.3704445012943190E-01 a        80     0     4     1     5
  2.0844379787149936E-01 a        81     0     4     1     6
  9.8590678223717934E-02 a        82     0     4     1     7
 -1.2199100137846777E-01 a        83     0     4     1     8
 -4.6385989773375172E-02 a        84     0     4     1     9
  6.1250417134490698E-01 a        85     0     4     1    10
 -3.4293288935831612E-01 a        86     0     4     1    11
 -9.9613199203601899E-02 a        87     0     4     1    12
 -5.3230637773986678E-02 a        88     0     4     1    13
 -6.4719704990139043E-02 a        89     0     4     1    14
 -1.7691803481491733E-01 a        90     0     4     1    15
 -1.4885363356873546E-01 a        91     0     4     1    16
 -8.6081134054679709E-02 a        92     0     4     1    17
  4.1292627481178085E-01 a        93     0     4     1    18
  1.7204700143268509E-01 a        94     0     4     1    19
 -3.1001000371165394E-01 a        95     0     4     1    20
 -1.4930548659321205E-01 a        96     0     4     1    21
  2.6832864379038429E-01 a        97     0     4     1    22
 -4.3421927296037760E-01 a        98     0     4     1    23
 -4.0445522754358493E-01 a        99     0     4     1    24
 -3.7649097539118920E-01 a       100     0     4     1    25
 -3.7774768861908137E-01 a       101     0     5     1     1
  3.0990927852421024E-01 a       102     0     5     1     2
  4.3275642975185441E-01 a       103     0     5     1     3
  3.8633457713007840E-01 a       104     0     5     1     4
  4.4828849063126369E-01 a       105     0     5     1     5
  1.2137396618854474E-01 a       106     0     5     1     6
 -3.9055116042777005E-02 a       107     0     5     1     7
 -3.1619554138436916E-02 a       108     0     5     1     8
  3.2191645311660178E-01 a       109     0     5     1     9
  2.9046318127297199E-01 a       110     0     5     1    10
 -1.0800315833857015E-01 a       111     0     5     1    11
 -6.1417576910677146E-02 a       112     0     5     1    12
 -1.2676494533864299E-01 a       113     0     5     1    13
 -6.1918732930714447E-02 a       114     0     5     1    14
  2.6853177420032198E-01 a       115     0     5     1    15
  2.7034953836220060E-01 a       116     0     5     1    16
 -1.1454069891203865E-01 a       117     0     5     1    17
 -2.7146730119703832E-01 a       118     0     5     1    18
  3.3018583528421530E-01 a       119     0     5     1    19
 -1.3772899127874627E-01 a       120     0     5     1    20
  2.1493515485585418E-01 a       121     0     5     1    21
 -2.8803840258790131E-01 a       122     0     5     1    22
  1.0033617429562065E-01 a       123     0     5     1    23
 -3.7669450836929630E-01 a       124     0     5     1    24
  3.4131776473892200E-01 a       125     0     5     1    25
 -8.8285107948504762E-02 a       126     0     6     1     1
 -1.8329850198791406E-01 a       127     0     6     1     2
  9.1317907405943213E-02 a       128     0     6     1     3
  3.9893555397947733E-01 a       129     0     6     1     4
  3.5353426894481410E-01 a       130     0     6     1     5
 -2.5583830071123703E-01 a       131     0     6     1     6
  1.2490125380852260E-01 a       132     0     6     1     7
  5.0847632971429288E-02 a       133     0     6     1     8
  4.1054311199815025E-01 a       134     0     6     1     9
  6.4253881850770844E-01 a       135     0     6     1    10
 -8.1481481670096889E-02 a       136     0     6     1    11
 -2.3886615553637888E-01 a       137     0     6     1    12
  3.2834974064836553E-01 a       138     0     6     1    13
  2.4218738450498531E-02 a       139     0     6     1    14
  1.6693286580391142E-01 a       140     0     6     1    15
  1.6514107003075940E-01 a       141     0     6     1    16
  5.3269293534619155E-01 a       142     0     6     1    17
  3.3226366368709409E-01 a       143     0     6     1    18
  6.3583263172533239E-02 a       144     0     6     1    19
 -3.3265905052316613E-01 a       145     0     6     1    20
 -2.0574347094422332E-01 a       146     0     6     1    21
  1.2632093816795759E-01 a       147     0     6     1    22
 -2.2289095436933479E-01 a       148     0     6     1    23
  2.8491010549659412E-02 a       149     0     6     1    24
 -3.3477838009409294E-01 a       150     0     6     1    25
 -3.4186749777395276E-02 a       151     0     7     1     1
  1.4110861304674488E-01 a       152     0     7     1     2
  2.6868722148650948E-01 a       153     0     7     1     3
  1.7054993467750837E-01 a       154     0     7     1     4
 -1.5462160439459473E-02 a       155     0     7     1     5
 -1.5700716903250606E-01 a       156     0     7     1     6
 -7.3558140955616705E-02 a       157     0     7     1     7
  3.0600649458740836E-01 a       158     0     7     1     8
  3.5711065446861978E-01 a       159     0     7     1     9
  3.3085826818978714E-01 a       160     0     7     1    10
  2.7608949371495167E-01 a       161     0     7     1    11
 -1.9186417097047065E-01 a       162     0     7     1    12
 -3.5592371635796108E-02 a       163     0     7     1    13
  4.3736967485592346E-02 a       164     0     7     1    14
 -1.3986698331304320E-01 a       165     0     7     1    15
  3.2377422982609294E-01 a       166     0     7     1    16
  3.9501030678470817E-01 a       167     0     7     1    17
  1.6427045287796740E-01 a       168     0     7     1    18
  3.8642928944381857E-02 a       169     0     7     1    19
  4.7342626866945133E-02 a       170     0     7     1    20
  1.0156972698773949E-01 a       171     0     7     1    21
  1.0242401566690587E-01 a       172     0     7     1    22
  1.6467464143047861E-01 a       173     0     7     1    23
 -5.0696634198035002E-02 a       174     0     7     1    24
 -7.9346895188175531E-02 a       175     0     7     1    25
 -2.1604813071729706E-01 a       176     0     8     1     1
 -8.0004311565147770E-02 a       177     0     8     1     2
  1.8901310581533035E-01 a       178     0     8     1     3
  2.1022796294103058E-01 a       179     0     8     1     4
  5.8955534384445452E-01 a       180     0     8     1     5
 -5.3722158178609793E-02 a       181     0     8     1     6
 -4.6649831621818544E-01 a       182     0     8     1     7
 -9.6771382543946183E-02 a       183     0     8     1     8
 -1.4665379862307293E-01 a       184     0     8     1     9
  7.3270264127586804E-01 a       185     0     8     1    10
  4.7409024532373223E-01 a       186     0     8     1    11
  3.0591725304075079E-01 a       187     0     8     1    12
  1.0331943392678650E-02 a       188     0     8     1    13
  4.1468887353713946E-01 a       189     0     8     1    14
  4.7914441495744774E-02 a       190     0     8     1    15
 -1.7056423376706042E-01 a       191     0     8     1    16
  4.4620521005096853E-01 a       192     0     8     1    17
  3.8056299968748086E-01 a       193     0     8     1    18
 -7.0962075585926085E-02 a       194     0     8     1    19
 -3.1534152560278594E-01 a       195     0     8     1    20
 -2.6336459009044223E-02 a       196     0     8     1    21
 -3.1181315932662401E-01 a       197     0     8     1    22
 -8.3799840891828445E-02 a       198     0     8     1    23
  2.6891496304427016E-02 a       199     0     8     1    24
 -2.2460969822679552E-01 a       200     0     8     1    25
 -3.6744450988959149E-02 a       201     0     9     1     1
 -2.2878746632468858E-01 a       202     0     9     1     2
  2.2624432396123428E-01 a       203     0     9     1     3
 -2.6834223148619746E-01 a       204     0     9     1     4
 -2.3081195787201794E-01 a       205     0     9     1     5
 -2.7045721280254864E-01 a       206     0     9     1     6
  2.9268100658319407E-01 a       207     0     9     1     7
 -2.5289788696978643E-01 a       208     0     9     1     8
  1.9967880211703862E-01 a       209     0     9     1     9
  1.3938641593711906E-01 a       210     0     9     1    10
 -6.3512216497728008E-02 a       211     0     9     1    11
 -2.6365747419991664E-01 a       212     0     9     1    12
 -5.9706602208687135E-02 a       213     0     9     1    13
 -3.4676339694368269E-01 a       214     0     9     1    14
 -7.9578077682455159E-02 a       215     0     9     1    15
  3.8269360322024537E-01 a       216     0     9     1    16
 -6.8385269238775442E-02 a       217     0     9     1    17
  9.1007237624815621E-02 a       218     0     9     1    18
 -2.1880625498640510E-01 a       219     0     9     1    19
 -2.9193204118996913E-02 a       220     0     9     1    20
  1.0140559840827278E-01 a       221     0     9     1    21
  2.5733937244741215E-03 a       222     0     9     1    22
 -8.5599264524490001E-02 a       223     0     9     1    23
 -1.4504797695588376E-01 a       224     0     9     1    24
 -1.2018466493233462E-01 a       225     0     9     1    25
 -4.8698344501201973E-01 a       226     0    10     1     1
  3.1461373844041213E-01 a       227     0    10     1     2
 -1.2212910635244896E-01 a       228     0    10     1     3
 -1.9772064849437604E-01 a       229     0    10     1     4
  5.1611071115600504E-01 a       230     0    10     1     5
 -3.5819352406990584E-01 a       231     0    10     1     6
 -4.7642308712998932E-02 a       232     0    10     1     7
 -6.7054519706411866E-02 a       233     0    10     1     8
  1.7057162256913863E-01 a       234     0    10     1     9
  9.5140928593557117E-01 a       235     0    10     1    10
  4.5127942649598130E-01 a       236     0    10     1    11
 -2.3312081204613436E-01 a       237     0    10     1    12
  8.9370563714397361E-02 a       238     0    10     1    13
 -4.4508395217992484E-02 a       239     0    10     1    14
 -9.5086194943796484E-02 a       240     0    10     1    15
 -2.8896204824945471E-01 a       241     0    10     1    16
  8.6658637015092521E-02 a       242     0    10     1    17
 -3.4719225027325428E-03 a       243     0    10     1    18
 -3.8283637754966532E-01 a       244     0    10     1    19
  1.1441588597647737E-01 a       245     0    10     1    20
 -1.3225629159944904E-01 a       246     0    10     1    21
 -2.5291210753104354E-01 a       247     0    10     1    22
 -4.3124036497399942E-01 a       248     0    10     1    23
 -2.9466005582125648E-01 a       249     0    10     1    24
  3.1850643491095620E-01 a       250     0    10     1    25
  2.4401818803788700E-01 a       251     0    11     1     1
 -1.7961224051537847E-01 a       252     0    11     1     2
  8.3840958616594219E-01 a       253     0    11     1     3
 -9.0802804473595830E-02 a       254     0    11     1     4
 -2.7806871955477508E-01 a       255     0    11     1     5
  2.3121329831379672E-01 a       256     0    11     1     6
  1.2372018656798279E-02 a       257     0    11     1     7
  9.3948776585601593E-02 a       258     0    11     1     8
  4.1917279186580403E-01 a       259     0    11     1     9
  2.3400217703420889E-01 a       260     0    11     1    10
  2.4504135474309987E-02 a       261     0    11     1    11
 -2.9985805979633517E-01 a       262     0    11     1    12
 -1.8847805631011230E-01 a       263     0    11     1    13
  1.5930306411308462E-01 a       264     0    11     1    14
 -5.7995877020805484E-02 a       265     0    11     1    15
  4.3365377724401333E-01 a       266     0    11     1    16
 -2.5590544840102253E-01 a       267     0    11     1    17
  3.3987811227834380E-01 a       268     0    11     1    18
 -2.1911467885075897E-01 a       269     0    11     1    19
 -5.9339476878619263E-02 a       270     0    11     1    20
 -5.4608928045940683E-02 a       271     0    11     1    21
 -1.3866554518844676E-01 a       272     0    11     1    22
 -2.3532144290511020E-01 a       273     0    11     1    23
  1.0713333611121113E-01 a       274     0    11     1    24
  3.3980441223996688E-01 a       275     0    11     1    25
  2.0705111706480848E-03 a       276     0    12     1     1
  2.9783801116874592E-01 a       277     0    12     1     2
  2.5589418169985945E-01 a       278     0    12     1     3
 -7.1967696224572275E-02 a       279     0    12     1     4
  3.8538924132883040E-01 a       280     0    12     1     5
  2.7532292961325538E-01 a       281     0    12     1     6
 -4.4169877695377407E-01 a       282     0    12     1     7
 -1.1280322383922714E-01 a       283     0    12     1     8
  9.0162041422508651E-02 a       284     0    12     1     9
  1.2979793329489422E+00 a       285     0    12     1    10
  6.8804360764224248E-01 a       286     0    12     1    11
 -4.2952781652301894E-03 a       287     0    12     1    12
  4.3620949672237608E-01 a       288     0    12     1    13
  4.1965304473749726E-01 a       289     0    12     1    14
 -1.5286481067275765E-01 a       290     0    12     1    15
  7.3317198554286561E-02 a       291     0    12     1    16
  3.8153517928858999E-01 a       292     0    12     1    17
  2.0625338518259298E-01 a       293     0    12     1    18
 -2.0029348920932111E-01 a       294     0    12     1    19
 -3.6866114280161583E-01 a       295     0    12     1    20
 -8.2272851532742206E-03 a       296     0    12     1    21
 -2.7169132554374559E-01 a       297     0    12     1    22
 -1.6523443054961656E-01 a       298     0    12     1    23
 -8.0272405985361089E-02 a       299     0    12     1    24
 -2.0968128258333885E-01 a       300     0    12     1    25
  2.7054820662237145E-01 a       301     0    13     1     1
  5.1441592487451204E-01 a       302     0    13     1     2
  6.6688207205459271E-01 a       303     0    13     1     3
 -4.6520275314881526E-01 a       304     0    13     1     4
  1.3453980156857467E-01 a       305     0    13     1     5
  3.6315811847366000E-02 a       306     0    13     1     6
  2.4495629904946284E-01 a       307     0    13     1     7
  5.9091759668287544E-02 a       308     0    13     1     8
 -2.4758004478300649E-02 a       309     0    13     1     9
 -1.3942400343543879E-01 a       310     0    13     1    10
  1.5210990935582713E-01 a       311     0    13     1    11
 -2.2484143508602977E-01 a       312     0    13     1    12
 -1.8228331062006931E-02 a       313     0    13     1    13
 -1.9402176218179784E-01 a       314     0    13     1    14
  2.3615969000683756E-01 a       315     0    13     1    15
  1.0871665022481134E+00 a       316     0    13     1    16
  1.7508818465508483E-01 a       317     0    13     1    17
  3.0429972641814373E-01 a       318     0    13     1    18
 -3.1586095176513129E-01 a       319     0    13     1    19
  1.8646453979725225E-01 a       320     0    13     1    20
 -1.1534160688687671E-01 a       321     0    13     1    21
  6.7616424667899230E-02 a       322     0    13     1    22
  3.7616767834373493E-01 a       323     0    13     1    23
  6.6264413208426506E-02 a       324     0    13     1    24
 -3.5230916692306685E-02 a       325     0    13     1    25
  1.1082344959767711E-01 a       326     0    14     1     1
 -3.5711546916205533E-01 a       327     0    14     1     2
  1.5269923411063599E-01 a       328     0    14     1     3
  3.9795339867957558E-01 a       329     0    14     1     4
  8.1147504458798883E-02 a       330     0    14     1     5
 -3.0252621547749753E-01 a       331     0    14     1     6
 -6.1108388257762603E-01 a       332     0    14     1     7
 -1.9330165305465069E-01 a       333     0    14     1     8
  1.8465005714364105E-01 a       334     0    14     1     9
  1.8200627459812160E+00 a       335     0    14     1    10
  3.9556577195765424E-01 a       336     0    14     1    11
  4.2361124769496550E-02 a       337     0    14     1    12
  2.9663991872725187E-01 a       338     0    14     1    13
 -1.0888459476419683E-01 a       339     0    14     1    14
  3.4264750756315139E-02 a       340     0    14     1    15
 -2.6057734493971690E-01 a       341     0    14     1    16
  3.2415388411160118E-01 a       342     0    14     1    17
 -9.4932674249407448E-02 a       343     0    14     1    18
  1.9742563676092695E-01 a       344     0    14     1    19
  2.8888012264942514E-01 a       345     0    14     1    20
 -4.5634423247141470E-01 a       346     0    14     1    21
 -1.4432341004632157E-01 a       347     0    14     1    22
 -8.2302722116206081E-02 a       348     0    14     1    23
 -1.3867464949270178E-01 a       349     0    14     1    24
 -2.9944483539659317E-01 a       350     0    14     1    25
 -6.7381358501669619E-01 a       351     0    15     1     1
  8.0435639386563396E-01 a       352     0    15     1     2
  9.2706325969672987E-01 a       353     0    15     1     3
  1.0100872284901100E-01 a       354     0    15     1     4
  7.8766467732230849E-01 a       355     0    15     1     5
 -1.2395132812697657E-02 a       356     0    15     1     6
  5.1390082716252250E-01 a       357     0    15     1     7
 -1.5995308109658918E-01 a       358     0    15     1     8
  6.5902573472519557E-02 a       359     0    15     1     9
 -8.1489534184241708E-01 a       360     0    15     1    10
  1.6891507516330788E+00 a       361     0    15     1    11
  9.6385343756965003E-01 a       362     0    15     1    12
  6.6327825052461065E-01 a       363     0    15     1    13
  1.0412270943916972E-01 a       364     0    15     1    14
  1.8686865930924768E-01 a       365     0    15     1    15
  1.2062820232856155E+00 a       366     0    15     1    16
  1.0865025267378333E-02 a       367     0    15     1    17
  6.4494864851589018E-01 a       368     0    15     1    18
  6.2719247467085781E-01 a       369     0    15     1    19
 -6.0245296647430380E-01 a       370     0    15     1    20
 -1.4135172666886819E-01 a       371     0    15     1    21
 -3.7626150739641617E-01 a       372     0    15     1    22
  9.1157524466201534E-01 a       373     0    15     1    23
 -7.3483063431369799E-01 a       374     0    15     1    24
  6.7720851459966716E-02 a       375     0    15     1    25
  1.3698008951974436E-01 a       376     0    16     1     1
 -8.1177106665565740E-02 a       377     0    16     1     2
 -5.9020663215211533E-01 a       378     0    16     1     3
 -9.3032905504325913E-02 a       379     0    16     1     4
 -3.0307406549588378E-01 a       380     0    16     1     5
 -9.8161263433226217E-02 a       381     0    16     1     6
 -3.1252874140498710E-02 a       382     0    16     1     7
  3.0375206528690563E-01 a       383     0    16     1     8
 -2.2810328114665498E-01 a       384     0    16     1     9
  1.0746842269761101E+00 a       385     0    16     1    10
  1.9116995743576112E-01 a       386     0    16     1    11
  3.6220204682365986E-01 a       387     0    16     1    12
 -1.1185103377045891E-01 a       388     0    16     1    13
 -2.5680372056563733E-02 a       389     0    16     1    14
  5.9182411625633558E-01 a       390     0    16     1    15
 -4.7788050757067557E-01 a       391     0    16     1    16
  4.5495444253047627E-02 a       392     0    16     1    17
 -1.6438495315009921E-01 a       393     0    16     1    18
  1.8803746873368682E-01 a       394     0    16     1    19
  2.6906692825818335E-01 a       395     0    16     1    20
  4.2400555332078782E-01 a       396     0    16     1    21
  1.0545409087709180E-01 a       397     0    16     1    22
  8.7150542148997368E-02 a       398     0    16     1    23
  5.3715101461327401E-02 a       399     0    16     1    24
 -3.2096206468918725E-01 a       400     0    16     1    25
 -9.4934412043551478E-02 a       401     0    17     1     1
 -6.3907974704209100E-02 a       402     0    17     1     2
 -1.5286277056284739E-01 a       403     0    17     1     3
 -6.6529463067454301E-03 a       404     0    17     1     4
  2.0497689290449456E-01 a       405     0    17     1     5
 -8.8551233124654696E-02 a       406     0    17     1     6
 -1.9637010889391013E-01 a       407     0    17     1     7
 -3.0905869105103634E-01 a       408     0    17     1     8
  2.5912475655835393E-01 a       409     0    17     1     9
  4.2437137051889562E-01 a       410     0    17     1    10
  1.0746270993247312E-01 a       411     0    17     1    11
 -2.5894132581664581E-01 a       412     0    17     1    12
 -1.7641143987486735E-01 a       413     0    17     1    13
 -5.6232680876980502E-02 a       414     0    17     1    14
  5.6376561040105230E-02 a       415     0    17     1    15
  3.0410409946049843E-01 a       416     0    17     1    16
 -7.4213723126825754E-02 a       417     0    17     1    17
 -6.1716214460519514E-01 a       418     0    17     1    18
 -1.1382547528525466E-02 a       419     0    17     1    19
 -2.2454054463314532E-01 a       420     0    17     1    20
  2.3130882524032811E-01 a       421     0    17     1    21
 -1.5222868017611371E-01 a       422     0    17     1    22
 -6.9788535535944246E-02 a       423     0    17     1    23
  1.7123275923184800E-01 a       424     0    17     1    24
  3.9842428750030667E-01 a       425     0    17     1    25
 -1.2255112988790503E-02 a       426     0    18     1     1
  1.5823647225012435E-01 a       427     0    18     1     2
 -3.9719215071879060E-01 a       428     0    18     1     3
  4.5156588998117786E-01 a       429     0    18     1     4
  2.1500211972618385E-01 a       430     0    18     1     5
 -2.9574435718483105E-01 a       431     0    18     1     6
 -2.6999127860522870E-01 a       432     0    18     1     7
  1.8137301561454233E-01 a       433     0    18     1     8
 -2.7077240758951023E-02 a       434     0    18     1     9
  1.0987184602764528E+00 a       435     0    18     1    10
  2.1648048199183098E-01 a       436     0    18     1    11
 -4.9511652286033814E-01 a       437     0    18     1    12
  2.9429459240298422E-01 a       438     0    18     1    13
 -9.5745057299925523E-02 a       439     0    18     1    14
  3.8956595395776700E-02 a       440     0    18     1    15
 -3.8589162577741565E-01 a       441     0    18     1    16
  1.4098785805797118E-01 a       442     0    18     1    17
 -9.6582546756050200E-02 a       443     0    18     1    18
 -1.9382732772434803E-02 a       444     0    18     1    19
  1.7962338387915061E-01 a       445     0    18     1    20
  6.6945980755207996E-02 a       446     0    18     1    21
 -2.5439044274200889E-01 a       447     0    18     1    22
 -2.9820092563094014E-01 a       448     0    18     1    23
 -1.7252311845033283E-01 a       449     0    18     1    24
  3.2148700806489128E-01 a       450     0    18     1    25
 -2.2765151071143558E-01 a       451     0    19     1     1
  1.4162050517832203E-01 a       452     0    19     1     2
 -1.4920105446930237E-01 a       453     0    19     1     3
  2.2707981509305342E-01 a       454     0    19     1     4
  8.3588964050128473E-02 a       455     0    19     1     5
 -3.9441955765576370E-01 a       456     0    19     1     6
 -3.9403874558108765E-01 a       457     0    19     1     7
  8.0737919320301391E-03 a       458     0    19     1     8
  5.9990185186389697E-02 a       459     0    19     1     9
 -2.0921419193568137E-02 a       460     0    19     1    10
  5.3780629105843691E-02 a       461     0    19     1    11
 -3.8276628105492688E-01 a       462     0    19     1    12
 -1.5005933866893056E-01 a       463     0    19     1    13
  8.9118790008572077E-03 a       464     0    19     1    14
 -1.9691709888303384E-02 a       465     0    19     1    15
 -2.5957445611996155E-01 a       466     0    19     1    16
 -4.9730136422892375E-02 a       467     0    19     1    17
  6.7033041521567943E-02 a       468     0    19     1    18
  6.9684358468258711E-02 a       469     0    19     1    19
 -1.7027524785347795E-01 a       470     0    19     1    20
 -2.3567829700769542E-02 a       471     0    19     1    21
  4.3444799391908852E-02 a       472     0    19     1    22
  6.9818742809115403E-02 a       473     0    19     1    23
 -3.4936939864134225E-01 a       474     0    19     1    24
  2.3476777021117862E-01 a       475     0    19     1    25
 -1.2700056507890417E-01 a       476     0    20     1     1
 -7.4532433450989088E-02 a       477     0    20     1     2
 -2.9947407385834207E-01 a       478     0    20     1     3
  2.7309159204626565E-01 a       479     0    20     1     4
  3.0859623111101131E-01 a       480     0    20     1     5
 -3.0007559700286013E-01 a       481     0    20     1     6
 -4.1627943158694591E-01 a       482     0    20     1     7
  2.1894054882910605E-01 a       483     0    20     1     8
 -9.0838672395874509E-02 a       484     0    20     1     9
 -7.3215673333609663E-02 a       485     0    20     1    10
  3.5264048262145013E-02 a       486     0    20     1    11
 -2.2188419586963518E-01 a       487     0    20     1    12
 -1.7234522953724721E-01 a       488     0    20     1    13
 -3.2560018058186546E-01 a       489     0    20     1    14
  1.2079168398594908E-01 a       490     0    20     1    15
 -5.0969628164805780E-01 a       491     0    20     1    16
  4.4588523701700705E-01 a       492     0    20     1    17
  6.4784841998968234E-01 a       493     0    20     1    18
  4.0745584251233050E-02 a       494     0    20     1    19
  1.4474392644047185E-01 a       495     0    20     1    20
  1.6619675027248354E-01 a       496     0    20     1    21
  4.2232652032829104E-01 a       497     0    20     1    22
 -9.1421875396302827E-03 a       498     0    20     1    23
 -3.4087003629620655E-01 a       499     0    20     1    24
 -3.6550964985818191E-01 a       500     0    20     1    25
 -9.8402643210004925E-01 a       501     0    21     1     1
  5.3185626871397851E-01 a       502     0    21     1     2
  2.0297212189801650E-01 a       503     0    21     1     3
 -4.9973847441118463E-02 a       504     0    21     1     4
  2.8166322683933948E-01 a       505     0    21     1     5
 -4.1013497273924325E-03 a       506     0    21     1     6
  7.6928856593293821E-02 a       507     0    21     1     7
  3.6657648838735159E-02 a       508     0    21     1     8
  7.3154993594163564E-01 a       509     0    21     1     9
 -1.0213874906973107E-01 a       510     0    21     1    10
  8.5917319462791319E-01 a       511     0    21     1    11
  9.4703111636324500E-01 a       512     0    21     1    12
  7.1852618460157769E-01 a       513     0    21     1    13
  5.1879801979253223E-02 a       514     0    21     1    14
  6.8991619960279915E-02 a       515     0    21     1    15
  1.4953560834737558E-02 a       516     0    21     1    16
  2.8560913811566901E-01 a       517     0    21     1    17
  6.1302479292055095E-03 a       518     0    21     1    18
  1.0869784601290663E-01 a       519     0    21     1    19
 -3.9546609257886320E-02 a       520     0    21     1    20
 -1.0476424444507343E-01 a       521     0    21     1    21
 -4.7228139937425917E-01 a       522     0    21     1    22
  4.3285654562295073E-01 a       523     0    21     1    23
 -3.1849780520797866E-01 a       524     0    21     1    24
  1.4598439878514716E-01 a       525     0    21     1    25
 -2.4678214842048324E-01 a       526     0    22     1     1
  6.2333904611847346E-01 a       527     0    22     1     2
  1.2534327493729219E-01 a       528     0    22     1     3
  2.3128650532229308E-01 a       529     0    22     1     4
  7.6600410637255445E-01 a       530     0    22     1     5
  1.7609000527693131E-01 a       531     0    22     1     6
  1.6399728498347335E-01 a       532     0    22     1     7
  3.3236858737479258E-01 a       533     0    22     1     8
  2.9372534154251612E-01 a       534     0    22     1     9
 -6.4912303576852026E-01 a       535     0    22     1    10
  4.9879450992918667E-01 a       536     0    22     1    11
  5.9440436490746529E-01 a       537     0    22     1    12
  4.2926634907041616E-01 a       538     0    22     1    13
  2.0510514571255278E-01 a       539     0    22     1    14
  3.0767251578790061E-01 a       540     0    22     1    15
 -3.7330235077350349E-01 a       541     0    22     1    16
 -1.2899183810782606E-02 a       542     0    22     1    17
  6.8287965380342364E-01 a       543     0    22     1    18
  3.0153342151429302E-01 a       544     0    22     1    19
 -2.2708901540959525E-01 a       545     0    22     1    20
 -7.5464761453478052E-02 a       546     0    22     1    21
 -4.1154879921038845E-01 a       547     0    22     1    22
  2.0087144689962461E-01 a       548     0    22     1    23
 -3.7457678480179774E-01 a       549     0    22     1    24
 -2.8391032807782196E-01 a       550     0    22     1    25
 -4.0838030004957304E-01 a       551     0    23     1     1
 -4.2149632048003843E-01 a       552     0    23     1     2
  5.0970641379175219E-01 a       553     0    23     1     3
  3.0876625642453026E-01 a       554     0    23     1     4
 -1.1711877600413079E-01 a       555     0    23     1     5
 -2.3410128788632342E-01 a       556     0    23     1     6
 -4.4909323496102271E-02 a       557     0    23     1     7
 -2.2373870460875406E-01 a       558     0    23     1     8
  6.9054442933059845E-02 a       559     0    23     1     9
  5.2675859083549803E-01 a       560     0    23     1    10
  5.3953735091382116E-01 a       561     0    23     1    11
  1.9851986103201094E-01 a       562     0    23     1    12
  5.1379974567694287E-01 a       563     0    23     1    13
 -3.7003027138990625E-02 a       564     0    23     1    14
 -1.4700465581895331E-01 a       565     0    23     1    15
  1.3725863589688928E-01 a       566     0    23     1    16
  1.7312504142830695E-01 a       567     0    23     1    17
 -1.9161071466437424E-01 a       568     0    23     1    18
  1.2909070166030512E-01 a       569     0    23     1    19
 -4.3291975871762967E-01 a       570     0    23     1    20
  1.0660543387771128E-01 a       571     0    23     1    21
  2.3400036799143414E-01 a       572     0    23     1    22
 -6.1951245272326809E-03 a       573     0    23     1    23
 -3.4464631238094184E-01 a       574     0    23     1    24
  3.8006266535635541E-01 a       575     0    23     1    25
 -2.1852310838674960E-01 a       576     0    24     1     1
  6.0222508941548114E-01 a       577     0    24     1     2
 -1.0853473807392795E-01 a       578     0    24     1     3
  3.6248396508986430E-01 a       579     0    24     1     4
 -2.6421885141349213E-02 a       580     0    24     1     5
  5.2027487676769863E-03 a       581     0    24     1     6
 -6.0169060528829366E-01 a       582     0    24     1     7
 -3.2939615019415019E-01 a       583     0    24     1     8
  1.8164453214070203E-01 a       584     0    24     1     9
  1.0353978150889493E+00 a       585     0    24     1    10
  4.4556446100235270E-01 a       586     0    24     1    11
  4.1285877165076407E-01 a       587     0    24     1    12
  3.9567766533272009E-01 a       588     0    24     1    13
 -3.6645250294012485E-02 a       589     0    24     1    14
 -1.3859677045168012E-01 a       590     0    24     1    15
 -1.7620488748262542E-01 a       591     0    24     1    16
  1.9643649538075503E-01 a       592     0    24     1    17
 -2.8925239494341914E-01 a       593     0    24     1    18
 -1.7027338848591093E-02 a       594     0    24     1    19
 -3.2054717809626515E-01 a       595     0    24     1    20
 -6.6542328938232675E-01 a       596     0    24     1    21
  3.9283922491783707E-01 a       597     0    24     1    22
 -2.2103425456040576E-01 a       598     0    24     1    23
 -6.7967840209451824E-01 a       599     0    24     1    24
 -3.3299343803756064E-02 a       600     0    24     1    25
 -4.6851637830798842E-01 a       601     0    25     1     1
  6.5547563488194749E-01 a       602     0    25     1     2
  1.7739815483263616E-01 a       603     0    25     1     3
 -1.4636532329997812E-01 a       604     0    25     1     4
  4.9128901210525411E-01 a       605     0    25     1     5
 -2.4502354612147889E-01 a       606     0    25     1     6
 -8.3239971893000664E-01 a       607     0    25     1     7
 -2.1043220949534584E-02 a       608     0    25     1     8
  1.3552562491644968E-01 a       609     0    25     1     9
  1.2945726374658402E+00 a       610     0    25     1    10
  3.4962557911864894E-01 a       611     0    25     1    11
  4.6379846499221616E-01 a       612     0    25     1    12
  6.7453414217844454E-02 a       613     0    25     1    13
 -1.5998996207045052E-01 a       614     0    25     1    14
 -2.4306051382702129E-01 a       615     0    25     1    15
  1.9083256065491694E-01 a       616     0    25     1    16
  1.6032324721765404E-01 a       617     0    25     1    17
  3.6073500675858339E-01 a       618     0    25     1    18
 -1.4178307200606449E-02 a       619     0    25     1    19
  3.5583158871759180E-01 a       620     0    25     1    20
 -7.7033625965694530E-01 a       621     0    25     1    21
  3.8781537098024954E-01 a       622     0    25     1    22
 -3.0222392099845097E-01 a       623     0    25     1    23
 -5.6719456299781990E-01 a       624     0    25     1    24
 -9.4700011721778693E-02 a       625     0    25     1    25
 -4.1345207991521790E-02 a       626     0    26     1     1
  1.7863260566408687E-01 a       627     0    26     1     2
  1.5543494513969610E-02 a       628     0    26     1     3
 -2.4667744079303014E-01 a       629     0    26     1     4
  3.2528460286674143E-01 a       630     0    26     1     5
 -1.7783791185955206E-03 a       631     0    26     1     6
 -2.3661347078933698E-01 a       632     0    26     1     7
 -1.6596442200814615E-01 a       633     0    26     1     8
  1.6039592836498021E-01 a       634     0    26     1     9
 -4.5876848074337445E-01 a       635     0    26     1    10
 -1.2932654577270941E-01 a       636     0    26     1    11
  6.0690466728623360E-01 a       637     0    26     1    12
  1.3223312792302586E-01 a       638     0    26     1    13
  2.7331628390159146E-01 a       639     0    26     1    14
 -6.1026886422363043E-02 a       640     0    26     1    15
  2.8176187159854099E-01 a       641     0    26     1    16
  1.3533468572190482E-01 a       642     0    26     1    17
  3.1605264380568587E-01 a       643     0    26     1    18
  1.3959274822233536E-03 a       644     0    26     1    19
 -1.4860659245415433E-01 a       645     0    26     1    20
  9.1709240979977708E-02 a       646     0    26     1    21
 -4.5003843200605809E-01 a       647     0    26     1    22
  1.2672182171043728E-01 a       648     0    26     1    23
 -2.7708839416514537E-02 a       649     0    26     1    24
 -2.9099083631175143E-01 a       650     0    26     1    25
 -4.0350239386140060E-02 a       651     0    27     1     1
 -8.9201607702591099E-02 a       652     0    27     1     2
 -2.7266462851498113E-01 a       653     0    27     1     3
  4.0091312435743415E-01 a       654     0    27     1     4
  3.5910058688612867E-01 a       655     0    27     1     5
  1.7587964947424764E-01 a       656     0    27     1     6
 -3.3740512944995180E-02 a       657     0    27     1     7
 -2.2334564753262906E-01 a       658     0    27     1     8
  1.7139802766914547E-01 a       659     0    27     1     9
  7.6001024238729609E-01 a       660     0    27     1    10
  2.2108735559329198E-01 a       661     0    27     1    11
  3.5360506062896341E-02 a       662     0    27     1    12
 -2.0510632088092420E-01 a       663     0    27     1    13
 -2.6301098101781489E-01 a       664     0    27     1    14
  1.2386478635538158E-01 a       665     0    27     1    15
 -4.0439538692250565E-01 a       666     0    27     1    16
  2.2115979949769168E-01 a       667     0    27     1    17
 -1.7035788125829329E-01 a       668     0    27     1    18
 -6.6707725560843478E-02 a       669     0    27     1    19
 -2.2254133149709221E-01 a       670     0    27     1    20
 -3.1945300328276416E-01 a       671     0    27     1    21
  1.9952522127897884E-01 a       672     0    27     1    22
  2.5662687605051079E-02 a       673     0    27     1    23
 -1.8046133709509960E-02 a       674     0    27     1    24
  2.8960093711225326E-01 a       675     0    27     1    25
 -4.1101784978509873E-02 a       676     0    28     1     1
  2.8775427243801843E-01 a       677     0    28     1     2
 -1.5565695972523738E-02 a       678     0    28     1     3
 -1.7354880617113830E-01 a       679     0    28     1     4
  6.3851938461962543E-01 a       680     0    28     1     5
  1.9146085002512167E-01 a       681     0    28     1     6
 -3.1379724565172662E-01 a       682     0    28     1     7
 -1.6134398461816968E-02 a       683     0    28     1     8
  6.9777292447147543E-01 a       684     0    28     1     9
  3.1261706866787126E-01 a       685     0    28     1    10
  1.1051174433748756E+00 a       686     0    28     1    11
  5.4238954939081596E-01 a       687     0    28     1    12
  5.3336975092875949E-01 a       688     0    28     1    13
 -2.2020147578680976E-01 a       689     0    28     1    14
 -3.7825380312374941E-03 a       690     0    28     1    15
 -1.8774565855798378E-01 a       691     0    28     1    16
  3.5293828759418749E-01 a       692     0    28     1    17
  4.1144338446783096E-01 a       693     0    28     1    18
 -7.9076444118620845E-03 a       694     0    28     1    19
 -2.6166455277695892E-02 a       695     0    28     1    20
 -5.6171880580624256E-01 a       696     0    28     1    21
  1.0005792192593500E-01 a       697     0    28     1    22
 -4.8704289230469333E-01 a       698     0    28     1    23
 -6.2659609546508332E-01 a       699     0    28     1    24
  8.7797653562701777E-02 a       700     0    28     1    25
 -2.7536778658112310E-01 a       701     0    29     1     1
 -7.4546290953788300E-02 a       702     0    29     1     2
  2.5151979096096189E-01 a       703     0    29     1     3
 -1.4731404221461203E-01 a       704     0    29     1     4
  1.8999563592811980E-01 a       705     0    29     1     5
  2.2926021741799418E-01 a       706     0    29     1     6
 -1.0128589112555782E-01 a       707     0    29     1     7
  3.8222360625369106E-01 a       708     0    29     1     8
  6.7238729707428571E-02 a       709     0    29     1     9
  1.9482072524969216E-01 a       710     0    29     1    10
  4.6182457864946524E-01 a       711     0    29     1    11
  4.7960246003548056E-02 a       712     0    29     1    12
 -5.5715183716540065E-02 a       713     0    29     1    13
 -4.9760202543277593E-01 a       714     0    29     1    14
  1.4204352562395406E-01 a       715     0    29     1    15
  2.9231764628680956E-01 a       716     0    29     1    16
  1.3217487884542836E-01 a       717     0    29     1    17
  2.9584451756349267E-01 a       718     0    29     1    18
  4.4265184063433854E-01 a       719     0    29     1    19
 -2.8867279417873187E-01 a       720     0    29     1    20
  5.7453260285938790E-01 a       721     0    29     1    21
  2.4639078128084323E-02 a       722     0    29     1    22
  9.6805742839491102E-02 a       723     0    29     1    23
 -5.7095242299231248E-02 a       724     0    29     1    24
 -4.3123234935748218E-02 a       725     0    29     1    25
 -7.2370365535841669E-02 a       726     0    30     1     1
 -1.8533788568954038E-01 a       727     0    30     1     2
 -1.3860466730888657E-01 a       728     0    30     1     3
 -2.1754302944187012E-01 a       729     0    30     1     4
  2.2313046678080492E-01 a       730     0    30     1     5
 -1.7218924724786699E-01 a       731     0    30     1     6
  2.6247857290192134E-01 a       732     0    30     1     7
  1.8943142973390115E-01 a       733     0    30     1     8
  2.1130296367987805E-01 a       734     0    30     1     9
 -3.3891891752399156E-01 a       735     0    30     1    10
 -4.0220615301289336E-01 a       736     0    30     1    11
 -1.0054919213641160E-01 a       737     0    30     1    12
 -2.6961093190891805E-01 a       738     0    30     1    13
  3.7552330988709354E-01 a       739     0    30     1    14
  2.0075388912349412E-01 a       740     0    30     1    15
 -1.6334077840232397E-01 a       741     0    30     1    16
 -3.5151534638453974E-01 a       742     0    30     1    17
  7.4035820444280398E-01 a       743     0    30     1    18
 -1.7548112651668232E-01 a       744     0    30     1    19
 -9.8227759061002728E-02 a       745     0    30     1    20
  3.0977403714851914E-01 a       746     0    30     1    21
  6.9908034416985981E-02 a       747     0    30     1    22
  4.3164505508009648E-01 a       748     0    30     1    23
  4.6613267569559169E-01 a       749     0    30     1    24
  1.3607489424534622E-01 a       750     0    30     1    25
 -5.3278872923167997E-01 b       751     1     1
 -3.5872840710982756E-01 b       752     1     2
 -9.8276398833560652E-01 b       753     1     3
  6.7399427109019627E-01 b       754     1     4
  1.7065607649406462E+00 b       755     1     5
 -7.0759017842026295E-01 b       756     1     6
  1.3179124122212720E+00 b       757     1     7
 -3.4152027401400453E-01 b       758     1     8
 -8.5505310387356495E-02 b       759     1     9
  6.8651338802364770E-01 b       760     1    10
  1.5160995077661318E-02 b       761     1    11
 -4.4877046422906386E-01 b       762     1    12
  2.1895542565995646E-01 b       763     1    13
  1.2240731567710073E+00 b       764     1    14
  1.1450501844886287E+00 b       765     1    15
 -1.4059933712681683E+00 b       766     1    16
  9.1888502077784107E-01 b       767     1    17
  2.6741226179508359E+00 b       768     1    18
  1.0733382557491138E+00 b       769     1    19
 -1.0943473919631495E+00 b       770     1    20
  1.1821277475384531E+00 b       771     1    21
 -8.1954541303061323E-01 b       772     1    22
 -3.9954627134458537E-01 b       773     1    23
  2.5250238489047289E-01 b       774     1    24
 -5.5618792233068226E-01 b       775     1    25
 -6.5663357963380811E-02 a       776     1     1     2     1
  3.6022628784026178E-01 a       777     1     1     2     2
  6.4738922932452903E-01 a       778     1     1     2     3
  4.2420486392564294E-02 a       779     1     1     2     4
 -3.9262539265048674E-01 a       780     1     1     2     5
 -3.3645966848426800E-01 a       781     1     1     2     6
 -5.3740825482176557E-01 a       782     1     1     2     7
 -4.5372668110659670E-01 a       783     1     1     2     8
  8.5257598055169082E-02 a       784     1     1     2     9
  1.2788470597734486E-01 a       785     1     1     2    10
  8.0297635699246792E-02 a       786     1     1     2    11
 -4.5532783795922092E-02 a       787     1     1     2    12
  3.2888458438376555E-01 a       788     1     1     2    13
 -6.7653786530185922E-01 a       789     1     1     2    14
 -2.5839801189145900E-01 a       790     1     1     2    15
 -6.0931043195651777E-02 a       791     1     1     2    16
 -2.0659432817837048E-01 a       792     1     1     2    17
 -3.6863782735757250E-01 a       793     1     1     2    18
 -9.2940095596544009E-02 a       794     1     1     2    19
  3.4307875822794126E-02 a       795     1     1     2    20
  1.2265743247543860E-01 a       796     1     1     2    21
 -1.3008005258564373E-01 a       797     1     1     2    22
 -1.8407613186579577E-01 a       798     1     1     2    23
 -2.6865936557609543E-01 a       799     1     1     2    24
  9.7485474593001956E-02 a       800     1     1     2    25
  1.3475167266661239E-01 a       801     1     2     2     1
  1.7935739457474605E-03 a       802     1     2     2     2
  3.6679236546511779E-01 a       803     1     2     2     3
  4.0738792299487175E-01 a       804     1     2     2     4
 -2.2414649536318818E-01 a       805     1     2     2     5
  2.8857443002159705E-01 a       806     1     2     2     6
  8.4661167879568133E-01 a       807     1     2     2     7
  5.6553978309562503E-01 a       808     1     2     2     8
 -2.1872822073780121E-01 a       809     1     2     2     9
  7.0978751980851268E-02 a       810     1     2     2    10
  3.9124143217084822E-01 a       811     1     2     2    11
 -3.9532399711735777E-01 a       812     1     2     2    12
  5.3437061463167956E-03 a       813     1     2     2    13
 -6.8287477115785256E-01 a       814     1     2     2    14
  2.1696740389090954E-01 a       815     1     2     2    15
 -5.7085606055227819E-02 a       816     1     2     2    16
  1.9419849457048000E-02 a       817     1     2     2    17
 -1.9862002904477902E-01 a       818     1     2     2    18
  2.9112471853840599E-01 a       819     1     2     2    19
  1.6823667626805830E-01 a       820     1     2     2    20
 -2.6189397106452822E-01 a       821     1     2     2    21
  9.4060330390147912E-02 a       822     1     2     2    22
  4.1146209798823946E-01 a       823     1     2     2    23
  2.0057142274060361E-01 a       824     1     2     2    24
  6.7547848160331464E-02 a       825     1     2     2    25
  2.1755137685811093E-01 a       826     1     3     2     1
  3.9611095958948134E-01 a       827     1     3     2     2
  4.9903800874398946E-01 a       828     1     3     2     3
 -2.0213598761734702E-02 a       829     1     3     2     4
 -3.5577872344505013E-01 a       830     1     3     2     5
  3.5333664903474016E-01 a       831     1     3     2     6
  2.1647331390426658E-01 a       832     1     3     2     7
  2.8611862843808455E-01 a       833     1     3     2     8
 -5.1748662491815467E-01 a       834     1     3     2     9
  1.6338965653292939E-01 a       835     1     3     2    10
 -2.6005112671263841E-01 a       836     1     3     2    11
 -1.8650408800848581E-01 a       837     1     3     2    12
 -1.8065396821554577E-01 a       838     1     3     2    13
 -8.9683438736117460E-01 a       839     1     3     2    14
  2.2122168047998175E-01 a       840     1     3     2    15
  3.6759705454848157E-01 a       841     1     3     2    16
  9.6793795749679412E-01 a       842     1     3     2    17
  1.6307285809547670E-02 a       843     1     3     2    18
 -3.5382465426559911E-01 a       844     1     3     2    19
  2.4365055270342198E-01 a       845     1     3     2    20
 -4.2087191198136459E-01 a       846     1     3     2    21
  1.7069429981944356E-01 a       847     1     3     2    22
  3.6835588813302339E-01 a       848     1     3     2    23
 -1.6737274626505363E-01 a       849     1     3     2    24
  3.0235232997668882E-01 a       850     1     3     2    25
  1.4237095454109105E-01 a       851     1     4     2     1
 -2.4985044813227228E-01 a       852     1     4     2     2
 -5.3867399757990286E-01 a       853     1     4     2     3
  1.5755368842061884E-01 a       854     1     4     2     4
  2.2257531477743706E-01 a       855     1     4     2     5
  5.2638736726522667E-02 a       856     1     4     2     6
 -1.3995978086982996E-01 a       857     1     4     2     7
 -7.3533394015249470E-02 a       858     1     4     2     8
 -6.1719052017648005E-02 a       859     1     4     2     9
  3.2480437148345240E-02 a       860     1     4     2    10
 -4.2931912796266469E-01 a       861     1     4     2    11
 -2.0065030008036111E-01 a       862     1     4     2    12
 -8.5561014184736095E-01 a       863     1     4     2    13
  3.0702243536073998E-01 a       864     1     4     2    14
  3.6771021179290592E-01 a       865     1     4     2    15
  1.2861218423988804E-01 a       866     1     4     2    16
 -2.6573469856014404E-02 a       867     1     4     2    17
  4.6671301830963763E-01 a       868     1     4     2    18
  3.3925965371973671E-01 a       869     1     4     2    19
 -2.3091057669587456E-01 a       870     1     4     2    20
  4.5374953106812617E-02 a       871     1     4     2    21
  4.4224106006653031E-02 a       872     1     4     2    22
  7.1144130158816474E-02 a       873     1     4     2    23
 -9.4538639997193391E-02 a       874     1     4     2    24
 -7.9048019910964926E-02 a       875     1     4     2    25
 -2.2259170559287611E-01 a       876     1     5     2     1
 -5.0431289795292400E-01 a       877     1     5     2     2
 -4.7676912384059034E-01 a       878     1     5     2     3
  1.6748396999617743E-01 a       879     1     5     2     4
 -7.5973715465525969E-03 a       880     1     5     2     5
  3.3273037411344608E-01 a       881     1     5     2     6
  2.7906490850621873E-01 a       882     1     5     2     7
  1.7449177980023695E-01 a       883     1     5     2     8
 -4.5098192606858345E-01 a       884     1     5     2     9
 -1.6424992248221165E-01 a       885     1     5     2    10
 -2.4601501828017056E-01 a       886     1     5     2    11
  1.7887404652271646E-01 a       887     1     5     2    12
 -7.8146962893140548E-01 a       888     1     5     2    13
  1.7569400679039199E-01 a       889     1     5     2    14
  1.4049372269077293E-01 a       890     1     5     2    15
 -6.6505039399481858E-01 a       891     1     5     2    16
 -1.4613521473561578E-01 a       892     1     5     2    17
  7.1234809210198413E-01 a       893     1     5     2    18
 -3.3225017736090129E-02 a       894     1     5     2    19
 -6.0250535705291108E-01 a       895     1     5     2    20
  2.0339092391020108E-02 a       896     1     5     2    21
  4.7547228126372526E-01 a       897     1     5     2    22
 -4.4300714832021931E-01 a       898     1     5     2    23
  4.0327272364116967E-01 a       899     1     5     2    24
 -4.8329633184950471E-01 a       900     1     5     2    25
  4.6316699717158169E-02 a       901     1     6     2     1
  2.1736759559407966E-02 a       902     1     6     2     2
 -3.6580972905119497E-02 a       903     1     6     2     3
  1.9561473433301652E-01 a       904     1     6     2     4
 -1.1555435625919244E-01 a       905     1     6     2     5
 -3.9077034351096823E-01 a       906     1     6     2     6
  6.9010107759376285E-02 a       907     1     6     2     7
  3.6420119263955542E-01 a       908     1     6     2     8
  2.6377050724157347E-01 a       909     1     6     2     9
  1.6932109408091969E-01 a       910     1     6     2    10
  6.5636318396368534E-02 a       911     1     6     2    11
  7.0114272191394078E-03 a       912     1     6     2    12
  2.0031717548784214E-01 a       913     1     6     2    13
 -4.8257789626630043E-01 a       914     1     6     2    14
 -2.0481622285595760E-01 a       915     1     6     2    15
 -1.6000620564729756E-01 a       916     1     6     2    16
  7.6234440028806694E-02 a       917     1     6     2    17
 -1.4679480678566698E-01 a       918     1     6     2    18
 -2.4249838994600429E-02 a       919     1     6     2    19
  2.8498057784959846E-01 a       920     1     6     2    20
  6.6256409959920423E-02 a       921     1     6     2    21
  2.4662586414287785E-01 a       922     1     6     2    22
  1.9475316678042312E-01 a       923     1     6     2    23
 -3.1908670194937962E-02 a       924     1     6     2    24
  8.5191815508358346E-02 a       925     1     6     2    25
 -3.1020399199898946E-01 a       926     1     7     2     1
 -3.0144556232099157E-01 a       927     1     7     2     2
  1.0354397325399103E-01 a       928     1     7     2     3
  2.5872374816674093E-01 a       929     1     7     2     4
  5.0424115664362945E-02 a       930     1     7     2     5
  1.8463839992416647E-01 a       931     1     7     2     6
 -8.0885380248958494E-01 a       932     1     7     2     7
 -1.4316780204151122E-01 a       933     1     7     2     8
  4.6815966915124185E-01 a       934     1     7     2     9
 -4.6390376210028844E-01 a       935     1     7     2    10
  3.9070634761797685E-01 a       936     1     7     2    11
 -3.7674600113053047E-01 a       937     1     7     2    12
  1.0970268100284190E-01 a       938     1     7     2    13
  1.6284356074151057E-01 a       939     1     7     2    14
 -1.9717742040002476E-01 a       940     1     7     2    15
 -1.0033734902176181E-01 a       941     1     7     2    16
  5.8484174460614116E-03 a       942     1     7     2    17
  3.4435876482296718E-01 a       943     1     7     2    18
  2.6263396261717403E-01 a       944     1     7     2    19
 -5.4082963464875011E-01 a       945     1     7     2    20
 -2.9977341928273449E-02 a       946     1     7     2    21
  2.3032797383213083E-01 a       947     1     7     2    22
 -3.5451216717505185E-01 a       948     1     7     2    23
 -1.1518619339505409E-01 a       949     1     7     2    24
 -9.8748635949919561E-02 a       950     1     7     2    25
 -1.4333651749566334E-01 a       951     1     8     2     1
  3.2104226584497386E-01 a       952     1     8     2     2
  1.8205017092072048E-02 a       953     1     8     2     3
 -1.5456020462520015E-01 a       954     1     8     2     4
 -1.2159429396610852E-01 a       955     1     8     2     5
 -3.0739696647458253E-01 a       956     1     8     2     6
  1.5151524911992820E-01 a       957     1     8     2     7
  1.3173569394958795E-01 a       958     1     8     2     8
  1.3010977576123708E-01 a       959     1     8     2     9
 -7.5615307332371720E-02 a       960     1     8     2    10
 -7.2066438716136189E-02 a       961     1     8     2    11
 -2.0401333853887291E-01 a       962     1     8     2    12
  9.3354482747304096E-02 a       963     1     8     2    13
 -3.5911192281112775E-01 a       964     1     8     2    14
 -1.2182596389323973E-01 a       965     1     8     2    15
  2.9655750361239175E-01 a       966     1     8     2    16
 -5.8609756175425826E-02 a       967     1     8     2    17
 -1.4278846086571734E-01 a       968     1     8     2    18
 -2.8601166767757602E-01 a       969     1     8     2    19
  1.2791138333301699E-01 a       970     1     8     2    20
  2.1394301492615336E-01 a       971     1     8     2    21
  3.6901629536339264E-01 a       972     1     8     2    22
  3.9433207537709375E-01 a       973     1     8     2    23
 -4.1136694101234411E-02 a       974     1     8     2    24
  3.4773064132205139E-01 a       975     1     8     2    25
 -4.8561349265534067E-03 a       976     1     9     2     1
  2.8821483756552052E-02 a       977     1     9     2     2
  2.6232831070982676E-01 a       978     1     9     2     3
 -2.5155090928764351E-01 a       979     1     9     2     4
 -1.2806247498640960E-01 a       980     1     9     2     5
 -1.1509038897192975E-01 a       981     1     9     2     6
  2.3550585094381454E-01 a       982     1     9     2     7
 -4.5331103864181092E-02 a       983     1     9     2     8
 -2.2535010096646549E-01 a       984     1     9     2     9
  2.4633221552670734E-01 a       985     1     9     2    10
  2.8843830463515840E-01 a       986     1     9     2    11
 -6.3423569264711863E-02 a       987     1     9     2    12
  6.4053930335901968E-02 a       988     1     9     2    13
 -3.6771279577616350E-01 a       989     1     9     2    14
 -8.4628257760693701E-02 a       990     1     9     2    15
  3.3308511744610375E-01 a       991     1     9     2    16
  4.2066686184159208E-01 a       992     1     9     2    17
 -2.1109660035441941E-01 a       993     1     9     2    18
 -3.5178156281575834E-01 a       994     1     9     2    19
  2.7654418597715241E-01 a       995     1     9     2    20
  2.0329057251455937E-02 a       996     1     9     2    21
  1.0980984779078636E-02 a       997     1     9     2    22
 -8.6103952153667729E-02 a       998     1     9     2    23
  1.6985776853595726E-02 a       999     1     9     2    24
  2.2494964131084672E-01 a      1000     1     9     2    25
  1.6262417652869729E-01 a      1001     1    10     2     1
  5.0659037837638032E-01 a      1002     1    10     2     2
 -4.9377902060996759E-01 a      1003     1    10     2     3
 -3.3442855217352269E-01 a      1004     1    10     2     4
  9.4139589007926919E-02 a      1005     1    10     2     5
  2.9609148051960849E-01 a      1006     1    10     2     6
 -1.6495877274785042E+00 a      1007     1    10     2     7
 -6.0960872026699531E-01 a      1008     1    10     2     8
 -9.5773287250288330E-01 a      1009     1    10     2     9
  4.0464608421660303E-01 a      1010     1    10     2    10
  4.2551600233356357E-01 a      1011     1    10     2    11
 -3.1713045637181181E-01 a      1012     1    10     2    12
 -3.9080254101628387E-01 a      1013     1    10     2    13
  6.7057077431858492E-01 a      1014     1    10     2    14
  9.1297197096108884E-01 a      1015     1    10     2    15
  3.4220532608227400E-01 a      1016     1    10     2    16
 -1.5294593044289468E+00 a      1017     1    10     2    17
 -4.0981762519587928E-01 a      1018     1    10     2    18
 -4.6303506271244665E-01 a      1019     1    10     2    19
  2.8777341938782480E-01 a      1020     1    10     2    20
 -4.4335187658744085E-01 a      1021     1    10     2    21
 -2.8969137002112477E-01 a      1022     1    10     2    22
  2.6093823781160336E-01 a      1023     1    10     2    23
 -2.9709656302964538E-01 a      1024     1    10     2    24
  2.1455459547980560E-01 a      1025     1    10     2    25
  2.0133805922161546E-01 a      1026     1    11     2     1
  4.3543789536508315E-01 a      1027     1    11     2     2
 -8.6175174844805524E-02 a      1028     1    11     2     3
 -1.5428394313595262E-01 a      1029     1    11     2     4
 -8.9483365596929376E-02 a      1030     1    11     2     5
  5.1492082784969873E-01 a      1031     1    11     2     6
  1.0081695701234397E+00 a      1032     1    11     2     7
  8.4377200547001541E-01 a      1033     1    11     2     8
 -5.6596309981233572E-01 a      1034     1    11     2     9
 -3.9013412635199984E-01 a      1035     1    11     2    10
 -4.9242089126908772E-01 a      1036     1    11     2    11
 -1.3313748237083384E-01 a      1037     1    11     2    12
 -2.5814515515848213E-01 a      1038     1    11     2    13
 -4.0054767542484621E-01 a      1039     1    11     2    14
  2.3005274977597752E-02 a      1040     1    11     2    15
  5.6987090804389767E-02 a      1041     1    11     2    16
  3.5814740728424643E-01 a      1042     1    11     2    17
 -2.8986583691623363E-01 a      1043     1    11     2    18
 -1.4080100646498883E-01 a      1044     1    11     2    19
  2.3961915593496952E-01 a      1045     1    11     2    20
 -6.0631850974307899E-01 a      1046     1    11     2    21
  3.4734059993864008E-01 a      1047     1    11     2    22
  1.4505365779256674E-01 a      1048     1    11     2    23
  9.2786216338326302E-02 a      1049     1    11     2    24
  1.0606425442724453E-01 a      1050     1    11     2    25
  4.9383631767399787E-02 a      1051     1    12     2     1
 -1.1470314936334615E-01 a      1052     1    12     2     2
 -6.5995765005921492E-01 a      1053     1    12     2     3
 -3.4802429000093699E-01 a      1054     1    12     2     4
  7.2352121771394301E-02 a      1055     1    12     2     5
  3.8256136444038724E-01 a      1056     1    12     2     6
  1.0049210756360103E+00 a      1057     1    12     2     7
  1.2154150160433457E+00 a      1058     1    12     2     8
  1.1066059670619036E-01 a      1059     1    12     2     9
  1.2178260618538862E-02 a      1060     1    12     2    10
 -1.6407660745417285E-01 a      1061     1    12     2    11
 -1.5617160177790182E-01 a      1062     1    12     2    12
 -4.6787283800805740E-01 a      1063     1    12     2    13
  3.8416444596534832E-01 a      1064     1    12     2    14
 -4.6424796000004633E-02 a      1065     1    12     2    15
 -5.9741018772690169E-02 a      1066     1    12     2    16
  8.8802771414184106E-03 a      1067     1    12     2    17
  2.3981536833683945E-01 a      1068     1    12     2    18
  2.7170821204969864E-01 a      1069     1    12     2    19
  1.4276122930616056E-01 a      1070     1    12     2    20
  9.0817192762325694E-02 a      1071     1    12     2    21
 -8.8831881245051043E-04 a      1072     1    12     2    22
  5.6651314309272428E-02 a      1073     1    12     2    23
 -7.3421530728457557E-02 a      1074     1    12     2    24
 -4.3308810162980638E-01 a      1075     1    12     2    25
 -6.2197359598444288E-02 a      1076     1    13     2     1
  5.3209087550987758E-02 a      1077     1    13     2     2
 -3.7515806838578153E-01 a      1078     1    13     2     3
 -2.8325326289255681E-01 a      1079     1    13     2     4
  1.6539787847387877E-01 a      1080     1    13     2     5
  4.9048880885762169E-01 a      1081     1    13     2     6
  5.6940812573326649E-01 a      1082     1    13     2     7
  2.9742956910053114E-01 a      1083     1    13     2     8
 -4.0461738833663802E-01 a      1084     1    13     2     9
  3.2617527443915037E-02 a      1085     1    13     2    10
  1.4223339639631324E-01 a      1086     1    13     2    11
 -1.9324421041488332E-01 a      1087     1    13     2    12
 -5.8012477399745599E-01 a      1088     1    13     2    13
  2.0431765415145478E-01 a      1089     1    13     2    14
  4.2718464321098198E-01 a      1090     1    13     2    15
 -3.1653797746629249E-02 a      1091     1    13     2    16
  2.6971255278816142E-01 a      1092     1    13     2    17
  3.3757382757152432E-01 a      1093     1    13     2    18
  3.1159928608226944E-01 a      1094     1    13     2    19
 -9.1853226158152043E-02 a      1095     1    13     2    20
 -1.0684116667502512E-01 a      1096     1    13     2    21
  4.2832594229724109E-02 a      1097     1    13     2    22
  1.1796023725884969E-01 a      1098     1    13     2    23
  3.8218201167034178E-04 a      1099     1    13     2    24
 -2.3039902471245263E-01 a      1100     1    13     2    25
 -2.4537814296629754E-01 a      1101     1    14     2     1
 -1.3776275783656419E-01 a      1102     1    14     2     2
 -2.2795477375214049E-01 a      1103     1    14     2     3
  1.1290573101350171E-01 a      1104     1    14     2     4
  5.0871504216328400E-01 a      1105     1    14     2     5
 -2.6353900564794680E-01 a      1106     1    14     2     6
 -8.7366716076744441E-02 a      1107     1    14     2     7
  2.4700140518588926E-01 a      1108     1    14     2     8
  3.0519532398857983E-03 a      1109     1    14     2     9
  6.7178084142242134E-02 a      1110     1    14     2    10
  1.5388174244215050E-01 a      1111     1    14     2    11
  3.6123974501115019E-01 a      1112     1    14     2    12
 -2.4176702391588792E-01 a      1113     1    14     2    13
  4.4921250139192442E-01 a      1114     1    14     2    14
 -1.5224581104319637E-01 a      1115     1    14     2    15
 -4.5008434480138326E-01 a      1116     1    14     2    16
 -1.4510109061671805E-01 a      1117     1    14     2    17
  1.4856081266381840E-01 a      1118     1    14     2    18
  2.4101016335984260E-01 a      1119     1    14     2    19
 -5.7268625968656472E-01 a      1120     1    14     2    20
 -2.1734235619159542E-01 a      1121     1    14     2    21
  5.0003705661612008E-01 a      1122     1    14     2    22
 -4.7499762744713481E-01 a      1123     1    14     2    23
  1.1366181157580256E-01 a      1124     1    14     2    24
 -4.8138287684978992E-01 a      1125     1    14     2    25
 -2.3599366104474673E-01 a      1126     1    15     2     1
 -8.2955212436872344E-02 a      1127     1    15     2     2
 -3.9936191129081483E-01 a      1128     1    15     2     3
  2.7367374325375354E-01 a      1129     1    15     2     4
  2.9934258326186852E-01 a      1130     1    15     2     5
 -1.5832304911626036E-01 a      1131     1    15     2     6
 -1.0329185114046421E-01 a      1132     1    15     2     7
  1.1494357029581970E-01 a      1133     1    15     2     8
  5.3361050831281967E-02 a      1134     1    15     2     9
 -4.8073284568242658E-01 a      1135     1    15     2    10
 -1.3229112271820001E-01 a      1136     1    15     2    11
  2.1045587101924768E-01 a      1137     1    15     2    12
  8.4953044112446197E-02 a      1138     1    15     2    13
  3.6388115512356672E-01 a      1139     1    15     2    14
 -1.0115610085288920E-01 a      1140     1    15     2    15
 -2.1354534974519904E-01 a      1141     1    15     2    16
 -2.8317147750209964E-01 a      1142     1    15     2    17
  1.6232966232244361E-01 a      1143     1    15     2    18
 -9.1441935963509857E-02 a      1144     1    15     2    19
 -2.7678960350683157E-01 a      1145     1    15     2    20
  9.0788104515987705E-02 a      1146     1    15     2    21
  4.3690184449734604E-01 a      1147     1    15     2    22
 -1.7291360354401378E-01 a      1148     1    15     2    23
  3.4713794552791533E-01 a      1149     1    15     2    24
  1.0754989853327500E-01 a      1150     1    15     2    25
  3.7029136564989677E-02 a      1151     1    16     2     1
  4.8710348950721682E-01 a      1152     1    16     2     2
  5.9882310367529767E-01 a      1153     1    16     2     3
 -8.7116334326172370E-02 a      1154     1    16     2     4
 -2.8592777990166751E-01 a      1155     1    16     2     5
 -8.5500405613202685E-02 a      1156     1    16     2     6
  4.7711021625700045E-01 a      1157     1    16     2     7
  3.2807347843279311E-01 a      1158     1    16     2     8
 -1.8601723019147094E-02 a      1159     1    16     2     9
 -8.4880697394213986E-02 a      1160     1    16     2    10
 -4.1231179927908085E-01 a      1161     1    16     2    11
 -3.3789721606872902E-01 a      1162     1    16     2    12
  8.6091209320545189E-02 a      1163     1    16     2    13
 -1.0467069239608371E+00 a      1164     1    16     2    14
  6.4334787179986064E-01 a      1165     1    16     2    15
 -1.9976131598699931E-01 a      1166     1    16     2    16
  6.0153795704987212E-01 a      1167     1    16     2    17
 -8.9461226696367011E-02 a      1168     1    16     2    18
 -3.5387073471507730E-01 a      1169     1    16     2    19
  1.1070312299211280E-02 a      1170     1    16     2    20
 -5.7521886031716582E-02 a      1171     1    16     2    21
 -2.6698783865635334E-03 a      1172     1    16     2    22
  3.7502888820466979E-01 a      1173     1    16     2    23
 -3.5878151562278709E-01 a      1174     1    16     2    24
  6.0514811378906930E-01 a      1175     1    16     2    25
 -2.1092895458803365E-01 a      1176     1    17     2     1
 -2.7692921215821642E-01 a      1177     1    17     2     2
 -6.2600890818487076E-01 a      1178     1    17     2     3
  4.5695062443442654E-03 a      1179     1    17     2     4
  3.4158535465664425E-01 a      1180     1    17     2     5
  1.3019422863502192E-01 a      1181     1    17     2     6
  2.1763399004446404E-02 a      1182     1    17     2     7
  9.6466078099948852E-02 a      1183     1    17     2     8
 -1.4752312960429320E-01 a      1184     1    17     2     9
 -1.5580136804196970E-01 a      1185     1    17     2    10
  1.8376546013903108E-01 a      1186     1    17     2    11
  3.2955341410311853E-02 a      1187     1    17     2    12
 -3.3458996338145625E-01 a      1188     1    17     2    13
  6.5737562782227366E-01 a      1189     1    17     2    14
  4.3875826191576517E-01 a      1190     1    17     2    15
  9.0876438132362070E-02 a      1191     1    17     2    16
 -6.5550581428060223E-02 a      1192     1    17     2    17
  1.8699305148176551E-01 a      1193     1    17     2    18
 -8.0096512707921487E-03 a      1194     1    17     2    19
 -9.4660195512116838E-02 a      1195     1    17     2    20
 -2.1612743379815150E-01 a      1196     1    17     2    21
  9.6107202659601237E-02 a      1197     1    17     2    22
 -3.9822779582884361E-02 a      1198     1    17     2    23
 -1.3597098355849346E-01 a      1199     1    17     2    24
 -2.0545578633823866E-01 a      1200     1    17     2    25
 -5.7783660128752370E-02 a      1201     1    18     2     1
 -5.4509547671347236E-01 a      1202     1    18     2     2
 -2.4716261531337061E-01 a      1203     1    18     2     3
  3.0205440257607213E-01 a      1204     1    18     2     4
  4.2146242440532256E-01 a      1205     1    18     2     5
  3.1776234154652389E-01 a      1206     1    18     2     6
  4.0353167820365621E-01 a      1207     1    18     2     7
  2.3363450934198179E-01 a      1208     1    18     2     8
  2.9622628467639092E-02 a      1209     1    18     2     9
 -1.9840940680441441E-01 a      1210     1    18     2    10
 -1.8604365584943625E-01 a      1211     1    18     2    11
  3.0672781965031726E-01 a      1212     1    18     2    12
 -3.0192157851634005E-01 a      1213     1    18     2    13
  3.0003280249824943E-01 a      1214     1    18     2    14
 -2.2350362684393665E-01 a      1215     1    18     2    15
 -7.4651293628460991E-01 a      1216     1    18     2    16
  2.0547163296496879E-01 a      1217     1    18     2    17
  7.0273520560465896E-01 a      1218     1    18     2    18
  1.3456367335215813E-01 a      1219     1    18     2    19
 -8.2313784138584167E-01 a      1220     1    18     2    20
 -2.9745663623579399E-01 a      1221     1    18     2    21
  3.7206487129996602E-01 a      1222     1    18     2    22
 -2.7982601651281475E-01 a      1223     1    18     2    23
  4.3686965219846413E-02 a      1224     1    18     2    24
 -5.9665183230794239E-01 a      1225     1    18     2    25
 -1.6538791981850479E-01 a      1226     1    19     2     1
 -1.5213544592289879E-01 a      1227     1    19     2     2
 -2.1148937236832704E-01 a      1228     1    19     2     3
  1.7828478324988109E-01 a      1229     1    19     2     4
  4.2665686857322027E-01 a      1230     1    19     2     5
 -2.3766516347654340E-01 a      1231     1    19     2     6
  2.0061952728777407E-01 a      1232     1    19     2     7
  2.1813781974249363E-01 a      1233     1    19     2     8
 -2.2797804418774015E-01 a      1234     1    19     2     9
 -1.2661229394640264E-01 a      1235     1    19     2    10
  1.0086712917191580E-01 a      1236     1    19     2    11
  1.8045956742138891E-01 a      1237     1    19     2    12
 -8.5274045614768978E-02 a      1238     1    19     2    13
  6.1959787295300162E-01 a      1239     1    19     2    14
  2.1345548785634430E-01 a      1240     1    19     2    15
 -2.2030176096501189E-01 a      1241     1    19     2    16
  9.8312432838114083E-02 a      1242     1    19     2    17
  6.9938639016824067E-01 a      1243     1    19     2    18
 -1.3026212736281079E-01 a      1244     1    19     2    19
 -2.0970387098527227E-01 a      1245     1    19     2    20
 -3.6489826611759085E-01 a      1246     1    19     2    21
  3.3726376218820847E-01 a      1247     1    19     2    22
 -3.2557587535153643E-01 a      1248     1    19     2    23
  3.7521926880357381E-01 a      1249     1    19     2    24
 -3.5786013074846384E-01 a      1250     1    19     2    25
  6.2933489598952536E-02 a      1251     1    20     2     1
 -3.9948607021747420E-02 a      1252     1    20     2     2
  2.9564962427997510E-01 a      1253     1    20     2     3
 -2.6687362508432155E-01 a      1254     1    20     2     4
  9.9895644843271458E-02 a      1255     1    20     2     5
  1.4419535223419996E-01 a      1256     1    20     2     6
  1.5985959697862442E-01 a      1257     1    20     2     7
  3.3379609695041680E-03 a      1258     1    20     2     8
  2.4206805913957505E-01 a      1259     1    20     2     9
  3.0419758409432734E-01 a      1260     1    20     2    10
  2.4203536842209491E-03 a      1261     1    20     2    11
  1.2347298421375287E-01 a      1262     1    20     2    12
  7.1005636524647964E-01 a      1263     1    20     2    13
 -1.7110668575530372E-01 a      1264     1    20     2    14
 -8.1533116856480603E-01 a      1265     1    20     2    15
 -8.5635383598018019E-02 a      1266     1    20     2    16
  3.2032749034426394E-01 a      1267     1    20     2    17
 -1.3074609135914750E-01 a      1268     1    20     2    18
  1.6181660898584405E-01 a      1269     1    20     2    19
  7.3413543784503849E-02 a      1270     1    20     2    20
  2.9022673351667400E-01 a      1271     1    20     2    21
 -3.8287687464414272E-01 a      1272     1    20     2    22
 -5.2273261783736605E-02 a      1273     1    20     2    23
 -1.8737870862227698E-01 a      1274     1    20     2    24
  5.8651640319218423E-01 a      1275     1    20     2    25
  1.0939952295864991E-01 a      1276     1    21     2     1
 -4.5027083676380081E-01 a      1277     1    21     2     2
  8.2182164843873043E-02 a      1278     1    21     2     3
 -1.8608351857369926E-01 a      1279     1    21     2     4
  3.0995041152271147E-01 a      1280     1    21     2     5
  1.6913352324031411E-01 a      1281     1    21     2     6
 -5.7778158981720007E-01 a      1282     1    21     2     7
 -4.8888704670847916E-01 a      1283     1    21     2     8
 -1.1752725926645087E-01 a      1284     1    21     2     9
 -4.7441302444976641E-01 a      1285     1    21     2    10
  4.5920817049937995E-01 a      1286     1    21     2    11
  1.2459014664040619E-01 a      1287     1    21     2    12
  1.1795609025772442E-01 a      1288     1    21     2    13
  4.7835278917575325E-01 a      1289     1    21     2    14
 -7.2924062172229770E-02 a      1290     1    21     2    15
 -3.6228476419266586E-01 a      1291     1    21     2    16
 -2.5805681314276699E-02 a      1292     1    21     2    17
  2.7406293431647683E-01 a      1293     1    21     2    18
  2.4765978494752303E-01 a      1294     1    21     2    19
 -8.9375553905180496E-02 a      1295     1    21     2    20
 -5.6669033951097056E-02 a      1296     1    21     2    21
  5.3454808050195557E-01 a      1297     1    21     2    22
 -3.1487188701135133E-01 a      1298     1    21     2    23
  1.4571967883632142E-01 a      1299     1    21     2    24
 -1.9621566949226932E-01 a      1300     1    21     2    25
  1.9770335622027746E-01 a      1301     1    22     2     1
  3.5051608078479751E-01 a      1302     1    22     2     2
  4.6429037649418797E-01 a      1303     1    22     2     3
  8.6829654119644314E-02 a      1304     1    22     2     4
 -5.0173593288260110E-01 a      1305     1    22     2     5
  1.2581253546542798E-01 a      1306     1    22     2     6
 -3.0665990514157165E-01 a      1307     1    22     2     7
  1.2644536031116541E-01 a      1308     1    22     2     8
  2.6919069684487351E-01 a      1309     1    22     2     9
  2.3626582547746880E-01 a      1310     1    22     2    10
 -2.4447355269443335E-01 a      1311     1    22     2    11
 -3.8838153463580921E-01 a      1312     1    22     2    12
  4.5710772442187964E-01 a      1313     1    22     2    13
 -3.2756230329322472E-01 a      1314     1    22     2    14
 -2.8601125872776367E-01 a      1315     1    22     2    15
  6.1446783885060412E-02 a      1316     1    22     2    16
  5.9325073374872528E-02 a      1317     1    22     2    17
 -5.1880012100500261E-01 a      1318     1    22     2    18
 -1.9159015022522469E-01 a      1319     1    22     2    19
  3.7390535662884583E-01 a      1320     1    22     2    20
  1.7137178644843033E-02 a      1321     1    22     2    21
 -3.6390383324564285E-01 a      1322     1    22     2    22
  3.9272235750621565E-01 a      1323     1    22     2    23
 -2.3553715187782370E-01 a      1324     1    22     2    24
  4.2138115283596794E-01 a      1325     1    22     2    25
 -3.2307946849801239E-01 a      1326     1    23     2     1
 -4.8439267016159260E-01 a      1327     1    23     2     2
 -1.5925558403994039E-01 a      1328     1    23     2     3
 -3.9026105211833167E-02 a      1329     1    23     2     4
 -8.3419544388175074E-02 a      1330     1    23     2     5
  3.2751105569547551E-02 a      1331     1    23     2     6
  1.0550686378873558E-01 a      1332     1    23     2     7
  4.1355754503983744E-01 a      1333     1    23     2     8
  1.2260583243650267E-01 a      1334     1    23     2     9
 -2.7882849355819173E-01 a      1335     1    23     2    10
 -1.0441483979234299E-01 a      1336     1    23     2    11
 -6.0789183148044462E-02 a      1337     1    23     2    12
  2.3032016186911092E-01 a      1338     1    23     2    13
  1.8354914946594658E-01 a      1339     1    23     2    14
 -3.2715234019571265E-01 a      1340     1    23     2    15
  6.0232144556629244E-02 a      1341     1    23     2    16
  2.2746099853928314E-01 a      1342     1    23     2    17
 -3.3159865666133159E-02 a      1343     1    23     2    18
 -9.5734357423181871E-02 a      1344     1    23     2    19
  2.0687643766822791E-01 a      1345     1    23     2    20
  3.7017817356855492E-01 a      1346     1    23     2    21
 -1.4904534948839274E-01 a      1347     1    23     2    22
  9.7988243298580718E-02 a      1348     1    23     2    23
 -3.2561272645045219E-01 a      1349     1    23     2    24
 -2.2871763087910568E-01 a      1350     1    23     2    25
 -3.3004596815082204E-01 a      1351     1    24     2     1
 -7.4959422610236054E-02 a      1352     1    24     2     2
 -8.1329590131149959E-02 a      1353     1    24     2     3
  3.3887813683437379E-01 a      1354     1    24     2     4
 -2.0870113280807477E-02 a      1355     1    24     2     5
 -4.7180902894959309E-01 a      1356     1    24     2     6
 -4.2682581610587633E-01 a      1357     1    24     2     7
 -1.4499741922991133E-01 a      1358     1    24     2     8
  3.1590438265277759E-01 a      1359     1    24     2     9
 -3.5006266764296995E-01 a      1360     1    24     2    10
  7.6193866840416138E-02 a      1361     1    24     2    11
  2.7472207944359145E-01 a      1362     1    24     2    12
  4.7114196232449052E-01 a      1363     1    24     2    13
  2.1495251637023055E-01 a      1364     1    24     2    14
 -5.8832243439990384E-01 a      1365     1    24     2    15
 -2.7621760274328311E-01 a      1366     1    24     2    16
 -1.8713459591330731E-01 a      1367     1    24     2    17
 -1.0971545712558803E-01 a      1368     1    24     2    18
 -1.2683156961789355E-01 a      1369     1    24     2    19
 -3.4884733578955124E-01 a      1370     1    24     2    20
  4.0500902427607610E-01 a      1371     1    24     2    21
 -1.1853004153528762E-01 a      1372     1    24     2    22
 -4.1986441795024931E-01 a      1373     1    24     2    23
 -3.0300087195798697E-02 a      1374     1    24     2    24
 -1.9274430667941683E-01 a      1375     1    24     2    25
  5.6590396289110856E-01 a      1376     1    25     2     1
  1.6939423531911943E-01 a      1377     1    25     2     2
  6.8313936664505093E-01 a      1378     1    25     2     3
 -1.2715805053757206E-01 a      1379     1    25     2     4
 -4.5017932897497048E-01 a      1380     1    25     2     5
  2.2602890246021434E-01 a      1381     1    25     2     6
 -1.9781908913212365E-01 a      1382     1    25     2     7
  8.8873299025669539E-02 a      1383     1    25     2     8
  7.3194498645886855E-02 a      1384     1    25     2     9
  1.4246477149104628E-01 a      1385     1    25     2    10
  2.5250635092772516E-01 a      1386     1    25     2    11
 -2.0800884295963576E-01 a      1387     1    25     2    12
  8.5077771664671953E-02 a      1388     1    25     2    13
 -3.1696223718219474E-01 a      1389     1    25     2    14
 -2.8930959348976260E-02 a      1390     1    25     2    15
  2.2021954167810154E-01 a      1391     1    25     2    16
  5.1760304462298912E-01 a      1392     1    25     2    17
 -1.2767541539049328E-02 a      1393     1    25     2    18
 -3.4947730727395310E-01 a      1394     1    25     2    19
  2.2638866655229348E-01 a      1395     1    25     2    20
 -4.7965128135066933E-02 a      1396     1    25     2    21
 -2.9414527706561244E-01 a      1397     1    25     2    22
  3.9280448424826492E-01 a      1398     1    25     2    23
 -3.1601442232362088E-02 a      1399     1    25     2    24
  6.8554217054411726E-02 a      1400     1    25     2    25
 -7.1803156535371712E-02 b      1401     2     1
 -4.7568348536503025E-01 b      1402     2     2
 -6.2044230266945666E-01 b      1403     2     3
  7.8966438035690853E-02 b      1404     2     4
  5.2832687982974946E-01 b      1405     2     5
  1.3332874456273083E-03 b      1406     2     6
  3.7508565069045724E-01 b      1407     2     7
 -7.5582040684268617E-02 b      1408     2     8
 -1.4685227980365689E-01 b      1409     2     9
 -3.0388917711527447E-01 b      1410     2    10
 -2.0690462555660760E-01 b      1411     2    11
  3.5082490866414251E-01 b      1412     2    12
 -7.0019999186154036E-01 b      1413     2    13
  1.0182673547381236E+00 b      1414     2    14
  3.9802274032704904E-01 b      1415     2    15
 -7.1853053118300514E-01 b      1416     2    16
 -2.1461104040544941E-02 b      1417     2    17
  5.9898554364565337E-01 b      1418     2    18
  5.3706144287295192E-02 b      1419     2    19
 -5.3991018928078416E-01 b      1420     2    20
 -3.6014338567791576E-01 b      1421     2    21
  8.7965769296814780E-02 b      1422     2    22
 -5.2571922100255164E-01 b      1423     2    23
  3.1037046462768519E-01 b      1424     2    24
 -9.1275062820403471E-02 b      1425     2    25
  4.8731387066150628E-02 a      1426     2     1     3     1
  1.3459049946931864E-01 a      1427     2     2     3     1
 -4.7415184970456332E-02 a      1428     2     3     3     1
  4.4395422650952782E-01 a      1429     2     4     3     1
  1.1983499210113745E-01 a      1430     2     5     3     1
  6.7869967522962937E-01 a      1431     2     6     3     1
  1.8298720744426760E+00 a      1432     2     7     3     1
  1.2675934897195547E+00 a      1433     2     8     3     1
 -4.3424725051807828E-01 a      1434     2     9     3     1
  3.4835116706226049E-02 a      1435     2    10     3     1
 -5.4669904212890572E-02 a      1436     2    11     3     1
 -1.4727379094516535E-01 a      1437     2    12     3     1
 -1.5357343223219857E+00 a      1438     2    13     3     1
 -2.4746549319012387E-01 a      1439     2    14     3     1
  5.4964774768465709E-02 a      1440     2    15     3     1
 -1.1629863390088571E+00 a      1441     2    16     3     1
  2.0810944423729714E+00 a      1442     2    17     3     1
  1.0980667193749483E-01 a      1443     2    18     3     1
  5.2907474241440799E-01 a      1444     2    19     3     1
 -8.6644274887124595E-01 a      1445     2    20     3     1
 -3.5700082439577258E-01 a      1446     2    21     3     1
  1.7868190349308568E+00 a      1447     2    22     3     1
 -2.7521352109365838E-01 a      1448     2    23     3     1
 -1.8409081216794174E-01 a      1449     2    24     3     1
 -6.3218977037972213E-01 a      1450     2    25     3     1
  3.6744467423952365E-01 b      1451     3     1
