################################################################################
# Neural network connection values (weights and biases).
################################################################################
# Col  Name       Description
################################################################################
# 1    connection Neural network connection value.
# 2    t          Connection type (a = weight, b = bias).
# 3    index      Index enumerating weights.
# 4    l_s        Starting point layer (end point layer for biases).
# 5    n_s        Starting point neuron in starting layer (end point neuron for biases).
# 6    l_e        End point layer.
# 7    n_e        End point neuron in end layer.
################################################################################
#                      1 2         3     4     5     6     7
#             connection t     index   l_s   n_s   l_e   n_e
############################################################
  8.4013544005750118E-02 a         1     0     1     1     1
 -1.4003798722088967E-01 a         2     0     1     1     2
  2.2924725130329332E-01 a         3     0     1     1     3
  8.1334205275167951E-02 a         4     0     1     1     4
  2.2868345461053197E-01 a         5     0     1     1     5
  1.0315071598114467E-01 a         6     0     1     1     6
 -3.6273973410187621E-01 a         7     0     1     1     7
 -1.3025204342868452E-01 a         8     0     1     1     8
 -2.0786278974154049E-01 a         9     0     1     1     9
  2.9718090486010129E-01 a        10     0     1     1    10
 -2.0602449526007072E-01 a        11     0     1     1    11
  3.7216599261359418E-01 a        12     0     1     1    12
  1.1710999900217736E-01 a        13     0     1     1    13
  2.8114421436208953E-01 a        14     0     1     1    14
  6.8641222732712337E-02 a        15     0     1     1    15
  3.0713405732825311E-01 a        16     0     1     1    16
 -4.1830974994160703E-04 a        17     0     1     1    17
  3.9897128522806197E-01 a        18     0     1     1    18
 -8.7610616296447563E-02 a        19     0     1     1    19
 -4.0878277737230723E-01 a        20     0     1     1    20
 -2.0624888220633389E-01 a        21     0     1     1    21
 -1.3233658077142141E-01 a        22     0     1     1    22
 -2.9029885127494881E-01 a        23     0     1     1    23
 -2.6467096779207722E-01 a        24     0     1     1    24
  2.5372536479506785E-01 a        25     0     1     1    25
 -2.0768673923370889E-01 a        26     0     2     1     1
  1.8547854037249650E-01 a        27     0     2     1     2
 -2.8577999526612041E-01 a        28     0     2     1     3
  4.0343728710535331E-01 a        29     0     2     1     4
  2.4691473726899206E-02 a        30     0     2     1     5
 -4.0927468078037993E-01 a        31     0     2     1     6
 -4.5504803320205144E-02 a        32     0     2     1     7
 -2.6152857038875971E-01 a        33     0     2     1     8
 -1.0249059624908330E-01 a        34     0     2     1     9
  1.8313161332531266E-01 a        35     0     2     1    10
 -1.3773313025766754E-01 a        36     0     2     1    11
  1.7459296576073827E-01 a        37     0     2     1    12
  1.1982933923033334E-01 a        38     0     2     1    13
  9.7774785993561715E-03 a        39     0     2     1    14
  2.9347263982109256E-01 a        40     0     2     1    15
  3.0499073485454706E-02 a        41     0     2     1    16
  9.2415115898111772E-02 a        42     0     2     1    17
  6.0316502962883067E-01 a        43     0     2     1    18
 -2.1603641924544953E-01 a        44     0     2     1    19
 -2.7895412369815925E-01 a        45     0     2     1    20
  8.1564314867963346E-03 a        46     0     2     1    21
 -3.8086469515071802E-01 a        47     0     2     1    22
 -5.6960123455658218E-01 a        48     0     2     1    23
 -3.5369990409532615E-01 a        49     0     2     1    24
  5.3868562378903473E-02 a        50     0     2     1    25
 -4.4300433180312671E-01 a        51     0     3     1     1
  4.5077504237377813E-01 a        52     0     3     1     2
  2.1224978718399387E-01 a        53     0     3     1     3
 -4.4555949363471806E-02 a        54     0     3     1     4
  5.3913011275681366E-01 a        55     0     3     1     5
 -2.1703672748657790E-01 a        56     0     3     1     6
 -2.6095960897754233E-01 a        57     0     3     1     7
  1.6885889323172690E-01 a        58     0     3     1     8
  2.0339567171039355E-01 a        59     0     3     1     9
 -1.0861877648103625E-01 a        60     0     3     1    10
 -3.2064802331892717E-01 a        61     0     3     1    11
  4.9053621611014182E-02 a        62     0     3     1    12
 -3.2892523504791861E-02 a        63     0     3     1    13
  7.1732071041641383E-03 a        64     0     3     1    14
  1.9473680889074496E-01 a        65     0     3     1    15
 -1.5631218415819707E-02 a        66     0     3     1    16
  2.6307406122183097E-01 a        67     0     3     1    17
 -1.5728815493717060E-03 a        68     0     3     1    18
  3.9566550870219480E-01 a        69     0     3     1    19
 -3.8092613761347061E-01 a        70     0     3     1    20
 -2.2622948179849604E-02 a        71     0     3     1    21
  1.6213908230417640E-01 a        72     0     3     1    22
 -1.5351710160512747E-01 a        73     0     3     1    23
  8.1869501031830771E-02 a        74     0     3     1    24
 -2.0288475650556320E-01 a        75     0     3     1    25
 -7.5232938177135483E-03 a        76     0     4     1     1
  5.7366947084584147E-02 a        77     0     4     1     2
 -1.1553928656791007E-01 a        78     0     4     1     3
  2.7008420570469133E-01 a        79     0     4     1     4
  2.7891942077922810E-01 a        80     0     4     1     5
  1.9198399630563040E-01 a        81     0     4     1     6
 -7.4419890804752725E-02 a        82     0     4     1     7
 -6.4881788718504141E-02 a        83     0     4     1     8
 -9.3136288196798048E-02 a        84     0     4     1     9
  5.4408311849648028E-01 a        85     0     4     1    10
 -4.9205807888446314E-02 a        86     0     4     1    11
  3.6318196668106939E-01 a        87     0     4     1    12
  1.6077253334796299E-01 a        88     0     4     1    13
 -4.1350817223592198E-02 a        89     0     4     1    14
 -2.0780863381093301E-01 a        90     0     4     1    15
 -2.2412374805141626E-02 a        91     0     4     1    16
 -5.5837818539650197E-02 a        92     0     4     1    17
  4.4617992811389778E-01 a        93     0     4     1    18
  2.1915776125879366E-01 a        94     0     4     1    19
 -3.3749624760536778E-01 a        95     0     4     1    20
 -3.3467498449777239E-01 a        96     0     4     1    21
  1.8439086157296422E-01 a        97     0     4     1    22
 -4.0177710469594818E-01 a        98     0     4     1    23
 -4.9372908286431866E-01 a        99     0     4     1    24
 -3.6435772800173560E-01 a       100     0     4     1    25
 -3.9476093948893376E-01 a       101     0     5     1     1
  3.6476162052836186E-01 a       102     0     5     1     2
  4.1129796314161443E-01 a       103     0     5     1     3
  3.8620894566830904E-01 a       104     0     5     1     4
  4.3412558973097803E-01 a       105     0     5     1     5
  1.0483400083525975E-01 a       106     0     5     1     6
 -1.0553645358593206E-01 a       107     0     5     1     7
 -7.1153359638461977E-03 a       108     0     5     1     8
  2.2503645427580821E-01 a       109     0     5     1     9
  4.4117941970009494E-01 a       110     0     5     1    10
 -1.5811660007479980E-01 a       111     0     5     1    11
  4.1554653549408606E-02 a       112     0     5     1    12
 -1.5416311051818374E-01 a       113     0     5     1    13
 -4.7082208264042545E-02 a       114     0     5     1    14
  2.3335366881459468E-01 a       115     0     5     1    15
  2.7494569607935931E-01 a       116     0     5     1    16
 -1.0141214047289830E-01 a       117     0     5     1    17
 -2.2814794915279643E-01 a       118     0     5     1    18
  3.6554693477959388E-01 a       119     0     5     1    19
 -1.6033368790168306E-01 a       120     0     5     1    20
  1.6699462382926011E-01 a       121     0     5     1    21
 -3.1553426154202258E-01 a       122     0     5     1    22
  5.5433027104652838E-02 a       123     0     5     1    23
 -3.5478044124732649E-01 a       124     0     5     1    24
  3.1316841874020773E-01 a       125     0     5     1    25
 -1.0740690970614142E-01 a       126     0     6     1     1
 -1.1315708039281340E-01 a       127     0     6     1     2
  1.9090387453102289E-01 a       128     0     6     1     3
  3.9549439354807842E-01 a       129     0     6     1     4
  3.4808460807150826E-01 a       130     0     6     1     5
 -2.4466284766480167E-01 a       131     0     6     1     6
  5.2325570553489006E-02 a       132     0     6     1     7
  8.0619746679442175E-02 a       133     0     6     1     8
  3.3126545196768892E-01 a       134     0     6     1     9
  5.6014032624483323E-01 a       135     0     6     1    10
  1.5209315819093436E-02 a       136     0     6     1    11
 -1.9118492745298761E-02 a       137     0     6     1    12
  4.1667550879870152E-01 a       138     0     6     1    13
  3.9719635572959232E-02 a       139     0     6     1    14
  1.1664926335616685E-01 a       140     0     6     1    15
  2.5887226673473218E-01 a       141     0     6     1    16
  5.4244961685761162E-01 a       142     0     6     1    17
  3.7274824159432723E-01 a       143     0     6     1    18
  9.0449556899543482E-02 a       144     0     6     1    19
 -3.1960692677439706E-01 a       145     0     6     1    20
 -2.9324930183906817E-01 a       146     0     6     1    21
  8.5190196867327594E-02 a       147     0     6     1    22
 -2.4537597799243077E-01 a       148     0     6     1    23
  2.8297503313580330E-02 a       149     0     6     1    24
 -3.1194631540892781E-01 a       150     0     6     1    25
 -1.5303411359320215E-02 a       151     0     7     1     1
  2.2832559698975233E-01 a       152     0     7     1     2
  1.8526454421182298E-01 a       153     0     7     1     3
  1.0817078933945252E-01 a       154     0     7     1     4
 -7.2498203399785022E-02 a       155     0     7     1     5
 -1.5210303222768692E-01 a       156     0     7     1     6
 -7.5615696713575542E-02 a       157     0     7     1     7
  3.0597996864399601E-01 a       158     0     7     1     8
  2.4704793565914918E-01 a       159     0     7     1     9
  3.7353164612677592E-01 a       160     0     7     1    10
  8.6212787578664990E-02 a       161     0     7     1    11
 -1.6404392959350403E-01 a       162     0     7     1    12
 -1.1067853659055066E-01 a       163     0     7     1    13
  4.6577148266352009E-02 a       164     0     7     1    14
 -1.7298802007586359E-01 a       165     0     7     1    15
  2.5494096879559891E-01 a       166     0     7     1    16
  4.0355863553893673E-01 a       167     0     7     1    17
  2.2201433232458304E-01 a       168     0     7     1    18
  7.6779646330342288E-02 a       169     0     7     1    19
  3.4649904605324119E-02 a       170     0     7     1    20
  1.4434184685272261E-01 a       171     0     7     1    21
  1.1731242387579194E-01 a       172     0     7     1    22
  1.0257871074239416E-01 a       173     0     7     1    23
 -9.3935661613364883E-03 a       174     0     7     1    24
 -1.2214158906810962E-01 a       175     0     7     1    25
 -1.3978080480269381E-01 a       176     0     8     1     1
 -5.6846375933873719E-02 a       177     0     8     1     2
  2.8371087378741228E-01 a       178     0     8     1     3
  1.2985077887851812E-01 a       179     0     8     1     4
  5.4594575803239720E-01 a       180     0     8     1     5
 -1.0051605732959174E-02 a       181     0     8     1     6
 -4.3451793277224215E-01 a       182     0     8     1     7
 -1.1459960739418687E-01 a       183     0     8     1     8
 -2.5023920385810222E-01 a       184     0     8     1     9
  5.5113152240904062E-01 a       185     0     8     1    10
  4.5424834036200507E-01 a       186     0     8     1    11
  3.6894274894397300E-01 a       187     0     8     1    12
  4.5148135901885954E-02 a       188     0     8     1    13
  4.1879543942000130E-01 a       189     0     8     1    14
 -2.1823331034161786E-02 a       190     0     8     1    15
 -8.0641182613605880E-02 a       191     0     8     1    16
  4.5261937569504701E-01 a       192     0     8     1    17
  4.3055670518357680E-01 a       193     0     8     1    18
 -4.5232438945003998E-02 a       194     0     8     1    19
 -2.6961141800165944E-01 a       195     0     8     1    20
 -3.3064211377773614E-02 a       196     0     8     1    21
 -3.2492538047680608E-01 a       197     0     8     1    22
 -1.2421668059901138E-01 a       198     0     8     1    23
  8.2652617435953452E-02 a       199     0     8     1    24
 -1.7734783235877891E-01 a       200     0     8     1    25
 -6.7187237587924109E-02 a       201     0     9     1     1
 -4.1356267341455588E-02 a       202     0     9     1     2
  1.2712297798495281E-01 a       203     0     9     1     3
 -3.6228310648548906E-01 a       204     0     9     1     4
 -3.0627966456224892E-01 a       205     0     9     1     5
 -2.4386068443170761E-01 a       206     0     9     1     6
  3.1832401452189202E-01 a       207     0     9     1     7
 -2.7356631480323018E-01 a       208     0     9     1     8
  1.2696175592345041E-01 a       209     0     9     1     9
  2.7327350378976673E-02 a       210     0     9     1    10
 -2.2517460819319357E-01 a       211     0     9     1    11
 -1.1990153002723358E-01 a       212     0     9     1    12
 -4.9712635641226591E-02 a       213     0     9     1    13
 -3.5689769166851970E-01 a       214     0     9     1    14
 -8.6445688442115573E-02 a       215     0     9     1    15
  2.3433127824405503E-01 a       216     0     9     1    16
 -4.1999597487460502E-02 a       217     0     9     1    17
  1.5387339435316130E-01 a       218     0     9     1    18
 -1.5589828088874327E-01 a       219     0     9     1    19
 -4.7124144787103972E-02 a       220     0     9     1    20
  1.7888155448801502E-01 a       221     0     9     1    21
  4.5214635446259283E-02 a       222     0     9     1    22
 -1.0912598462211909E-01 a       223     0     9     1    23
 -1.7673525074515506E-01 a       224     0     9     1    24
 -1.6750363464822460E-01 a       225     0     9     1    25
 -4.3583683368067555E-01 a       226     0    10     1     1
  3.4536289175327733E-01 a       227     0    10     1     2
 -5.1543608202106940E-02 a       228     0    10     1     3
 -2.4954414128213423E-01 a       229     0    10     1     4
  4.8210350958622999E-01 a       230     0    10     1     5
 -3.2940494007785825E-01 a       231     0    10     1     6
 -7.9341875029242670E-02 a       232     0    10     1     7
 -4.5906478393568068E-02 a       233     0    10     1     8
  7.5942702938919998E-02 a       234     0    10     1     9
  8.6260675883429172E-01 a       235     0    10     1    10
  4.2953710308907461E-01 a       236     0    10     1    11
 -1.4352443276515398E-01 a       237     0    10     1    12
  8.8430729004738556E-02 a       238     0    10     1    13
 -3.6076921599990451E-02 a       239     0    10     1    14
 -1.6246676400680568E-01 a       240     0    10     1    15
 -2.1183669349225512E-01 a       241     0    10     1    16
  7.7018061970670751E-02 a       242     0    10     1    17
  4.3482189224818418E-02 a       243     0    10     1    18
 -3.7197901567499264E-01 a       244     0    10     1    19
  1.5863749766551499E-01 a       245     0    10     1    20
 -1.6103957459488041E-01 a       246     0    10     1    21
 -2.6255149506124248E-01 a       247     0    10     1    22
 -4.8179994743277932E-01 a       248     0    10     1    23
 -2.3706671556425302E-01 a       249     0    10     1    24
  3.4212345967128116E-01 a       250     0    10     1    25
  9.5438564135485834E-02 a       251     0    11     1     1
 -2.6584103494133756E-02 a       252     0    11     1     2
  6.5681062642174393E-01 a       253     0    11     1     3
 -6.6243725924019337E-02 a       254     0    11     1     4
 -3.0468366209354952E-01 a       255     0    11     1     5
  2.0384973602898426E-01 a       256     0    11     1     6
 -6.2565318373073754E-04 a       257     0    11     1     7
  4.9116847503829289E-02 a       258     0    11     1     8
  4.3121265463174402E-01 a       259     0    11     1     9
  3.3397403096551453E-01 a       260     0    11     1    10
 -1.1378817400157834E-01 a       261     0    11     1    11
 -1.1201717609870442E-01 a       262     0    11     1    12
 -7.2414913510948337E-02 a       263     0    11     1    13
  1.5125025678455437E-01 a       264     0    11     1    14
 -6.7255514307324349E-02 a       265     0    11     1    15
  1.6976880527484492E-01 a       266     0    11     1    16
 -1.8219460833360251E-01 a       267     0    11     1    17
  4.0489304361957906E-01 a       268     0    11     1    18
 -1.2084438970730528E-01 a       269     0    11     1    19
 -1.0300530083358034E-01 a       270     0    11     1    20
 -5.6213914342950165E-03 a       271     0    11     1    21
 -1.2832318391125158E-01 a       272     0    11     1    22
 -2.7230357827187351E-01 a       273     0    11     1    23
  9.5199251629221136E-03 a       274     0    11     1    24
  3.0754636611831659E-01 a       275     0    11     1    25
  1.1912624281474649E-01 a       276     0    12     1     1
  3.3946617499985388E-01 a       277     0    12     1     2
  3.7085575714050173E-01 a       278     0    12     1     3
 -2.0708161350960314E-01 a       279     0    12     1     4
  3.1702632852948942E-01 a       280     0    12     1     5
  3.3808167367091024E-01 a       281     0    12     1     6
 -3.8161777074694403E-01 a       282     0    12     1     7
 -1.5484471936143479E-01 a       283     0    12     1     8
 -1.0219580637890815E-02 a       284     0    12     1     9
  1.0308125340859406E+00 a       285     0    12     1    10
  6.3972039942658487E-01 a       286     0    12     1    11
  3.3182356579931731E-02 a       287     0    12     1    12
  4.5624574504558368E-01 a       288     0    12     1    13
  4.1192725634574551E-01 a       289     0    12     1    14
 -2.4331726723872099E-01 a       290     0    12     1    15
  1.7940271075750180E-01 a       291     0    12     1    16
  3.8301863428249089E-01 a       292     0    12     1    17
  2.6284984694685504E-01 a       293     0    12     1    18
 -1.7450809815388629E-01 a       294     0    12     1    19
 -2.9385230070224522E-01 a       295     0    12     1    20
  2.4580729695139428E-02 a       296     0    12     1    21
 -2.6621294371201287E-01 a       297     0    12     1    22
 -1.9545466104212705E-01 a       298     0    12     1    23
 -1.0479310504933833E-02 a       299     0    12     1    24
 -1.4818595675237206E-01 a       300     0    12     1    25
  3.0384839710519494E-02 a       301     0    13     1     1
  6.4413514101536662E-01 a       302     0    13     1     2
  4.3542778082616174E-01 a       303     0    13     1     3
 -3.3294571451577920E-01 a       304     0    13     1     4
  1.6676927001968928E-01 a       305     0    13     1     5
 -4.8632578641097220E-02 a       306     0    13     1     6
  1.6521659096597713E-01 a       307     0    13     1     7
  1.4424212583211523E-02 a       308     0    13     1     8
  7.0528893273974047E-02 a       309     0    13     1     9
  1.6034763083631998E-01 a       310     0    13     1    10
  7.2931606244373642E-02 a       311     0    13     1    11
 -3.3980315477067161E-02 a       312     0    13     1    12
  1.2411111029521570E-01 a       313     0    13     1    13
 -1.9160858784573476E-01 a       314     0    13     1    14
  2.0740664266155390E-01 a       315     0    13     1    15
  8.0494622109779246E-01 a       316     0    13     1    16
  2.6260218728242762E-01 a       317     0    13     1    17
  3.7011366556692976E-01 a       318     0    13     1    18
 -2.1205245778590492E-01 a       319     0    13     1    19
  1.2413788665107957E-01 a       320     0    13     1    20
 -6.1690062731746903E-02 a       321     0    13     1    21
  3.4838896530577965E-02 a       322     0    13     1    22
  3.2485774029656389E-01 a       323     0    13     1    23
 -4.1248030260626269E-02 a       324     0    13     1    24
 -5.7432058879030093E-02 a       325     0    13     1    25
  2.6015148942747046E-01 a       326     0    14     1     1
 -3.4871909535732759E-01 a       327     0    14     1     2
  2.9468206711081879E-01 a       328     0    14     1     3
  2.2965948180227358E-01 a       329     0    14     1     4
  4.7469094720280569E-03 a       330     0    14     1     5
 -2.1731854328793565E-01 a       331     0    14     1     6
 -4.2608895841034783E-01 a       332     0    14     1     7
 -3.1311113817487907E-01 a       333     0    14     1     8
  7.7191164386828270E-02 a       334     0    14     1     9
  1.4123643098695771E+00 a       335     0    14     1    10
  3.5720097348739588E-01 a       336     0    14     1    11
  1.4303159340774613E-02 a       337     0    14     1    12
  3.9253244116942521E-01 a       338     0    14     1    13
 -1.2263351006272119E-01 a       339     0    14     1    14
 -4.5046652265739479E-02 a       340     0    14     1    15
 -1.5052138189469133E-01 a       341     0    14     1    16
  3.6175463644303463E-01 a       342     0    14     1    17
 -4.2684605423388172E-02 a       343     0    14     1    18
  2.5231287922641388E-01 a       344     0    14     1    19
  3.5034659056846462E-01 a       345     0    14     1    20
 -3.9241355680766837E-01 a       346     0    14     1    21
 -1.5247393121861691E-01 a       347     0    14     1    22
 -9.2887678636883242E-02 a       348     0    14     1    23
 -8.1033102860407019E-02 a       349     0    14     1    24
 -1.9514069771932616E-01 a       350     0    14     1    25
 -7.8570016913906038E-01 a       351     0    15     1     1
  7.9838800988943726E-01 a       352     0    15     1     2
  6.0386085794623934E-01 a       353     0    15     1     3
  1.6920102911074902E-01 a       354     0    15     1     4
  7.9777719663110325E-01 a       355     0    15     1     5
 -1.2645242151822461E-01 a       356     0    15     1     6
  4.6099829086305955E-01 a       357     0    15     1     7
 -1.8119717904122726E-01 a       358     0    15     1     8
  2.0582883906477392E-01 a       359     0    15     1     9
 -2.9831949953473025E-01 a       360     0    15     1    10
  1.3537633339570834E+00 a       361     0    15     1    11
  8.0586627491606710E-01 a       362     0    15     1    12
  5.9590330563307725E-01 a       363     0    15     1    13
  1.1149261863026695E-01 a       364     0    15     1    14
  1.5738715896192279E-01 a       365     0    15     1    15
  8.4932911588188309E-01 a       366     0    15     1    16
  5.3463236228217803E-02 a       367     0    15     1    17
  7.1129937114880770E-01 a       368     0    15     1    18
  6.6928194322411683E-01 a       369     0    15     1    19
 -6.1065114086568684E-01 a       370     0    15     1    20
  2.0822273933239488E-03 a       371     0    15     1    21
 -3.8518688813368351E-01 a       372     0    15     1    22
  7.6689213661601041E-01 a       373     0    15     1    23
 -7.3234620645506143E-01 a       374     0    15     1    24
  4.3997288644821310E-02 a       375     0    15     1    25
  3.2090749833039345E-01 a       376     0    16     1     1
 -2.8962091771443776E-01 a       377     0    16     1     2
 -5.3310016422769868E-01 a       378     0    16     1     3
 -1.9102373478084222E-01 a       379     0    16     1     4
 -3.3327594645249192E-01 a       380     0    16     1     5
 -2.2787315363940634E-02 a       381     0    16     1     6
  3.9114636531377672E-01 a       382     0    16     1     7
  1.1510393454821620E-01 a       383     0    16     1     8
 -3.8938261632318322E-01 a       384     0    16     1     9
  6.9616273615463065E-01 a       385     0    16     1    10
  5.5795702254660268E-02 a       386     0    16     1    11
  2.5032784089605423E-02 a       387     0    16     1    12
  1.3875150861846756E-02 a       388     0    16     1    13
 -1.7696375331531029E-02 a       389     0    16     1    14
  5.9923009926837079E-01 a       390     0    16     1    15
 -4.5283403723560028E-01 a       391     0    16     1    16
  1.3792343576285987E-01 a       392     0    16     1    17
 -1.3047667555693351E-01 a       393     0    16     1    18
  2.6845995480899937E-01 a       394     0    16     1    19
  2.4326723863709862E-01 a       395     0    16     1    20
  5.3813496696435803E-01 a       396     0    16     1    21
  6.6518477042137314E-02 a       397     0    16     1    22
  4.3324579256756132E-02 a       398     0    16     1    23
  1.4023544938120580E-01 a       399     0    16     1    24
 -2.0506278615306828E-01 a       400     0    16     1    25
 -1.3054463364915284E-01 a       401     0    17     1     1
  9.6042178621827373E-02 a       402     0    17     1     2
 -7.8531028110467027E-02 a       403     0    17     1     3
 -5.5795231028047260E-02 a       404     0    17     1     4
  1.8026022463423919E-01 a       405     0    17     1     5
 -4.9685754166800961E-02 a       406     0    17     1     6
 -2.6146108864371115E-01 a       407     0    17     1     7
 -2.9291918077439161E-01 a       408     0    17     1     8
  2.0033151396354176E-01 a       409     0    17     1     9
  1.7725811602208316E-01 a       410     0    17     1    10
  1.9260252410834436E-01 a       411     0    17     1    11
  3.9014466615043590E-02 a       412     0    17     1    12
 -1.1345878816841190E-01 a       413     0    17     1    13
 -4.6152716607109519E-02 a       414     0    17     1    14
  3.8308981600933753E-02 a       415     0    17     1    15
  3.1021112613649388E-01 a       416     0    17     1    16
 -6.6694571846455247E-02 a       417     0    17     1    17
 -5.7036716888066463E-01 a       418     0    17     1    18
  2.0763975106108990E-02 a       419     0    17     1    19
 -1.8943668389795165E-01 a       420     0    17     1    20
  1.7114136647130743E-01 a       421     0    17     1    21
 -1.8371456046055501E-01 a       422     0    17     1    22
 -3.9916595262245169E-02 a       423     0    17     1    23
  1.9326831384978144E-01 a       424     0    17     1    24
  3.8868859304634473E-01 a       425     0    17     1    25
  4.0265802855996458E-02 a       426     0    18     1     1
  2.3978421206274680E-01 a       427     0    18     1     2
 -2.4946459641023155E-01 a       428     0    18     1     3
  3.3400620973640072E-01 a       429     0    18     1     4
  1.7463922175137714E-01 a       430     0    18     1     5
 -2.4064820060214831E-01 a       431     0    18     1     6
 -1.5090152532982365E-01 a       432     0    18     1     7
  1.4057778740407928E-01 a       433     0    18     1     8
 -1.3036602862280433E-01 a       434     0    18     1     9
  8.2478661712208445E-01 a       435     0    18     1    10
  1.9639715576797634E-01 a       436     0    18     1    11
 -2.9358510413506372E-01 a       437     0    18     1    12
  4.0858667488400807E-01 a       438     0    18     1    13
 -9.4358408560987400E-02 a       439     0    18     1    14
 -2.6966190091063200E-02 a       440     0    18     1    15
 -2.7306963227717534E-01 a       441     0    18     1    16
  1.3832855925682555E-01 a       442     0    18     1    17
 -4.8418128041930505E-02 a       443     0    18     1    18
  5.6753870705795566E-03 a       444     0    18     1    19
  2.5795879853789200E-01 a       445     0    18     1    20
  9.1385808948321948E-02 a       446     0    18     1    21
 -2.4777929387922040E-01 a       447     0    18     1    22
 -3.2921909126863402E-01 a       448     0    18     1    23
 -1.2749205046411799E-01 a       449     0    18     1    24
  3.6880791686862496E-01 a       450     0    18     1    25
 -3.1765703823104779E-01 a       451     0    19     1     1
  3.4039527239684403E-01 a       452     0    19     1     2
 -1.4504968680228915E-02 a       453     0    19     1     3
  2.6813647538821817E-01 a       454     0    19     1     4
  1.0236460622378897E-01 a       455     0    19     1     5
 -3.9402227719893462E-01 a       456     0    19     1     6
 -5.3245124853713355E-01 a       457     0    19     1     7
  8.4921707610742560E-03 a       458     0    19     1     8
 -1.8411032937545146E-02 a       459     0    19     1     9
  6.2212595367137108E-02 a       460     0    19     1    10
  2.6752918880575549E-01 a       461     0    19     1    11
  4.6708548495813698E-02 a       462     0    19     1    12
  3.3541698512014571E-02 a       463     0    19     1    13
  2.3990953308510182E-02 a       464     0    19     1    14
 -8.0033990260277216E-02 a       465     0    19     1    15
 -1.4997753079775697E-01 a       466     0    19     1    16
 -1.8266741067677120E-02 a       467     0    19     1    17
  1.1498125565437164E-01 a       468     0    19     1    18
  1.3785205987181112E-01 a       469     0    19     1    19
 -1.6762539919339098E-01 a       470     0    19     1    20
 -1.6359067964325166E-01 a       471     0    19     1    21
 -2.6263897132717411E-02 a       472     0    19     1    22
  7.2122903369800054E-02 a       473     0    19     1    23
 -4.1421294294154454E-01 a       474     0    19     1    24
  2.3321381822129381E-01 a       475     0    19     1    25
 -2.9827559326032260E-01 a       476     0    20     1     1
  4.6952386326879314E-02 a       477     0    20     1     2
 -2.0531098264351652E-01 a       478     0    20     1     3
  3.8265031538923727E-01 a       479     0    20     1     4
  3.5247274760821534E-01 a       480     0    20     1     5
 -3.3007482627949103E-01 a       481     0    20     1     6
 -6.4735126584014580E-01 a       482     0    20     1     7
  2.2545809368641925E-01 a       483     0    20     1     8
 -1.3197455478258421E-01 a       484     0    20     1     9
  1.2606547571549145E-01 a       485     0    20     1    10
  3.3425303502518000E-01 a       486     0    20     1    11
  2.8951590742032590E-01 a       487     0    20     1    12
  9.0690034943331749E-02 a       488     0    20     1    13
 -2.9694999820664292E-01 a       489     0    20     1    14
  5.5547923062370302E-02 a       490     0    20     1    15
 -4.4952829503061975E-01 a       491     0    20     1    16
  4.7745460772770387E-01 a       492     0    20     1    17
  6.6288490137271339E-01 a       493     0    20     1    18
  9.2289339485620056E-02 a       494     0    20     1    19
  1.0732634261724613E-01 a       495     0    20     1    20
 -7.1991216178636269E-02 a       496     0    20     1    21
  3.2749282339363633E-01 a       497     0    20     1    22
 -4.2689103914490906E-02 a       498     0    20     1    23
 -4.9709999375452296E-01 a       499     0    20     1    24
 -3.8121802676878386E-01 a       500     0    20     1    25
 -6.5628140656444178E-01 a       501     0    21     1     1
  3.6126366473754823E-01 a       502     0    21     1     2
 -4.1889636621848088E-02 a       503     0    21     1     3
 -1.9354741139112927E-01 a       504     0    21     1     4
  1.4827371952607643E-01 a       505     0    21     1     5
  4.5621221206466667E-02 a       506     0    21     1     6
  1.3288549263961680E-01 a       507     0    21     1     7
  1.5770260707024730E-01 a       508     0    21     1     8
  5.3001887082691712E-01 a       509     0    21     1     9
  5.4890902237972015E-03 a       510     0    21     1    10
  1.7802080628439065E-01 a       511     0    21     1    11
  4.3769697134952923E-01 a       512     0    21     1    12
  2.1784612348800186E-01 a       513     0    21     1    13
  5.9306531204869312E-02 a       514     0    21     1    14
  1.3850112246874335E-01 a       515     0    21     1    15
 -1.8915646354921872E-01 a       516     0    21     1    16
  1.8294496527636847E-01 a       517     0    21     1    17
  5.2767184791748328E-02 a       518     0    21     1    18
  4.7678054288359077E-02 a       519     0    21     1    19
  1.9221337807197640E-02 a       520     0    21     1    20
  1.9153838293119090E-03 a       521     0    21     1    21
 -3.9584765796194621E-01 a       522     0    21     1    22
  3.4100805430957032E-01 a       523     0    21     1    23
 -4.0837579000664294E-02 a       524     0    21     1    24
  2.7483977421833776E-02 a       525     0    21     1    25
 -2.1861860281669088E-01 a       526     0    22     1     1
  5.3551138972099555E-01 a       527     0    22     1     2
  9.5565632079698398E-02 a       528     0    22     1     3
  3.0636327412218461E-01 a       529     0    22     1     4
  7.8397230019709385E-01 a       530     0    22     1     5
  1.3737477660406652E-01 a       531     0    22     1     6
  1.1650652273107465E-01 a       532     0    22     1     7
  3.2384904751058291E-01 a       533     0    22     1     8
  1.6654563657720756E-01 a       534     0    22     1     9
 -2.8798166500344152E-01 a       535     0    22     1    10
  2.3942631782477106E-01 a       536     0    22     1    11
  4.8700333844915966E-01 a       537     0    22     1    12
  3.2861410916050832E-01 a       538     0    22     1    13
  2.2054338987070723E-01 a       539     0    22     1    14
  2.2823288792128268E-01 a       540     0    22     1    15
 -3.3639650270635013E-01 a       541     0    22     1    16
 -3.3681237042305591E-03 a       542     0    22     1    17
  7.2149105418878090E-01 a       543     0    22     1    18
  3.4513211693038948E-01 a       544     0    22     1    19
 -2.5505375408761460E-01 a       545     0    22     1    20
 -1.2123909345237469E-01 a       546     0    22     1    21
 -4.7168738673850708E-01 a       547     0    22     1    22
  1.6539098225899401E-01 a       548     0    22     1    23
 -3.5726393557017666E-01 a       549     0    22     1    24
 -3.3001300109064596E-01 a       550     0    22     1    25
 -3.9078739460844880E-01 a       551     0    23     1     1
 -2.5653849657290617E-01 a       552     0    23     1     2
  3.8060947445429655E-01 a       553     0    23     1     3
  2.2458802902263086E-01 a       554     0    23     1     4
 -2.0792384163864175E-01 a       555     0    23     1     5
 -2.1430810714544160E-01 a       556     0    23     1     6
 -4.7055830301498777E-02 a       557     0    23     1     7
 -2.1255713812809585E-01 a       558     0    23     1     8
 -3.1181722628707793E-02 a       559     0    23     1     9
  4.9446931227684715E-01 a       560     0    23     1    10
  3.2700645023190050E-01 a       561     0    23     1    11
  2.8389413971107857E-01 a       562     0    23     1    12
  4.5755218196155112E-01 a       563     0    23     1    13
 -4.4709224010076119E-02 a       564     0    23     1    14
 -1.4751890827487057E-01 a       565     0    23     1    15
 -1.3364116405086640E-02 a       566     0    23     1    16
  1.7319393732275426E-01 a       567     0    23     1    17
 -1.3169040697689621E-01 a       568     0    23     1    18
  1.7470345448438590E-01 a       569     0    23     1    19
 -4.4285435271994239E-01 a       570     0    23     1    20
  1.7481330381371415E-01 a       571     0    23     1    21
  2.7070845200266969E-01 a       572     0    23     1    22
 -6.1865163438997561E-02 a       573     0    23     1    23
 -3.3223222503457589E-01 a       574     0    23     1    24
  3.1940683963240157E-01 a       575     0    23     1    25
 -7.6199589500076395E-02 a       576     0    24     1     1
  4.5270407308359289E-01 a       577     0    24     1     2
 -1.6841224690371692E-01 a       578     0    24     1     3
  2.7681031174877657E-01 a       579     0    24     1     4
 -9.3574022501503207E-02 a       580     0    24     1     5
  3.8851798705085164E-02 a       581     0    24     1     6
 -5.1172104703693488E-01 a       582     0    24     1     7
 -3.5548726742512088E-01 a       583     0    24     1     8
  5.9746984896567920E-02 a       584     0    24     1     9
  9.4450601473293050E-01 a       585     0    24     1    10
  1.7271308561597853E-01 a       586     0    24     1    11
  1.8641323627297429E-01 a       587     0    24     1    12
  2.9869836737016275E-01 a       588     0    24     1    13
 -3.4290312043188970E-02 a       589     0    24     1    14
 -2.2114027093659139E-01 a       590     0    24     1    15
 -2.0177486104994333E-01 a       591     0    24     1    16
  1.8377430503140973E-01 a       592     0    24     1    17
 -2.5631061285850087E-01 a       593     0    24     1    18
 -2.0381893002473835E-02 a       594     0    24     1    19
 -2.9974274301597531E-01 a       595     0    24     1    20
 -5.9283557658847108E-01 a       596     0    24     1    21
  4.1303994375413366E-01 a       597     0    24     1    22
 -3.2849042138933043E-01 a       598     0    24     1    23
 -5.8302779300723806E-01 a       599     0    24     1    24
 -6.2996246991482863E-03 a       600     0    24     1    25
 -3.7406745078012221E-01 a       601     0    25     1     1
  4.6501834899590933E-01 a       602     0    25     1     2
  1.3591937178485361E-01 a       603     0    25     1     3
 -1.2211514798157350E-01 a       604     0    25     1     4
  4.8302518995886690E-01 a       605     0    25     1     5
 -2.1443343641743864E-01 a       606     0    25     1     6
 -8.1796283122915681E-01 a       607     0    25     1     7
 -3.4432848492131893E-02 a       608     0    25     1     8
  1.5393300755226954E-02 a       609     0    25     1     9
  1.3482564408128832E+00 a       610     0    25     1    10
  1.0384391246569367E-01 a       611     0    25     1    11
  2.4625032904390046E-01 a       612     0    25     1    12
  6.4342427361635951E-03 a       613     0    25     1    13
 -1.3548379101498917E-01 a       614     0    25     1    14
 -3.6543644026225480E-01 a       615     0    25     1    15
  2.0858305925702131E-01 a       616     0    25     1    16
  1.4880240587945601E-01 a       617     0    25     1    17
  3.7502232700004973E-01 a       618     0    25     1    18
 -4.1408640615532954E-02 a       619     0    25     1    19
  3.4983431509962309E-01 a       620     0    25     1    20
 -7.7533017197304299E-01 a       621     0    25     1    21
  3.9411819871996212E-01 a       622     0    25     1    22
 -4.2172073223375811E-01 a       623     0    25     1    23
 -5.0929342231153762E-01 a       624     0    25     1    24
 -8.2549275636515443E-02 a       625     0    25     1    25
 -4.2568908420144255E-02 a       626     0    26     1     1
  8.2225908265351949E-02 a       627     0    26     1     2
 -4.4057017263171683E-02 a       628     0    26     1     3
 -2.2368802682864061E-01 a       629     0    26     1     4
  3.4617143119531640E-01 a       630     0    26     1     5
 -2.2181590504626678E-02 a       631     0    26     1     6
 -1.6552514637301255E-01 a       632     0    26     1     7
 -2.2844765997752936E-01 a       633     0    26     1     8
  6.2660366507188786E-02 a       634     0    26     1     9
 -3.4737551937531874E-01 a       635     0    26     1    10
 -4.6700832012884974E-01 a       636     0    26     1    11
  3.9573400099456940E-01 a       637     0    26     1    12
  4.0355263830820692E-02 a       638     0    26     1    13
  2.7536795245889717E-01 a       639     0    26     1    14
 -1.6849200448695398E-01 a       640     0    26     1    15
  2.9388411724466146E-01 a       641     0    26     1    16
  1.7217661964233294E-01 a       642     0    26     1    17
  3.5297621845849353E-01 a       643     0    26     1    18
  3.6886795352015112E-02 a       644     0    26     1    19
 -2.1180814121913308E-01 a       645     0    26     1    20
  1.2405063709287553E-01 a       646     0    26     1    21
 -4.5251714731943848E-01 a       647     0    26     1    22
  6.7704084208345311E-02 a       648     0    26     1    23
 -2.3503906842863319E-02 a       649     0    26     1    24
 -2.9615422229254706E-01 a       650     0    26     1    25
  5.3538896532369123E-02 a       651     0    27     1     1
 -4.0746652855622366E-02 a       652     0    27     1     2
 -1.8646364900990536E-01 a       653     0    27     1     3
  3.2984670305220060E-01 a       654     0    27     1     4
  3.2201138164597570E-01 a       655     0    27     1     5
  2.2262352712231262E-01 a       656     0    27     1     6
  3.2601803559835621E-02 a       657     0    27     1     7
 -2.8191450844552707E-01 a       658     0    27     1     8
  3.9424563078720887E-02 a       659     0    27     1     9
  6.5743536627242716E-01 a       660     0    27     1    10
  1.2617977009998430E-01 a       661     0    27     1    11
  7.3224016597714131E-02 a       662     0    27     1    12
 -1.6742464228687293E-01 a       663     0    27     1    13
 -2.6372390460450673E-01 a       664     0    27     1    14
  4.1614519754193155E-02 a       665     0    27     1    15
 -3.0305900514573308E-01 a       666     0    27     1    16
  2.3350921539013736E-01 a       667     0    27     1    17
 -1.1661356764424535E-01 a       668     0    27     1    18
 -2.6659829783400996E-02 a       669     0    27     1    19
 -1.9114887638339456E-01 a       670     0    27     1    20
 -3.1214296708777367E-01 a       671     0    27     1    21
  1.8722111633975341E-01 a       672     0    27     1    22
 -1.4677397405160948E-02 a       673     0    27     1    23
  3.1239105561452027E-02 a       674     0    27     1    24
  3.1967051503372584E-01 a       675     0    27     1    25
  7.3004454083118647E-02 a       676     0    28     1     1
 -3.8843759421483957E-02 a       677     0    28     1     2
 -1.3749352606380977E-01 a       678     0    28     1     3
 -1.2127661513004546E-01 a       679     0    28     1     4
  6.3035622421673043E-01 a       680     0    28     1     5
  1.9474977810662755E-01 a       681     0    28     1     6
 -3.1381082975980690E-01 a       682     0    28     1     7
 -3.7693803213260754E-02 a       683     0    28     1     8
  5.8155280973860801E-01 a       684     0    28     1     9
  6.2897927452618274E-01 a       685     0    28     1    10
  7.1548265871525996E-01 a       686     0    28     1    11
  1.7677325656125703E-01 a       687     0    28     1    12
  4.0061616066661998E-01 a       688     0    28     1    13
 -1.9763967229030061E-01 a       689     0    28     1    14
 -1.1979115416579596E-01 a       690     0    28     1    15
 -2.4561183658765678E-01 a       691     0    28     1    16
  3.4238859987296333E-01 a       692     0    28     1    17
  4.1754402447473021E-01 a       693     0    28     1    18
 -4.4818962595117591E-02 a       694     0    28     1    19
 -5.0170607499592998E-02 a       695     0    28     1    20
 -5.7641716697763923E-01 a       696     0    28     1    21
  9.9609187158833934E-02 a       697     0    28     1    22
 -6.7419325664766450E-01 a       698     0    28     1    23
 -5.6238263228218233E-01 a       699     0    28     1    24
  8.2877860856401947E-02 a       700     0    28     1    25
 -3.8550075496444525E-01 a       701     0    29     1     1
  7.5260560021797540E-02 a       702     0    29     1     2
  8.3978445437535063E-02 a       703     0    29     1     3
 -1.3293833840528715E-01 a       704     0    29     1     4
  1.4830836496081681E-01 a       705     0    29     1     5
  2.0527285956875579E-01 a       706     0    29     1     6
 -1.1170581443613541E-01 a       707     0    29     1     7
  3.4676129531052508E-01 a       708     0    29     1     8
  6.3728579098850935E-02 a       709     0    29     1     9
  2.8259671270323711E-01 a       710     0    29     1    10
  2.8410154240340035E-01 a       711     0    29     1    11
  1.8018362321610934E-01 a       712     0    29     1    12
  2.0633539560508340E-02 a       713     0    29     1    13
 -5.0976276839855472E-01 a       714     0    29     1    14
  1.2238789980946650E-01 a       715     0    29     1    15
  5.4039346825609846E-02 a       716     0    29     1    16
  1.9100559716667759E-01 a       717     0    29     1    17
  3.5402748170196774E-01 a       718     0    29     1    18
  5.2534957216069644E-01 a       719     0    29     1    19
 -3.3458463500299285E-01 a       720     0    29     1    20
  6.2589337316424121E-01 a       721     0    29     1    21
  3.9751883185875463E-02 a       722     0    29     1    22
  3.2570647634240397E-02 a       723     0    29     1    23
 -1.4923707274609813E-01 a       724     0    29     1    24
 -7.5695340793298566E-02 a       725     0    29     1    25
 -2.7979196549250873E-01 a       726     0    30     1     1
 -1.7283665670626083E-01 a       727     0    30     1     2
 -1.3425751394460111E-01 a       728     0    30     1     3
 -1.9727798481115907E-01 a       729     0    30     1     4
  2.9269237123397968E-01 a       730     0    30     1     5
 -1.8904863731809865E-01 a       731     0    30     1     6
  3.6997197655920000E-01 a       732     0    30     1     7
  3.3950720029896402E-02 a       733     0    30     1     8
  2.7577608433371331E-01 a       734     0    30     1     9
 -4.9215588984855768E-01 a       735     0    30     1    10
 -5.2730901977835776E-01 a       736     0    30     1    11
 -1.0686787005892229E-01 a       737     0    30     1    12
 -1.3451168107231487E-01 a       738     0    30     1    13
  3.5713701391737729E-01 a       739     0    30     1    14
  4.7740912452888293E-02 a       740     0    30     1    15
 -1.8754327906494625E-01 a       741     0    30     1    16
 -2.1779816292879570E-01 a       742     0    30     1    17
  7.6822472682091425E-01 a       743     0    30     1    18
 -9.1215609016773738E-02 a       744     0    30     1    19
 -1.8064395025271737E-01 a       745     0    30     1    20
  3.2977978511533429E-01 a       746     0    30     1    21
  9.7377224351603536E-02 a       747     0    30     1    22
  4.2915664848300972E-01 a       748     0    30     1    23
  3.1529704261422720E-01 a       749     0    30     1    24
  2.0755813078666238E-01 a       750     0    30     1    25
 -6.2529655379051474E-01 b       751     1     1
 -3.6043531886456442E-01 b       752     1     2
 -1.0999355840650917E+00 b       753     1     3
  4.7444416663128275E-01 b       754     1     4
  1.8815652793988009E+00 b       755     1     5
 -5.3379029793712873E-01 b       756     1     6
  8.7311228409845143E-01 b       757     1     7
 -3.0579177167529387E-01 b       758     1     8
  1.0536432274916205E-01 b       759     1     9
  8.9680717192428094E-01 b       760     1    10
 -5.2448022524078663E-01 b       761     1    11
 -2.9681703727292230E-01 b       762     1    12
  2.0971604619303696E-02 b       763     1    13
  1.3596102189660080E+00 b       764     1    14
  1.1434373264408115E+00 b       765     1    15
 -1.3030730865506706E+00 b       766     1    16
  8.7715874585064413E-01 b       767     1    17
  2.5728472251767829E+00 b       768     1    18
  7.7717190697822058E-01 b       769     1    19
 -9.2864988379238234E-01 b       770     1    20
  1.0393225160501856E+00 b       771     1    21
 -7.4684442463981693E-01 b       772     1    22
 -1.5410296482912933E-01 b       773     1    23
  3.1282062717810741E-02 b       774     1    24
 -6.8501473374915822E-01 b       775     1    25
 -8.8567768660377695E-03 a       776     1     1     2     1
  3.6214074643853300E-01 a       777     1     1     2     2
  6.3947580069068422E-01 a       778     1     1     2     3
 -3.2996817535737653E-02 a       779     1     1     2     4
 -3.9512581386208512E-01 a       780     1     1     2     5
 -2.6101669622906970E-01 a       781     1     1     2     6
 -3.7569328567078070E-01 a       782     1     1     2     7
 -4.5654435246603847E-01 a       783     1     1     2     8
  1.5925870220174887E-01 a       784     1     1     2     9
  5.1623979070052388E-02 a       785     1     1     2    10
  1.0851190209635458E-01 a       786     1     1     2    11
 -5.1086247387316326E-02 a       787     1     1     2    12
  9.3669442610484432E-02 a       788     1     1     2    13
 -6.8510294233153091E-01 a       789     1     1     2    14
 -5.6973060583363855E-01 a       790     1     1     2    15
 -4.4166050873289134E-02 a       791     1     1     2    16
  8.8838680494886441E-02 a       792     1     1     2    17
 -3.0342907435348376E-01 a       793     1     1     2    18
 -1.1259995572546891E-01 a       794     1     1     2    19
 -8.8103305250999860E-03 a       795     1     1     2    20
  2.2366841029841045E-01 a       796     1     1     2    21
 -2.9394050374771075E-01 a       797     1     1     2    22
 -1.9459592227320829E-01 a       798     1     1     2    23
 -3.5171940692410059E-01 a       799     1     1     2    24
  1.3148906382294404E-01 a       800     1     1     2    25
  1.8188901701807803E-01 a       801     1     2     2     1
 -5.7590336865573225E-03 a       802     1     2     2     2
  3.9587662200497931E-01 a       803     1     2     2     3
  2.8227853787925578E-01 a       804     1     2     2     4
 -2.0535046712391380E-01 a       805     1     2     2     5
  1.3285922573357359E-01 a       806     1     2     2     6
  6.8297849097874030E-01 a       807     1     2     2     7
  2.4184983593747666E-01 a       808     1     2     2     8
 -9.2108435566468291E-02 a       809     1     2     2     9
  3.5223377887552759E-01 a       810     1     2     2    10
  1.9494346211766683E-01 a       811     1     2     2    11
 -3.9753897300718943E-01 a       812     1     2     2    12
  4.8243292482761865E-02 a       813     1     2     2    13
 -6.7441901917697589E-01 a       814     1     2     2    14
  2.9054310025497670E-01 a       815     1     2     2    15
 -1.6729956325499104E-02 a       816     1     2     2    16
  1.7277275382537804E-01 a       817     1     2     2    17
 -1.3706777444762269E-01 a       818     1     2     2    18
  2.8336018898575183E-01 a       819     1     2     2    19
  1.6073858318017373E-01 a       820     1     2     2    20
 -1.7137808539504143E-01 a       821     1     2     2    21
  2.3581539533672527E-01 a       822     1     2     2    22
  4.0118649921010002E-01 a       823     1     2     2    23
  1.8094523471470558E-01 a       824     1     2     2    24
 -1.2522562164154610E-01 a       825     1     2     2    25
  2.7740808734104933E-01 a       826     1     3     2     1
  3.9118198894337680E-01 a       827     1     3     2     2
  5.2072653833584870E-01 a       828     1     3     2     3
  1.0708118182964657E-01 a       829     1     3     2     4
 -4.1648002482036134E-01 a       830     1     3     2     5
  1.6927481605341607E-01 a       831     1     3     2     6
  1.4538663883079203E-01 a       832     1     3     2     7
  2.3949021240361418E-01 a       833     1     3     2     8
 -2.7465728360855218E-01 a       834     1     3     2     9
  1.8159198758941292E-01 a       835     1     3     2    10
 -2.6475988040161430E-01 a       836     1     3     2    11
 -1.9025732100848342E-01 a       837     1     3     2    12
 -2.0729167081495795E-01 a       838     1     3     2    13
 -8.9902166989053200E-01 a       839     1     3     2    14
  2.2578660316515836E-01 a       840     1     3     2    15
  3.9762657107263644E-01 a       841     1     3     2    16
  5.6226143402760342E-01 a       842     1     3     2    17
  1.0986261731156192E-01 a       843     1     3     2    18
 -3.5841657011555494E-01 a       844     1     3     2    19
  2.0984785596862368E-01 a       845     1     3     2    20
 -3.4247846482120936E-01 a       846     1     3     2    21
  1.0029078650368131E-01 a       847     1     3     2    22
  3.6357750357457957E-01 a       848     1     3     2    23
 -2.0575474440395908E-01 a       849     1     3     2    24
  7.6339117728866951E-02 a       850     1     3     2    25
  9.2439605398341562E-02 a       851     1     4     2     1
 -2.3679964670659914E-01 a       852     1     4     2     2
 -5.2865735185946605E-01 a       853     1     4     2     3
  1.7577103357729232E-01 a       854     1     4     2     4
  2.3034054951222710E-01 a       855     1     4     2     5
 -9.4640951548070999E-03 a       856     1     4     2     6
  1.5266248667624216E-01 a       857     1     4     2     7
  6.4714911601610095E-02 a       858     1     4     2     8
 -1.0701322848241268E-01 a       859     1     4     2     9
 -7.5547654307351244E-03 a       860     1     4     2    10
 -4.4560795545457776E-01 a       861     1     4     2    11
 -1.9823892556672748E-01 a       862     1     4     2    12
 -5.6405113410834118E-01 a       863     1     4     2    13
  2.9163419722766265E-01 a       864     1     4     2    14
  3.7237989694480900E-01 a       865     1     4     2    15
  9.8975123535123291E-02 a       866     1     4     2    16
 -1.2176909908799861E-01 a       867     1     4     2    17
  3.5901676096427876E-01 a       868     1     4     2    18
  3.5983348509774249E-01 a       869     1     4     2    19
 -2.0185400966960637E-01 a       870     1     4     2    20
  6.0741771219225138E-02 a       871     1     4     2    21
  1.5060479662721082E-01 a       872     1     4     2    22
  7.3451848573807738E-02 a       873     1     4     2    23
 -3.0083424087870160E-02 a       874     1     4     2    24
 -9.6696073915767105E-04 a       875     1     4     2    25
 -3.4097325102272347E-01 a       876     1     5     2     1
 -4.4408160058172685E-01 a       877     1     5     2     2
 -4.4070742284986847E-01 a       878     1     5     2     3
  1.2764796174712231E-01 a       879     1     5     2     4
  1.6249516289556298E-01 a       880     1     5     2     5
  2.8094590937275687E-01 a       881     1     5     2     6
  2.1121809914082701E-01 a       882     1     5     2     7
  2.7043019932565632E-01 a       883     1     5     2     8
 -4.3366210265871269E-01 a       884     1     5     2     9
 -2.0741703073087270E-01 a       885     1     5     2    10
 -2.6546753944989249E-01 a       886     1     5     2    11
  2.0682366852947162E-01 a       887     1     5     2    12
 -5.4617960926072640E-01 a       888     1     5     2    13
  1.9286715610442870E-01 a       889     1     5     2    14
  3.3689805817345686E-01 a       890     1     5     2    15
 -7.0270689534587139E-01 a       891     1     5     2    16
 -3.5086247452623170E-01 a       892     1     5     2    17
  6.0540601101172997E-01 a       893     1     5     2    18
  7.6931856684079088E-03 a       894     1     5     2    19
 -5.4961453911724079E-01 a       895     1     5     2    20
 -8.7879004323041607E-03 a       896     1     5     2    21
  4.6006922042264881E-01 a       897     1     5     2    22
 -4.6215520276275424E-01 a       898     1     5     2    23
  4.6007155281299350E-01 a       899     1     5     2    24
 -3.3199679280294564E-01 a       900     1     5     2    25
  9.0482669644231614E-02 a       901     1     6     2     1
  1.0770412058818164E-02 a       902     1     6     2     2
 -3.9753940589413776E-02 a       903     1     6     2     3
  2.3813255568104652E-01 a       904     1     6     2     4
 -1.4460795654279776E-01 a       905     1     6     2     5
 -3.2687716753321733E-01 a       906     1     6     2     6
 -8.5935651251131340E-02 a       907     1     6     2     7
  2.0338976548234206E-01 a       908     1     6     2     8
  3.0945277004489757E-01 a       909     1     6     2     9
  1.5665802619832186E-01 a       910     1     6     2    10
  1.3083065305986755E-01 a       911     1     6     2    11
  9.8466656178189272E-03 a       912     1     6     2    12
 -2.9181382500649188E-02 a       913     1     6     2    13
 -4.7830202295795538E-01 a       914     1     6     2    14
 -2.4539631340206158E-01 a       915     1     6     2    15
 -1.3819113347954926E-01 a       916     1     6     2    16
  2.8693798644779910E-02 a       917     1     6     2    17
 -7.6431132300245661E-02 a       918     1     6     2    18
 -4.6008584962927798E-02 a       919     1     6     2    19
  2.6506928828003823E-01 a       920     1     6     2    20
  3.8297317986663887E-02 a       921     1     6     2    21
  1.5632251034859360E-01 a       922     1     6     2    22
  1.9605173543064375E-01 a       923     1     6     2    23
 -7.0143428231489807E-02 a       924     1     6     2    24
  1.4699097768435674E-02 a       925     1     6     2    25
 -3.4506236650445171E-01 a       926     1     7     2     1
 -2.4433905856660076E-01 a       927     1     7     2     2
  1.0756542823514574E-01 a       928     1     7     2     3
  9.1845707217942427E-02 a       929     1     7     2     4
  1.2181207072773266E-01 a       930     1     7     2     5
  2.4423805183801578E-01 a       931     1     7     2     6
 -8.1565728864408038E-01 a       932     1     7     2     7
  1.2684804385701126E-01 a       933     1     7     2     8
  5.1015893024142778E-01 a       934     1     7     2     9
 -3.7606643808372747E-01 a       935     1     7     2    10
  2.7499543730107961E-01 a       936     1     7     2    11
 -3.4624610155786023E-01 a       937     1     7     2    12
  1.6321474113497919E-01 a       938     1     7     2    13
  1.4959061872010565E-01 a       939     1     7     2    14
 -1.9843220526249930E-01 a       940     1     7     2    15
 -1.3301434687118910E-01 a       941     1     7     2    16
  7.0686995081988072E-02 a       942     1     7     2    17
  3.3682337928847800E-01 a       943     1     7     2    18
  2.9129143076372271E-01 a       944     1     7     2    19
 -5.8083610338124469E-01 a       945     1     7     2    20
 -7.9426789414444740E-02 a       946     1     7     2    21
  1.2611170879403372E-01 a       947     1     7     2    22
 -3.5730428858137048E-01 a       948     1     7     2    23
 -2.1120270600084534E-01 a       949     1     7     2    24
  7.4313444757918443E-02 a       950     1     7     2    25
 -6.5084600048910840E-02 a       951     1     8     2     1
  3.0725645855556194E-01 a       952     1     8     2     2
  2.0007528361698883E-02 a       953     1     8     2     3
 -1.5614755395403618E-01 a       954     1     8     2     4
 -2.0433081152177349E-01 a       955     1     8     2     5
 -3.0135821075080138E-01 a       956     1     8     2     6
  1.1370337504100203E-01 a       957     1     8     2     7
  1.3685794299355117E-01 a       958     1     8     2     8
  1.8327886250315659E-01 a       959     1     8     2     9
 -4.6948352812305957E-02 a       960     1     8     2    10
 -1.7886827178737696E-01 a       961     1     8     2    11
 -1.9556031105842953E-01 a       962     1     8     2    12
  5.1027550182750764E-04 a       963     1     8     2    13
 -3.6607662254514839E-01 a       964     1     8     2    14
 -1.5684405080971001E-01 a       965     1     8     2    15
  2.5558401746872061E-01 a       966     1     8     2    16
 -9.1674321935571845E-02 a       967     1     8     2    17
 -5.0055095615024900E-02 a       968     1     8     2    18
 -2.5112363381488534E-01 a       969     1     8     2    19
  7.1385128205594672E-02 a       970     1     8     2    20
  2.1052732570099764E-01 a       971     1     8     2    21
  3.1621289296950561E-01 a       972     1     8     2    22
  3.9655175540397392E-01 a       973     1     8     2    23
 -4.3699469364647907E-02 a       974     1     8     2    24
  2.4568442452115483E-01 a       975     1     8     2    25
  3.7857911114693756E-02 a       976     1     9     2     1
 -1.0977543171186698E-02 a       977     1     9     2     2
  2.6200376537434494E-01 a       978     1     9     2     3
 -1.6474563027332451E-01 a       979     1     9     2     4
 -1.9318432414996384E-01 a       980     1     9     2     5
 -1.7157005292889993E-01 a       981     1     9     2     6
 -1.3790643962653726E-01 a       982     1     9     2     7
 -4.1403788743093889E-03 a       983     1     9     2     8
 -2.8449067732153338E-01 a       984     1     9     2     9
  4.8354478934755502E-01 a       985     1     9     2    10
  1.9844653321664737E-01 a       986     1     9     2    11
 -4.2869267569590461E-02 a       987     1     9     2    12
  1.4571089693949063E-01 a       988     1     9     2    13
 -3.4429116947634886E-01 a       989     1     9     2    14
  1.5067942939600620E-01 a       990     1     9     2    15
  3.5253619819224175E-01 a       991     1     9     2    16
  9.3266496354006717E-02 a       992     1     9     2    17
 -1.2643802068593277E-01 a       993     1     9     2    18
 -3.3073163275197615E-01 a       994     1     9     2    19
  2.8404229404009590E-01 a       995     1     9     2    20
 -3.1253795944608538E-02 a       996     1     9     2    21
  1.6594926216951530E-01 a       997     1     9     2    22
 -8.0927248434905757E-02 a       998     1     9     2    23
 -8.8016508158551311E-03 a       999     1     9     2    24
  8.2163225220254335E-02 a      1000     1     9     2    25
  2.1726488544057287E-01 a      1001     1    10     2     1
  4.5352866052029289E-01 a      1002     1    10     2     2
 -5.4146285749738154E-01 a      1003     1    10     2     3
 -9.2907928120090147E-03 a      1004     1    10     2     4
  6.7262067412946491E-02 a      1005     1    10     2     5
  1.3690889021191527E-01 a      1006     1    10     2     6
 -1.4894440799756647E+00 a      1007     1    10     2     7
 -1.1573818585445486E+00 a      1008     1    10     2     8
 -4.6436994566114825E-01 a      1009     1    10     2     9
  5.2636684327453165E-01 a      1010     1    10     2    10
  4.2973291924565388E-01 a      1011     1    10     2    11
 -3.4077431772335265E-01 a      1012     1    10     2    12
 -1.6744257583714128E-01 a      1013     1    10     2    13
  7.1067483435008594E-01 a      1014     1    10     2    14
  4.3765955533540801E-01 a      1015     1    10     2    15
  3.5816456190195317E-01 a      1016     1    10     2    16
 -1.5384525276785146E+00 a      1017     1    10     2    17
 -4.2199537928056591E-01 a      1018     1    10     2    18
 -4.8394963139513392E-01 a      1019     1    10     2    19
  3.7693095376812602E-01 a      1020     1    10     2    20
 -3.9934714257810577E-01 a      1021     1    10     2    21
 -4.4714930665329644E-01 a      1022     1    10     2    22
  2.9165031805424096E-01 a      1023     1    10     2    23
 -1.6927992558907984E-01 a      1024     1    10     2    24
  2.9614454311754895E-01 a      1025     1    10     2    25
  2.5758419728766513E-01 a      1026     1    11     2     1
  4.0354769360499193E-01 a      1027     1    11     2     2
 -3.6606789823019403E-02 a      1028     1    11     2     3
  5.5610030729602924E-03 a      1029     1    11     2     4
 -9.3782957879986834E-02 a      1030     1    11     2     5
  3.5959409488992794E-01 a      1031     1    11     2     6
  8.0769051842480022E-01 a      1032     1    11     2     7
  5.2089192265262929E-01 a      1033     1    11     2     8
 -3.7824650021522715E-01 a      1034     1    11     2     9
 -2.7035960764456124E-01 a      1035     1    11     2    10
 -4.1829415317239116E-01 a      1036     1    11     2    11
 -1.3680823148952817E-01 a      1037     1    11     2    12
 -2.8036131804718795E-01 a      1038     1    11     2    13
 -4.1286965984834872E-01 a      1039     1    11     2    14
  1.6373432100062499E-01 a      1040     1    11     2    15
  4.2057326824215577E-02 a      1041     1    11     2    16
  1.4708124837462042E-01 a      1042     1    11     2    17
 -2.0515931990323485E-01 a      1043     1    11     2    18
 -1.1910352783573079E-01 a      1044     1    11     2    19
  2.3444816481646888E-01 a      1045     1    11     2    20
 -4.8260808240226982E-01 a      1046     1    11     2    21
  2.5433851772367166E-01 a      1047     1    11     2    22
  1.3154444801289658E-01 a      1048     1    11     2    23
  1.8615011763853567E-01 a      1049     1    11     2    24
 -1.0556549436661480E-01 a      1050     1    11     2    25
  9.8442150263393924E-03 a      1051     1    12     2     1
 -1.0105672347080068E-01 a      1052     1    12     2     2
 -6.4131887695208545E-01 a      1053     1    12     2     3
 -3.4265410706525751E-01 a      1054     1    12     2     4
  7.5755412743302192E-02 a      1055     1    12     2     5
  1.2813185231725086E-01 a      1056     1    12     2     6
  8.0242997019874274E-01 a      1057     1    12     2     7
  8.2387122330811569E-01 a      1058     1    12     2     8
  4.6180748488221290E-02 a      1059     1    12     2     9
 -5.5346586875542891E-02 a      1060     1    12     2    10
 -2.5952693098771135E-01 a      1061     1    12     2    11
 -1.8375271902456911E-01 a      1062     1    12     2    12
 -4.2468139591464510E-01 a      1063     1    12     2    13
  3.8456105250379818E-01 a      1064     1    12     2    14
  2.3687917706882289E-01 a      1065     1    12     2    15
 -5.9498610729998430E-02 a      1066     1    12     2    16
  1.6233455824093854E-01 a      1067     1    12     2    17
  1.9965083884939630E-01 a      1068     1    12     2    18
  2.3026843525628052E-01 a      1069     1    12     2    19
  1.8716140429869005E-01 a      1070     1    12     2    20
  8.9434247744366993E-02 a      1071     1    12     2    21
  1.7745135275180351E-01 a      1072     1    12     2    22
  7.0397225288773055E-02 a      1073     1    12     2    23
  5.1028676210833776E-02 a      1074     1    12     2    24
 -5.7518979098228429E-01 a      1075     1    12     2    25
 -1.3187352841441627E-01 a      1076     1    13     2     1
  3.1333186597341439E-02 a      1077     1    13     2     2
 -3.3568515280657124E-01 a      1078     1    13     2     3
 -1.7179179796346755E-01 a      1079     1    13     2     4
  1.4374147985115354E-01 a      1080     1    13     2     5
  4.7555921949176372E-01 a      1081     1    13     2     6
  4.6789471318642195E-01 a      1082     1    13     2     7
  2.2169231086930638E-01 a      1083     1    13     2     8
 -3.9163518898047345E-01 a      1084     1    13     2     9
  2.4965979167613790E-02 a      1085     1    13     2    10
  1.8406751254037068E-01 a      1086     1    13     2    11
 -1.3767784330544452E-01 a      1087     1    13     2    12
 -5.5463778458285873E-01 a      1088     1    13     2    13
  1.8279521562941778E-01 a      1089     1    13     2    14
  6.9008725232907908E-01 a      1090     1    13     2    15
 -6.9319786124048904E-02 a      1091     1    13     2    16
  1.3379553138736827E-01 a      1092     1    13     2    17
  3.4652126666080413E-01 a      1093     1    13     2    18
  3.6623789535057372E-01 a      1094     1    13     2    19
 -7.4022078588515422E-02 a      1095     1    13     2    20
 -1.1476831072709444E-01 a      1096     1    13     2    21
  3.4527180814429355E-02 a      1097     1    13     2    22
  9.8388693742844230E-02 a      1098     1    13     2    23
  8.3279890301299744E-02 a      1099     1    13     2    24
 -2.8389687871510561E-01 a      1100     1    13     2    25
 -3.7703084991080499E-01 a      1101     1    14     2     1
 -9.9301751273284750E-02 a      1102     1    14     2     2
 -2.3814189605329217E-01 a      1103     1    14     2     3
 -5.5628921067543309E-03 a      1104     1    14     2     4
  6.3386417027918018E-01 a      1105     1    14     2     5
 -2.3701398494932474E-01 a      1106     1    14     2     6
 -1.9296584857206087E-01 a      1107     1    14     2     7
  3.1514493106105979E-01 a      1108     1    14     2     8
 -8.1509141382268752E-02 a      1109     1    14     2     9
  5.7081617674309471E-02 a      1110     1    14     2    10
  1.6734315500017233E-01 a      1111     1    14     2    11
  3.6435636174027813E-01 a      1112     1    14     2    12
 -1.7884103892397657E-01 a      1113     1    14     2    13
  4.4961989138864955E-01 a      1114     1    14     2    14
 -3.1671396952127007E-02 a      1115     1    14     2    15
 -4.1515859755369616E-01 a      1116     1    14     2    16
 -2.6225698866258623E-01 a      1117     1    14     2    17
  2.0158970201167435E-02 a      1118     1    14     2    18
  2.2718094841920594E-01 a      1119     1    14     2    19
 -5.0237918477473165E-01 a      1120     1    14     2    20
 -2.8757679334294489E-01 a      1121     1    14     2    21
  4.4802591241518935E-01 a      1122     1    14     2    22
 -4.7637056126058969E-01 a      1123     1    14     2    23
  8.3756583276335062E-02 a      1124     1    14     2    24
 -2.3969007122597191E-01 a      1125     1    14     2    25
 -3.0632089098694615E-01 a      1126     1    15     2     1
 -4.0611018685048475E-02 a      1127     1    15     2     2
 -3.8348641560529956E-01 a      1128     1    15     2     3
  1.2652752813537455E-01 a      1129     1    15     2     4
  4.0516903552687866E-01 a      1130     1    15     2     5
 -7.5657102832343184E-02 a      1131     1    15     2     6
 -1.0039070919417693E-01 a      1132     1    15     2     7
  2.5251336914163514E-01 a      1133     1    15     2     8
  2.4612186672584836E-02 a      1134     1    15     2     9
 -4.0779840894992714E-01 a      1135     1    15     2    10
 -1.9607796743882336E-01 a      1136     1    15     2    11
  2.2151796124797474E-01 a      1137     1    15     2    12
  1.6124746721366273E-01 a      1138     1    15     2    13
  3.4660540212892915E-01 a      1139     1    15     2    14
 -2.5671995717258714E-02 a      1140     1    15     2    15
 -2.7672489192798766E-01 a      1141     1    15     2    16
 -3.2654527377345000E-01 a      1142     1    15     2    17
  7.7985878294992095E-02 a      1143     1    15     2    18
 -5.3830412648693704E-02 a      1144     1    15     2    19
 -2.9775780631267962E-01 a      1145     1    15     2    20
  5.7509285866737744E-02 a      1146     1    15     2    21
  3.4216402378405469E-01 a      1147     1    15     2    22
 -1.8300899559947520E-01 a      1148     1    15     2    23
  3.4444916119975955E-01 a      1149     1    15     2    24
  2.7532047865260029E-01 a      1150     1    15     2    25
  1.3222268040612492E-01 a      1151     1    16     2     1
  5.1660787597346114E-01 a      1152     1    16     2     2
  6.4884192324282342E-01 a      1153     1    16     2     3
  2.8632099831922969E-02 a      1154     1    16     2     4
 -2.5287003826417548E-01 a      1155     1    16     2     5
 -2.0918779703156323E-01 a      1156     1    16     2     6
  4.3604725836058505E-01 a      1157     1    16     2     7
  1.3230347523615621E-01 a      1158     1    16     2     8
  1.2831272249008044E-01 a      1159     1    16     2     9
 -4.7894634783820417E-02 a      1160     1    16     2    10
 -3.6165357062757159E-01 a      1161     1    16     2    11
 -3.4844795323488803E-01 a      1162     1    16     2    12
  5.3482896634139687E-04 a      1163     1    16     2    13
 -1.0629401315618789E+00 a      1164     1    16     2    14
  5.6398164413936658E-01 a      1165     1    16     2    15
 -1.9551416730650728E-01 a      1166     1    16     2    16
  4.6550042161537619E-01 a      1167     1    16     2    17
 -2.4315623910198158E-02 a      1168     1    16     2    18
 -3.6211132829727949E-01 a      1169     1    16     2    19
 -4.8078678106445359E-02 a      1170     1    16     2    20
  3.5265780784039115E-02 a      1171     1    16     2    21
  8.8389608997699542E-02 a      1172     1    16     2    22
  3.7283597303682325E-01 a      1173     1    16     2    23
 -4.5981103907352883E-01 a      1174     1    16     2    24
  3.6764188760259575E-01 a      1175     1    16     2    25
 -2.7735760553603617E-01 a      1176     1    17     2     1
 -2.9659196233384899E-01 a      1177     1    17     2     2
 -6.2146741630305868E-01 a      1178     1    17     2     3
  3.1108466063573877E-02 a      1179     1    17     2     4
  3.2586314732918625E-01 a      1180     1    17     2     5
  9.0776506442852942E-02 a      1181     1    17     2     6
 -1.1214910695203288E-01 a      1182     1    17     2     7
 -3.7886409294518787E-02 a      1183     1    17     2     8
 -1.3429342104558956E-01 a      1184     1    17     2     9
 -1.4561132593083764E-01 a      1185     1    17     2    10
  1.9750120476832045E-01 a      1186     1    17     2    11
  5.2241362600962869E-02 a      1187     1    17     2    12
 -2.9956034728891572E-02 a      1188     1    17     2    13
  6.5738401465450214E-01 a      1189     1    17     2    14
  5.6100377937626555E-01 a      1190     1    17     2    15
  6.6015522930100892E-02 a      1191     1    17     2    16
  9.8922691586838571E-02 a      1192     1    17     2    17
  1.6843321734834421E-01 a      1193     1    17     2    18
  2.0105905293869689E-02 a      1194     1    17     2    19
 -4.8016261087548938E-02 a      1195     1    17     2    20
 -2.9820285694872084E-01 a      1196     1    17     2    21
  9.8098348472786825E-02 a      1197     1    17     2    22
 -3.7973352119545424E-02 a      1198     1    17     2    23
 -3.5297687431565805E-02 a      1199     1    17     2    24
 -1.0421222393726177E-01 a      1200     1    17     2    25
 -2.0957379885196459E-01 a      1201     1    18     2     1
 -4.9949998874783885E-01 a      1202     1    18     2     2
 -2.2225526981150989E-01 a      1203     1    18     2     3
  1.8199945217222491E-01 a      1204     1    18     2     4
  5.6158559831390420E-01 a      1205     1    18     2     5
  3.5201524289338243E-01 a      1206     1    18     2     6
  2.8599990128800418E-01 a      1207     1    18     2     7
  3.8628703721601815E-01 a      1208     1    18     2     8
  4.2778302999734050E-02 a      1209     1    18     2     9
 -2.5097924252651205E-01 a      1210     1    18     2    10
 -2.3921656098027075E-01 a      1211     1    18     2    11
  3.4558932726450198E-01 a      1212     1    18     2    12
 -2.1486337147476994E-01 a      1213     1    18     2    13
  2.7492844016612977E-01 a      1214     1    18     2    14
 -6.3427063044105420E-02 a      1215     1    18     2    15
 -8.4056695676372939E-01 a      1216     1    18     2    16
  1.0331511225468873E-01 a      1217     1    18     2    17
  6.0159536855416962E-01 a      1218     1    18     2    18
  1.9883124992390050E-01 a      1219     1    18     2    19
 -8.3696743479862212E-01 a      1220     1    18     2    20
 -3.0147633056617668E-01 a      1221     1    18     2    21
  2.8500529691803761E-01 a      1222     1    18     2    22
 -3.1316672167031062E-01 a      1223     1    18     2    23
  7.7406071810143140E-02 a      1224     1    18     2    24
 -4.1523287781394891E-01 a      1225     1    18     2    25
 -2.5686158403162879E-01 a      1226     1    19     2     1
 -1.2771145898972619E-01 a      1227     1    19     2     2
 -2.0872355970908216E-01 a      1228     1    19     2     3
  1.1462730485941452E-01 a      1229     1    19     2     4
  5.1236015412984071E-01 a      1230     1    19     2     5
 -1.9754504662802463E-01 a      1231     1    19     2     6
  6.9627180163708113E-02 a      1232     1    19     2     7
  2.6502175305730891E-01 a      1233     1    19     2     8
 -2.2768895270688094E-01 a      1234     1    19     2     9
 -1.1634599871627509E-01 a      1235     1    19     2    10
  9.1440382068133458E-02 a      1236     1    19     2    11
  2.0231342532251151E-01 a      1237     1    19     2    12
 -3.4483886073446823E-02 a      1238     1    19     2    13
  6.1965879509040511E-01 a      1239     1    19     2    14
  3.7164326679687154E-01 a      1240     1    19     2    15
 -2.8828336595404713E-01 a      1241     1    19     2    16
  2.0107418467406968E-01 a      1242     1    19     2    17
  6.2502354771443014E-01 a      1243     1    19     2    18
 -7.2250632392915876E-02 a      1244     1    19     2    19
 -2.0432242469739012E-01 a      1245     1    19     2    20
 -3.8735552152616104E-01 a      1246     1    19     2    21
  2.8700510691011782E-01 a      1247     1    19     2    22
 -3.4272307682761677E-01 a      1248     1    19     2    23
  4.1707489943539067E-01 a      1249     1    19     2    24
 -2.5693763839003408E-01 a      1250     1    19     2    25
  9.0074423506889559E-02 a      1251     1    20     2     1
 -6.5443574239078206E-02 a      1252     1    20     2     2
  2.9620603364249570E-01 a      1253     1    20     2     3
 -2.1523192688270334E-01 a      1254     1    20     2     4
  6.3726926046684965E-02 a      1255     1    20     2     5
  6.4417874041272916E-02 a      1256     1    20     2     6
  2.1496605715343292E-01 a      1257     1    20     2     7
 -1.7062382130729234E-01 a      1258     1    20     2     8
  2.4479192453545265E-01 a      1259     1    20     2     9
  1.7654331175968183E-01 a      1260     1    20     2    10
  5.5522378108457157E-02 a      1261     1    20     2    11
  1.1586733839331183E-01 a      1262     1    20     2    12
  6.3035660783211067E-01 a      1263     1    20     2    13
 -1.7865897580729911E-01 a      1264     1    20     2    14
 -9.3988810891795438E-01 a      1265     1    20     2    15
 -6.8452387971183193E-02 a      1266     1    20     2    16
  2.5879658285841517E-01 a      1267     1    20     2    17
 -7.1506404026748807E-02 a      1268     1    20     2    18
  1.1976410118116394E-01 a      1269     1    20     2    19
  3.2670434236025156E-02 a      1270     1    20     2    20
  3.2789628846130520E-01 a      1271     1    20     2    21
 -4.0393960901879689E-01 a      1272     1    20     2    22
 -5.6622423386492954E-02 a      1273     1    20     2    23
 -1.7186366843773987E-01 a      1274     1    20     2    24
  5.1457662605445742E-01 a      1275     1    20     2    25
  3.5716101664101517E-02 a      1276     1    21     2     1
 -4.3124494970822663E-01 a      1277     1    21     2     2
  8.2930460204912376E-02 a      1278     1    21     2     3
 -2.5886887076445442E-01 a      1279     1    21     2     4
  3.9774971181849589E-01 a      1280     1    21     2     5
  2.6248494913356812E-01 a      1281     1    21     2     6
 -8.5037810285810145E-01 a      1282     1    21     2     7
 -1.3432070643373045E-01 a      1283     1    21     2     8
 -1.8218237395138462E-01 a      1284     1    21     2     9
 -5.5097182260546518E-01 a      1285     1    21     2    10
  4.0709948912137123E-01 a      1286     1    21     2    11
  1.4029329765735452E-01 a      1287     1    21     2    12
  1.7721593365766947E-01 a      1288     1    21     2    13
  4.6802530092612871E-01 a      1289     1    21     2    14
  5.0433426020855307E-02 a      1290     1    21     2    15
 -4.0524917223823609E-01 a      1291     1    21     2    16
 -7.8111062605422499E-02 a      1292     1    21     2    17
  1.5624943467993849E-01 a      1293     1    21     2    18
  2.9090975337029945E-01 a      1294     1    21     2    19
 -9.0652649196994090E-02 a      1295     1    21     2    20
 -7.6263271645540795E-02 a      1296     1    21     2    21
  3.4246047847308292E-01 a      1297     1    21     2    22
 -3.2835505084694594E-01 a      1298     1    21     2    23
  1.1578159151562770E-01 a      1299     1    21     2    24
 -2.7951029596053768E-02 a      1300     1    21     2    25
  2.8894946619046397E-01 a      1301     1    22     2     1
  3.3029633702468669E-01 a      1302     1    22     2     2
  4.4421413196328091E-01 a      1303     1    22     2     3
  1.2987664164760590E-01 a      1304     1    22     2     4
 -5.8756148592299540E-01 a      1305     1    22     2     5
  7.1107687998830590E-02 a      1306     1    22     2     6
 -2.4647867914977817E-01 a      1307     1    22     2     7
  1.2098398678099564E-01 a      1308     1    22     2     8
  3.1567899783466069E-01 a      1309     1    22     2     9
  2.3457554618130869E-01 a      1310     1    22     2    10
 -1.9038519156404576E-01 a      1311     1    22     2    11
 -3.9352799420819790E-01 a      1312     1    22     2    12
  3.9465981027862518E-01 a      1313     1    22     2    13
 -3.2866324513480510E-01 a      1314     1    22     2    14
 -4.3974382863596523E-01 a      1315     1    22     2    15
  1.0289992983251388E-01 a      1316     1    22     2    16
 -5.1462224444804687E-02 a      1317     1    22     2    17
 -4.6181231115292187E-01 a      1318     1    22     2    18
 -2.1974657810240639E-01 a      1319     1    22     2    19
  3.6032868174800226E-01 a      1320     1    22     2    20
  7.0402173792608075E-02 a      1321     1    22     2    21
 -4.1195556286552076E-01 a      1322     1    22     2    22
  3.9707988307725972E-01 a      1323     1    22     2    23
 -2.2981756353952551E-01 a      1324     1    22     2    24
  3.2260765698390098E-01 a      1325     1    22     2    25
 -2.8227951621663983E-01 a      1326     1    23     2     1
 -4.3040702836882527E-01 a      1327     1    23     2     2
 -1.5172453447230724E-01 a      1328     1    23     2     3
 -1.7937093775315727E-01 a      1329     1    23     2     4
 -2.9502697147390459E-02 a      1330     1    23     2     5
 -4.1269806007370319E-03 a      1331     1    23     2     6
  4.1145242460878956E-01 a      1332     1    23     2     7
  6.3269036295902514E-01 a      1333     1    23     2     8
  6.2944536067711457E-02 a      1334     1    23     2     9
 -2.9232832347126109E-01 a      1335     1    23     2    10
 -3.8890247562155908E-02 a      1336     1    23     2    11
 -7.3956967476392535E-02 a      1337     1    23     2    12
  1.2933953198425016E-01 a      1338     1    23     2    13
  1.7329645856915077E-01 a      1339     1    23     2    14
 -2.0940173259536579E-01 a      1340     1    23     2    15
  5.6779172523028172E-02 a      1341     1    23     2    16
  2.9356304577352987E-01 a      1342     1    23     2    17
 -9.9554326292279061E-03 a      1343     1    23     2    18
 -1.0420166470013423E-01 a      1344     1    23     2    19
  1.8746358336435695E-01 a      1345     1    23     2    20
  2.5363676640766969E-01 a      1346     1    23     2    21
 -1.3227422307329642E-01 a      1347     1    23     2    22
  1.0205642302778319E-01 a      1348     1    23     2    23
 -3.6809419312249347E-01 a      1349     1    23     2    24
 -2.5322533662730740E-01 a      1350     1    23     2    25
 -3.5361823797234510E-01 a      1351     1    24     2     1
 -3.8806882581285854E-02 a      1352     1    24     2     2
 -9.0534524128394064E-02 a      1353     1    24     2     3
  1.5660160991250144E-01 a      1354     1    24     2     4
 -2.4460556494454416E-02 a      1355     1    24     2     5
 -3.9764243079813788E-01 a      1356     1    24     2     6
 -1.9442970839203172E-01 a      1357     1    24     2     7
 -1.1124701948516559E-01 a      1358     1    24     2     8
  3.9894498569370473E-01 a      1359     1    24     2     9
 -5.1973452080574756E-01 a      1360     1    24     2    10
  1.0070141101104083E-01 a      1361     1    24     2    11
  2.8818761063849369E-01 a      1362     1    24     2    12
  4.9469690900727498E-01 a      1363     1    24     2    13
  1.9891339376083828E-01 a      1364     1    24     2    14
 -8.3146794161208837E-01 a      1365     1    24     2    15
 -2.7583780178344053E-01 a      1366     1    24     2    16
  2.7811193225340586E-01 a      1367     1    24     2    17
 -6.6359328822453517E-02 a      1368     1    24     2    18
 -1.4701494146524399E-01 a      1369     1    24     2    19
 -3.8873809012256300E-01 a      1370     1    24     2    20
  3.1199114196051353E-01 a      1371     1    24     2    21
 -2.3998064855994516E-01 a      1372     1    24     2    22
 -4.3170985119790206E-01 a      1373     1    24     2    23
 -5.3628763398115419E-02 a      1374     1    24     2    24
 -6.8987900247264727E-02 a      1375     1    24     2    25
  6.2443718810016435E-01 a      1376     1    25     2     1
  1.4614203702914960E-01 a      1377     1    25     2     2
  6.8801511690526551E-01 a      1378     1    25     2     3
 -3.2862066859776558E-02 a      1379     1    25     2     4
 -5.0671200601034483E-01 a      1380     1    25     2     5
  1.1963456524362433E-01 a      1381     1    25     2     6
 -1.1681012328182903E-01 a      1382     1    25     2     7
  8.2967479059106355E-02 a      1383     1    25     2     8
  1.4442975040341752E-01 a      1384     1    25     2     9
  1.6516873549601971E-01 a      1385     1    25     2    10
  2.8510672147182403E-01 a      1386     1    25     2    11
 -2.2023878430597676E-01 a      1387     1    25     2    12
  1.3509254071668594E-01 a      1388     1    25     2    13
 -3.2097810851593800E-01 a      1389     1    25     2    14
 -7.9315456961593478E-02 a      1390     1    25     2    15
  2.6480843163164236E-01 a      1391     1    25     2    16
  3.5474716934646172E-01 a      1392     1    25     2    17
  4.5637592887083911E-02 a      1393     1    25     2    18
 -3.7755978786070987E-01 a      1394     1    25     2    19
  2.1054131073948870E-01 a      1395     1    25     2    20
 -2.3648593807699847E-02 a      1396     1    25     2    21
 -2.8380427255322044E-01 a      1397     1    25     2    22
  3.9487865690790513E-01 a      1398     1    25     2    23
 -7.3574910524735720E-02 a      1399     1    25     2    24
 -4.8400909702526626E-02 a      1400     1    25     2    25
 -2.3235924215835849E-01 b      1401     2     1
 -4.1538328389373946E-01 b      1402     2     2
 -5.9675439392969132E-01 b      1403     2     3
 -7.1278374759830329E-02 b      1404     2     4
  6.7684333769396066E-01 b      1405     2     5
  3.2694024463938626E-02 b      1406     2     6
  2.5148472334801697E-01 b      1407     2     7
  2.5362856442082485E-02 b      1408     2     8
 -1.7663934361429875E-01 b      1409     2     9
 -3.8716555838522171E-01 b      1410     2    10
 -2.2597326848561794E-01 b      1411     2    11
  4.1182031582414552E-01 b      1412     2    12
 -6.1829140343687594E-01 b      1413     2    13
  9.8837695520128455E-01 b      1414     2    14
  5.2912803149076904E-01 b      1415     2    15
 -8.3434896801376013E-01 b      1416     2    16
 -2.0170131452733259E-01 b      1417     2    17
  4.6319879271277697E-01 b      1418     2    18
  1.3723995461914862E-01 b      1419     2    19
 -5.5445523330531565E-01 b      1420     2    20
 -3.6521929441517414E-01 b      1421     2    21
 -1.2778460037838210E-02 b      1422     2    22
 -5.7853348131324933E-01 b      1423     2    23
  3.5583484994990688E-01 b      1424     2    24
  1.1094761548514134E-01 b      1425     2    25
 -2.4619970147238204E-01 a      1426     2     1     3     1
  2.0473542228181793E-01 a      1427     2     2     3     1
  1.1066224821958259E-01 a      1428     2     3     3     1
 -9.3712865001679010E-02 a      1429     2     4     3     1
  3.4331593593780851E-01 a      1430     2     5     3     1
  3.3231401671305416E-01 a      1431     2     6     3     1
  1.7502049287450030E+00 a      1432     2     7     3     1
  1.2845478963568879E+00 a      1433     2     8     3     1
 -2.9346269208159292E-01 a      1434     2     9     3     1
  2.8075562166837165E-01 a      1435     2    10     3     1
 -8.7693274823902811E-01 a      1436     2    11     3     1
  2.6374937898004880E-02 a      1437     2    12     3     1
 -9.1178007824285867E-01 a      1438     2    13     3     1
 -6.1604131737119938E-01 a      1439     2    14     3     1
  4.1574442703775982E-01 a      1440     2    15     3     1
 -1.0918700969210933E+00 a      1441     2    16     3     1
  1.9835148173080992E+00 a      1442     2    17     3     1
  1.6628474348378641E-01 a      1443     2    18     3     1
  3.5338134297782958E-01 a      1444     2    19     3     1
 -8.3500443094359900E-01 a      1445     2    20     3     1
  8.6577474890344758E-02 a      1446     2    21     3     1
  1.4623379634278353E+00 a      1447     2    22     3     1
 -1.2555571290525436E-01 a      1448     2    23     3     1
 -2.9906153855004258E-01 a      1449     2    24     3     1
 -7.3631485273225494E-01 a      1450     2    25     3     1
  4.0438139305234566E-01 b      1451     3     1
