################################################################################
# Neural network connection values (weights and biases).
################################################################################
# Col  Name       Description
################################################################################
# 1    connection Neural network connection value.
# 2    t          Connection type (a = weight, b = bias).
# 3    index      Index enumerating weights.
# 4    l_s        Starting point layer (end point layer for biases).
# 5    n_s        Starting point neuron in starting layer (end point neuron for biases).
# 6    l_e        End point layer.
# 7    n_e        End point neuron in end layer.
################################################################################
#                      1 2         3     4     5     6     7
#             connection t     index   l_s   n_s   l_e   n_e
############################################################
  2.7156731188868588E-01 a         1     0     1     1     1
 -3.0709705434203149E-01 a         2     0     1     1     2
  2.8913878503636770E-01 a         3     0     1     1     3
  2.8259303762525130E-03 a         4     0     1     1     4
  1.1926327141744320E-01 a         5     0     1     1     5
  1.0605188335271212E-01 a         6     0     1     1     6
 -1.2237599369556709E-01 a         7     0     1     1     7
 -2.6546509448626565E-01 a         8     0     1     1     8
 -2.5655015330360974E-03 a         9     0     1     1     9
  1.6463220301796241E-01 a        10     0     1     1    10
 -4.2628309306574685E-01 a        11     0     1     1    11
 -3.0590503739379982E-01 a        12     0     1     1    12
 -2.0931164600798660E-01 a        13     0     1     1    13
  2.1792124322164272E-01 a        14     0     1     1    14
  1.7129541747344545E-02 a        15     0     1     1    15
  2.6568911374649462E-01 a        16     0     1     1    16
 -9.7180065770599011E-02 a        17     0     1     1    17
  3.4013780891059481E-01 a        18     0     1     1    18
 -1.8122561135713855E-01 a        19     0     1     1    19
 -3.2916409321557483E-01 a        20     0     1     1    20
 -5.6401515356377052E-02 a        21     0     1     1    21
  8.6098419510790447E-02 a        22     0     1     1    22
 -4.5614226243518413E-01 a        23     0     1     1    23
 -1.2014981221314305E-01 a        24     0     1     1    24
  4.8805573086773146E-01 a        25     0     1     1    25
 -7.8073365243832793E-02 a        26     0     2     1     1
  8.7571513605550808E-02 a        27     0     2     1     2
 -6.1619490369188082E-02 a        28     0     2     1     3
  3.5510856855939654E-01 a        29     0     2     1     4
 -8.5792801388270085E-02 a        30     0     2     1     5
 -4.3785349729466855E-01 a        31     0     2     1     6
  2.0932941715485334E-01 a        32     0     2     1     7
 -4.1986609388097756E-01 a        33     0     2     1     8
  1.5976891351117159E-01 a        34     0     2     1     9
  3.1575577878486594E-01 a        35     0     2     1    10
 -2.9268132229518534E-01 a        36     0     2     1    11
 -5.8290830022546292E-01 a        37     0     2     1    12
 -1.9533609586156303E-01 a        38     0     2     1    13
 -4.9212189846761505E-02 a        39     0     2     1    14
  2.3375745078052423E-01 a        40     0     2     1    15
  3.4616380203921562E-02 a        41     0     2     1    16
  1.1121436597066096E-02 a        42     0     2     1    17
  5.5536136491052135E-01 a        43     0     2     1    18
 -3.1219147391044949E-01 a        44     0     2     1    19
 -2.1818026080662850E-01 a        45     0     2     1    20
  1.8960094351653703E-01 a        46     0     2     1    21
 -1.5866537072859488E-01 a        47     0     2     1    22
 -7.2312470697391129E-01 a        48     0     2     1    23
 -2.3730709793802565E-01 a        49     0     2     1    24
  3.5691359075792783E-01 a        50     0     2     1    25
 -2.9208583938198884E-01 a        51     0     3     1     1
  3.0019883306713324E-01 a        52     0     3     1     2
  2.8149364137164667E-01 a        53     0     3     1     3
 -1.1317319488074074E-01 a        54     0     3     1     4
  4.7941125373735904E-01 a        55     0     3     1     5
 -1.9969614529521579E-01 a        56     0     3     1     6
 -6.7055673073730976E-02 a        57     0     3     1     7
  7.2634134048092075E-02 a        58     0     3     1     8
  4.2361411608162730E-01 a        59     0     3     1     9
 -3.0983271975936899E-01 a        60     0     3     1    10
 -4.5745338349091380E-01 a        61     0     3     1    11
 -4.2470023373542354E-01 a        62     0     3     1    12
 -2.7388657221820356E-01 a        63     0     3     1    13
 -5.3446057235805311E-02 a        64     0     3     1    14
  1.6780502489359364E-01 a        65     0     3     1    15
 -3.9447550217749330E-02 a        66     0     3     1    16
  1.7388641996409424E-01 a        67     0     3     1    17
 -6.3194342572890985E-02 a        68     0     3     1    18
  3.1377432515871478E-01 a        69     0     3     1    19
 -3.2983203824847745E-01 a        70     0     3     1    20
  7.5203549232788894E-02 a        71     0     3     1    21
  3.4717113205706884E-01 a        72     0     3     1    22
 -2.7120356843854454E-01 a        73     0     3     1    23
  1.7759647249964197E-01 a        74     0     3     1    24
 -9.7207354164585459E-03 a        75     0     3     1    25
  6.5155634798342493E-02 a        76     0     4     1     1
 -2.8076523549071801E-02 a        77     0     4     1     2
  1.4010477242235794E-01 a        78     0     4     1     3
  2.4176371755849027E-01 a        79     0     4     1     4
  2.1811354792198495E-01 a        80     0     4     1     5
  1.6375316248754174E-01 a        81     0     4     1     6
  1.4236387876229933E-01 a        82     0     4     1     7
 -1.9203710886266179E-01 a        83     0     4     1     8
  1.8890729604382583E-01 a        84     0     4     1     9
  6.5122704430642153E-01 a        85     0     4     1    10
 -1.3863339983910525E-01 a        86     0     4     1    11
 -2.2728672646669965E-01 a        87     0     4     1    12
 -6.4040418563247478E-02 a        88     0     4     1    13
 -9.9266460948121721E-02 a        89     0     4     1    14
 -2.4893346549595002E-01 a        90     0     4     1    15
  1.0264549968184511E-02 a        91     0     4     1    16
 -1.2107738597868772E-01 a        92     0     4     1    17
  3.9621355422195753E-01 a        93     0     4     1    18
  1.3595358737820226E-01 a        94     0     4     1    19
 -3.1730134164986568E-01 a        95     0     4     1    20
 -1.9070954461222434E-01 a        96     0     4     1    21
  3.6937785565360359E-01 a        97     0     4     1    22
 -5.1453489688702347E-01 a        98     0     4     1    23
 -4.3274196160382378E-01 a        99     0     4     1    24
 -8.7838560726720957E-02 a       100     0     4     1    25
 -2.9879674591920535E-01 a       101     0     5     1     1
  2.1184012843206276E-01 a       102     0     5     1     2
  4.5447747877692529E-01 a       103     0     5     1     3
  3.4212070229999364E-01 a       104     0     5     1     4
  4.6943009749630826E-01 a       105     0     5     1     5
  1.4105158419858449E-01 a       106     0     5     1     6
 -1.0331082233337925E-03 a       107     0     5     1     7
 -1.8062954553485087E-02 a       108     0     5     1     8
  4.3548971222838984E-01 a       109     0     5     1     9
  1.7017464518945224E-01 a       110     0     5     1    10
 -1.7222234155580923E-01 a       111     0     5     1    11
 -6.9194192194265342E-02 a       112     0     5     1    12
 -2.3911596251505610E-01 a       113     0     5     1    13
 -9.7075512019909438E-02 a       114     0     5     1    14
  2.5749862840568333E-01 a       115     0     5     1    15
  2.8470672585186158E-01 a       116     0     5     1    16
 -1.7001967997541145E-01 a       117     0     5     1    17
 -2.8959298726712196E-01 a       118     0     5     1    18
  3.0278415856833746E-01 a       119     0     5     1    19
 -1.5982027377759764E-01 a       120     0     5     1    20
  1.7709998185912790E-01 a       121     0     5     1    21
 -2.0264054564943892E-01 a       122     0     5     1    22
  3.1843494636225725E-02 a       123     0     5     1    23
 -3.4391083903431108E-01 a       124     0     5     1    24
  3.8661311994627845E-01 a       125     0     5     1    25
 -1.1724830859417278E-01 a       126     0     6     1     1
 -1.9557419005699780E-01 a       127     0     6     1     2
  4.1340815238314249E-01 a       128     0     6     1     3
  4.0750200820630217E-01 a       129     0     6     1     4
  3.6961675554284129E-01 a       130     0     6     1     5
 -2.7982041899230847E-01 a       131     0     6     1     6
  1.8257655969358816E-01 a       132     0     6     1     7
  3.1653109568994600E-02 a       133     0     6     1     8
  6.0015529472856244E-01 a       134     0     6     1     9
  6.7143689073549739E-01 a       135     0     6     1    10
  1.6584026974964514E-02 a       136     0     6     1    11
 -3.2228219577123751E-01 a       137     0     6     1    12
  3.2786933177714417E-01 a       138     0     6     1    13
 -1.1680498745129246E-02 a       139     0     6     1    14
  1.1615744021012682E-01 a       140     0     6     1    15
  3.0990468621200817E-01 a       141     0     6     1    16
  5.0921212739647792E-01 a       142     0     6     1    17
  3.2052288820648095E-01 a       143     0     6     1    18
  2.6147487192492203E-02 a       144     0     6     1    19
 -3.7153442212761545E-01 a       145     0     6     1    20
 -2.0652358636029719E-01 a       146     0     6     1    21
  1.9961410248421724E-01 a       147     0     6     1    22
 -3.0164096105768001E-01 a       148     0     6     1    23
  1.0496560789588870E-02 a       149     0     6     1    24
 -1.2944547755393668E-01 a       150     0     6     1    25
  7.4782560012985527E-02 a       151     0     7     1     1
  8.0357937602146233E-03 a       152     0     7     1     2
  1.4866818220701605E-01 a       153     0     7     1     3
  8.0333787350909860E-02 a       154     0     7     1     4
  5.5815539625047407E-02 a       155     0     7     1     5
 -9.5704121040255635E-02 a       156     0     7     1     6
 -6.5273473248200015E-02 a       157     0     7     1     7
  3.9572788726729891E-01 a       158     0     7     1     8
  3.9401909960091791E-01 a       159     0     7     1     9
  1.3134508358658353E-01 a       160     0     7     1    10
  1.1882360038048467E-01 a       161     0     7     1    11
  3.0842302375142381E-02 a       162     0     7     1    12
 -9.6813185438124255E-02 a       163     0     7     1    13
  1.7193500368800803E-02 a       164     0     7     1    14
 -8.7273788027298155E-02 a       165     0     7     1    15
  3.0974669161847118E-01 a       166     0     7     1    16
  3.4259258805773479E-01 a       167     0     7     1    17
  1.6199450990734721E-01 a       168     0     7     1    18
  1.1141196980085390E-02 a       169     0     7     1    19
 -2.7542921016718552E-03 a       170     0     7     1    20
  7.9717661980031801E-02 a       171     0     7     1    21
  1.6116087367868326E-01 a       172     0     7     1    22
  1.5978467019642137E-01 a       173     0     7     1    23
 -5.2884582531518051E-02 a       174     0     7     1    24
 -2.3938404206919237E-01 a       175     0     7     1    25
 -2.0070948807957367E-01 a       176     0     8     1     1
 -1.3130677937089888E-01 a       177     0     8     1     2
  3.8258988542930072E-01 a       178     0     8     1     3
  1.7918842452404904E-01 a       179     0     8     1     4
  6.3625898996751806E-01 a       180     0     8     1     5
 -6.0594116417044083E-02 a       181     0     8     1     6
 -4.1811932616461078E-01 a       182     0     8     1     7
 -5.7703806726044464E-02 a       183     0     8     1     8
 -2.9364080884822407E-02 a       184     0     8     1     9
  7.4546564008960647E-01 a       185     0     8     1    10
  5.3580238492899390E-01 a       186     0     8     1    11
  3.0895008755008718E-01 a       187     0     8     1    12
  2.7705521206565428E-02 a       188     0     8     1    13
  3.7356686618170981E-01 a       189     0     8     1    14
  2.3048639177185665E-02 a       190     0     8     1    15
 -4.3417616802967657E-02 a       191     0     8     1    16
  4.4216946679095370E-01 a       192     0     8     1    17
  3.7471121284995396E-01 a       193     0     8     1    18
 -1.0780935566994027E-01 a       194     0     8     1    19
 -3.8027958141756785E-01 a       195     0     8     1    20
  1.0245997440098563E-02 a       196     0     8     1    21
 -2.6544114483769626E-01 a       197     0     8     1    22
 -1.5586975088859067E-01 a       198     0     8     1    23
  3.1570988207192806E-02 a       199     0     8     1    24
 -1.2990430651634766E-01 a       200     0     8     1    25
  9.3098991336553139E-02 a       201     0     9     1     1
 -3.7823476451892174E-01 a       202     0     9     1     2
 -4.7262649234351743E-02 a       203     0     9     1     3
 -3.8874824383009449E-01 a       204     0     9     1     4
 -1.3683195171870441E-01 a       205     0     9     1     5
 -1.8363203962498087E-01 a       206     0     9     1     6
  2.4566517631185844E-01 a       207     0     9     1     7
 -1.0704658533948253E-01 a       208     0     9     1     8
  1.2068513349465200E-01 a       209     0     9     1     9
 -4.2865791361223187E-03 a       210     0     9     1    10
 -3.0160080596725902E-01 a       211     0     9     1    11
  1.3026066705931355E-01 a       212     0     9     1    12
 -9.5174347557042349E-02 a       213     0     9     1    13
 -3.5594512450637711E-01 a       214     0     9     1    14
  3.4037568951811786E-02 a       215     0     9     1    15
  3.1487564397348844E-01 a       216     0     9     1    16
 -1.0965267186093249E-01 a       217     0     9     1    17
  1.0340034263664998E-01 a       218     0     9     1    18
 -2.5073737526619322E-01 a       219     0     9     1    19
 -8.8035971280078479E-02 a       220     0     9     1    20
  1.0379924788774982E-01 a       221     0     9     1    21
  4.5482407693969155E-02 a       222     0     9     1    22
 -5.2700299083785214E-02 a       223     0     9     1    23
 -1.6477451343084781E-01 a       224     0     9     1    24
 -4.8549766205653205E-01 a       225     0     9     1    25
 -5.0171520069995135E-01 a       226     0    10     1     1
  2.2798522931722776E-01 a       227     0    10     1     2
  1.5597347687463634E-01 a       228     0    10     1     3
 -2.0177588155860776E-01 a       229     0    10     1     4
  5.6010830607338202E-01 a       230     0    10     1     5
 -3.6858831374958068E-01 a       231     0    10     1     6
  2.4470177173237951E-02 a       232     0    10     1     7
 -6.5021276374562453E-02 a       233     0    10     1     8
  3.3407195463482137E-01 a       234     0    10     1     9
  9.8058449446163731E-01 a       235     0    10     1    10
  4.6358930369562135E-01 a       236     0    10     1    11
 -2.8842486856541028E-01 a       237     0    10     1    12
  9.9083119826236299E-02 a       238     0    10     1    13
 -7.9303037632617618E-02 a       239     0    10     1    14
 -1.3805272988481035E-01 a       240     0    10     1    15
 -1.5939295543635906E-01 a       241     0    10     1    16
  7.4057854555238473E-02 a       242     0    10     1    17
 -1.0137757338743419E-02 a       243     0    10     1    18
 -4.1879160813657407E-01 a       244     0    10     1    19
  4.5613483603979883E-02 a       245     0    10     1    20
 -1.0195005662833978E-01 a       246     0    10     1    21
 -1.9559891124500783E-01 a       247     0    10     1    22
 -5.0609104284915485E-01 a       248     0    10     1    23
 -3.1837299552974718E-01 a       249     0    10     1    24
  4.7620443890625092E-01 a       250     0    10     1    25
  2.7031286448277048E-01 a       251     0    11     1     1
 -2.4005293117671306E-01 a       252     0    11     1     2
  7.9649919866066321E-01 a       253     0    11     1     3
 -1.6713640788229225E-01 a       254     0    11     1     4
 -2.6715688682433475E-01 a       255     0    11     1     5
  2.8878088534750179E-01 a       256     0    11     1     6
 -7.7432658901463683E-02 a       257     0    11     1     7
  1.8355362699205824E-01 a       258     0    11     1     8
  4.9642856856184664E-01 a       259     0    11     1     9
  1.9463547579227294E-01 a       260     0    11     1    10
 -2.5663834728118606E-01 a       261     0    11     1    11
 -9.3758682335436411E-02 a       262     0    11     1    12
 -2.2657475848187522E-01 a       263     0    11     1    13
  1.6219017743565728E-01 a       264     0    11     1    14
  5.4704786033075631E-02 a       265     0    11     1    15
  3.5849294051889047E-01 a       266     0    11     1    16
 -3.6079507115116721E-01 a       267     0    11     1    17
  3.6268034570345242E-01 a       268     0    11     1    18
 -2.3710757040854544E-01 a       269     0    11     1    19
 -7.8493735107150985E-03 a       270     0    11     1    20
 -8.5766489681303376E-02 a       271     0    11     1    21
 -1.1354970166657188E-01 a       272     0    11     1    22
 -2.6315297138777649E-01 a       273     0    11     1    23
  3.3529063602767598E-02 a       274     0    11     1    24
  1.8442826038230992E-01 a       275     0    11     1    25
  3.2478559720015190E-02 a       276     0    12     1     1
  2.2791756146099987E-01 a       277     0    12     1     2
  3.7985348038646577E-01 a       278     0    12     1     3
 -1.2004009246917072E-01 a       279     0    12     1     4
  4.5871391009364437E-01 a       280     0    12     1     5
  2.8057484644452541E-01 a       281     0    12     1     6
 -4.0960001636886251E-01 a       282     0    12     1     7
 -5.6185929817050034E-02 a       283     0    12     1     8
  1.6279256376900314E-01 a       284     0    12     1     9
  1.3115509080637913E+00 a       285     0    12     1    10
  7.4054013759408077E-01 a       286     0    12     1    11
  7.5011416453224886E-02 a       287     0    12     1    12
  4.7720266678851564E-01 a       288     0    12     1    13
  3.7895155709461614E-01 a       289     0    12     1    14
 -1.7471932117757802E-01 a       290     0    12     1    15
  1.8233024506027504E-01 a       291     0    12     1    16
  3.9785843417014777E-01 a       292     0    12     1    17
  2.0751683760128978E-01 a       293     0    12     1    18
 -2.3428183173052294E-01 a       294     0    12     1    19
 -4.5257464388720675E-01 a       295     0    12     1    20
  4.6633894873799174E-02 a       296     0    12     1    21
 -2.3652136891382963E-01 a       297     0    12     1    22
 -2.3457666942499120E-01 a       298     0    12     1    23
 -7.4827434414651117E-02 a       299     0    12     1    24
 -1.8186444294068163E-01 a       300     0    12     1    25
  1.8159794987584313E-01 a       301     0    13     1     1
  5.5919123968916185E-01 a       302     0    13     1     2
  8.8603438861680650E-01 a       303     0    13     1     3
 -4.9049580314129937E-01 a       304     0    13     1     4
  7.2674906501155170E-02 a       305     0    13     1     5
  7.1917215651982752E-02 a       306     0    13     1     6
  1.4577539869066899E-01 a       307     0    13     1     7
  7.1720526673898125E-02 a       308     0    13     1     8
  2.4297847439493836E-01 a       309     0    13     1     9
 -8.5961934033635667E-02 a       310     0    13     1    10
 -1.7531599565934752E-01 a       311     0    13     1    11
 -1.6689280882868526E-01 a       312     0    13     1    12
 -5.0166892782472820E-02 a       313     0    13     1    13
 -1.7363362472916685E-01 a       314     0    13     1    14
  3.2457757772596701E-01 a       315     0    13     1    15
  1.0206222711728938E+00 a       316     0    13     1    16
  3.6368311777755396E-03 a       317     0    13     1    17
  3.3724082742726763E-01 a       318     0    13     1    18
 -3.1407146577491846E-01 a       319     0    13     1    19
  3.0215097254203893E-01 a       320     0    13     1    20
 -1.8396404994285853E-01 a       321     0    13     1    21
  6.6198851009417553E-02 a       322     0    13     1    22
  3.0654307933011166E-01 a       323     0    13     1    23
 -8.8781577883828594E-02 a       324     0    13     1    24
  3.7314599466430821E-02 a       325     0    13     1    25
  2.1494738040611294E-01 a       326     0    14     1     1
 -3.4927432040195205E-01 a       327     0    14     1     2
  6.9247601628214653E-02 a       328     0    14     1     3
  2.9739850342575297E-01 a       329     0    14     1     4
  1.4092558358387558E-01 a       330     0    14     1     5
 -2.9523452949904727E-01 a       331     0    14     1     6
 -6.4174844448128532E-01 a       332     0    14     1     7
 -7.0006167189547289E-02 a       333     0    14     1     8
  1.4475491394475651E-01 a       334     0    14     1     9
  1.8083196707392653E+00 a       335     0    14     1    10
  5.3965131138537592E-01 a       336     0    14     1    11
  2.0638950845997614E-01 a       337     0    14     1    12
  3.3453081884523528E-01 a       338     0    14     1    13
 -1.5938530732244030E-01 a       339     0    14     1    14
  4.9815795040347145E-02 a       340     0    14     1    15
 -1.7802679199410645E-01 a       341     0    14     1    16
  3.5303698272117467E-01 a       342     0    14     1    17
 -9.5153381461462488E-02 a       343     0    14     1    18
  1.6269731025016843E-01 a       344     0    14     1    19
  2.3724109249479991E-01 a       345     0    14     1    20
 -4.0074436386733497E-01 a       346     0    14     1    21
 -1.3004158904069604E-01 a       347     0    14     1    22
 -1.5481475454979671E-01 a       348     0    14     1    23
 -6.0652830432669946E-02 a       349     0    14     1    24
 -4.0838572915916094E-01 a       350     0    14     1    25
 -8.7877061448038085E-01 a       351     0    15     1     1
  1.1079729740833477E+00 a       352     0    15     1     2
  1.5287206272245610E+00 a       353     0    15     1     3
  1.0787980132313078E-01 a       354     0    15     1     4
  7.0141157907758278E-01 a       355     0    15     1     5
  2.4519987184486829E-02 a       356     0    15     1     6
  4.4575450689309470E-01 a       357     0    15     1     7
 -2.4787772299704211E-01 a       358     0    15     1     8
  4.9140821583722388E-01 a       359     0    15     1     9
 -8.6273042395757793E-01 a       360     0    15     1    10
  1.5456409671729656E+00 a       361     0    15     1    11
  1.0883282705793114E+00 a       362     0    15     1    12
  7.3725920006162193E-01 a       363     0    15     1    13
  1.3738563819459637E-01 a       364     0    15     1    14
  2.2500504900168394E-01 a       365     0    15     1    15
  1.2658983193968112E+00 a       366     0    15     1    16
 -1.6006669866520482E-01 a       367     0    15     1    17
  6.8190247898083267E-01 a       368     0    15     1    18
  6.2655109573840084E-01 a       369     0    15     1    19
 -4.6152246294427396E-01 a       370     0    15     1    20
 -2.1485801187554276E-01 a       371     0    15     1    21
 -3.5526972395582984E-01 a       372     0    15     1    22
  8.9664609552254237E-01 a       373     0    15     1    23
 -9.9877164726654277E-01 a       374     0    15     1    24
  3.0098055310331623E-01 a       375     0    15     1    25
  2.9321953547043750E-01 a       376     0    16     1     1
  6.9623046310851089E-02 a       377     0    16     1     2
 -8.5210587085758827E-01 a       378     0    16     1     3
 -2.4300636788184596E-01 a       379     0    16     1     4
 -3.1476679887397224E-01 a       380     0    16     1     5
 -9.4707532826487001E-02 a       381     0    16     1     6
 -6.6770083895554402E-02 a       382     0    16     1     7
  5.4885558397771017E-01 a       383     0    16     1     8
 -3.5088703995542542E-01 a       384     0    16     1     9
  9.3463862452990010E-01 a       385     0    16     1    10
  4.2697467274279183E-01 a       386     0    16     1    11
  5.4942334540490001E-01 a       387     0    16     1    12
 -1.0692184772695916E-01 a       388     0    16     1    13
 -8.6640770691966268E-02 a       389     0    16     1    14
  7.1451972015286525E-01 a       390     0    16     1    15
 -3.7639621713422367E-01 a       391     0    16     1    16
  4.0926522461916096E-02 a       392     0    16     1    17
 -1.7826307128956245E-01 a       393     0    16     1    18
  1.7121415626134223E-01 a       394     0    16     1    19
  2.6357281375669672E-01 a       395     0    16     1    20
  4.7953954559747625E-01 a       396     0    16     1    21
  5.6522376036915192E-02 a       397     0    16     1    22
  1.0100002747113292E-01 a       398     0    16     1    23
  2.0416939241893628E-01 a       399     0    16     1    24
 -5.2005756133998760E-01 a       400     0    16     1    25
 -4.9701355778151990E-02 a       401     0    17     1     1
 -1.9739324522544138E-01 a       402     0    17     1     2
 -1.0926778587720659E-01 a       403     0    17     1     3
 -1.0481354368992812E-02 a       404     0    17     1     4
  2.3490200361921060E-01 a       405     0    17     1     5
 -1.3288276206403793E-01 a       406     0    17     1     6
 -1.1005850956612948E-01 a       407     0    17     1     7
 -2.8455516389930102E-01 a       408     0    17     1     8
  3.3773926450332981E-01 a       409     0    17     1     9
  4.8334786478514102E-01 a       410     0    17     1    10
  1.0909455901934800E-01 a       411     0    17     1    11
 -4.6599807979156704E-01 a       412     0    17     1    12
 -2.1481505536055481E-01 a       413     0    17     1    13
 -1.0081687580519071E-01 a       414     0    17     1    14
  8.1016836792609792E-02 a       415     0    17     1    15
  3.0057844401090666E-01 a       416     0    17     1    16
 -8.7985474326176136E-02 a       417     0    17     1    17
 -6.1966488594954938E-01 a       418     0    17     1    18
 -4.3887286764222669E-02 a       419     0    17     1    19
 -2.5977441779826904E-01 a       420     0    17     1    20
  3.0824336156177307E-01 a       421     0    17     1    21
 -8.2422487132618766E-02 a       422     0    17     1    22
 -1.7163591601276140E-01 a       423     0    17     1    23
  1.8950799637344293E-01 a       424     0    17     1    24
  4.9770508478113651E-01 a       425     0    17     1    25
  3.4717313675755070E-03 a       426     0    18     1     1
  7.8252749063326743E-02 a       427     0    18     1     2
 -3.4587479765298679E-01 a       428     0    18     1     3
  4.0207246094176025E-01 a       429     0    18     1     4
  2.7853637811588827E-01 a       430     0    18     1     5
 -2.6931989335189466E-01 a       431     0    18     1     6
 -2.4274133226811787E-01 a       432     0    18     1     7
  2.5027420719256888E-01 a       433     0    18     1     8
 -2.2092830940121658E-02 a       434     0    18     1     9
  1.1269800220686215E+00 a       435     0    18     1    10
  3.6725589566216299E-01 a       436     0    18     1    11
 -3.2394454293200142E-01 a       437     0    18     1    12
  3.4545184923710759E-01 a       438     0    18     1    13
 -1.4222161826215590E-01 a       439     0    18     1    14
  2.9941943262608260E-02 a       440     0    18     1    15
 -2.9693604226751563E-01 a       441     0    18     1    16
  1.6114546642429192E-01 a       442     0    18     1    17
 -9.3207381202098358E-02 a       443     0    18     1    18
 -1.1883577575925730E-02 a       444     0    18     1    19
  9.8815824772648345E-02 a       445     0    18     1    20
  9.9028834311396835E-02 a       446     0    18     1    21
 -2.4188858094897234E-01 a       447     0    18     1    22
 -3.3333971297718612E-01 a       448     0    18     1    23
 -1.1012842063871782E-01 a       449     0    18     1    24
  3.3357581411189519E-01 a       450     0    18     1    25
 -1.9637484319850712E-01 a       451     0    19     1     1
  6.5495115058865225E-02 a       452     0    19     1     2
  8.0886875567885541E-02 a       453     0    19     1     3
  2.2882023766769219E-01 a       454     0    19     1     4
  9.7128328688334056E-02 a       455     0    19     1     5
 -4.1027349765091031E-01 a       456     0    19     1     6
 -3.2161433772575759E-01 a       457     0    19     1     7
  1.3115774683860149E-02 a       458     0    19     1     8
  2.6159024822698140E-01 a       459     0    19     1     9
  3.2564869558480709E-02 a       460     0    19     1    10
  1.0100198103252736E-01 a       461     0    19     1    11
 -5.4607480558857513E-01 a       462     0    19     1    12
 -2.9358695823488939E-01 a       463     0    19     1    13
 -3.8809533306930148E-02 a       464     0    19     1    14
 -5.1112909141866426E-02 a       465     0    19     1    15
 -1.3936504071729455E-01 a       466     0    19     1    16
 -7.6985371874625147E-02 a       467     0    19     1    17
  4.9032279724170187E-02 a       468     0    19     1    18
  4.1139473493757531E-02 a       469     0    19     1    19
 -2.1984650730303271E-01 a       470     0    19     1    20
 -3.7356489782433243E-02 a       471     0    19     1    21
  1.2854387764066003E-01 a       472     0    19     1    22
 -5.2259033571572647E-02 a       473     0    19     1    23
 -2.7969766182909594E-01 a       474     0    19     1    24
  4.8990966384376722E-01 a       475     0    19     1    25
 -2.2374878152420977E-01 a       476     0    20     1     1
  6.4824920265208003E-02 a       477     0    20     1     2
  2.5886430277616418E-01 a       478     0    20     1     3
  3.1372530590075076E-01 a       479     0    20     1     4
  2.7110027945921178E-01 a       480     0    20     1     5
 -3.7051431519052691E-01 a       481     0    20     1     6
 -3.2096255478202951E-01 a       482     0    20     1     7
  1.2592071958384393E-01 a       483     0    20     1     8
  2.4740084615529426E-01 a       484     0    20     1     9
 -2.1124470283635333E-01 a       485     0    20     1    10
  4.3627471742212620E-01 a       486     0    20     1    11
 -5.0210156509343828E-01 a       487     0    20     1    12
 -2.0490923907263420E-01 a       488     0    20     1    13
 -3.8418772522257300E-01 a       489     0    20     1    14
  2.2957936016807623E-02 a       490     0    20     1    15
 -2.4095365945725361E-01 a       491     0    20     1    16
  4.1991931961540407E-01 a       492     0    20     1    17
  6.3385769197549258E-01 a       493     0    20     1    18
 -5.3285972643057561E-03 a       494     0    20     1    19
  1.9471979572157244E-01 a       495     0    20     1    20
  1.0867555187508326E-01 a       496     0    20     1    21
  5.4561070817467849E-01 a       497     0    20     1    22
 -6.0378043810268914E-02 a       498     0    20     1    23
 -3.5722791013434724E-01 a       499     0    20     1    24
  1.1621178945860987E-01 a       500     0    20     1    25
 -8.9796238472413537E-01 a       501     0    21     1     1
  3.4602389244260628E-01 a       502     0    21     1     2
 -4.0809039953402959E-02 a       503     0    21     1     3
 -6.1215416536452315E-02 a       504     0    21     1     4
  2.4670327839461120E-01 a       505     0    21     1     5
 -3.1193961724354895E-02 a       506     0    21     1     6
  8.9073889071153694E-03 a       507     0    21     1     7
  1.6242494765902968E-01 a       508     0    21     1     8
  7.1612214806515395E-01 a       509     0    21     1     9
 -5.8843858842873686E-01 a       510     0    21     1    10
  7.7994315656560709E-01 a       511     0    21     1    11
  1.1404345383667256E+00 a       512     0    21     1    12
  8.0525210867985630E-01 a       513     0    21     1    13
  4.4843609695065781E-03 a       514     0    21     1    14
  1.4319881483207680E-01 a       515     0    21     1    15
 -1.1817930765665726E-02 a       516     0    21     1    16
  2.5853038652760801E-01 a       517     0    21     1    17
 -3.6051487995645635E-02 a       518     0    21     1    18
  4.7567489848886188E-02 a       519     0    21     1    19
 -4.8313051457766661E-02 a       520     0    21     1    20
 -1.4926628116908766E-01 a       521     0    21     1    21
 -4.0401469621332747E-01 a       522     0    21     1    22
  4.4268595177691711E-01 a       523     0    21     1    23
 -4.7037022781774701E-01 a       524     0    21     1    24
 -3.4969383804078290E-02 a       525     0    21     1    25
 -2.2510979652349247E-01 a       526     0    22     1     1
  6.2198382605503544E-01 a       527     0    22     1     2
  3.1325488240886518E-01 a       528     0    22     1     3
  2.4394024341090861E-01 a       529     0    22     1     4
  7.5832211879699807E-01 a       530     0    22     1     5
  1.6305928653657173E-01 a       531     0    22     1     6
  3.3940501588622785E-01 a       532     0    22     1     7
  3.4181241023666975E-01 a       533     0    22     1     8
  5.5795247989763463E-01 a       534     0    22     1     9
 -9.2947748834337329E-01 a       535     0    22     1    10
  6.0283956496152347E-01 a       536     0    22     1    11
  2.9216382356142573E-01 a       537     0    22     1    12
  3.3114925282412211E-01 a       538     0    22     1    13
  1.4546117407786718E-01 a       539     0    22     1    14
  2.8446054228583084E-01 a       540     0    22     1    15
 -2.5958144657509113E-01 a       541     0    22     1    16
 -4.0434024267954435E-02 a       542     0    22     1    17
  6.5925408727097445E-01 a       543     0    22     1    18
  2.9132336522162078E-01 a       544     0    22     1    19
 -2.4278184701181060E-01 a       545     0    22     1    20
 -1.0360775466981433E-01 a       546     0    22     1    21
 -3.7435471804250575E-01 a       547     0    22     1    22
  1.1624121768736830E-01 a       548     0    22     1    23
 -3.6573945686316378E-01 a       549     0    22     1    24
  3.9321735217077436E-02 a       550     0    22     1    25
 -3.2371665915728215E-01 a       551     0    23     1     1
 -5.2693489333925658E-01 a       552     0    23     1     2
  3.3388538029611697E-01 a       553     0    23     1     3
  2.1411050404352658E-01 a       554     0    23     1     4
 -4.4046302877354067E-02 a       555     0    23     1     5
 -1.4923401047550050E-01 a       556     0    23     1     6
 -1.2598868068024366E-01 a       557     0    23     1     7
 -7.1930756384822853E-02 a       558     0    23     1     8
  5.0301524503545268E-02 a       559     0    23     1     9
  2.8689934613289442E-01 a       560     0    23     1    10
  3.6270166527671710E-01 a       561     0    23     1    11
  6.6667901118465800E-01 a       562     0    23     1    12
  5.3578157827692396E-01 a       563     0    23     1    13
 -4.8476592719296517E-02 a       564     0    23     1    14
 -5.0616674451074511E-02 a       565     0    23     1    15
  1.3582331503626893E-01 a       566     0    23     1    16
  1.3436385269289536E-01 a       567     0    23     1    17
 -1.9503547819091907E-01 a       568     0    23     1    18
  9.2202298453798515E-02 a       569     0    23     1    19
 -4.8523947171819570E-01 a       570     0    23     1    20
  6.0067201279381241E-02 a       571     0    23     1    21
  2.7582855510228316E-01 a       572     0    23     1    22
  2.8565783315319497E-02 a       573     0    23     1    23
 -4.0843238409311289E-01 a       574     0    23     1    24
  5.9435880508279144E-02 a       575     0    23     1    25
 -2.5218460537243731E-01 a       576     0    24     1     1
  6.1842118028790727E-01 a       577     0    24     1     2
  5.7009465139277564E-02 a       578     0    24     1     3
  3.1059548088799155E-01 a       579     0    24     1     4
  2.0988436806781474E-02 a       580     0    24     1     5
  1.3306339315642655E-02 a       581     0    24     1     6
 -5.6528891960465499E-01 a       582     0    24     1     7
 -2.8839239600778549E-01 a       583     0    24     1     8
  3.2622069941258386E-01 a       584     0    24     1     9
  8.0175363163373126E-01 a       585     0    24     1    10
  5.6314245865938228E-01 a       586     0    24     1    11
  5.0296552175516451E-01 a       587     0    24     1    12
  4.8887279678892764E-01 a       588     0    24     1    13
 -7.4085478676000557E-02 a       589     0    24     1    14
 -1.6632911917761720E-01 a       590     0    24     1    15
 -3.9321557933905092E-02 a       591     0    24     1    16
  1.9114055289027568E-01 a       592     0    24     1    17
 -2.8596353277108666E-01 a       593     0    24     1    18
 -4.7679175247301288E-02 a       594     0    24     1    19
 -3.3779272524112636E-01 a       595     0    24     1    20
 -6.6607352283272592E-01 a       596     0    24     1    21
  4.2238717223829370E-01 a       597     0    24     1    22
 -2.4090290224552310E-01 a       598     0    24     1    23
 -7.4460199800379256E-01 a       599     0    24     1    24
  2.3869017484661706E-02 a       600     0    24     1    25
 -4.7792893898528449E-01 a       601     0    25     1     1
  5.3213160681155258E-01 a       602     0    25     1     2
  3.8813511608605983E-01 a       603     0    25     1     3
 -1.8332166745818332E-01 a       604     0    25     1     4
  4.9708620170941925E-01 a       605     0    25     1     5
 -2.5740838427047369E-01 a       606     0    25     1     6
 -7.6324557930539705E-01 a       607     0    25     1     7
 -4.1341418996215851E-02 a       608     0    25     1     8
  3.3758447779745282E-01 a       609     0    25     1     9
  1.3245114231608084E+00 a       610     0    25     1    10
  3.9266214321726539E-01 a       611     0    25     1    11
  2.6768472705271484E-01 a       612     0    25     1    12
  1.9807964015419826E-02 a       613     0    25     1    13
 -1.9670813124784570E-01 a       614     0    25     1    14
 -3.2106716429989141E-01 a       615     0    25     1    15
  2.7864734563800531E-01 a       616     0    25     1    16
  1.5271335157750604E-01 a       617     0    25     1    17
  3.6893792029767408E-01 a       618     0    25     1    18
 -7.1553911358439540E-02 a       619     0    25     1    19
  3.4492627946782795E-01 a       620     0    25     1    20
 -7.7827691097894747E-01 a       621     0    25     1    21
  4.4722373114012570E-01 a       622     0    25     1    22
 -4.2939608152086794E-01 a       623     0    25     1    23
 -6.1159951503267751E-01 a       624     0    25     1    24
  1.2806641521646242E-01 a       625     0    25     1    25
 -8.0246438730012908E-03 a       626     0    26     1     1
  1.5047199441919001E-01 a       627     0    26     1     2
  3.1985989595456080E-02 a       628     0    26     1     3
 -3.0898732703767373E-01 a       629     0    26     1     4
  4.2313965807840970E-01 a       630     0    26     1     5
  3.3553229557728131E-02 a       631     0    26     1     6
 -7.0566658486828707E-02 a       632     0    26     1     7
 -1.4470571926510778E-01 a       633     0    26     1     8
  3.0091570057374090E-01 a       634     0    26     1     9
 -7.3440295227015584E-01 a       635     0    26     1    10
 -6.7891026560843143E-02 a       636     0    26     1    11
  5.2842683213608510E-01 a       637     0    26     1    12
  5.9886714907715292E-02 a       638     0    26     1    13
  2.4474696559734108E-01 a       639     0    26     1    14
 -4.2503612632658845E-02 a       640     0    26     1    15
  2.8711221267610110E-01 a       641     0    26     1    16
  1.1347108485183995E-01 a       642     0    26     1    17
  3.3505635069852724E-01 a       643     0    26     1    18
  1.2400354258229416E-02 a       644     0    26     1    19
 -1.9555937685457378E-01 a       645     0    26     1    20
  9.9641961184904870E-02 a       646     0    26     1    21
 -4.5052405205090662E-01 a       647     0    26     1    22
  9.6798254379355270E-02 a       648     0    26     1    23
 -5.0283682960552224E-02 a       649     0    26     1    24
 -2.1097878054042737E-01 a       650     0    26     1    25
  4.7976323886986569E-02 a       651     0    27     1     1
 -2.0365519356068049E-01 a       652     0    27     1     2
 -2.4004605349787964E-01 a       653     0    27     1     3
  3.3854776926798985E-01 a       654     0    27     1     4
  4.2125293541806602E-01 a       655     0    27     1     5
  1.9163749443548675E-01 a       656     0    27     1     6
  9.7966031766911453E-03 a       657     0    27     1     7
 -1.3550031981491573E-01 a       658     0    27     1     8
  2.6432509289137512E-01 a       659     0    27     1     9
  7.4480008072451942E-01 a       660     0    27     1    10
  2.2933998285496732E-01 a       661     0    27     1    11
  5.0222315282749529E-02 a       662     0    27     1    12
 -2.8882790688342896E-01 a       663     0    27     1    13
 -3.1079283646057793E-01 a       664     0    27     1    14
  1.3625017404214881E-01 a       665     0    27     1    15
 -3.1192085641513706E-01 a       666     0    27     1    16
  2.2288323548444389E-01 a       667     0    27     1    17
 -1.7530630740345288E-01 a       668     0    27     1    18
 -9.2858010991874892E-02 a       669     0    27     1    19
 -3.0238911376414301E-01 a       670     0    27     1    20
 -3.0033949445477631E-01 a       671     0    27     1    21
  2.3128165495211422E-01 a       672     0    27     1    22
 -6.5092984167411466E-02 a       673     0    27     1    23
  5.0827038100076667E-02 a       674     0    27     1    24
  3.4557660875423324E-01 a       675     0    27     1    25
 -9.8690206386371354E-02 a       676     0    28     1     1
  2.3791897043656218E-01 a       677     0    28     1     2
  3.7872782551523415E-01 a       678     0    28     1     3
 -1.8582432925413273E-01 a       679     0    28     1     4
  6.3470683041718057E-01 a       680     0    28     1     5
  1.6148495248804975E-01 a       681     0    28     1     6
 -1.7274501209645465E-01 a       682     0    28     1     7
 -7.4036365410512034E-02 a       683     0    28     1     8
  9.7889869260532747E-01 a       684     0    28     1     9
  2.0489472954272267E-01 a       685     0    28     1    10
  1.3048919616149475E+00 a       686     0    28     1    11
  2.3041324695868062E-01 a       687     0    28     1    12
  5.1488966386660240E-01 a       688     0    28     1    13
 -2.6594666597264766E-01 a       689     0    28     1    14
 -8.7633613201543378E-02 a       690     0    28     1    15
 -1.5458072694230933E-02 a       691     0    28     1    16
  3.4446487379119695E-01 a       692     0    28     1    17
  4.1690299725328672E-01 a       693     0    28     1    18
 -5.7580472336588528E-02 a       694     0    28     1    19
 -3.3494070437624117E-03 a       695     0    28     1    20
 -5.6574544386445447E-01 a       696     0    28     1    21
  1.7229835334986565E-01 a       697     0    28     1    22
 -5.6064229106135077E-01 a       698     0    28     1    23
 -6.9666070514694578E-01 a       699     0    28     1    24
  4.7115224678644774E-01 a       700     0    28     1    25
 -2.8881878769062441E-01 a       701     0    29     1     1
 -6.1068722291854866E-02 a       702     0    29     1     2
  2.5054376153933211E-01 a       703     0    29     1     3
 -2.0295272124841693E-01 a       704     0    29     1     4
  2.3481359437156754E-01 a       705     0    29     1     5
  2.9902590328129203E-01 a       706     0    29     1     6
 -1.8187203562612334E-01 a       707     0    29     1     7
  4.6906259094928116E-01 a       708     0    29     1     8
  1.3514370298448605E-01 a       709     0    29     1     9
  1.2125898234553367E-01 a       710     0    29     1    10
  3.0116971861675618E-01 a       711     0    29     1    11
  3.9858098015958660E-01 a       712     0    29     1    12
 -1.2556431876714425E-02 a       713     0    29     1    13
 -4.8684894081509478E-01 a       714     0    29     1    14
  2.4572618534928095E-01 a       715     0    29     1    15
  2.5777261720442896E-01 a       716     0    29     1    16
  6.7377473879977126E-02 a       717     0    29     1    17
  3.1295882142512799E-01 a       718     0    29     1    18
  4.2213847621715123E-01 a       719     0    29     1    19
 -2.8444945734860971E-01 a       720     0    29     1    20
  5.2768497741737286E-01 a       721     0    29     1    21
  3.6068239288270958E-02 a       722     0    29     1    22
  9.9411940161329260E-02 a       723     0    29     1    23
 -1.8881893572349134E-01 a       724     0    29     1    24
 -2.4031877950572833E-01 a       725     0    29     1    25
 -3.2189753690758993E-02 a       726     0    30     1     1
 -2.5156983391000004E-01 a       727     0    30     1     2
 -2.9108208796314816E-01 a       728     0    30     1     3
 -3.1053243303112776E-01 a       729     0    30     1     4
  3.8667672280063853E-01 a       730     0    30     1     5
 -1.5372792209160618E-01 a       731     0    30     1     6
  4.8802123186468988E-01 a       732     0    30     1     7
  1.1045654753339920E-01 a       733     0    30     1     8
  2.2130571046221048E-01 a       734     0    30     1     9
 -1.5512505830750997E-01 a       735     0    30     1    10
 -4.4649716983948723E-01 a       736     0    30     1    11
 -3.9075472032109870E-01 a       737     0    30     1    12
 -4.6865076146228790E-01 a       738     0    30     1    13
  3.8275760155640376E-01 a       739     0    30     1    14
  2.5724510769763437E-01 a       740     0    30     1    15
 -4.3402499276328266E-01 a       741     0    30     1    16
 -3.9034368172334921E-01 a       742     0    30     1    17
  8.1961685482607427E-01 a       743     0    30     1    18
 -1.3584222117001846E-01 a       744     0    30     1    19
 -1.2966002928133152E-01 a       745     0    30     1    20
  4.1879158518982362E-01 a       746     0    30     1    21
  5.4153389675387138E-02 a       747     0    30     1    22
  3.1314665966743760E-01 a       748     0    30     1    23
  4.7147006845180772E-01 a       749     0    30     1    24
  1.5625425733522119E-01 a       750     0    30     1    25
 -4.5807045688150805E-01 b       751     1     1
 -5.3307070277042434E-01 b       752     1     2
 -8.2010923529870117E-01 b       753     1     3
  1.0325901496479477E+00 b       754     1     4
  1.6094132751176011E+00 b       755     1     5
 -1.2273656415527519E+00 b       756     1     6
  1.6499576327572056E+00 b       757     1     7
 -2.9480301747923371E-01 b       758     1     8
  3.3235785103084309E-01 b       759     1     9
  2.2584707130532392E-01 b       760     1    10
 -3.6497612954759756E-02 b       761     1    11
 -4.6284367523536507E-01 b       762     1    12
 -5.0575534996768062E-02 b       763     1    13
  1.0294634403524334E+00 b       764     1    14
  9.9681488793269724E-01 b       765     1    15
 -1.2977623443217232E+00 b       766     1    16
  7.0394469735732046E-01 b       767     1    17
  2.8440592780558398E+00 b       768     1    18
  1.1827471388346416E+00 b       769     1    19
 -9.7835554704919458E-01 b       770     1    20
  1.3334640414973760E+00 b       771     1    21
 -7.0837310399644426E-01 b       772     1    22
 -3.4283854313224504E-01 b       773     1    23
  1.4405872532179798E-01 b       774     1    24
  7.3752371170497322E-02 b       775     1    25
 -9.8746026751910687E-02 a       776     1     1     2     1
  3.7789566636206312E-01 a       777     1     1     2     2
  6.6452722281740828E-01 a       778     1     1     2     3
  4.8773492231603856E-02 a       779     1     1     2     4
 -3.5231815266715383E-01 a       780     1     1     2     5
 -4.0415372320581056E-01 a       781     1     1     2     6
 -4.8516041497597800E-01 a       782     1     1     2     7
 -6.1239895965589652E-01 a       783     1     1     2     8
  1.2099904790982442E-01 a       784     1     1     2     9
  5.5913173858053881E-02 a       785     1     1     2    10
  2.6119997862897637E-01 a       786     1     1     2    11
 -7.1598483970607724E-02 a       787     1     1     2    12
  2.6355180607127915E-01 a       788     1     1     2    13
 -7.1143559648157695E-01 a       789     1     1     2    14
 -2.9688477616686670E-01 a       790     1     1     2    15
  1.1744525316191612E-02 a       791     1     1     2    16
 -1.9328739087406233E-01 a       792     1     1     2    17
 -3.6932280291632036E-01 a       793     1     1     2    18
 -6.4452250679410364E-02 a       794     1     1     2    19
  3.6885191724160590E-02 a       795     1     1     2    20
  2.3092067081050938E-02 a       796     1     1     2    21
 -2.4489443954618672E-02 a       797     1     1     2    22
 -1.7818128987692181E-01 a       798     1     1     2    23
 -2.8620605460349430E-01 a       799     1     1     2    24
  2.0707333005954881E-01 a       800     1     1     2    25
  1.4062353112832018E-01 a       801     1     2     2     1
  9.5446920523052266E-03 a       802     1     2     2     2
  3.6273011173936620E-01 a       803     1     2     2     3
  3.3328014976115655E-01 a       804     1     2     2     4
 -1.5239673551234176E-01 a       805     1     2     2     5
  6.6011410358651851E-02 a       806     1     2     2     6
  8.6482168262749648E-01 a       807     1     2     2     7
  6.6764487681265605E-01 a       808     1     2     2     8
 -3.6882555740602896E-01 a       809     1     2     2     9
  2.7389854544332276E-01 a       810     1     2     2    10
  1.9924437080118895E-01 a       811     1     2     2    11
 -4.1017492891209428E-01 a       812     1     2     2    12
  8.5562450005534169E-02 a       813     1     2     2    13
 -6.9260026050926626E-01 a       814     1     2     2    14
  2.0991146402881541E-01 a       815     1     2     2    15
 -2.9188474664267182E-02 a       816     1     2     2    16
  6.5485359577294422E-01 a       817     1     2     2    17
 -1.5818402841926835E-01 a       818     1     2     2    18
  4.9170491482111345E-01 a       819     1     2     2    19
  1.5299740925064384E-01 a       820     1     2     2    20
 -1.2917465833704408E-01 a       821     1     2     2    21
  1.7226949956682849E-01 a       822     1     2     2    22
  4.1029530916146506E-01 a       823     1     2     2    23
  1.6975631085222045E-01 a       824     1     2     2    24
  1.0106428398648653E-02 a       825     1     2     2    25
  2.7269505795143578E-01 a       826     1     3     2     1
  4.0963350797787657E-01 a       827     1     3     2     2
  4.7608930295607743E-01 a       828     1     3     2     3
 -1.2289613500539343E-01 a       829     1     3     2     4
 -3.0638540331697617E-01 a       830     1     3     2     5
  2.3831808631468610E-01 a       831     1     3     2     6
  1.9841907921687379E-01 a       832     1     3     2     7
 -6.1655015687060455E-01 a       833     1     3     2     8
 -4.9886761941042390E-01 a       834     1     3     2     9
  2.1491791767352877E-01 a       835     1     3     2    10
 -2.4139889321754257E-01 a       836     1     3     2    11
 -2.9085460350980641E-01 a       837     1     3     2    12
 -8.9658165806494203E-02 a       838     1     3     2    13
 -9.1324703934890883E-01 a       839     1     3     2    14
  1.7990755937691746E-01 a       840     1     3     2    15
  3.0821548566406609E-01 a       841     1     3     2    16
  1.7265743712815811E+00 a       842     1     3     2    17
 -6.6963387775783641E-03 a       843     1     3     2    18
 -8.1446438784567157E-02 a       844     1     3     2    19
  2.3533512906239282E-01 a       845     1     3     2    20
 -3.1201514774689953E-01 a       846     1     3     2    21
  1.0776674783394027E-01 a       847     1     3     2    22
  3.6349817102406634E-01 a       848     1     3     2    23
 -1.9618043742656280E-01 a       849     1     3     2    24
  2.8785896713567555E-01 a       850     1     3     2    25
  1.7989743225245994E-01 a       851     1     4     2     1
 -2.5889292555757337E-01 a       852     1     4     2     2
 -5.6424213244351007E-01 a       853     1     4     2     3
  1.6077672252311254E-01 a       854     1     4     2     4
  1.9960017709693148E-01 a       855     1     4     2     5
 -4.4561616973378550E-02 a       856     1     4     2     6
  4.9119051668933544E-02 a       857     1     4     2     7
 -2.3256111477265518E-01 a       858     1     4     2     8
 -1.3250301826812674E-01 a       859     1     4     2     9
  6.9236880873244103E-02 a       860     1     4     2    10
 -4.7025608678100395E-01 a       861     1     4     2    11
 -1.5025561298933121E-01 a       862     1     4     2    12
 -9.0765660267995796E-01 a       863     1     4     2    13
  3.2710401526870281E-01 a       864     1     4     2    14
  3.4127463139174952E-01 a       865     1     4     2    15
  6.0318976396966664E-02 a       866     1     4     2    16
  5.9067944906658731E-01 a       867     1     4     2    17
  4.4190281371614926E-01 a       868     1     4     2    18
  3.2272563035596902E-01 a       869     1     4     2    19
 -2.1879908328804559E-01 a       870     1     4     2    20
  2.3325407897507984E-02 a       871     1     4     2    21
  3.9579378861765734E-02 a       872     1     4     2    22
  7.5415770019374259E-02 a       873     1     4     2    23
 -9.2561315011676526E-02 a       874     1     4     2    24
 -1.2222812496888748E-01 a       875     1     4     2    25
 -2.5529737098489758E-01 a       876     1     5     2     1
 -5.2997789339893520E-01 a       877     1     5     2     2
 -4.6601978044431214E-01 a       878     1     5     2     3
  1.8040668486101474E-01 a       879     1     5     2     4
 -3.5391510750332929E-02 a       880     1     5     2     5
  2.3321473074729876E-01 a       881     1     5     2     6
  4.3159825546955882E-01 a       882     1     5     2     7
  3.9784238761517474E-02 a       883     1     5     2     8
 -4.0363576197488227E-01 a       884     1     5     2     9
 -1.6134395403618959E-01 a       885     1     5     2    10
 -3.1721268916186091E-01 a       886     1     5     2    11
  2.0790394240208007E-01 a       887     1     5     2    12
 -6.7057370565369701E-01 a       888     1     5     2    13
  2.4572230606763976E-01 a       889     1     5     2    14
  1.2965964848844536E-01 a       890     1     5     2    15
 -7.7249902201339427E-01 a       891     1     5     2    16
 -1.2086663257441297E-02 a       892     1     5     2    17
  7.7621205914367808E-01 a       893     1     5     2    18
 -1.0450396518369599E-01 a       894     1     5     2    19
 -6.2393108852095713E-01 a       895     1     5     2    20
  2.7883519898221687E-02 a       896     1     5     2    21
  4.3368178298993360E-01 a       897     1     5     2    22
 -4.5733410155336629E-01 a       898     1     5     2    23
  4.6644700874995265E-01 a       899     1     5     2    24
 -5.4197632559325326E-01 a       900     1     5     2    25
  3.3372196950039686E-02 a       901     1     6     2     1
  3.1194762471156275E-02 a       902     1     6     2     2
 -2.6003565030824613E-02 a       903     1     6     2     3
  2.2133352005925275E-01 a       904     1     6     2     4
 -9.3322055082385141E-02 a       905     1     6     2     5
 -1.2834948146560723E-01 a       906     1     6     2     6
  2.0733856439768505E-01 a       907     1     6     2     7
  7.0956739857133111E-01 a       908     1     6     2     8
  1.9978522194933060E-01 a       909     1     6     2     9
  1.5790796046578764E-01 a       910     1     6     2    10
  1.5203958105363508E-01 a       911     1     6     2    11
 -4.5842842425839067E-02 a       912     1     6     2    12
  1.4421412559013860E-01 a       913     1     6     2    13
 -4.9850393619459982E-01 a       914     1     6     2    14
 -1.2309979994193260E-01 a       915     1     6     2    15
 -6.3536332231172915E-02 a       916     1     6     2    16
 -3.9543981318535798E-01 a       917     1     6     2    17
 -2.3527495068544366E-01 a       918     1     6     2    18
  5.8400535111427829E-02 a       919     1     6     2    19
  2.9664089940605770E-01 a       920     1     6     2    20
  6.2288867869270438E-02 a       921     1     6     2    21
  2.5914402940553710E-01 a       922     1     6     2    22
  2.0052584649556113E-01 a       923     1     6     2    23
 -6.7992626430715797E-02 a       924     1     6     2    24
  1.2984891605252746E-01 a       925     1     6     2    25
 -3.4609461441370704E-01 a       926     1     7     2     1
 -2.7860534979433776E-01 a       927     1     7     2     2
  1.4580086553246757E-01 a       928     1     7     2     3
  5.0730018674243016E-01 a       929     1     7     2     4
  7.3811806121163309E-02 a       930     1     7     2     5
 -1.0820707687954235E-01 a       931     1     7     2     6
 -1.0074529645484602E+00 a       932     1     7     2     7
 -7.2973784486469107E-01 a       933     1     7     2     8
  4.8138012005522085E-01 a       934     1     7     2     9
 -5.2536074203767691E-01 a       935     1     7     2    10
  4.2498039759148748E-01 a       936     1     7     2    11
 -4.5386215231840782E-01 a       937     1     7     2    12
  1.3423127862158124E-01 a       938     1     7     2    13
  1.5598256627698587E-01 a       939     1     7     2    14
 -7.1456987307099276E-02 a       940     1     7     2    15
 -2.1334208079799369E-01 a       941     1     7     2    16
  1.0377459161065687E+00 a       942     1     7     2    17
  3.9325084460911564E-01 a       943     1     7     2    18
  1.8236569326397839E-01 a       944     1     7     2    19
 -5.6613387035660923E-01 a       945     1     7     2    20
 -1.6976502341096555E-01 a       946     1     7     2    21
  2.5807204057109262E-01 a       947     1     7     2    22
 -3.6292053066522079E-01 a       948     1     7     2    23
 -1.0042100515992167E-01 a       949     1     7     2    24
 -6.3234648999689363E-02 a       950     1     7     2    25
 -1.4390003667708001E-01 a       951     1     8     2     1
  3.3246186371896513E-01 a       952     1     8     2     2
  1.6109316457873411E-02 a       953     1     8     2     3
 -2.1486460041695443E-01 a       954     1     8     2     4
 -1.2604738501869500E-01 a       955     1     8     2     5
 -1.9005278201312828E-01 a       956     1     8     2     6
  3.7688022102798885E-01 a       957     1     8     2     7
  3.0513325381033524E-01 a       958     1     8     2     8
  1.9114607538023770E-02 a       959     1     8     2     9
 -5.8647044394643459E-02 a       960     1     8     2    10
 -1.5374706991285036E-01 a       961     1     8     2    11
 -2.1531215415173396E-01 a       962     1     8     2    12
  9.6424609428744701E-02 a       963     1     8     2    13
 -3.8163279149889207E-01 a       964     1     8     2    14
 -6.0015026925063726E-02 a       965     1     8     2    15
  3.0317239424627629E-01 a       966     1     8     2    16
 -3.5048118375678122E-01 a       967     1     8     2    17
 -1.2085409041484443E-01 a       968     1     8     2    18
 -4.0638259547374628E-01 a       969     1     8     2    19
  1.1457655946160973E-01 a       970     1     8     2    20
  2.3720716924908894E-01 a       971     1     8     2    21
  5.2604274075518198E-01 a       972     1     8     2    22
  4.0955578308853263E-01 a       973     1     8     2    23
 -3.9225216037749984E-02 a       974     1     8     2    24
  3.2452688781925454E-01 a       975     1     8     2    25
  8.1083166426218961E-02 a       976     1     9     2     1
  3.8431829979630121E-02 a       977     1     9     2     2
  2.3656801412920220E-01 a       978     1     9     2     3
 -4.3631284182701330E-01 a       979     1     9     2     4
 -1.4375688908022607E-01 a       980     1     9     2     5
 -2.9352249905972594E-01 a       981     1     9     2     6
  1.9080075290293846E-01 a       982     1     9     2     7
 -1.0051486225199045E-01 a       983     1     9     2     8
 -2.6278404172737502E-01 a       984     1     9     2     9
  3.1486980478758647E-01 a       985     1     9     2    10
  1.5189790838026429E-01 a       986     1     9     2    11
  3.8974313986897970E-02 a       987     1     9     2    12
  1.3151581183548991E-01 a       988     1     9     2    13
 -3.7199489034394140E-01 a       989     1     9     2    14
 -8.7824236635912795E-02 a       990     1     9     2    15
  2.5413798984326724E-01 a       991     1     9     2    16
  5.3275961641724168E-01 a       992     1     9     2    17
 -2.0203303743064480E-01 a       993     1     9     2    18
 -5.0971709436763057E-01 a       994     1     9     2    19
  2.8919882574053435E-01 a       995     1     9     2    20
  1.2843191999297560E-01 a       996     1     9     2    21
  8.6734669735132858E-02 a       997     1     9     2    22
 -8.4366913439366295E-02 a       998     1     9     2    23
  6.3001194737881294E-02 a       999     1     9     2    24
  1.6845365416532451E-01 a      1000     1     9     2    25
  2.3178296344635685E-01 a      1001     1    10     2     1
  4.8812102529544221E-01 a      1002     1    10     2     2
 -5.6245796439056250E-01 a      1003     1    10     2     3
 -3.8351961540474122E-01 a      1004     1    10     2     4
  5.2388583792080459E-02 a      1005     1    10     2     5
  1.7404471852881520E-01 a      1006     1    10     2     6
 -1.1357722247908963E+00 a      1007     1    10     2     7
 -6.2198502832552061E-01 a      1008     1    10     2     8
 -1.2426686777833376E+00 a      1009     1    10     2     9
  4.1081203216284257E-01 a      1010     1    10     2    10
  3.1334408850242845E-01 a      1011     1    10     2    11
 -2.2020611900392797E-01 a      1012     1    10     2    12
 -1.6469330378635749E-01 a      1013     1    10     2    13
  6.9407690217988549E-01 a      1014     1    10     2    14
  8.4476467631021657E-01 a      1015     1    10     2    15
  2.9127981064294417E-01 a      1016     1    10     2    16
 -8.3239697403488866E-01 a      1017     1    10     2    17
 -4.7791420922547423E-01 a      1018     1    10     2    18
 -5.4947173367983604E-01 a      1019     1    10     2    19
  2.8976206566178403E-01 a      1020     1    10     2    20
 -3.2532103323258760E-01 a      1021     1    10     2    21
 -2.4409606592132854E-01 a      1022     1    10     2    22
  2.5942051065660099E-01 a      1023     1    10     2    23
 -3.0630584418286561E-01 a      1024     1    10     2    24
  6.7877679315395234E-02 a      1025     1    10     2    25
  2.4769036661368937E-01 a      1026     1    11     2     1
  4.3856926444409161E-01 a      1027     1    11     2     2
 -9.0494347822827476E-02 a      1028     1    11     2     3
 -1.7264472954698698E-01 a      1029     1    11     2     4
 -4.8596016040270883E-02 a      1030     1    11     2     5
  3.9695722625575069E-01 a      1031     1    11     2     6
  9.3201451510075961E-01 a      1032     1    11     2     7
  5.4906195890795417E-01 a      1033     1    11     2     8
 -6.4149626238015733E-01 a      1034     1    11     2     9
 -3.5812230149044311E-01 a      1035     1    11     2    10
 -5.6599187979919674E-01 a      1036     1    11     2    11
 -8.3124688424864895E-02 a      1037     1    11     2    12
 -1.2278106138494692E-01 a      1038     1    11     2    13
 -4.3212932464839365E-01 a      1039     1    11     2    14
  9.2080006574850756E-02 a      1040     1    11     2    15
 -2.4191136552264646E-02 a      1041     1    11     2    16
  1.1250142134947967E+00 a      1042     1    11     2    17
 -3.1629613040101323E-01 a      1043     1    11     2    18
  3.7790331098752905E-03 a      1044     1    11     2    19
  2.4817870904885447E-01 a      1045     1    11     2    20
 -4.6654450574173872E-01 a      1046     1    11     2    21
  2.8465329712691612E-01 a      1047     1    11     2    22
  1.4076608875762897E-01 a      1048     1    11     2    23
  7.4487422054658026E-02 a      1049     1    11     2    24
  6.1437071234314196E-02 a      1050     1    11     2    25
 -1.5328466149153754E-02 a      1051     1    12     2     1
 -1.5929474066358384E-01 a      1052     1    12     2     2
 -6.6581209683662967E-01 a      1053     1    12     2     3
 -5.9823876909423535E-01 a      1054     1    12     2     4
  2.5252870634529332E-02 a      1055     1    12     2     5
  5.9362283554631290E-01 a      1056     1    12     2     6
  5.8883331817663331E-01 a      1057     1    12     2     7
  1.2133976998966391E+00 a      1058     1    12     2     8
  1.6451696026756177E-01 a      1059     1    12     2     9
  8.3935405583121736E-02 a      1060     1    12     2    10
 -1.3896733067972683E-01 a      1061     1    12     2    11
 -1.4448085254634283E-01 a      1062     1    12     2    12
 -3.4504102378607565E-01 a      1063     1    12     2    13
  4.1226037345507544E-01 a      1064     1    12     2    14
 -1.4183058119361242E-01 a      1065     1    12     2    15
  5.1028744688200740E-02 a      1066     1    12     2    16
 -1.1665872875020245E+00 a      1067     1    12     2    17
  2.0557258368871464E-01 a      1068     1    12     2    18
  3.6384711707737660E-01 a      1069     1    12     2    19
  1.3736527617752173E-01 a      1070     1    12     2    20
  2.7133757422049304E-01 a      1071     1    12     2    21
 -6.3988017297364697E-02 a      1072     1    12     2    22
  5.5435060350243058E-02 a      1073     1    12     2    23
 -9.0411873825018196E-02 a      1074     1    12     2    24
 -4.9488776923812861E-01 a      1075     1    12     2    25
 -4.4313170732674378E-02 a      1076     1    13     2     1
  4.6520912129150820E-02 a      1077     1    13     2     2
 -4.0584274626870565E-01 a      1078     1    13     2     3
 -3.4377764430142876E-01 a      1079     1    13     2     4
  1.3678385487560243E-01 a      1080     1    13     2     5
  5.2957862165003078E-01 a      1081     1    13     2     6
  5.8002508294346489E-01 a      1082     1    13     2     7
  2.2729017044097657E-01 a      1083     1    13     2     8
 -4.4736427686583258E-01 a      1084     1    13     2     9
  8.3959782837644409E-02 a      1085     1    13     2    10
  1.1314276111140209E-01 a      1086     1    13     2    11
 -1.7527245753124368E-01 a      1087     1    13     2    12
 -4.4617032554181335E-01 a      1088     1    13     2    13
  2.1905885447968357E-01 a      1089     1    13     2    14
  3.8977017522133611E-01 a      1090     1    13     2    15
 -1.5652229882127236E-02 a      1091     1    13     2    16
  1.0390900526130363E-01 a      1092     1    13     2    17
  3.1712648422054546E-01 a      1093     1    13     2    18
  3.8901012526470014E-01 a      1094     1    13     2    19
 -6.4874972657045685E-02 a      1095     1    13     2    20
 -1.5540568771452783E-02 a      1096     1    13     2    21
 -2.7514338382208910E-02 a      1097     1    13     2    22
  1.1950500339330934E-01 a      1098     1    13     2    23
  2.2926886702760371E-02 a      1099     1    13     2    24
 -2.7774854561125489E-01 a      1100     1    13     2    25
 -2.4133427284871273E-01 a      1101     1    14     2     1
 -1.4388167295950660E-01 a      1102     1    14     2     2
 -2.1376265769341185E-01 a      1103     1    14     2     3
  1.9530778580130198E-01 a      1104     1    14     2     4
  5.1784985025764207E-01 a      1105     1    14     2     5
 -3.0496081171441008E-01 a      1106     1    14     2     6
  2.3735788635540121E-02 a      1107     1    14     2     7
  6.5632910844823894E-02 a      1108     1    14     2     8
  2.1226168878547481E-02 a      1109     1    14     2     9
  4.8246764763323853E-02 a      1110     1    14     2    10
  1.7368713325246002E-01 a      1111     1    14     2    11
  3.8196634528223278E-01 a      1112     1    14     2    12
 -2.5363308013368580E-01 a      1113     1    14     2    13
  4.8851167937194218E-01 a      1114     1    14     2    14
 -1.0332823872262306E-01 a      1115     1    14     2    15
 -5.0795938926990225E-01 a      1116     1    14     2    16
 -1.2571803487400393E-01 a      1117     1    14     2    17
  1.7783303895699365E-01 a      1118     1    14     2    18
  2.9292983751293228E-01 a      1119     1    14     2    19
 -5.6561466258497695E-01 a      1120     1    14     2    20
 -3.0162534664799068E-01 a      1121     1    14     2    21
  5.3225923227972705E-01 a      1122     1    14     2    22
 -4.8680941797879002E-01 a      1123     1    14     2    23
  1.4335569988433919E-01 a      1124     1    14     2    24
 -4.4759584702774846E-01 a      1125     1    14     2    25
 -2.3788446705430885E-01 a      1126     1    15     2     1
 -7.1686482527540785E-02 a      1127     1    15     2     2
 -3.8262821291419008E-01 a      1128     1    15     2     3
  3.3581222597756577E-01 a      1129     1    15     2     4
  3.3228817883252676E-01 a      1130     1    15     2     5
 -3.2005468624110073E-01 a      1131     1    15     2     6
  1.5836123492474211E-01 a      1132     1    15     2     7
  7.8799924166294430E-02 a      1133     1    15     2     8
  4.7586978932412538E-02 a      1134     1    15     2     9
 -4.4565654806225075E-01 a      1135     1    15     2    10
 -2.0300853907407052E-01 a      1136     1    15     2    11
  2.2315330140470271E-01 a      1137     1    15     2    12
  2.0612211667933869E-01 a      1138     1    15     2    13
  3.8910265338347594E-01 a      1139     1    15     2    14
 -4.6227854377317738E-02 a      1140     1    15     2    15
 -3.0581747336773335E-01 a      1141     1    15     2    16
 -1.5193269744865290E-01 a      1142     1    15     2    17
  2.2685862018992481E-01 a      1143     1    15     2    18
 -1.7492375561810714E-01 a      1144     1    15     2    19
 -2.8170530253255982E-01 a      1145     1    15     2    20
  9.7905867849824177E-02 a      1146     1    15     2    21
  4.7551650039799115E-01 a      1147     1    15     2    22
 -1.6347145932914378E-01 a      1148     1    15     2    23
  3.6120738266535107E-01 a      1149     1    15     2    24
  1.2642061602322152E-01 a      1150     1    15     2    25
  1.1524342289734961E-01 a      1151     1    16     2     1
  5.2820735459789547E-01 a      1152     1    16     2     2
  6.1478449298714133E-01 a      1153     1    16     2     3
 -6.3437872316547315E-04 a      1154     1    16     2     4
 -2.0657160182208217E-01 a      1155     1    16     2     5
 -1.6228820772736416E-01 a      1156     1    16     2     6
  4.6800346926168579E-01 a      1157     1    16     2     7
 -5.7841534530394548E-02 a      1158     1    16     2     8
  8.1953665853123445E-03 a      1159     1    16     2     9
 -4.1667718030408474E-02 a      1160     1    16     2    10
 -3.2135658609049289E-01 a      1161     1    16     2    11
 -4.4020972476924619E-01 a      1162     1    16     2    12
  2.8061891493020985E-01 a      1163     1    16     2    13
 -1.0854045878610925E+00 a      1164     1    16     2    14
  6.0838345001048089E-01 a      1165     1    16     2    15
 -2.0424675187012081E-01 a      1166     1    16     2    16
  5.2509245809448668E-01 a      1167     1    16     2    17
 -1.2989082406513472E-01 a      1168     1    16     2    18
 -8.9613090970173670E-02 a      1169     1    16     2    19
  7.2658308196878697E-03 a      1170     1    16     2    20
  9.4442769923819100E-02 a      1171     1    16     2    21
 -1.2298958296590645E-01 a      1172     1    16     2    22
  3.7304908482822913E-01 a      1173     1    16     2    23
 -4.0068124341400724E-01 a      1174     1    16     2    24
  6.1169993430338199E-01 a      1175     1    16     2    25
 -1.9538850966809887E-01 a      1176     1    17     2     1
 -3.0583815892903643E-01 a      1177     1    17     2     2
 -6.5204452967972659E-01 a      1178     1    17     2     3
 -5.3433749603786745E-02 a      1179     1    17     2     4
  2.8158073321907978E-01 a      1180     1    17     2     5
  6.0408157312744210E-02 a      1181     1    17     2     6
  1.0456649030374711E-01 a      1182     1    17     2     7
  2.4981811112475943E-01 a      1183     1    17     2     8
 -2.1308804178258223E-01 a      1184     1    17     2     9
 -1.4262670723607379E-01 a      1185     1    17     2    10
  8.9582216295539654E-02 a      1186     1    17     2    11
  7.9904541850971095E-02 a      1187     1    17     2    12
 -2.4778800880044322E-01 a      1188     1    17     2    13
  6.8174780568495130E-01 a      1189     1    17     2    14
  4.0764571968372221E-01 a      1190     1    17     2    15
  2.8314167543775779E-02 a      1191     1    17     2    16
  1.7555906453271053E-01 a      1192     1    17     2    17
  1.4746328048586543E-01 a      1193     1    17     2    18
 -1.8147677787352649E-02 a      1194     1    17     2    19
 -8.6844957783232687E-02 a      1195     1    17     2    20
 -2.1403900250334074E-01 a      1196     1    17     2    21
  5.3049481583734154E-02 a      1197     1    17     2    22
 -4.9177278281898718E-02 a      1198     1    17     2    23
 -9.7532336601137332E-02 a      1199     1    17     2    24
 -2.9465146630245698E-01 a      1200     1    17     2    25
 -8.6316516671600493E-02 a      1201     1    18     2     1
 -5.5900587123868373E-01 a      1202     1    18     2     2
 -2.2887295940104740E-01 a      1203     1    18     2     3
  3.7311848383899981E-01 a      1204     1    18     2     4
  4.0328976879638329E-01 a      1205     1    18     2     5
  2.2807784593844382E-01 a      1206     1    18     2     6
  4.3478401273653638E-01 a      1207     1    18     2     7
  2.1888839025458642E-02 a      1208     1    18     2     8
  4.5110843636320161E-02 a      1209     1    18     2     9
 -1.9751737099097177E-01 a      1210     1    18     2    10
 -2.0738525195530716E-01 a      1211     1    18     2    11
  3.2347028536254313E-01 a      1212     1    18     2    12
 -2.1342971423640109E-01 a      1213     1    18     2    13
  3.4715563536945770E-01 a      1214     1    18     2    14
 -2.1295325089952624E-01 a      1215     1    18     2    15
 -8.4888493950526134E-01 a      1216     1    18     2    16
  2.8242898050943155E-01 a      1217     1    18     2    17
  7.5057181635128156E-01 a      1218     1    18     2    18
  1.0546413971501151E-01 a      1219     1    18     2    19
 -8.3635034890285398E-01 a      1220     1    18     2    20
 -3.1204667152881677E-01 a      1221     1    18     2    21
  3.9053854435005436E-01 a      1222     1    18     2    22
 -2.8508736822750352E-01 a      1223     1    18     2    23
  8.1400512757437662E-02 a      1224     1    18     2    24
 -5.8368879459294831E-01 a      1225     1    18     2    25
 -1.9147374824214206E-01 a      1226     1    19     2     1
 -1.7806821862999345E-01 a      1227     1    19     2     2
 -2.0828870674627456E-01 a      1228     1    19     2     3
  2.2695231811888852E-01 a      1229     1    19     2     4
  4.0659032220421754E-01 a      1230     1    19     2     5
 -3.5649314922986602E-01 a      1231     1    19     2     6
  1.3006305006740726E-01 a      1232     1    19     2     7
 -5.3336448979904430E-02 a      1233     1    19     2     8
 -1.9426546815214732E-01 a      1234     1    19     2     9
 -1.2337477352211429E-01 a      1235     1    19     2    10
  4.5024149407617231E-02 a      1236     1    19     2    11
  1.9295149103010056E-01 a      1237     1    19     2    12
  1.7857146044471885E-02 a      1238     1    19     2    13
  6.4144514802812036E-01 a      1239     1    19     2    14
  2.4388395872679630E-01 a      1240     1    19     2    15
 -3.1346196360240902E-01 a      1241     1    19     2    16
  3.9636489522427543E-01 a      1242     1    19     2    17
  7.7150493534125075E-01 a      1243     1    19     2    18
 -1.0275308586601935E-01 a      1244     1    19     2    19
 -2.2835506324994406E-01 a      1245     1    19     2    20
 -3.8925506303014074E-01 a      1246     1    19     2    21
  3.5753190142049529E-01 a      1247     1    19     2    22
 -3.3089608930081466E-01 a      1248     1    19     2    23
  4.0015847389347892E-01 a      1249     1    19     2    24
 -3.9851427855482191E-01 a      1250     1    19     2    25
  4.3841751801619921E-02 a      1251     1    20     2     1
 -1.8532539222199430E-02 a      1252     1    20     2     2
  3.0464987472432375E-01 a      1253     1    20     2     3
 -3.0880496453133210E-01 a      1254     1    20     2     4
  1.1536531769026788E-01 a      1255     1    20     2     5
  2.9678818802475310E-01 a      1256     1    20     2     6
  8.2630388968326640E-02 a      1257     1    20     2     7
 -6.8428820040004668E-02 a      1258     1    20     2     8
  2.7839044608543084E-01 a      1259     1    20     2     9
  2.6729097924947787E-01 a      1260     1    20     2    10
  1.1128650275816734E-01 a      1261     1    20     2    11
  8.5595389978865094E-02 a      1262     1    20     2    12
  4.5538228399860309E-01 a      1263     1    20     2    13
 -1.9596661446036120E-01 a      1264     1    20     2    14
 -7.3051787168458560E-01 a      1265     1    20     2    15
  1.5150332135370460E-02 a      1266     1    20     2    16
  2.1216647982300857E-01 a      1267     1    20     2    17
 -1.7925490973678818E-01 a      1268     1    20     2    18
  2.9757529717784409E-01 a      1269     1    20     2    19
  8.8652620356422504E-02 a      1270     1    20     2    20
  2.6231588826147684E-01 a      1271     1    20     2    21
 -4.0527087809517037E-01 a      1272     1    20     2    22
 -4.6239392273132701E-02 a      1273     1    20     2    23
 -2.4022693328254727E-01 a      1274     1    20     2    24
  6.5844755045161851E-01 a      1275     1    20     2    25
  9.1861505366071558E-02 a      1276     1    21     2     1
 -4.4686718199551795E-01 a      1277     1    21     2     2
  9.6541988696627459E-02 a      1278     1    21     2     3
 -7.9850081261027744E-02 a      1279     1    21     2     4
  3.3641001838889456E-01 a      1280     1    21     2     5
 -1.0121428585430012E-01 a      1281     1    21     2     6
 -6.0336361675554595E-01 a      1282     1    21     2     7
 -7.4927173268078651E-01 a      1283     1    21     2     8
 -1.1848997854742099E-01 a      1284     1    21     2     9
 -5.7619682479510115E-01 a      1285     1    21     2    10
  4.5398548409511902E-01 a      1286     1    21     2    11
  8.6540182364871251E-02 a      1287     1    21     2    12
  1.6762736916933743E-01 a      1288     1    21     2    13
  5.0471277777426393E-01 a      1289     1    21     2    14
 -2.7238463947255903E-02 a      1290     1    21     2    15
 -4.5621101682453935E-01 a      1291     1    21     2    16
  8.3952102471949258E-02 a      1292     1    21     2    17
  3.6114025038993547E-01 a      1293     1    21     2    18
  1.3092679928020431E-01 a      1294     1    21     2    19
 -1.0421758860164261E-01 a      1295     1    21     2    20
 -1.1586662619365638E-01 a      1296     1    21     2    21
  5.6292419489019296E-01 a      1297     1    21     2    22
 -3.1130425912034837E-01 a      1298     1    21     2    23
  1.6229201662173914E-01 a      1299     1    21     2    24
 -1.5208182416418486E-01 a      1300     1    21     2    25
  1.9305272730081691E-01 a      1301     1    22     2     1
  3.4544176489347916E-01 a      1302     1    22     2     2
  4.6498376069349950E-01 a      1303     1    22     2     3
  2.6981048222155843E-02 a      1304     1    22     2     4
 -5.0958499552778957E-01 a      1305     1    22     2     5
  1.7828142466088107E-01 a      1306     1    22     2     6
 -3.1105664828912966E-01 a      1307     1    22     2     7
  1.5562837063748894E-01 a      1308     1    22     2     8
  2.7459858370148532E-01 a      1309     1    22     2     9
  2.4098913195375640E-01 a      1310     1    22     2    10
 -2.0944859495091928E-01 a      1311     1    22     2    11
 -3.9535839959772401E-01 a      1312     1    22     2    12
  3.9675863998500321E-01 a      1313     1    22     2    13
 -3.7180265085819725E-01 a      1314     1    22     2    14
 -3.4092214488369249E-01 a      1315     1    22     2    15
  1.0916266261077205E-01 a      1316     1    22     2    16
  3.4772846756157265E-02 a      1317     1    22     2    17
 -5.2260421960905690E-01 a      1318     1    22     2    18
 -2.1664051828891301E-01 a      1319     1    22     2    19
  3.6339199273883577E-01 a      1320     1    22     2    20
  4.5714968926188426E-02 a      1321     1    22     2    21
 -3.8265936394742595E-01 a      1322     1    22     2    22
  3.8805217605197778E-01 a      1323     1    22     2    23
 -2.4310900011745340E-01 a      1324     1    22     2    24
  4.2339176174812099E-01 a      1325     1    22     2    25
 -3.3857469155343656E-01 a      1326     1    23     2     1
 -4.7970036366104485E-01 a      1327     1    23     2     2
 -1.2471050200022532E-01 a      1328     1    23     2     3
  2.1245929910464614E-01 a      1329     1    23     2     4
 -8.0287323207405406E-02 a      1330     1    23     2     5
  1.8727578266755465E-01 a      1331     1    23     2     6
  3.5630541145114747E-01 a      1332     1    23     2     7
  4.8036643777850419E-01 a      1333     1    23     2     8
  2.3251729724056955E-01 a      1334     1    23     2     9
 -3.1195373221619260E-01 a      1335     1    23     2    10
  2.0959660298067548E-02 a      1336     1    23     2    11
 -1.8128182201952009E-01 a      1337     1    23     2    12
  2.9306524151006103E-01 a      1338     1    23     2    13
  1.9084985913151209E-01 a      1339     1    23     2    14
 -1.7903447074948386E-01 a      1340     1    23     2    15
  3.2830321458842911E-02 a      1341     1    23     2    16
 -6.2876313106036724E-02 a      1342     1    23     2    17
 -3.0176947052077564E-02 a      1343     1    23     2    18
  1.2210898729377145E-01 a      1344     1    23     2    19
  1.6232802932133228E-01 a      1345     1    23     2    20
  4.4306876429995434E-01 a      1346     1    23     2    21
 -1.8818854281958911E-01 a      1347     1    23     2    22
  9.0417181937723190E-02 a      1348     1    23     2    23
 -3.5900200688073441E-01 a      1349     1    23     2    24
 -1.7968941853438744E-01 a      1350     1    23     2    25
 -4.1583410825649275E-01 a      1351     1    24     2     1
 -7.1262631672910831E-02 a      1352     1    24     2     2
 -5.4334791385959987E-02 a      1353     1    24     2     3
  4.6538839822699074E-01 a      1354     1    24     2     4
 -6.7373460258061416E-02 a      1355     1    24     2     5
 -2.3233793559856619E-01 a      1356     1    24     2     6
 -3.0370616806550849E-01 a      1357     1    24     2     7
  4.5025633463268142E-02 a      1358     1    24     2     8
  3.7525146292277761E-01 a      1359     1    24     2     9
 -4.6558246362105721E-01 a      1360     1    24     2    10
  2.2803278358988363E-01 a      1361     1    24     2    11
  2.1185533499627401E-01 a      1362     1    24     2    12
  3.1344009553895885E-01 a      1363     1    24     2    13
  2.3583807416114741E-01 a      1364     1    24     2    14
 -4.3311758144852380E-01 a      1365     1    24     2    15
 -2.5261279568185113E-01 a      1366     1    24     2    16
 -3.9671395837787699E-01 a      1367     1    24     2    17
 -1.3175087937856794E-01 a      1368     1    24     2    18
 -2.1301494517579780E-01 a      1369     1    24     2    19
 -3.6799922889596726E-01 a      1370     1    24     2    20
  2.3372201299079565E-01 a      1371     1    24     2    21
 -6.9741206227994304E-02 a      1372     1    24     2    22
 -4.2144282518528942E-01 a      1373     1    24     2    23
 -3.1630772914083533E-02 a      1374     1    24     2    24
 -1.0450277829447185E-01 a      1375     1    24     2    25
  6.2036096745802682E-01 a      1376     1    25     2     1
  1.9737414140066512E-01 a      1377     1    25     2     2
  6.7317079275919556E-01 a      1378     1    25     2     3
 -2.1028118908608825E-01 a      1379     1    25     2     4
 -4.1379463249493348E-01 a      1380     1    25     2     5
  1.1857042262527244E-01 a      1381     1    25     2     6
 -2.3299223289881824E-01 a      1382     1    25     2     7
 -5.5279409357395026E-01 a      1383     1    25     2     8
  1.2619769606615741E-01 a      1384     1    25     2     9
  1.6460018955848560E-01 a      1385     1    25     2    10
  2.8785116086526502E-01 a      1386     1    25     2    11
 -1.9685837935013653E-01 a      1387     1    25     2    12
  1.3278046007533714E-01 a      1388     1    25     2    13
 -3.4238804647521298E-01 a      1389     1    25     2    14
 -6.7402394024181411E-02 a      1390     1    25     2    15
  1.6900446243895417E-01 a      1391     1    25     2    16
  9.2843237987413607E-01 a      1392     1    25     2    17
 -7.0858753925160167E-02 a      1393     1    25     2    18
 -4.8576221669551639E-01 a      1394     1    25     2    19
  2.4186158173437194E-01 a      1395     1    25     2    20
 -1.3112661813952070E-02 a      1396     1    25     2    21
 -3.4960645975000815E-01 a      1397     1    25     2    22
  3.9523044471473873E-01 a      1398     1    25     2    23
 -7.0085485040732587E-02 a      1399     1    25     2    24
  8.2106095128036835E-02 a      1400     1    25     2    25
 -9.3236995382371693E-02 b      1401     2     1
 -4.8585376683136922E-01 b      1402     2     2
 -6.0955617320997235E-01 b      1403     2     3
  1.6553808968092784E-01 b      1404     2     4
  5.1586508016841803E-01 b      1405     2     5
 -8.9075480598124077E-02 b      1406     2     6
  4.3984862396628188E-01 b      1407     2     7
 -2.9818695832195768E-01 b      1408     2     8
 -1.1317342372325347E-01 b      1409     2     9
 -2.8906570945561522E-01 b      1410     2    10
 -1.9634308610532644E-01 b      1411     2    11
  3.5114008003422487E-01 b      1412     2    12
 -6.5814049261643526E-01 b      1413     2    13
  1.0648959586501072E+00 b      1414     2    14
  4.5017600216453846E-01 b      1415     2    15
 -8.0211347122788856E-01 b      1416     2    16
  6.2517219265929222E-02 b      1417     2    17
  6.5419436261414277E-01 b      1418     2    18
  2.2208868095364098E-02 b      1419     2    19
 -5.2159656007251909E-01 b      1420     2    20
 -4.0024455418123933E-01 b      1421     2    21
  1.0146868585183820E-01 b      1422     2    22
 -5.1062687569180909E-01 b      1423     2    23
  3.4380345529170775E-01 b      1424     2    24
 -4.6717031607814583E-02 b      1425     2    25
  8.8847040501266933E-02 a      1426     2     1     3     1
  1.7157713733615929E-01 a      1427     2     2     3     1
 -7.3306925074130141E-02 a      1428     2     3     3     1
  3.0006399291924546E-01 a      1429     2     4     3     1
  4.1682378682324328E-01 a      1430     2     5     3     1
  1.1575064316806634E+00 a      1431     2     6     3     1
  1.9366425319612048E+00 a      1432     2     7     3     1
  1.3799856037307205E+00 a      1433     2     8     3     1
 -9.2383021105848534E-02 a      1434     2     9     3     1
  1.7680777163840383E-01 a      1435     2    10     3     1
  9.0603658402249918E-02 a      1436     2    11     3     1
 -3.4850319396308566E-01 a      1437     2    12     3     1
 -9.9102588599460884E-01 a      1438     2    13     3     1
 -2.0025343903141185E-01 a      1439     2    14     3     1
  6.9160656897723438E-02 a      1440     2    15     3     1
 -1.0908340902967701E+00 a      1441     2    16     3     1
  2.1546106843758590E+00 a      1442     2    17     3     1
  5.0876565933208044E-02 a      1443     2    18     3     1
  8.0048185923190651E-01 a      1444     2    19     3     1
 -9.1732073292546878E-01 a      1445     2    20     3     1
 -1.8515266098914873E-01 a      1446     2    21     3     1
  1.3881791841701316E+00 a      1447     2    22     3     1
 -1.7998609126060830E-01 a      1448     2    23     3     1
  1.3681374634732442E-02 a      1449     2    24     3     1
 -8.0262066180833669E-01 a      1450     2    25     3     1
  3.7643017955923624E-01 b      1451     3     1
