################################################################################
# Neural network connection values (weights and biases).
################################################################################
# Col  Name       Description
################################################################################
# 1    connection Neural network connection value.
# 2    t          Connection type (a = weight, b = bias).
# 3    index      Index enumerating weights.
# 4    l_s        Starting point layer (end point layer for biases).
# 5    n_s        Starting point neuron in starting layer (end point neuron for biases).
# 6    l_e        End point layer.
# 7    n_e        End point neuron in end layer.
################################################################################
#                      1 2         3     4     5     6     7
#             connection t     index   l_s   n_s   l_e   n_e
############################################################
  2.0285464936427602E-01 a         1     0     1     1     1
 -4.0594485047985307E-01 a         2     0     1     1     2
 -1.4086447029252513E-01 a         3     0     1     1     3
 -4.9338328017571056E-02 a         4     0     1     1     4
 -2.3381836842885007E-01 a         5     0     1     1     5
 -5.1634083910076023E-01 a         6     0     1     1     6
  2.3184301828873830E-01 a         7     0     1     1     7
 -3.9722883260530958E-02 a         8     0     1     1     8
  1.2121947781703248E+00 a         9     0     1     1     9
 -1.8025237703043820E-01 a        10     0     1     1    10
  2.4347652700011074E-01 a        11     0     1     1    11
 -1.0206495889040229E-01 a        12     0     1     1    12
  4.1805752860396178E-01 a        13     0     1     1    13
  2.6684288069783302E-01 a        14     0     1     1    14
  3.9410594721810577E-01 a        15     0     1     1    15
  3.5380068913656160E-01 a        16     0     1     1    16
 -6.1487894816443081E-02 a        17     0     1     1    17
  4.5891109434870231E-01 a        18     0     1     1    18
 -5.4485871855543766E-01 a        19     0     1     1    19
 -1.5094585855929299E-01 a        20     0     1     1    20
  9.0588302738137588E-02 a        21     0     1     1    21
 -1.1829345087910226E-01 a        22     0     1     1    22
 -1.4568846738322461E-01 a        23     0     1     1    23
 -3.5096188563518588E-01 a        24     0     1     1    24
  6.4417899993064787E-01 a        25     0     1     1    25
 -1.3732859961740967E-01 a        26     0     2     1     1
 -7.2624517004054057E-01 a        27     0     2     1     2
 -4.4766064345813372E-01 a        28     0     2     1     3
  5.0659825651431922E-01 a        29     0     2     1     4
 -2.1169017924561179E-01 a        30     0     2     1     5
 -3.6013333423280586E-01 a        31     0     2     1     6
  4.2305919764037597E-01 a        32     0     2     1     7
  1.1547918884364039E-01 a        33     0     2     1     8
  7.7050265212063218E-01 a        34     0     2     1     9
 -1.9644246876122065E-01 a        35     0     2     1    10
  3.8709075831701178E-01 a        36     0     2     1    11
  5.5848766998220123E-01 a        37     0     2     1    12
 -6.8256236877175275E-02 a        38     0     2     1    13
 -2.2663369023713531E-01 a        39     0     2     1    14
  7.8543295859905937E-01 a        40     0     2     1    15
  3.5765428002091387E-01 a        41     0     2     1    16
  1.9336066984147932E-01 a        42     0     2     1    17
  9.7254031437965599E-02 a        43     0     2     1    18
 -1.5549953865042229E-01 a        44     0     2     1    19
 -9.1873766879049662E-02 a        45     0     2     1    20
  6.3699501314090989E-01 a        46     0     2     1    21
  7.6188009341342261E-02 a        47     0     2     1    22
  8.9001854652808576E-01 a        48     0     2     1    23
 -5.1094386510520083E-02 a        49     0     2     1    24
  6.9253754728053663E-01 a        50     0     2     1    25
  1.1057614610353361E-01 a        51     0     3     1     1
 -5.9623025587451428E-01 a        52     0     3     1     2
  5.2882014063314234E-02 a        53     0     3     1     3
  4.6930995454617186E-01 a        54     0     3     1     4
 -2.7006404763248038E-01 a        55     0     3     1     5
 -5.6879521285265189E-01 a        56     0     3     1     6
  7.9902483763201659E-01 a        57     0     3     1     7
  1.1919365110853679E-01 a        58     0     3     1     8
  6.9826627223480353E-01 a        59     0     3     1     9
 -1.4698258594364919E-01 a        60     0     3     1    10
  3.7043540460215457E-01 a        61     0     3     1    11
  8.6384364257582613E-02 a        62     0     3     1    12
  1.5693252708221500E-01 a        63     0     3     1    13
 -1.3210858368517664E-01 a        64     0     3     1    14
  1.1225870696226795E-01 a        65     0     3     1    15
 -6.0634420901433290E-02 a        66     0     3     1    16
 -5.3503121247549759E-02 a        67     0     3     1    17
  5.1104585526500557E-01 a        68     0     3     1    18
 -5.6577343019774540E-01 a        69     0     3     1    19
 -2.9932875645733525E-01 a        70     0     3     1    20
  1.6716612067497871E-01 a        71     0     3     1    21
  8.7046253552262753E-02 a        72     0     3     1    22
 -3.5360927248882368E-01 a        73     0     3     1    23
 -1.4947735012070434E-01 a        74     0     3     1    24
  2.7043617138169118E-01 a        75     0     3     1    25
 -2.4074074424752773E-01 a        76     0     4     1     1
 -4.8280868715169667E-01 a        77     0     4     1     2
 -6.9739987541980331E-01 a        78     0     4     1     3
  8.0628235519344782E-02 a        79     0     4     1     4
 -3.3890736344033834E-01 a        80     0     4     1     5
  2.1299001776139070E-01 a        81     0     4     1     6
  7.3919078765947666E-01 a        82     0     4     1     7
 -2.4843277302363820E-01 a        83     0     4     1     8
  2.3871241301731508E-01 a        84     0     4     1     9
 -5.8063287836358501E-01 a        85     0     4     1    10
  2.4234618191440219E-01 a        86     0     4     1    11
  2.4342102150708611E-01 a        87     0     4     1    12
  1.5090581378115769E-01 a        88     0     4     1    13
 -6.7546200887435359E-01 a        89     0     4     1    14
  9.8780865785625083E-01 a        90     0     4     1    15
  1.4551183692834579E-01 a        91     0     4     1    16
  4.2927933563990917E-01 a        92     0     4     1    17
 -2.3327024341434934E-02 a        93     0     4     1    18
  1.1869666744682389E-01 a        94     0     4     1    19
 -6.4809498485169759E-01 a        95     0     4     1    20
  1.3499586422905677E-01 a        96     0     4     1    21
  9.2901193411304039E-02 a        97     0     4     1    22
  8.0101491373609379E-01 a        98     0     4     1    23
 -3.1303518305858639E-02 a        99     0     4     1    24
  7.0578707098597493E-01 a       100     0     4     1    25
 -2.8658212175689751E-01 a       101     0     5     1     1
 -3.9294704695514299E-01 a       102     0     5     1     2
  3.2401911068356803E-01 a       103     0     5     1     3
  1.1304097355739591E-01 a       104     0     5     1     4
 -4.0384243691480692E-01 a       105     0     5     1     5
 -1.9990227309299602E-01 a       106     0     5     1     6
  5.6170326643355029E-01 a       107     0     5     1     7
 -3.0001374043408924E-01 a       108     0     5     1     8
  9.4703750879677293E-02 a       109     0     5     1     9
 -2.9349428957458756E-01 a       110     0     5     1    10
  8.2402831469583981E-01 a       111     0     5     1    11
  4.9469028844742019E-01 a       112     0     5     1    12
  3.7856918643094872E-01 a       113     0     5     1    13
 -7.6014282170747766E-02 a       114     0     5     1    14
  2.8462024070049267E-02 a       115     0     5     1    15
 -2.2928392264266179E-01 a       116     0     5     1    16
 -1.6570504042851270E-01 a       117     0     5     1    17
  2.6619074729829661E-01 a       118     0     5     1    18
 -1.7763816582420519E-01 a       119     0     5     1    19
 -8.9396758160125245E-01 a       120     0     5     1    20
 -5.7351669749067330E-02 a       121     0     5     1    21
 -5.3558335814975977E-01 a       122     0     5     1    22
 -4.0863483498471792E-01 a       123     0     5     1    23
  2.2998743516309633E-01 a       124     0     5     1    24
 -3.7409664706349804E-01 a       125     0     5     1    25
 -2.9033596974098724E-01 a       126     0     6     1     1
 -1.8229974445426764E-01 a       127     0     6     1     2
 -3.3278082772551759E-01 a       128     0     6     1     3
  2.5324374997268495E-01 a       129     0     6     1     4
  9.7275667148122927E-02 a       130     0     6     1     5
  2.3520947167229696E-02 a       131     0     6     1     6
  6.6568715667933132E-01 a       132     0     6     1     7
 -1.7350628119384517E-01 a       133     0     6     1     8
  1.8600118760088102E-01 a       134     0     6     1     9
 -3.6011751080054621E-01 a       135     0     6     1    10
  3.8618752233582088E-01 a       136     0     6     1    11
  1.4678148717552339E-01 a       137     0     6     1    12
  6.4167986456682358E-01 a       138     0     6     1    13
 -2.9153731572056285E-01 a       139     0     6     1    14
  6.2193795758976800E-01 a       140     0     6     1    15
  3.1557376326398318E-01 a       141     0     6     1    16
  4.4510955841007803E-02 a       142     0     6     1    17
  1.0981435232623869E-01 a       143     0     6     1    18
  2.5186226974447590E-01 a       144     0     6     1    19
 -4.5365895236153952E-01 a       145     0     6     1    20
  2.8090008414978279E-01 a       146     0     6     1    21
 -8.2361596915703411E-02 a       147     0     6     1    22
  5.5325823385598960E-01 a       148     0     6     1    23
 -3.0849856180464769E-01 a       149     0     6     1    24
  6.9444275180983539E-01 a       150     0     6     1    25
 -2.8134544558818747E-01 a       151     0     7     1     1
 -3.1894551438706176E-01 a       152     0     7     1     2
 -2.1687717687766266E-02 a       153     0     7     1     3
 -8.9491960045095423E-02 a       154     0     7     1     4
 -2.9398649459818377E-01 a       155     0     7     1     5
 -3.9638221075264718E-01 a       156     0     7     1     6
  2.0126336432249725E-01 a       157     0     7     1     7
 -4.2210713021737845E-01 a       158     0     7     1     8
  2.8095640066821459E-01 a       159     0     7     1     9
 -3.1729135299278882E-01 a       160     0     7     1    10
  7.4547212236001170E-01 a       161     0     7     1    11
  5.8699442675772717E-01 a       162     0     7     1    12
  2.2825531792741374E-01 a       163     0     7     1    13
 -1.7490566958300158E-01 a       164     0     7     1    14
 -8.0484825395760129E-02 a       165     0     7     1    15
  3.0526826105506383E-01 a       166     0     7     1    16
  1.9585973210571803E-01 a       167     0     7     1    17
 -5.8299626137606440E-02 a       168     0     7     1    18
 -3.7585639069347354E-01 a       169     0     7     1    19
 -3.1204827808245506E-01 a       170     0     7     1    20
 -2.2045896387646963E-01 a       171     0     7     1    21
 -7.6875792155225287E-01 a       172     0     7     1    22
 -1.6424535750027093E-02 a       173     0     7     1    23
  3.5977175972664732E-01 a       174     0     7     1    24
 -9.7524046873222792E-01 a       175     0     7     1    25
 -2.1335210893506755E-02 a       176     0     8     1     1
 -4.1018901953862619E-01 a       177     0     8     1     2
  1.8576533980548571E-01 a       178     0     8     1     3
  1.8251541243632174E-01 a       179     0     8     1     4
 -3.9049867984704595E-01 a       180     0     8     1     5
  4.1496010890908752E-01 a       181     0     8     1     6
  4.7601033590022865E-02 a       182     0     8     1     7
 -3.8751821837095540E-01 a       183     0     8     1     8
  8.0704590055259562E-01 a       184     0     8     1     9
 -4.3778891089642181E-04 a       185     0     8     1    10
 -4.0318259140849827E-01 a       186     0     8     1    11
 -3.2700193472200800E-01 a       187     0     8     1    12
 -4.9653824680036894E-02 a       188     0     8     1    13
 -1.5834030712163993E-01 a       189     0     8     1    14
 -6.8542694672604192E-03 a       190     0     8     1    15
  4.3852905582086776E-01 a       191     0     8     1    16
 -7.4245726909182037E-03 a       192     0     8     1    17
 -3.1779430454295116E-01 a       193     0     8     1    18
 -1.2438289943033767E-01 a       194     0     8     1    19
  3.5958575840954943E-01 a       195     0     8     1    20
 -1.1466743714693395E-01 a       196     0     8     1    21
  7.7197129648220331E-03 a       197     0     8     1    22
  3.0906936229048299E-01 a       198     0     8     1    23
 -2.0219197189828847E-01 a       199     0     8     1    24
  2.9278274022357903E-01 a       200     0     8     1    25
  4.6594441349754329E-01 a       201     0     9     1     1
 -3.6871328398932096E-01 a       202     0     9     1     2
  8.5499113463834109E-01 a       203     0     9     1     3
  7.6004831735078926E-01 a       204     0     9     1     4
 -2.1055281083522170E-01 a       205     0     9     1     5
  2.9703445567936648E-01 a       206     0     9     1     6
 -1.4600302737757878E+00 a       207     0     9     1     7
 -7.1806361398969432E-01 a       208     0     9     1     8
  1.3172888602670920E+00 a       209     0     9     1     9
  2.7543486496866620E-01 a       210     0     9     1    10
 -3.6328991861191207E-01 a       211     0     9     1    11
  4.6714569829353639E-02 a       212     0     9     1    12
 -4.4204602494607843E-02 a       213     0     9     1    13
 -6.0075115407544610E-01 a       214     0     9     1    14
 -1.1538599350626917E-01 a       215     0     9     1    15
  3.6627243330550746E-01 a       216     0     9     1    16
 -3.5991164404788784E-01 a       217     0     9     1    17
  2.7181306607964756E-01 a       218     0     9     1    18
 -5.5243511106868848E-01 a       219     0     9     1    19
  1.1215336983267843E+00 a       220     0     9     1    20
 -5.2819539823324790E-01 a       221     0     9     1    21
 -4.0992934737890213E-01 a       222     0     9     1    22
  3.8280255458985907E-01 a       223     0     9     1    23
  5.4285865683148549E-01 a       224     0     9     1    24
 -1.4545716857671187E-01 a       225     0     9     1    25
  1.0065999067651611E-01 a       226     0    10     1     1
  2.3490884010754526E-02 a       227     0    10     1     2
  9.0085395852223027E-02 a       228     0    10     1     3
  1.6460926970364315E-01 a       229     0    10     1     4
 -2.3132056904099519E-02 a       230     0    10     1     5
  1.8500722929005672E-02 a       231     0    10     1     6
  2.3840202657109434E-02 a       232     0    10     1     7
 -1.3580325007332075E-01 a       233     0    10     1     8
  5.6054135492835333E-01 a       234     0    10     1     9
 -3.9916171685842122E-01 a       235     0    10     1    10
  6.6986986606926990E-01 a       236     0    10     1    11
  2.7254127872107470E-01 a       237     0    10     1    12
  4.5026535022839304E-01 a       238     0    10     1    13
 -1.6981512994341197E-01 a       239     0    10     1    14
 -6.7888847592328572E-01 a       240     0    10     1    15
  5.8890695516156263E-02 a       241     0    10     1    16
  1.8253070415995926E-01 a       242     0    10     1    17
 -1.6105237101313782E-01 a       243     0    10     1    18
 -3.5243387529033215E-01 a       244     0    10     1    19
 -3.1276980711214084E-02 a       245     0    10     1    20
 -2.5457760699973575E-01 a       246     0    10     1    21
 -3.7001401874835926E-01 a       247     0    10     1    22
  2.7560811527096418E-01 a       248     0    10     1    23
  2.6705505077676855E-01 a       249     0    10     1    24
 -1.4330330372754043E+00 a       250     0    10     1    25
  6.0453683849223172E-01 a       251     0    11     1     1
 -1.7517696727512611E-01 a       252     0    11     1     2
  1.1444031386959734E-01 a       253     0    11     1     3
  2.8366844039563099E-01 a       254     0    11     1     4
 -3.8777117206285333E-01 a       255     0    11     1     5
  3.1079622705268839E-01 a       256     0    11     1     6
 -1.3663347289811543E+00 a       257     0    11     1     7
  5.7297608133945153E-02 a       258     0    11     1     8
  1.0775983275979921E+00 a       259     0    11     1     9
  2.9483083453235254E-01 a       260     0    11     1    10
 -1.1293239144094450E-01 a       261     0    11     1    11
 -6.8227256891689259E-01 a       262     0    11     1    12
 -9.4550022436741599E-01 a       263     0    11     1    13
  7.5140635240995945E-01 a       264     0    11     1    14
  1.9918276548530367E-01 a       265     0    11     1    15
 -4.1223548179580100E-01 a       266     0    11     1    16
  4.3179745137148162E-01 a       267     0    11     1    17
  1.8699070238971235E-01 a       268     0    11     1    18
 -2.0473876843872174E-01 a       269     0    11     1    19
  7.8799710106181042E-01 a       270     0    11     1    20
  8.7617088573374038E-02 a       271     0    11     1    21
  4.5274324864460008E-01 a       272     0    11     1    22
  6.8397639826236400E-01 a       273     0    11     1    23
 -3.8261199049284078E-01 a       274     0    11     1    24
  1.7357060566935065E+00 a       275     0    11     1    25
  1.0863920944021566E-01 a       276     0    12     1     1
 -6.4396398627045426E-01 a       277     0    12     1     2
 -1.3689325629464405E-01 a       278     0    12     1     3
  3.7802210801214564E-01 a       279     0    12     1     4
  1.0359226861025538E-01 a       280     0    12     1     5
 -1.9367957712006548E-01 a       281     0    12     1     6
 -9.2523768354414337E-02 a       282     0    12     1     7
  4.9318475332273370E-01 a       283     0    12     1     8
  1.3688968958140246E-01 a       284     0    12     1     9
  2.0577539076228865E-01 a       285     0    12     1    10
 -1.3045886863551065E-01 a       286     0    12     1    11
  8.7048589435965076E-03 a       287     0    12     1    12
 -2.6362187611595433E-01 a       288     0    12     1    13
 -2.0668320307410151E-01 a       289     0    12     1    14
 -1.0858181065176751E+00 a       290     0    12     1    15
  3.7529198453055918E-01 a       291     0    12     1    16
 -1.9198235763496121E-01 a       292     0    12     1    17
 -1.1262248285092484E-01 a       293     0    12     1    18
 -3.4054443260586453E-01 a       294     0    12     1    19
  5.5596842108357669E-01 a       295     0    12     1    20
 -2.1298177297794235E-01 a       296     0    12     1    21
 -2.1174263377769920E-01 a       297     0    12     1    22
 -3.4745954639482254E-02 a       298     0    12     1    23
 -1.4929981333950709E-01 a       299     0    12     1    24
 -7.7307970649098967E-01 a       300     0    12     1    25
  3.4433517671773528E-01 a       301     0    13     1     1
 -1.4046584968595782E-01 a       302     0    13     1     2
  2.3146678891399039E-01 a       303     0    13     1     3
  2.1270144770346106E-01 a       304     0    13     1     4
  1.7263981825702615E-01 a       305     0    13     1     5
  3.0287556646990904E-01 a       306     0    13     1     6
 -1.1027475987381594E+00 a       307     0    13     1     7
 -1.2876036921443498E-01 a       308     0    13     1     8
  7.4328074625192420E-01 a       309     0    13     1     9
  5.7590998351346046E-01 a       310     0    13     1    10
 -1.5140163280405802E-01 a       311     0    13     1    11
 -7.8277776694210854E-01 a       312     0    13     1    12
 -1.1859608578568230E+00 a       313     0    13     1    13
  1.7576956571467615E+00 a       314     0    13     1    14
  7.4496581322530853E-01 a       315     0    13     1    15
 -1.0431203425791731E+00 a       316     0    13     1    16
  6.9018117233204013E-01 a       317     0    13     1    17
 -1.0533820989675445E-01 a       318     0    13     1    18
  4.5555655012803065E-01 a       319     0    13     1    19
  1.1363033079923137E+00 a       320     0    13     1    20
  7.7892764056176766E-01 a       321     0    13     1    21
  6.6552739537310623E-01 a       322     0    13     1    22
  4.0229532823025865E-01 a       323     0    13     1    23
 -8.2903998876573171E-01 a       324     0    13     1    24
  2.5661192552505474E+00 a       325     0    13     1    25
  6.8267232585271032E-01 a       326     0    14     1     1
 -2.4391144931735145E-01 a       327     0    14     1     2
  9.8851181536867977E-02 a       328     0    14     1     3
  1.3403769080671687E-01 a       329     0    14     1     4
 -2.6018577215505428E-01 a       330     0    14     1     5
 -1.9703139835090899E-01 a       331     0    14     1     6
 -1.6328300477235130E-01 a       332     0    14     1     7
  5.5403335059822090E-01 a       333     0    14     1     8
 -6.8143293917253522E-01 a       334     0    14     1     9
  4.4231924661343547E-01 a       335     0    14     1    10
  1.0127610246700482E-01 a       336     0    14     1    11
  3.9840091984348025E-01 a       337     0    14     1    12
 -6.0756266513164570E-01 a       338     0    14     1    13
 -3.4756370583435919E-01 a       339     0    14     1    14
 -7.1969621450896104E-01 a       340     0    14     1    15
  4.3420808803990782E-03 a       341     0    14     1    16
  4.1033297416259673E-01 a       342     0    14     1    17
 -1.6319830718180262E-02 a       343     0    14     1    18
  3.2539389514018002E-01 a       344     0    14     1    19
  9.4163908087718948E-02 a       345     0    14     1    20
  3.9503591310026359E-01 a       346     0    14     1    21
 -4.1676249639901664E-01 a       347     0    14     1    22
 -2.0260467139560265E-01 a       348     0    14     1    23
 -6.1859810744811405E-01 a       349     0    14     1    24
 -4.0237795972027174E-01 a       350     0    14     1    25
  3.8373819337816462E-01 a       351     0    15     1     1
 -5.0156133310549755E-03 a       352     0    15     1     2
  6.4523850669784399E-01 a       353     0    15     1     3
  7.1874768770359798E-01 a       354     0    15     1     4
  2.1376331779264821E-01 a       355     0    15     1     5
 -2.1930980168990799E-01 a       356     0    15     1     6
 -2.6360105381122628E-01 a       357     0    15     1     7
 -4.3893489410249148E-01 a       358     0    15     1     8
  6.6240592675123133E-01 a       359     0    15     1     9
  6.4783793258287614E-01 a       360     0    15     1    10
 -3.4649649966077078E-01 a       361     0    15     1    11
 -1.3213238701423298E+00 a       362     0    15     1    12
 -8.0006762271929710E-01 a       363     0    15     1    13
  8.7322421195911792E-01 a       364     0    15     1    14
  6.8220024005109214E-01 a       365     0    15     1    15
 -1.0264290483720016E+00 a       366     0    15     1    16
  2.6761916289540860E-02 a       367     0    15     1    17
 -2.4096050488749890E-01 a       368     0    15     1    18
 -1.1502872489282315E-01 a       369     0    15     1    19
  8.4257247434557925E-01 a       370     0    15     1    20
  7.3647913502152862E-01 a       371     0    15     1    21
  4.7471480099827840E-01 a       372     0    15     1    22
 -8.6981957778966579E-01 a       373     0    15     1    23
 -6.9513234074008745E-01 a       374     0    15     1    24
  1.6251880824528768E+00 a       375     0    15     1    25
  7.1991433355132950E-01 a       376     0    16     1     1
  2.9745769528553956E-01 a       377     0    16     1     2
  3.0097337044820477E-01 a       378     0    16     1     3
 -3.3952907373583258E-01 a       379     0    16     1     4
 -5.1461964221433609E-01 a       380     0    16     1     5
 -1.7370953000426392E-01 a       381     0    16     1     6
  4.4610144990129014E-01 a       382     0    16     1     7
  2.4938752639550141E-01 a       383     0    16     1     8
 -9.7461997148128376E-01 a       384     0    16     1     9
  4.6551628227245134E-01 a       385     0    16     1    10
  4.6618977741779183E-01 a       386     0    16     1    11
  3.8697017119332455E-01 a       387     0    16     1    12
  1.7941596949737015E-01 a       388     0    16     1    13
  1.5064443451295520E-01 a       389     0    16     1    14
 -2.6498619683870295E-01 a       390     0    16     1    15
 -5.8075375848171495E-01 a       391     0    16     1    16
  1.4472071938484568E+00 a       392     0    16     1    17
 -4.7656617841452426E-01 a       393     0    16     1    18
  3.6715235457307166E-01 a       394     0    16     1    19
  5.0329338580278535E-02 a       395     0    16     1    20
  8.8416789608197388E-01 a       396     0    16     1    21
 -4.7340661448021526E-01 a       397     0    16     1    22
  2.7719900616882998E-01 a       398     0    16     1    23
 -9.2832398954245010E-01 a       399     0    16     1    24
 -1.6713720083371228E-01 a       400     0    16     1    25
  2.2684391328577941E-01 a       401     0    17     1     1
 -5.2288157668461210E-01 a       402     0    17     1     2
  1.1005334127836817E+00 a       403     0    17     1     3
  8.6983659838138605E-02 a       404     0    17     1     4
 -1.5950130868339113E-01 a       405     0    17     1     5
  9.0131950560201979E-01 a       406     0    17     1     6
 -2.2211060727968635E+00 a       407     0    17     1     7
  3.1173428463559427E-01 a       408     0    17     1     8
  6.1250985848400341E-01 a       409     0    17     1     9
  1.7490809408039809E-01 a       410     0    17     1    10
  1.8858656107785218E-01 a       411     0    17     1    11
  1.3838933658181637E-01 a       412     0    17     1    12
 -1.0600784610783307E+00 a       413     0    17     1    13
  1.7866467600036753E+00 a       414     0    17     1    14
  3.2731751614253374E-01 a       415     0    17     1    15
  8.0578012001507437E-01 a       416     0    17     1    16
 -4.1426533271570254E-01 a       417     0    17     1    17
 -5.9685569433808178E-02 a       418     0    17     1    18
  1.0854741835190829E-01 a       419     0    17     1    19
 -2.8607075901295093E-01 a       420     0    17     1    20
 -5.4741265537954487E-01 a       421     0    17     1    21
 -1.4618122798320457E-01 a       422     0    17     1    22
  1.0735312259351368E+00 a       423     0    17     1    23
 -3.4888652018362654E-01 a       424     0    17     1    24
  5.6364690049696894E-02 a       425     0    17     1    25
 -2.4681445757214590E-01 a       426     0    18     1     1
 -4.0883650445543546E-01 a       427     0    18     1     2
 -9.9137768051619723E-01 a       428     0    18     1     3
 -2.0154339798973162E-01 a       429     0    18     1     4
 -2.6134874999632873E-01 a       430     0    18     1     5
  3.8691361393311974E-02 a       431     0    18     1     6
 -1.3701133916340185E+00 a       432     0    18     1     7
 -1.4942912690065890E-01 a       433     0    18     1     8
  4.1744018540217681E-01 a       434     0    18     1     9
 -3.1670770467991793E-01 a       435     0    18     1    10
  6.8319173323576132E-01 a       436     0    18     1    11
  4.7128071179194586E-01 a       437     0    18     1    12
  3.5144947612007066E-02 a       438     0    18     1    13
 -1.0493032365493786E-01 a       439     0    18     1    14
 -3.5278832122475991E-02 a       440     0    18     1    15
 -1.2669714265826554E-01 a       441     0    18     1    16
 -2.8254996203721860E-01 a       442     0    18     1    17
  2.6080816752063857E-01 a       443     0    18     1    18
  1.3423657069719322E-01 a       444     0    18     1    19
 -5.5256683130078021E-01 a       445     0    18     1    20
 -1.2366537372107531E-01 a       446     0    18     1    21
  3.0575475020594561E-01 a       447     0    18     1    22
 -1.1446828201979577E-01 a       448     0    18     1    23
 -4.9238983013142085E-01 a       449     0    18     1    24
  8.9943959610652810E-02 a       450     0    18     1    25
  6.2406584508542773E-01 a       451     0    19     1     1
 -6.0249270854688597E-01 a       452     0    19     1     2
  2.8221218242762042E-01 a       453     0    19     1     3
  3.5731244170577506E-02 a       454     0    19     1     4
  1.9779821045152651E-01 a       455     0    19     1     5
  1.3697463725107356E-01 a       456     0    19     1     6
 -1.8159425902577402E+00 a       457     0    19     1     7
  5.6773287743914258E-01 a       458     0    19     1     8
  1.1131089399231096E+00 a       459     0    19     1     9
 -5.7451545569717011E-01 a       460     0    19     1    10
 -1.7640646259646409E-01 a       461     0    19     1    11
  2.3668851265572458E-02 a       462     0    19     1    12
 -7.9275071353754878E-01 a       463     0    19     1    13
  6.2953696230565037E-01 a       464     0    19     1    14
 -1.4728482458960127E-01 a       465     0    19     1    15
  1.2311331877072762E+00 a       466     0    19     1    16
 -2.2991141297638568E-01 a       467     0    19     1    17
  6.8503605681971214E-01 a       468     0    19     1    18
  3.8255481564757843E-01 a       469     0    19     1    19
  1.5734191179590304E-01 a       470     0    19     1    20
 -2.1478334347325398E-01 a       471     0    19     1    21
 -6.1194796447340688E-02 a       472     0    19     1    22
 -2.7852872196131756E-01 a       473     0    19     1    23
 -1.4009072786405113E-01 a       474     0    19     1    24
 -3.9285788051637044E-02 a       475     0    19     1    25
 -2.8515085441194227E-01 a       476     0    20     1     1
 -7.0921783808642247E-01 a       477     0    20     1     2
  8.1063738100365476E-02 a       478     0    20     1     3
  3.3976241339820384E-01 a       479     0    20     1     4
  4.5417859275192186E-02 a       480     0    20     1     5
 -1.0341320578751442E-01 a       481     0    20     1     6
  2.2561065385684825E-01 a       482     0    20     1     7
 -2.4126784545521535E-01 a       483     0    20     1     8
  1.1004667959281913E+00 a       484     0    20     1     9
  1.6064130332852081E-01 a       485     0    20     1    10
  3.6639177039816234E-01 a       486     0    20     1    11
 -4.9054207947690642E-01 a       487     0    20     1    12
  4.9760672287524077E-01 a       488     0    20     1    13
 -1.8265346496362678E-01 a       489     0    20     1    14
 -8.6595816053520264E-02 a       490     0    20     1    15
  5.3624429416328390E-01 a       491     0    20     1    16
 -3.0351835076801320E-01 a       492     0    20     1    17
  4.1602492178902289E-01 a       493     0    20     1    18
 -5.5612279094180128E-01 a       494     0    20     1    19
 -2.0141671069520631E-01 a       495     0    20     1    20
 -3.5470922146356892E-01 a       496     0    20     1    21
 -7.2503372507294980E-02 a       497     0    20     1    22
 -1.8840770243101890E-01 a       498     0    20     1    23
  7.2358144123118062E-01 a       499     0    20     1    24
 -1.1124284006858227E+00 a       500     0    20     1    25
 -1.1833769960308878E-01 a       501     0    21     1     1
 -3.0329081214375558E-01 a       502     0    21     1     2
  1.8953986583299581E-01 a       503     0    21     1     3
  9.7549775998057656E-02 a       504     0    21     1     4
 -2.1694882759826897E-01 a       505     0    21     1     5
 -1.3008671090056911E-01 a       506     0    21     1     6
  2.4338648462666194E-02 a       507     0    21     1     7
  1.1923806088251217E-01 a       508     0    21     1     8
  5.7166733554434335E-01 a       509     0    21     1     9
 -2.5471537929499183E-01 a       510     0    21     1    10
  1.6249153247530979E-01 a       511     0    21     1    11
  3.2149342485178245E-01 a       512     0    21     1    12
 -7.3960691351260752E-02 a       513     0    21     1    13
 -8.0938703417614888E-01 a       514     0    21     1    14
 -4.4421361862753883E-01 a       515     0    21     1    15
  5.3789170673424994E-02 a       516     0    21     1    16
 -7.0143351975150300E-02 a       517     0    21     1    17
 -1.2140854237797713E-01 a       518     0    21     1    18
 -3.0236567037421652E-01 a       519     0    21     1    19
  4.2213182677383349E-01 a       520     0    21     1    20
 -1.6198882974672341E-01 a       521     0    21     1    21
 -7.0206989944027465E-01 a       522     0    21     1    22
  1.5632077700008715E-01 a       523     0    21     1    23
 -3.3055022364065401E-01 a       524     0    21     1    24
 -6.4066899449043335E-01 a       525     0    21     1    25
 -1.6083352328164882E-01 a       526     0    22     1     1
 -5.7599545322618873E-01 a       527     0    22     1     2
  5.6042944747463574E-01 a       528     0    22     1     3
  4.9897724374911595E-01 a       529     0    22     1     4
 -2.3692834309559907E-01 a       530     0    22     1     5
  7.1319472699801445E-01 a       531     0    22     1     6
 -4.9495250514662931E-01 a       532     0    22     1     7
 -6.8398414768730409E-01 a       533     0    22     1     8
  7.6317274617685060E-01 a       534     0    22     1     9
  4.8565377352134703E-01 a       535     0    22     1    10
 -2.1926258437835966E-01 a       536     0    22     1    11
 -1.4233128624372871E-01 a       537     0    22     1    12
  1.5747418026962748E-01 a       538     0    22     1    13
 -1.6385187266927483E+00 a       539     0    22     1    14
 -5.7844468171398278E-01 a       540     0    22     1    15
  1.3464507659966283E+00 a       541     0    22     1    16
 -3.1686235913333571E-01 a       542     0    22     1    17
 -4.3322854436598224E-01 a       543     0    22     1    18
 -7.5792062110264913E-01 a       544     0    22     1    19
  5.4271203429489268E-01 a       545     0    22     1    20
 -5.5802935914446672E-01 a       546     0    22     1    21
 -7.8986871724388630E-01 a       547     0    22     1    22
  1.3441665999771366E-01 a       548     0    22     1    23
  8.1623359248449268E-01 a       549     0    22     1    24
 -6.3830200381860014E-01 a       550     0    22     1    25
  3.5660569318503685E-02 a       551     0    23     1     1
 -2.1569660526914547E-01 a       552     0    23     1     2
 -1.3094572842582164E-01 a       553     0    23     1     3
  1.1356899721323890E-01 a       554     0    23     1     4
 -3.3821672420051996E-01 a       555     0    23     1     5
 -1.6018419499956454E-01 a       556     0    23     1     6
 -1.1578981660639547E-01 a       557     0    23     1     7
 -4.7589329595867608E-01 a       558     0    23     1     8
  6.1385437677482091E-01 a       559     0    23     1     9
  5.6898326306718275E-02 a       560     0    23     1    10
  6.3018370723319983E-01 a       561     0    23     1    11
 -3.9677839407145414E-02 a       562     0    23     1    12
 -7.5626730496469438E-02 a       563     0    23     1    13
 -1.2102259137375442E-01 a       564     0    23     1    14
 -4.0649467718070009E-01 a       565     0    23     1    15
  2.6359473115299830E-02 a       566     0    23     1    16
 -1.8936886729336364E-01 a       567     0    23     1    17
  1.4278915906647541E-01 a       568     0    23     1    18
 -2.6241132391574717E-01 a       569     0    23     1    19
  2.3874048853978619E-01 a       570     0    23     1    20
 -7.6048626049518619E-01 a       571     0    23     1    21
 -2.4513212848710453E-01 a       572     0    23     1    22
  3.1709540525209462E-01 a       573     0    23     1    23
  1.2923537872562238E-01 a       574     0    23     1    24
 -9.0353336998018752E-01 a       575     0    23     1    25
 -7.2584605796572577E-01 a       576     0    24     1     1
  4.7098259477931281E-01 a       577     0    24     1     2
 -1.6534475827199773E+00 a       578     0    24     1     3
  2.2050100838553610E-01 a       579     0    24     1     4
 -3.9177246284035280E-02 a       580     0    24     1     5
  2.3177429087087759E-01 a       581     0    24     1     6
 -1.0828673051733882E-01 a       582     0    24     1     7
  5.0814746385303078E-01 a       583     0    24     1     8
 -5.3201107802628478E-01 a       584     0    24     1     9
  6.8425571884524905E-01 a       585     0    24     1    10
  7.9029216292475157E-01 a       586     0    24     1    11
  1.4295099465794786E-01 a       587     0    24     1    12
 -5.5390112983268702E-01 a       588     0    24     1    13
  1.9223886258695336E-01 a       589     0    24     1    14
  1.1538459027470740E+00 a       590     0    24     1    15
 -6.3838039032502636E-01 a       591     0    24     1    16
 -2.6039666013096741E-01 a       592     0    24     1    17
  1.3150576284026216E-01 a       593     0    24     1    18
  3.5300308741715797E-01 a       594     0    24     1    19
  8.4177237871664520E-02 a       595     0    24     1    20
  3.9533441005368836E-01 a       596     0    24     1    21
  6.6129854581222378E-02 a       597     0    24     1    22
 -1.6847835855644164E-01 a       598     0    24     1    23
 -4.9861559537937972E-01 a       599     0    24     1    24
  6.2249075006196286E-01 a       600     0    24     1    25
  4.4534629395630115E-01 a       601     0    25     1     1
 -1.5004660388198685E-01 a       602     0    25     1     2
 -7.3672382044963375E-02 a       603     0    25     1     3
 -4.5553302114565236E-01 a       604     0    25     1     4
 -2.6638637360430695E-01 a       605     0    25     1     5
 -3.1535004966875446E-01 a       606     0    25     1     6
 -7.6861896190656698E-01 a       607     0    25     1     7
  8.3896154304919546E-01 a       608     0    25     1     8
 -3.7690767728242691E-01 a       609     0    25     1     9
  2.1843845267335799E-01 a       610     0    25     1    10
  3.4418506018375783E-01 a       611     0    25     1    11
  3.2946013836962024E-01 a       612     0    25     1    12
 -5.5876144018475560E-01 a       613     0    25     1    13
  8.8818836825460568E-01 a       614     0    25     1    14
 -1.6526977584102351E-01 a       615     0    25     1    15
 -2.5113647797652133E-01 a       616     0    25     1    16
 -8.3812796981298468E-02 a       617     0    25     1    17
 -6.8011188699601299E-01 a       618     0    25     1    18
  1.1394733277445906E-01 a       619     0    25     1    19
  9.0955654603831448E-01 a       620     0    25     1    20
 -5.7044060322567938E-02 a       621     0    25     1    21
 -4.6919927317546595E-01 a       622     0    25     1    22
  1.1892897181595907E+00 a       623     0    25     1    23
 -1.3215109439582680E+00 a       624     0    25     1    24
 -3.1259564857337246E-01 a       625     0    25     1    25
  8.8391078904378501E-02 a       626     0    26     1     1
 -8.6184752941589371E-01 a       627     0    26     1     2
  2.7567575726334542E-01 a       628     0    26     1     3
  1.8078368653846416E-01 a       629     0    26     1     4
 -6.6374739948413664E-01 a       630     0    26     1     5
 -2.5980578123214515E-01 a       631     0    26     1     6
 -7.1062609519152817E-02 a       632     0    26     1     7
 -2.7372682872602966E-01 a       633     0    26     1     8
  4.2180770857761840E-01 a       634     0    26     1     9
  8.7610513505455268E-01 a       635     0    26     1    10
  7.1405057452329845E-01 a       636     0    26     1    11
  8.6310659339019977E-03 a       637     0    26     1    12
 -3.6866019010386647E-01 a       638     0    26     1    13
 -6.9711298159079438E-01 a       639     0    26     1    14
 -2.8698939436147569E-01 a       640     0    26     1    15
  3.9642837894147263E-02 a       641     0    26     1    16
  7.1856652866788684E-01 a       642     0    26     1    17
  3.1091133253495523E-01 a       643     0    26     1    18
  1.0248657102816768E-01 a       644     0    26     1    19
  6.8734417725038688E-01 a       645     0    26     1    20
  6.7229812258790433E-02 a       646     0    26     1    21
 -1.0812518507663205E-01 a       647     0    26     1    22
 -2.1481790803115114E-01 a       648     0    26     1    23
  5.8834384733922362E-01 a       649     0    26     1    24
 -5.4862412552983808E-01 a       650     0    26     1    25
  2.3687102404266303E-01 a       651     0    27     1     1
 -3.5412178968198116E-01 a       652     0    27     1     2
  7.4079866117520365E-01 a       653     0    27     1     3
  3.0877481369967558E-01 a       654     0    27     1     4
 -1.4628694979405859E+00 a       655     0    27     1     5
 -3.2616284036149101E-01 a       656     0    27     1     6
  5.0411464130383155E-01 a       657     0    27     1     7
 -7.8680000983222176E-01 a       658     0    27     1     8
 -6.8399246310429174E-01 a       659     0    27     1     9
  1.1716784981285673E+00 a       660     0    27     1    10
  1.3801545758352579E-01 a       661     0    27     1    11
  2.5963366672376920E-01 a       662     0    27     1    12
 -1.7397225841627078E-03 a       663     0    27     1    13
 -6.6802342918340918E-01 a       664     0    27     1    14
 -3.0932961460513053E-01 a       665     0    27     1    15
 -3.8872966657000524E-01 a       666     0    27     1    16
  2.2195416099953151E+00 a       667     0    27     1    17
 -8.5195122183173388E-01 a       668     0    27     1    18
 -1.1389535891830682E-01 a       669     0    27     1    19
  2.2656678588391629E-01 a       670     0    27     1    20
  1.0614736920056691E+00 a       671     0    27     1    21
 -4.2198926783510815E-01 a       672     0    27     1    22
  3.7070027180038423E-01 a       673     0    27     1    23
  2.1581264492049143E-01 a       674     0    27     1    24
  5.0750112064213460E-01 a       675     0    27     1    25
  1.8417485712322343E+00 b       676     1     1
  8.5291169112453158E-01 b       677     1     2
  2.0600100359024223E-01 b       678     1     3
  4.0078095609401493E-01 b       679     1     4
  1.2364477497527446E+00 b       680     1     5
  3.1341510299501980E+00 b       681     1     6
 -1.0002423018385743E-01 b       682     1     7
 -3.2512740554857582E-02 b       683     1     8
  2.2809785545312469E+00 b       684     1     9
 -1.0679246996726894E+00 b       685     1    10
  1.5114015374308689E+00 b       686     1    11
  1.2290119776409358E+00 b       687     1    12
 -5.5777023317040453E-01 b       688     1    13
 -2.7090269835177472E-01 b       689     1    14
  1.0620059427583153E+00 b       690     1    15
  7.1347158679260436E-01 b       691     1    16
 -1.3026037105509487E+00 b       692     1    17
 -1.7834083494613098E+00 b       693     1    18
 -1.3145253124819729E+00 b       694     1    19
 -6.3574553101121012E-01 b       695     1    20
 -1.2708474874903073E+00 b       696     1    21
 -1.3933156847200023E+00 b       697     1    22
 -5.4287993110320776E-01 b       698     1    23
 -8.0863796600120985E-01 b       699     1    24
  1.5055623272985346E+00 b       700     1    25
 -1.1456755245780226E+00 a       701     1     1     2     1
  6.5251510846680982E-01 a       702     1     1     2     2
  1.1919658899101582E+00 a       703     1     1     2     3
 -2.5199783309895640E-01 a       704     1     1     2     4
 -3.2735594229238350E-02 a       705     1     1     2     5
 -2.4868630665955588E-01 a       706     1     1     2     6
  4.3419539726034589E-01 a       707     1     1     2     7
  5.7756801430595561E-01 a       708     1     1     2     8
  9.3895424957987170E-03 a       709     1     1     2     9
 -9.9977046744320633E-02 a       710     1     1     2    10
 -1.4704117271014722E-01 a       711     1     1     2    11
  2.1860062601494779E-01 a       712     1     1     2    12
 -3.1138308427334516E-01 a       713     1     1     2    13
 -3.4852489224371896E-01 a       714     1     1     2    14
 -1.5099227778129223E+00 a       715     1     1     2    15
 -1.1244187248374922E+00 a       716     1     1     2    16
 -6.5445507569758510E-01 a       717     1     1     2    17
 -9.8466226914221389E-01 a       718     1     1     2    18
 -2.5474364811004924E-01 a       719     1     1     2    19
  1.6174526575569439E-03 a       720     1     1     2    20
 -1.8590609291297040E+00 a       721     1     1     2    21
 -1.0951096759554577E+00 a       722     1     1     2    22
 -1.1809793701898948E-02 a       723     1     1     2    23
  7.7527888660128441E-01 a       724     1     1     2    24
  7.7576480136696579E-01 a       725     1     1     2    25
  1.1105692968121114E-01 a       726     1     2     2     1
 -5.3053704686499403E-01 a       727     1     2     2     2
 -1.7675715190176249E+00 a       728     1     2     2     3
 -9.7117434041273445E-02 a       729     1     2     2     4
 -2.9737560087239451E-01 a       730     1     2     2     5
 -5.6893788575798486E-02 a       731     1     2     2     6
 -4.2767382769752427E-01 a       732     1     2     2     7
 -4.6824114138699741E-01 a       733     1     2     2     8
  6.4077541253992931E-01 a       734     1     2     2     9
 -1.7596315105667415E-01 a       735     1     2     2    10
 -3.0990270492064192E-01 a       736     1     2     2    11
  1.0381909706665911E+00 a       737     1     2     2    12
  1.5382209176382455E+00 a       738     1     2     2    13
  3.4562602207720972E-01 a       739     1     2     2    14
  2.0272602396578621E+00 a       740     1     2     2    15
  3.6191630032681926E-01 a       741     1     2     2    16
  5.4818581921168663E-01 a       742     1     2     2    17
  1.4229949148129051E-01 a       743     1     2     2    18
 -3.4475275908833730E-01 a       744     1     2     2    19
 -8.2173472875262987E-01 a       745     1     2     2    20
 -6.8236117427557896E-01 a       746     1     2     2    21
  1.3040395705593899E+00 a       747     1     2     2    22
 -1.3643702978032601E-01 a       748     1     2     2    23
 -9.4069878995091005E-01 a       749     1     2     2    24
  1.7810578330038182E-01 a       750     1     2     2    25
 -6.8560688731481717E-04 a       751     1     3     2     1
  1.9349269602164294E+00 a       752     1     3     2     2
 -2.1794934025441770E-01 a       753     1     3     2     3
  5.0320559389481923E-01 a       754     1     3     2     4
 -2.7327288751459922E-01 a       755     1     3     2     5
  2.8007177857051868E-01 a       756     1     3     2     6
 -3.6265744522069221E-01 a       757     1     3     2     7
  1.2454270217059252E-01 a       758     1     3     2     8
  8.7116768830814861E-01 a       759     1     3     2     9
  3.8822402395144173E-01 a       760     1     3     2    10
  1.2612820602504593E-01 a       761     1     3     2    11
  2.6310224217534386E-02 a       762     1     3     2    12
  8.1620176126214394E-01 a       763     1     3     2    13
  5.6296359822729425E-01 a       764     1     3     2    14
 -2.6290475374257238E-01 a       765     1     3     2    15
  4.3831510536688884E-01 a       766     1     3     2    16
  5.2306437137523121E-01 a       767     1     3     2    17
  3.0486915698092465E-01 a       768     1     3     2    18
 -7.8749511575618025E-01 a       769     1     3     2    19
  1.7106525445199069E-02 a       770     1     3     2    20
 -8.2294116264364092E-01 a       771     1     3     2    21
 -5.9745835759470833E-01 a       772     1     3     2    22
 -7.6078429598584696E-01 a       773     1     3     2    23
  5.6408114300326627E-02 a       774     1     3     2    24
 -2.0672153474837324E-01 a       775     1     3     2    25
 -3.4861826774680782E-01 a       776     1     4     2     1
 -5.7787302624595449E-01 a       777     1     4     2     2
 -2.6590228975109692E-01 a       778     1     4     2     3
  6.9992757562333141E-01 a       779     1     4     2     4
  1.2229696438658652E-01 a       780     1     4     2     5
 -6.5096759422006778E-01 a       781     1     4     2     6
  1.8760825973616954E-01 a       782     1     4     2     7
  4.8637329471469443E-01 a       783     1     4     2     8
  1.3577219841816349E-01 a       784     1     4     2     9
  1.5447165893974168E-02 a       785     1     4     2    10
  1.2442425552218206E+00 a       786     1     4     2    11
 -5.8745394747795686E-02 a       787     1     4     2    12
 -9.4971261047372094E-02 a       788     1     4     2    13
  2.2339398169432770E-01 a       789     1     4     2    14
  4.9476437609837781E-01 a       790     1     4     2    15
 -7.2992994034420189E-01 a       791     1     4     2    16
 -4.0485951617556298E-01 a       792     1     4     2    17
 -8.5058485102474890E-01 a       793     1     4     2    18
 -2.7448292350868442E-01 a       794     1     4     2    19
  3.9935480029808105E-04 a       795     1     4     2    20
 -1.9125172198999779E-01 a       796     1     4     2    21
  1.8406384276657456E-01 a       797     1     4     2    22
 -1.0595253534532734E+00 a       798     1     4     2    23
  4.4946391823834309E-01 a       799     1     4     2    24
  3.3521431507600297E-01 a       800     1     4     2    25
 -1.2440630136226057E-01 a       801     1     5     2     1
  1.5564732358989103E-01 a       802     1     5     2     2
 -5.9785568497341257E-01 a       803     1     5     2     3
  1.1441136872017099E+00 a       804     1     5     2     4
  8.1661988615492023E-02 a       805     1     5     2     5
  1.6338373282345600E-01 a       806     1     5     2     6
  3.6422963167629802E-02 a       807     1     5     2     7
  1.0515361074550488E-02 a       808     1     5     2     8
  9.0083655685350239E-01 a       809     1     5     2     9
 -7.7906554724266511E-02 a       810     1     5     2    10
  1.6503555259045184E+00 a       811     1     5     2    11
 -6.1898252696941936E-01 a       812     1     5     2    12
  1.1831593503968407E+00 a       813     1     5     2    13
  1.7704394074213348E-01 a       814     1     5     2    14
  3.9681027944385876E-02 a       815     1     5     2    15
 -7.6998373182570756E-01 a       816     1     5     2    16
 -2.5616147526874761E-01 a       817     1     5     2    17
 -6.7452252442537064E-01 a       818     1     5     2    18
 -3.8685078039741377E-01 a       819     1     5     2    19
  4.0241762370440715E-01 a       820     1     5     2    20
 -2.3473113584370275E-01 a       821     1     5     2    21
  5.0156335276604525E-01 a       822     1     5     2    22
  8.1519625963611664E-01 a       823     1     5     2    23
 -1.5192635016567599E+00 a       824     1     5     2    24
 -1.3037847508503328E-01 a       825     1     5     2    25
 -1.3490393454136010E-01 a       826     1     6     2     1
 -2.2383512934171165E-01 a       827     1     6     2     2
  1.4061297609969088E+00 a       828     1     6     2     3
 -7.0507810789211878E-01 a       829     1     6     2     4
  5.1235071898695805E-01 a       830     1     6     2     5
  9.0713999354407437E-02 a       831     1     6     2     6
 -3.0197520170387371E-01 a       832     1     6     2     7
  1.8229376375271752E-01 a       833     1     6     2     8
  5.2371219240154643E-01 a       834     1     6     2     9
 -9.5707214105157479E-01 a       835     1     6     2    10
 -8.1572899329243564E-01 a       836     1     6     2    11
  9.1617695982015612E-01 a       837     1     6     2    12
 -1.4276255350450451E-01 a       838     1     6     2    13
  8.7111102968164111E-01 a       839     1     6     2    14
  6.9325077494192322E-01 a       840     1     6     2    15
 -4.7626801793446655E-01 a       841     1     6     2    16
 -4.2144014714792663E-02 a       842     1     6     2    17
  9.2933946532808365E-01 a       843     1     6     2    18
  3.3204013371004532E-01 a       844     1     6     2    19
 -1.1838259296365981E+00 a       845     1     6     2    20
 -2.0020612843778710E-01 a       846     1     6     2    21
  1.8385453727128612E-01 a       847     1     6     2    22
  1.1434478824454265E-01 a       848     1     6     2    23
 -1.0374059212461939E-01 a       849     1     6     2    24
  1.1002022057922560E+00 a       850     1     6     2    25
  1.0890515233349034E+00 a       851     1     7     2     1
 -5.4707075686545326E-01 a       852     1     7     2     2
 -2.2611309637963704E+00 a       853     1     7     2     3
  1.2281396091196604E-01 a       854     1     7     2     4
  2.9453777574029481E-02 a       855     1     7     2     5
 -3.9910948199502111E-02 a       856     1     7     2     6
  1.2864647424276734E-01 a       857     1     7     2     7
  1.9550075574098125E-01 a       858     1     7     2     8
 -2.3917031067579433E-01 a       859     1     7     2     9
  3.1882011539017929E-01 a       860     1     7     2    10
 -1.6746744710998826E-01 a       861     1     7     2    11
 -6.4727050161170085E-01 a       862     1     7     2    12
  1.8931064087242899E-01 a       863     1     7     2    13
  7.6610301933601888E-01 a       864     1     7     2    14
  9.4935387181443542E-01 a       865     1     7     2    15
  9.3479980187302003E-01 a       866     1     7     2    16
  1.3341265501141153E-01 a       867     1     7     2    17
 -4.0010575410722660E-01 a       868     1     7     2    18
  5.9465891295162754E-01 a       869     1     7     2    19
  1.0884476068838793E+00 a       870     1     7     2    20
  4.9220126881172144E-01 a       871     1     7     2    21
  4.3742095620266913E-01 a       872     1     7     2    22
  1.2248002867808077E+00 a       873     1     7     2    23
 -1.5629843813079542E-02 a       874     1     7     2    24
 -9.9411672315576427E-01 a       875     1     7     2    25
  4.2223521946537168E-01 a       876     1     8     2     1
  9.6276511719870494E-01 a       877     1     8     2     2
  3.5251806786142759E-02 a       878     1     8     2     3
 -2.5137685363794036E-02 a       879     1     8     2     4
  3.3196463175552027E-01 a       880     1     8     2     5
 -1.1408541122968725E-01 a       881     1     8     2     6
 -1.0442798960369840E-01 a       882     1     8     2     7
  1.8735931254793120E-01 a       883     1     8     2     8
 -2.1026262447542018E-01 a       884     1     8     2     9
 -1.1166191109403725E-01 a       885     1     8     2    10
  7.0269072555096157E-01 a       886     1     8     2    11
 -5.1740982817278090E-02 a       887     1     8     2    12
  7.8567768159304008E-01 a       888     1     8     2    13
 -5.6811587770963079E-01 a       889     1     8     2    14
 -7.0985154712353782E-02 a       890     1     8     2    15
 -3.0972111987806977E-01 a       891     1     8     2    16
 -1.4404364753903007E-01 a       892     1     8     2    17
 -1.0438480017733003E+00 a       893     1     8     2    18
  7.5632893737990259E-02 a       894     1     8     2    19
  5.4436052186225303E-01 a       895     1     8     2    20
 -1.7755021045200009E-01 a       896     1     8     2    21
  3.9522776676951582E-01 a       897     1     8     2    22
  8.8432891385522316E-01 a       898     1     8     2    23
 -4.2026350741710627E-01 a       899     1     8     2    24
 -7.1103054924328335E-02 a       900     1     8     2    25
 -9.4669663100959733E-01 a       901     1     9     2     1
  8.5447052553262892E-01 a       902     1     9     2     2
  6.4177122295877942E-01 a       903     1     9     2     3
 -7.2163073217160922E-01 a       904     1     9     2     4
 -2.6596859815512097E-01 a       905     1     9     2     5
 -7.9795391597222132E-01 a       906     1     9     2     6
  1.1280050710459804E+00 a       907     1     9     2     7
  2.8080536799609912E-01 a       908     1     9     2     8
  1.6401257177734768E-01 a       909     1     9     2     9
  3.6261186577438403E-01 a       910     1     9     2    10
  5.1060728335139183E-01 a       911     1     9     2    11
  1.2703463703301734E+00 a       912     1     9     2    12
  1.7686403987976743E-01 a       913     1     9     2    13
  3.8856147488123050E-01 a       914     1     9     2    14
 -1.1674423066571638E+00 a       915     1     9     2    15
 -5.6643088734083646E-01 a       916     1     9     2    16
 -7.1828966502929403E-01 a       917     1     9     2    17
 -6.6616012307046923E-01 a       918     1     9     2    18
 -6.6041648725716617E-01 a       919     1     9     2    19
  4.4527590189557703E-01 a       920     1     9     2    20
 -1.6967756603567690E+00 a       921     1     9     2    21
  1.9547696001744957E-01 a       922     1     9     2    22
 -1.2015662784118351E+00 a       923     1     9     2    23
  5.6106603700046442E-01 a       924     1     9     2    24
 -9.6668908218759919E-01 a       925     1     9     2    25
  7.0578054710716742E-01 a       926     1    10     2     1
 -9.8250921591170881E-02 a       927     1    10     2     2
  3.5541671145156217E-01 a       928     1    10     2     3
  1.3888722754251315E-01 a       929     1    10     2     4
 -3.4285988084187541E-01 a       930     1    10     2     5
  4.7362879003612524E-01 a       931     1    10     2     6
  6.8106304938395881E-02 a       932     1    10     2     7
 -4.5764943897985438E-01 a       933     1    10     2     8
 -4.2758255805466888E-01 a       934     1    10     2     9
  4.0012902534421457E-01 a       935     1    10     2    10
  6.4376861249647532E-01 a       936     1    10     2    11
 -1.0401681668201983E-01 a       937     1    10     2    12
 -3.5115772313028082E-01 a       938     1    10     2    13
 -4.3490353460301789E-01 a       939     1    10     2    14
  9.6042605118873214E-01 a       940     1    10     2    15
  5.1172025839582702E-01 a       941     1    10     2    16
  5.4222849914249571E-01 a       942     1    10     2    17
  1.4226248807466821E+00 a       943     1    10     2    18
 -7.3478894068428613E-01 a       944     1    10     2    19
  4.5971431615028596E-01 a       945     1    10     2    20
 -4.0641788963478548E-01 a       946     1    10     2    21
 -9.7356163547331065E-02 a       947     1    10     2    22
 -1.3382715298123100E+00 a       948     1    10     2    23
  7.6570573369902051E-01 a       949     1    10     2    24
 -6.7166434920967244E-01 a       950     1    10     2    25
  1.5339127743692907E-01 a       951     1    11     2     1
 -3.3823271501222735E-01 a       952     1    11     2     2
 -7.4049747449619174E-01 a       953     1    11     2     3
 -4.5045339825318087E-01 a       954     1    11     2     4
 -2.0549012986190038E-01 a       955     1    11     2     5
 -2.6214207572940856E-01 a       956     1    11     2     6
 -5.3229587732453412E-02 a       957     1    11     2     7
 -2.5853388211521477E-01 a       958     1    11     2     8
 -5.3331123925110080E-01 a       959     1    11     2     9
  9.7582806460506155E-02 a       960     1    11     2    10
 -2.9627098644463412E-01 a       961     1    11     2    11
  2.1001562353392023E-01 a       962     1    11     2    12
 -1.2308386871849462E-01 a       963     1    11     2    13
 -1.2983119985605874E-02 a       964     1    11     2    14
  8.0933179686572976E-01 a       965     1    11     2    15
 -1.2316695784541146E-01 a       966     1    11     2    16
  1.3199446130434872E-01 a       967     1    11     2    17
 -1.1887784197994294E-01 a       968     1    11     2    18
 -8.3834843543530058E-01 a       969     1    11     2    19
 -5.5358873752398796E-01 a       970     1    11     2    20
 -3.3236212803559961E-01 a       971     1    11     2    21
  7.6263888198358787E-01 a       972     1    11     2    22
 -1.2285383852129086E-01 a       973     1    11     2    23
 -6.2481689789999983E-01 a       974     1    11     2    24
 -7.1947651014282438E-02 a       975     1    11     2    25
 -4.9168892480761522E-01 a       976     1    12     2     1
  3.8403589336500538E-02 a       977     1    12     2     2
 -1.4510486584331467E-01 a       978     1    12     2     3
 -5.4794832017437489E-01 a       979     1    12     2     4
  5.7675530748913635E-02 a       980     1    12     2     5
 -2.9800529696510675E-02 a       981     1    12     2     6
 -5.6303864393523306E-02 a       982     1    12     2     7
 -8.9706009908650436E-02 a       983     1    12     2     8
 -6.1311995907581490E-02 a       984     1    12     2     9
 -1.3994879128094784E-01 a       985     1    12     2    10
 -1.4402166983726388E+00 a       986     1    12     2    11
  2.0544589005696162E-01 a       987     1    12     2    12
  3.2015496860510717E-01 a       988     1    12     2    13
 -2.9977150243957634E-01 a       989     1    12     2    14
  3.9555292758066053E-02 a       990     1    12     2    15
 -4.6181305144552626E-01 a       991     1    12     2    16
 -1.5369811015092391E-01 a       992     1    12     2    17
 -1.3196236741127121E-01 a       993     1    12     2    18
  1.9698039830111921E-01 a       994     1    12     2    19
 -1.1851293473426076E-01 a       995     1    12     2    20
  1.3988169060212263E-01 a       996     1    12     2    21
  3.5371179492535397E-02 a       997     1    12     2    22
  2.4389460996466113E-02 a       998     1    12     2    23
 -4.3349983566188882E-01 a       999     1    12     2    24
  2.4824434068379761E-01 a      1000     1    12     2    25
  5.5636375132590843E-01 a      1001     1    13     2     1
 -3.2058651189393861E-01 a      1002     1    13     2     2
 -8.9104762093165635E-01 a      1003     1    13     2     3
  7.8021014810365508E-01 a      1004     1    13     2     4
 -5.7510673333600992E-01 a      1005     1    13     2     5
  5.8970183972147239E-01 a      1006     1    13     2     6
 -7.3176826085868840E-01 a      1007     1    13     2     7
 -3.7488434076898514E-01 a      1008     1    13     2     8
 -2.5912184100235092E-02 a      1009     1    13     2     9
  1.1359514108312356E-01 a      1010     1    13     2    10
 -5.5110475226758859E-01 a      1011     1    13     2    11
 -6.7201879286649191E-01 a      1012     1    13     2    12
 -1.0822366929305322E-01 a      1013     1    13     2    13
  9.6758073533956401E-01 a      1014     1    13     2    14
  7.0267090516072039E-01 a      1015     1    13     2    15
  3.8224747542281756E-01 a      1016     1    13     2    16
  1.7559056670390972E-02 a      1017     1    13     2    17
  3.5146717077363560E-01 a      1018     1    13     2    18
  5.6376028668739531E-01 a      1019     1    13     2    19
 -1.8785702022038422E-01 a      1020     1    13     2    20
  5.6873000557670617E-01 a      1021     1    13     2    21
  3.2023304456493112E-01 a      1022     1    13     2    22
  3.9339828509970121E-01 a      1023     1    13     2    23
 -3.5801796120297003E-01 a      1024     1    13     2    24
 -1.2942853249127151E-01 a      1025     1    13     2    25
 -7.7890841753478129E-02 a      1026     1    14     2     1
  1.5025928391169849E+00 a      1027     1    14     2     2
  7.9722121610500463E-01 a      1028     1    14     2     3
 -1.2181094893808653E+00 a      1029     1    14     2     4
  1.0029180345339439E+00 a      1030     1    14     2     5
 -4.8209785162412033E-01 a      1031     1    14     2     6
  1.8714663375754775E-01 a      1032     1    14     2     7
  1.1645083896887350E-01 a      1033     1    14     2     8
 -1.8568924167650119E-01 a      1034     1    14     2     9
  6.4219981075391893E-03 a      1035     1    14     2    10
  7.3720559229563898E-01 a      1036     1    14     2    11
 -7.1960069319777831E-01 a      1037     1    14     2    12
  5.1900695371565564E-01 a      1038     1    14     2    13
 -1.6979419444483612E+00 a      1039     1    14     2    14
 -1.0212128826906632E+00 a      1040     1    14     2    15
 -7.3299804962671333E-01 a      1041     1    14     2    16
 -1.2471494619611341E-01 a      1042     1    14     2    17
 -9.7519111859164376E-01 a      1043     1    14     2    18
 -2.4827045348006474E-01 a      1044     1    14     2    19
  4.4138908437275493E-01 a      1045     1    14     2    20
 -7.9369244364930494E-02 a      1046     1    14     2    21
  9.0352286105171675E-01 a      1047     1    14     2    22
 -2.0184504066384856E-01 a      1048     1    14     2    23
  3.3252973727156449E-01 a      1049     1    14     2    24
  1.3721219090199618E-01 a      1050     1    14     2    25
 -7.8590563039925398E-02 a      1051     1    15     2     1
  1.7713795252532993E+00 a      1052     1    15     2     2
 -3.7375983583917999E-01 a      1053     1    15     2     3
  6.8606260329509838E-02 a      1054     1    15     2     4
 -5.8854535000173167E-02 a      1055     1    15     2     5
 -6.6566423273245967E-02 a      1056     1    15     2     6
  1.5140434846913756E-01 a      1057     1    15     2     7
  1.0364790032889934E-01 a      1058     1    15     2     8
  2.5567297532039301E-01 a      1059     1    15     2     9
 -2.6910556872324060E-01 a      1060     1    15     2    10
  1.1173008389183595E-01 a      1061     1    15     2    11
  5.6696871412882666E-01 a      1062     1    15     2    12
  5.5993624740021543E-02 a      1063     1    15     2    13
 -1.3936869823833797E+00 a      1064     1    15     2    14
  9.2957033149983248E-01 a      1065     1    15     2    15
 -7.5513726493857580E-01 a      1066     1    15     2    16
 -3.6170851145790001E-01 a      1067     1    15     2    17
 -8.0312875675165352E-01 a      1068     1    15     2    18
 -2.5891314197433746E-01 a      1069     1    15     2    19
 -3.2234173361155671E-01 a      1070     1    15     2    20
 -6.8587971220958688E-01 a      1071     1    15     2    21
  6.5442645367854491E-01 a      1072     1    15     2    22
 -8.2003989713239256E-01 a      1073     1    15     2    23
 -3.5601324678764684E-01 a      1074     1    15     2    24
  1.1595581155860282E-01 a      1075     1    15     2    25
 -5.6934919375433402E-01 a      1076     1    16     2     1
 -3.3579535653376391E-01 a      1077     1    16     2     2
  1.3436567084117919E+00 a      1078     1    16     2     3
  1.3348908571604604E-01 a      1079     1    16     2     4
  5.4741529327772032E-01 a      1080     1    16     2     5
 -3.9881741753611433E-01 a      1081     1    16     2     6
  2.2271674032207434E-01 a      1082     1    16     2     7
  4.2402608521865531E-01 a      1083     1    16     2     8
  8.6838033179336555E-04 a      1084     1    16     2     9
 -6.0492416725952669E-01 a      1085     1    16     2    10
 -1.8987400514199002E-01 a      1086     1    16     2    11
  5.1185287612761998E-01 a      1087     1    16     2    12
 -3.5034121189939527E-01 a      1088     1    16     2    13
  1.6526319104909317E+00 a      1089     1    16     2    14
 -1.2118949903498892E+00 a      1090     1    16     2    15
 -6.2112903367268579E-01 a      1091     1    16     2    16
 -1.0433526229732250E-01 a      1092     1    16     2    17
 -1.1588569645167629E-01 a      1093     1    16     2    18
  3.2183794500789736E-01 a      1094     1    16     2    19
 -8.8982605860026764E-01 a      1095     1    16     2    20
 -6.1527162731597007E-01 a      1096     1    16     2    21
 -1.1250026159621693E+00 a      1097     1    16     2    22
  5.5588167481367035E-01 a      1098     1    16     2    23
  6.2042799650127517E-02 a      1099     1    16     2    24
  6.3779681083472728E-01 a      1100     1    16     2    25
  3.4110551311148340E-01 a      1101     1    17     2     1
  2.3885077232371865E-01 a      1102     1    17     2     2
 -1.3545907729186406E+00 a      1103     1    17     2     3
 -4.8274913647613188E-01 a      1104     1    17     2     4
 -4.3648931517615625E-01 a      1105     1    17     2     5
  5.7652320929987988E-01 a      1106     1    17     2     6
 -1.0105578670636459E+00 a      1107     1    17     2     7
 -3.0804850925221972E-01 a      1108     1    17     2     8
 -1.2690573018239382E+00 a      1109     1    17     2     9
  1.2411079136271613E-01 a      1110     1    17     2    10
 -1.4791902073647127E+00 a      1111     1    17     2    11
 -2.3387239023296155E-01 a      1112     1    17     2    12
 -5.6452722009267098E-01 a      1113     1    17     2    13
  9.7512473395570431E-01 a      1114     1    17     2    14
  1.2860366744870158E+00 a      1115     1    17     2    15
  1.9342859747851279E-01 a      1116     1    17     2    16
  2.8578486881435639E-01 a      1117     1    17     2    17
 -5.6251261219221260E-01 a      1118     1    17     2    18
  1.7262961998999976E-01 a      1119     1    17     2    19
  5.9980746163072474E-01 a      1120     1    17     2    20
 -2.6551079127071192E-01 a      1121     1    17     2    21
  2.9302633929814755E-02 a      1122     1    17     2    22
  8.6545486948385064E-01 a      1123     1    17     2    23
  2.5220919291746315E+00 a      1124     1    17     2    24
 -4.1063197284439962E-01 a      1125     1    17     2    25
  1.7191398785041939E-01 a      1126     1    18     2     1
 -4.5815414296934099E-03 a      1127     1    18     2     2
 -1.0887491053341245E+00 a      1128     1    18     2     3
  2.3454152582635268E-01 a      1129     1    18     2     4
 -5.0789163013810416E-02 a      1130     1    18     2     5
 -1.0151856034923133E-01 a      1131     1    18     2     6
 -4.8905093429679136E-01 a      1132     1    18     2     7
 -3.9442131201650527E-01 a      1133     1    18     2     8
 -5.4582364149438212E-01 a      1134     1    18     2     9
  1.7693092130715163E-01 a      1135     1    18     2    10
  2.8197127880924322E-01 a      1136     1    18     2    11
 -5.9424525868515699E-01 a      1137     1    18     2    12
 -8.0663406455909248E-01 a      1138     1    18     2    13
 -1.0117753993367227E+00 a      1139     1    18     2    14
 -6.0137800169793842E-01 a      1140     1    18     2    15
  4.7815964517510184E-01 a      1141     1    18     2    16
  6.5337167949709243E-02 a      1142     1    18     2    17
 -4.1619667248090836E-01 a      1143     1    18     2    18
  2.4275032231205137E-02 a      1144     1    18     2    19
  5.5965479394653972E-01 a      1145     1    18     2    20
  5.2920964213776811E-01 a      1146     1    18     2    21
 -2.0527285265122380E-01 a      1147     1    18     2    22
  7.2536714187071305E-01 a      1148     1    18     2    23
 -7.0827066038566144E-01 a      1149     1    18     2    24
 -4.5983422210896102E-01 a      1150     1    18     2    25
  1.1373237216795800E+00 a      1151     1    19     2     1
  6.3229918465337065E-01 a      1152     1    19     2     2
  2.4268605923268355E-01 a      1153     1    19     2     3
 -6.2991072643876878E-01 a      1154     1    19     2     4
 -2.9940860198975838E-01 a      1155     1    19     2     5
  8.6645766798085788E-01 a      1156     1    19     2     6
 -1.5510542924475276E-01 a      1157     1    19     2     7
 -8.1041512319932740E-01 a      1158     1    19     2     8
 -3.2178554565057843E-01 a      1159     1    19     2     9
  2.4634708810055136E-01 a      1160     1    19     2    10
 -1.3380752633585482E+00 a      1161     1    19     2    11
 -3.2683699904291413E-01 a      1162     1    19     2    12
  3.4362496652984625E-01 a      1163     1    19     2    13
 -7.3575395275503375E-01 a      1164     1    19     2    14
 -3.0031210127858965E-01 a      1165     1    19     2    15
  2.9806733460784829E-01 a      1166     1    19     2    16
  2.9393257076928725E-01 a      1167     1    19     2    17
  6.2357111087435202E-01 a      1168     1    19     2    18
  1.1425067458518523E-01 a      1169     1    19     2    19
 -2.7290214154848769E-01 a      1170     1    19     2    20
  3.5666221932235881E-01 a      1171     1    19     2    21
  1.7527373851697905E+00 a      1172     1    19     2    22
  1.6396857863244496E-01 a      1173     1    19     2    23
 -1.6755288741295171E-01 a      1174     1    19     2    24
 -3.9159812073991157E-01 a      1175     1    19     2    25
 -9.3667199353218755E-01 a      1176     1    20     2     1
  8.6236738224274079E-01 a      1177     1    20     2     2
  1.2642828186069335E+00 a      1178     1    20     2     3
 -1.2044491038280791E+00 a      1179     1    20     2     4
  7.3904678644333810E-02 a      1180     1    20     2     5
 -7.9524558480152163E-01 a      1181     1    20     2     6
  5.6794550056175852E-01 a      1182     1    20     2     7
  3.8835674034494577E-01 a      1183     1    20     2     8
 -7.1562653029859746E-01 a      1184     1    20     2     9
 -3.0172652448688692E-01 a      1185     1    20     2    10
  1.2712514480818762E-01 a      1186     1    20     2    11
  9.1453907569767534E-01 a      1187     1    20     2    12
 -4.2695113871627449E-01 a      1188     1    20     2    13
 -2.5864136779558927E-01 a      1189     1    20     2    14
 -2.1879504321148949E-01 a      1190     1    20     2    15
 -1.2475836445574640E+00 a      1191     1    20     2    16
 -1.3346495779845147E-01 a      1192     1    20     2    17
 -8.3455293928261454E-01 a      1193     1    20     2    18
 -1.7061052632789273E-01 a      1194     1    20     2    19
  8.9837321401114023E-01 a      1195     1    20     2    20
 -9.8341677576818209E-01 a      1196     1    20     2    21
 -8.5470646922168547E-01 a      1197     1    20     2    22
  1.1854694058190875E-01 a      1198     1    20     2    23
  1.1080970000373478E+00 a      1199     1    20     2    24
  3.7506657408417282E-01 a      1200     1    20     2    25
 -3.9283890209406327E-02 a      1201     1    21     2     1
 -2.0477655116495486E-01 a      1202     1    21     2     2
 -3.4242385056321256E-01 a      1203     1    21     2     3
 -4.3689889638487361E-01 a      1204     1    21     2     4
 -4.0507323498585734E-01 a      1205     1    21     2     5
  8.1096781668511120E-01 a      1206     1    21     2     6
 -8.5984390169937353E-01 a      1207     1    21     2     7
 -2.4936338184315979E-01 a      1208     1    21     2     8
 -3.4396028974784019E-02 a      1209     1    21     2     9
  1.1498382497456787E-01 a      1210     1    21     2    10
 -3.6196056651853531E-01 a      1211     1    21     2    11
 -1.3434504239562692E-01 a      1212     1    21     2    12
 -5.6516339277776084E-01 a      1213     1    21     2    13
  1.6835697566848655E+00 a      1214     1    21     2    14
  1.1176579364622496E+00 a      1215     1    21     2    15
  7.3767570148385045E-02 a      1216     1    21     2    16
  7.5417052821387207E-02 a      1217     1    21     2    17
 -2.7618228185445381E-01 a      1218     1    21     2    18
  7.5709547212351402E-02 a      1219     1    21     2    19
 -3.1883180633166579E-02 a      1220     1    21     2    20
 -2.4656037202739875E-01 a      1221     1    21     2    21
  4.9174928593950812E-01 a      1222     1    21     2    22
  8.9958663282734197E-01 a      1223     1    21     2    23
  9.3835143986641067E-01 a      1224     1    21     2    24
  1.9231411311230959E-01 a      1225     1    21     2    25
  3.6516364447418709E-01 a      1226     1    22     2     1
  1.6321362832362088E-02 a      1227     1    22     2     2
  8.2974029925916404E-01 a      1228     1    22     2     3
  3.1306163709828649E-01 a      1229     1    22     2     4
  2.0006950080161079E-01 a      1230     1    22     2     5
  6.2238180538136223E-01 a      1231     1    22     2     6
 -4.6212581198766789E-01 a      1232     1    22     2     7
 -5.1843082882442748E-01 a      1233     1    22     2     8
  2.6156845840933080E-01 a      1234     1    22     2     9
  3.4561559858464941E-01 a      1235     1    22     2    10
  1.5291886789390159E+00 a      1236     1    22     2    11
 -7.0842781351552420E-01 a      1237     1    22     2    12
 -3.1818332006543069E-02 a      1238     1    22     2    13
 -8.0860007131099665E-01 a      1239     1    22     2    14
 -1.2337840425736965E-01 a      1240     1    22     2    15
  8.8174108169403287E-01 a      1241     1    22     2    16
  5.1451938076313131E-01 a      1242     1    22     2    17
  9.3061899475528786E-02 a      1243     1    22     2    18
 -3.0075317043324368E-01 a      1244     1    22     2    19
  8.9172390634907317E-01 a      1245     1    22     2    20
 -2.9781879357395452E-01 a      1246     1    22     2    21
  1.4873732304789622E-01 a      1247     1    22     2    22
  8.8700257812877104E-02 a      1248     1    22     2    23
  3.6621359828402744E-01 a      1249     1    22     2    24
 -5.3193127523837491E-01 a      1250     1    22     2    25
 -3.5733178759799472E-01 a      1251     1    23     2     1
 -3.5731772672604217E-01 a      1252     1    23     2     2
  1.6381287180739805E+00 a      1253     1    23     2     3
 -5.1858493865167998E-01 a      1254     1    23     2     4
  2.5453924749523449E-01 a      1255     1    23     2     5
  1.1718665846551659E+00 a      1256     1    23     2     6
 -3.7666517672849908E-01 a      1257     1    23     2     7
 -5.7709537555558285E-02 a      1258     1    23     2     8
 -9.0428330593444672E-01 a      1259     1    23     2     9
  1.7907802376306795E-01 a      1260     1    23     2    10
 -1.1350875632423898E+00 a      1261     1    23     2    11
 -6.3606000310088215E-02 a      1262     1    23     2    12
 -8.3780588539349532E-01 a      1263     1    23     2    13
 -1.1055779999204860E+00 a      1264     1    23     2    14
 -1.3419794395922793E+00 a      1265     1    23     2    15
  2.2699157904322009E-01 a      1266     1    23     2    16
  3.8062550563250835E-01 a      1267     1    23     2    17
  5.2543761089561292E-01 a      1268     1    23     2    18
 -1.0273642227074936E-01 a      1269     1    23     2    19
  2.5166860678642344E-01 a      1270     1    23     2    20
  6.0988938776117441E-02 a      1271     1    23     2    21
  6.1643111886780044E-01 a      1272     1    23     2    22
 -1.2718631123874108E-01 a      1273     1    23     2    23
  1.5647473136554073E+00 a      1274     1    23     2    24
 -4.1038018455890496E-01 a      1275     1    23     2    25
  4.9831613036657257E-01 a      1276     1    24     2     1
 -1.7324434409238925E+00 a      1277     1    24     2     2
 -1.0933419549449139E+00 a      1278     1    24     2     3
  1.9913645236430797E+00 a      1279     1    24     2     4
 -1.5548649060471736E-01 a      1280     1    24     2     5
  3.6326584135168050E-01 a      1281     1    24     2     6
  7.5153074520941901E-02 a      1282     1    24     2     7
 -3.1715043481654676E-01 a      1283     1    24     2     8
 -2.9248364611231298E-01 a      1284     1    24     2     9
  1.9058279895789901E-02 a      1285     1    24     2    10
  2.5775289090698310E-02 a      1286     1    24     2    11
 -6.3825322939039375E-01 a      1287     1    24     2    12
 -1.3574390794001420E-01 a      1288     1    24     2    13
  1.0908262531491177E+00 a      1289     1    24     2    14
 -1.2556742636549636E+00 a      1290     1    24     2    15
 -1.6614003194095278E-01 a      1291     1    24     2    16
 -2.3079352665010898E-02 a      1292     1    24     2    17
 -1.7457918107224732E-01 a      1293     1    24     2    18
  2.7898148468152706E-01 a      1294     1    24     2    19
  3.8306451497988220E-01 a      1295     1    24     2    20
  1.1753325153845422E+00 a      1296     1    24     2    21
  1.2977694715965854E-01 a      1297     1    24     2    22
 -4.3306651829692289E-02 a      1298     1    24     2    23
  5.6809570951599175E-01 a      1299     1    24     2    24
 -4.9938803594900999E-01 a      1300     1    24     2    25
 -1.3777137769494913E-01 a      1301     1    25     2     1
  1.2076490820174173E+00 a      1302     1    25     2     2
  1.5391941928510326E+00 a      1303     1    25     2     3
 -5.9423344705545733E-01 a      1304     1    25     2     4
  7.1467056739174584E-01 a      1305     1    25     2     5
 -2.0733917554092937E-01 a      1306     1    25     2     6
  5.3681086197140204E-01 a      1307     1    25     2     7
  8.9443600432973863E-02 a      1308     1    25     2     8
  2.3769415277196285E-01 a      1309     1    25     2     9
 -7.1446764483041425E-01 a      1310     1    25     2    10
 -1.8996068153601149E+00 a      1311     1    25     2    11
 -7.6534115978506889E-01 a      1312     1    25     2    12
  2.2859996595940574E-01 a      1313     1    25     2    13
 -5.0734712789284997E-01 a      1314     1    25     2    14
 -1.1411964542617521E+00 a      1315     1    25     2    15
 -1.2034184847979470E+00 a      1316     1    25     2    16
 -1.8226541852818290E-01 a      1317     1    25     2    17
  4.1880216058377839E-01 a      1318     1    25     2    18
 -1.5529102726445687E-01 a      1319     1    25     2    19
 -1.0253761639956245E+00 a      1320     1    25     2    20
 -3.0174508751456830E-01 a      1321     1    25     2    21
 -4.5886968420902130E-01 a      1322     1    25     2    22
 -7.6320174898683391E-01 a      1323     1    25     2    23
 -5.8197035116829332E-02 a      1324     1    25     2    24
  7.6186804405748876E-01 a      1325     1    25     2    25
 -1.1067144567988707E+00 b      1326     2     1
  2.2186855190293533E-01 b      1327     2     2
  8.6713242457087070E-01 b      1328     2     3
  2.8684017417701513E-01 b      1329     2     4
 -4.9761787371162242E-01 b      1330     2     5
 -1.4772520518258764E-01 b      1331     2     6
 -3.8445871299297979E-01 b      1332     2     7
  4.5936716252920555E-02 b      1333     2     8
 -6.8632373822465265E-01 b      1334     2     9
 -7.3586786419290973E-01 b      1335     2    10
  2.3813061203104430E-01 b      1336     2    11
 -3.9744999956810945E-01 b      1337     2    12
 -6.0169113018073483E-01 b      1338     2    13
 -1.1956769148625095E+00 b      1339     2    14
 -3.3338731115119064E-01 b      1340     2    15
 -1.6552803330375223E+00 b      1341     2    16
 -6.3857358674920339E-01 b      1342     2    17
 -7.6329703286011230E-01 b      1343     2    18
 -1.3383235744822269E-01 b      1344     2    19
 -5.5733056004735704E-01 b      1345     2    20
  1.4415996688608987E-01 b      1346     2    21
 -1.0203176534235125E+00 b      1347     2    22
 -9.1056453780107335E-02 b      1348     2    23
 -7.6214537821487738E-01 b      1349     2    24
  1.2058773158991012E+00 b      1350     2    25
 -2.0215168376001480E+00 a      1351     2     1     3     1
 -2.1545449589624606E+00 a      1352     2     2     3     1
 -2.7134720208581014E+00 a      1353     2     3     3     1
  2.0547812155094225E+00 a      1354     2     4     3     1
 -4.8340732059843078E-01 a      1355     2     5     3     1
  3.4814877929962096E-01 a      1356     2     6     3     1
  2.4146628815735088E-01 a      1357     2     7     3     1
  5.6563792142201541E-01 a      1358     2     8     3     1
 -6.0310375591392418E-01 a      1359     2     9     3     1
 -3.3907037926343020E-01 a      1360     2    10     3     1
  9.4317817403431103E-01 a      1361     2    11     3     1
  1.1024421233713100E+00 a      1362     2    12     3     1
  5.0374085169324812E-01 a      1363     2    13     3     1
  1.7156306980067748E+00 a      1364     2    14     3     1
  1.3960955713904750E+00 a      1365     2    15     3     1
 -8.2455178449197319E-01 a      1366     2    16     3     1
  1.1725337496018398E+00 a      1367     2    17     3     1
 -3.2616337851358493E-02 a      1368     2    18     3     1
  1.5048514458058940E-02 a      1369     2    19     3     1
 -2.4214988270435125E+00 a      1370     2    20     3     1
 -5.5897423755133346E-01 a      1371     2    21     3     1
 -4.2082593428029513E-01 a      1372     2    22     3     1
  8.7449842529067079E-01 a      1373     2    23     3     1
  2.3447315618049811E+00 a      1374     2    24     3     1
  9.9838253744667527E-01 a      1375     2    25     3     1
  8.6849222357204747E-01 b      1376     3     1
