################################################################################
# Neural network connection values (weights and biases).
################################################################################
# Col  Name       Description
################################################################################
# 1    connection Neural network connection value.
# 2    t          Connection type (a = weight, b = bias).
# 3    index      Index enumerating weights.
# 4    l_s        Starting point layer (end point layer for biases).
# 5    n_s        Starting point neuron in starting layer (end point neuron for biases).
# 6    l_e        End point layer.
# 7    n_e        End point neuron in end layer.
################################################################################
#                      1 2         3     4     5     6     7
#             connection t     index   l_s   n_s   l_e   n_e
############################################################
  1.1712587686229582E-01 a         1     0     1     1     1
 -1.3202562473428475E-01 a         2     0     1     1     2
  2.6269777107691417E-01 a         3     0     1     1     3
  3.9321023648053802E-02 a         4     0     1     1     4
  1.7311258636908378E-01 a         5     0     1     1     5
  1.6649626559754019E-01 a         6     0     1     1     6
 -2.8279593603697062E-01 a         7     0     1     1     7
 -1.6151410019278847E-01 a         8     0     1     1     8
 -2.4060593913302028E-01 a         9     0     1     1     9
  4.3061487810506605E-01 a        10     0     1     1    10
 -1.4215681825672080E-01 a        11     0     1     1    11
  3.6900789258111349E-01 a        12     0     1     1    12
  9.9165260726664567E-02 a        13     0     1     1    13
  2.8479707274212746E-01 a        14     0     1     1    14
  6.2139069618437591E-02 a        15     0     1     1    15
  3.8732781103809560E-01 a        16     0     1     1    16
 -9.2981562874632287E-03 a        17     0     1     1    17
  3.5661598275159173E-01 a        18     0     1     1    18
 -1.0653621083504417E-01 a        19     0     1     1    19
 -3.7636045348128544E-01 a        20     0     1     1    20
 -1.6981909435382794E-01 a        21     0     1     1    21
 -1.4358525429616650E-01 a        22     0     1     1    22
 -1.0014709346730737E-01 a        23     0     1     1    23
 -2.1502486183992414E-01 a        24     0     1     1    24
  2.8876430129163944E-01 a        25     0     1     1    25
 -2.7670129423156964E-01 a        26     0     2     1     1
  1.7611285754855005E-01 a        27     0     2     1     2
 -2.4189154464160387E-01 a        28     0     2     1     3
  3.9707809400738969E-01 a        29     0     2     1     4
  1.5058555368403864E-02 a        30     0     2     1     5
 -3.5640837065599285E-01 a        31     0     2     1     6
  2.0223936023583706E-03 a        32     0     2     1     7
 -2.8189894602444709E-01 a        33     0     2     1     8
 -1.1831309739220119E-01 a        34     0     2     1     9
  3.3461237285520512E-01 a        35     0     2     1    10
 -9.7525189823242805E-02 a        36     0     2     1    11
  2.3737921158218603E-01 a        37     0     2     1    12
  1.4572361583550819E-01 a        38     0     2     1    13
  1.2025883384160677E-02 a        39     0     2     1    14
  2.6893373706584661E-01 a        40     0     2     1    15
  1.1342528350272998E-01 a        41     0     2     1    16
  1.0944878248729689E-01 a        42     0     2     1    17
  5.6284328616754387E-01 a        43     0     2     1    18
 -2.1035099107933669E-01 a        44     0     2     1    19
 -3.1156388703764298E-01 a        45     0     2     1    20
  6.6341346130700501E-02 a        46     0     2     1    21
 -4.2531727555617183E-01 a        47     0     2     1    22
 -3.9408680470486906E-01 a        48     0     2     1    23
 -3.7388586804213886E-01 a        49     0     2     1    24
  7.4309909678472272E-02 a        50     0     2     1    25
 -3.8773103682672189E-01 a        51     0     3     1     1
  4.6721966616354749E-01 a        52     0     3     1     2
  2.3540505248466537E-01 a        53     0     3     1     3
 -8.8803066111772563E-02 a        54     0     3     1     4
  4.6624400106928676E-01 a        55     0     3     1     5
 -1.4737118636649640E-01 a        56     0     3     1     6
 -1.7349496713669016E-01 a        57     0     3     1     7
  1.4704253962149361E-01 a        58     0     3     1     8
  1.7269715787372955E-01 a        59     0     3     1     9
  6.9298340778937290E-04 a        60     0     3     1    10
 -2.5875655187929153E-01 a        61     0     3     1    11
  3.2642733162597623E-02 a        62     0     3     1    12
 -6.1249956146815478E-02 a        63     0     3     1    13
  1.3247952211189707E-02 a        64     0     3     1    14
  1.9205865956919685E-01 a        65     0     3     1    15
  5.6256968891055831E-02 a        66     0     3     1    16
  2.4335502116941851E-01 a        67     0     3     1    17
 -4.3119624415945419E-02 a        68     0     3     1    18
  3.6871410693055645E-01 a        69     0     3     1    19
 -3.3606258396127059E-01 a        70     0     3     1    20
  1.8713367025196801E-02 a        71     0     3     1    21
  1.5732462822679416E-01 a        72     0     3     1    22
  2.9401457928426616E-02 a        73     0     3     1    23
  1.4392508428906614E-01 a        74     0     3     1    24
 -1.6712306236498242E-01 a        75     0     3     1    25
 -8.1232776993726274E-02 a        76     0     4     1     1
  4.7685965621177391E-02 a        77     0     4     1     2
 -8.6220427279196585E-02 a        78     0     4     1     3
  2.6703647947549974E-01 a        79     0     4     1     4
  2.6151177508865425E-01 a        80     0     4     1     5
  2.4624065435253698E-01 a        81     0     4     1     6
 -2.5071697875909387E-02 a        82     0     4     1     7
 -6.9990742162894859E-02 a        83     0     4     1     8
 -1.0025152268249211E-01 a        84     0     4     1     9
  6.7386613947566276E-01 a        85     0     4     1    10
 -2.1026273814420498E-02 a        86     0     4     1    11
  4.2848497051711892E-01 a        87     0     4     1    12
  1.8473604197913684E-01 a        88     0     4     1    13
 -3.6796578108799008E-02 a        89     0     4     1    14
 -2.2551480613921371E-01 a        90     0     4     1    15
  5.2488125636388945E-02 a        91     0     4     1    16
 -4.7461434422835638E-02 a        92     0     4     1    17
  4.0502291617946945E-01 a        93     0     4     1    18
  2.2158683393151407E-01 a        94     0     4     1    19
 -3.7575105838879458E-01 a        95     0     4     1    20
 -2.7067021689341270E-01 a        96     0     4     1    21
  1.3793696342438713E-01 a        97     0     4     1    22
 -2.2861175078119383E-01 a        98     0     4     1    23
 -5.1727010607315471E-01 a        99     0     4     1    24
 -3.4835212202196236E-01 a       100     0     4     1    25
 -3.0207147155688968E-01 a       101     0     5     1     1
  4.0553677433537549E-01 a       102     0     5     1     2
  4.0878006239496328E-01 a       103     0     5     1     3
  3.4584367330495919E-01 a       104     0     5     1     4
  3.3537798514600664E-01 a       105     0     5     1     5
  1.8147859290102508E-01 a       106     0     5     1     6
 -2.4543334633649015E-02 a       107     0     5     1     7
 -3.6713987494380864E-03 a       108     0     5     1     8
  1.9829033410586885E-01 a       109     0     5     1     9
  4.8293419841430518E-01 a       110     0     5     1    10
 -9.1626745796133918E-02 a       111     0     5     1    11
  5.6393114948440348E-03 a       112     0     5     1    12
 -1.9709539273358448E-01 a       113     0     5     1    13
 -3.5472069321953716E-02 a       114     0     5     1    14
  2.3645367717555341E-01 a       115     0     5     1    15
  3.2213429940614313E-01 a       116     0     5     1    16
 -1.4160930972500008E-01 a       117     0     5     1    17
 -2.6147692731038336E-01 a       118     0     5     1    18
  3.2093506708989178E-01 a       119     0     5     1    19
 -9.0201176804755118E-02 a       120     0     5     1    20
  1.9230911314670499E-01 a       121     0     5     1    21
 -3.0979925827511184E-01 a       122     0     5     1    22
  1.9606089478049044E-01 a       123     0     5     1    23
 -2.8432093074328063E-01 a       124     0     5     1    24
  3.4069316517309212E-01 a       125     0     5     1    25
 -1.9199583392738281E-01 a       126     0     6     1     1
 -1.2587900667774582E-01 a       127     0     6     1     2
  1.8600043817964890E-01 a       128     0     6     1     3
  4.0001478013562813E-01 a       129     0     6     1     4
  3.2124182494871723E-01 a       130     0     6     1     5
 -1.9093282349772736E-01 a       131     0     6     1     6
  9.2339561298067183E-02 a       132     0     6     1     7
  1.0469162733571134E-01 a       133     0     6     1     8
  3.4383525279132232E-01 a       134     0     6     1     9
  6.4841677030561362E-01 a       135     0     6     1    10
  1.5888391509841754E-02 a       136     0     6     1    11
  4.9464591512510099E-02 a       137     0     6     1    12
  4.3362305649362476E-01 a       138     0     6     1    13
  4.8287376056449581E-02 a       139     0     6     1    14
  1.0770255651995046E-01 a       140     0     6     1    15
  3.1241306585835704E-01 a       141     0     6     1    16
  5.3373819523254606E-01 a       142     0     6     1    17
  3.3404636200243071E-01 a       143     0     6     1    18
  8.4832704918550675E-02 a       144     0     6     1    19
 -3.6641020292726650E-01 a       145     0     6     1    20
 -2.3494727600981644E-01 a       146     0     6     1    21
  3.8602133797015145E-02 a       147     0     6     1    22
 -9.8492369049744205E-02 a       148     0     6     1    23
 -9.7324395522331332E-03 a       149     0     6     1    24
 -3.0786181288745762E-01 a       150     0     6     1    25
  1.3089933822486538E-01 a       151     0     7     1     1
  3.1409195173249055E-01 a       152     0     7     1     2
  1.4137204438278492E-01 a       153     0     7     1     3
  8.6331624202966278E-02 a       154     0     7     1     4
 -1.9201728987125757E-01 a       155     0     7     1     5
 -7.9489120536629043E-02 a       156     0     7     1     6
 -3.6005413940482893E-02 a       157     0     7     1     7
  3.4840626958116494E-01 a       158     0     7     1     8
  2.1305637110421607E-01 a       159     0     7     1     9
  3.1403404163129234E-01 a       160     0     7     1    10
  1.6322253474311937E-01 a       161     0     7     1    11
 -2.2752706912022586E-01 a       162     0     7     1    12
 -1.7065011305069896E-01 a       163     0     7     1    13
  6.0862631974114442E-02 a       164     0     7     1    14
 -1.7237894321948458E-01 a       165     0     7     1    15
  2.5120472355533380E-01 a       166     0     7     1    16
  3.3617133512022435E-01 a       167     0     7     1    17
  2.0844403953684204E-01 a       168     0     7     1    18
  9.1720271854149778E-04 a       169     0     7     1    19
  1.4459569745181333E-01 a       170     0     7     1    20
  1.1665756183319782E-01 a       171     0     7     1    21
  1.4063275124306560E-01 a       172     0     7     1    22
  1.3708070943192791E-01 a       173     0     7     1    23
  5.0714434525661170E-02 a       174     0     7     1    24
 -1.2358690380086704E-01 a       175     0     7     1    25
 -2.4946544123626835E-01 a       176     0     8     1     1
 -7.0005921062102516E-02 a       177     0     8     1     2
  2.4261182794728470E-01 a       178     0     8     1     3
  1.4124309697353229E-01 a       179     0     8     1     4
  5.1356685331544671E-01 a       180     0     8     1     5
  4.6180278393523046E-02 a       181     0     8     1     6
 -4.1628701173278726E-01 a       182     0     8     1     7
 -6.4157741432934595E-02 a       183     0     8     1     8
 -2.0938929160434758E-01 a       184     0     8     1     9
  6.0883072090081158E-01 a       185     0     8     1    10
  4.2841424052918153E-01 a       186     0     8     1    11
  4.4990664735769476E-01 a       187     0     8     1    12
  4.9874474173786168E-02 a       188     0     8     1    13
  4.3050877344707694E-01 a       189     0     8     1    14
 -3.4555316174428342E-02 a       190     0     8     1    15
 -4.5011393292913190E-02 a       191     0     8     1    16
  4.2861324906901660E-01 a       192     0     8     1    17
  3.9343513854306050E-01 a       193     0     8     1    18
 -5.9472155252701595E-02 a       194     0     8     1    19
 -3.2897309305614547E-01 a       195     0     8     1    20
  5.3792807468687970E-03 a       196     0     8     1    21
 -3.7004053464877401E-01 a       197     0     8     1    22
 -1.2549872377735383E-02 a       198     0     8     1    23
  1.1921722746793248E-02 a       199     0     8     1    24
 -1.8437248297694031E-01 a       200     0     8     1    25
  9.6745324838393806E-02 a       201     0     9     1     1
  9.6206132491115218E-02 a       202     0     9     1     2
  4.9066206078761457E-02 a       203     0     9     1     3
 -3.5314894996454965E-01 a       204     0     9     1     4
 -4.1375486504971964E-01 a       205     0     9     1     5
 -2.0627976300983558E-01 a       206     0     9     1     6
  2.7775091410241820E-01 a       207     0     9     1     7
 -2.0032872396290369E-01 a       208     0     9     1     8
  9.5536292426776026E-02 a       209     0     9     1     9
 -1.3249014728037434E-01 a       210     0     9     1    10
 -1.3497461957548856E-01 a       211     0     9     1    11
 -1.9481864775096269E-01 a       212     0     9     1    12
 -1.1240708473050963E-01 a       213     0     9     1    13
 -3.4894447654320826E-01 a       214     0     9     1    14
 -1.0092457941690547E-01 a       215     0     9     1    15
  1.7201837379701287E-01 a       216     0     9     1    16
 -1.2024079050823865E-01 a       217     0     9     1    17
  1.6413501799250046E-01 a       218     0     9     1    18
 -2.5677086199982607E-01 a       219     0     9     1    19
  7.7499983442485543E-02 a       220     0     9     1    20
  8.1130303402844620E-02 a       221     0     9     1    21
  8.4701448200434584E-02 a       222     0     9     1    22
 -2.2731625046604576E-01 a       223     0     9     1    23
 -1.7733987543874560E-01 a       224     0     9     1    24
 -2.0856635020890918E-01 a       225     0     9     1    25
 -5.1846015630470521E-01 a       226     0    10     1     1
  3.1569199194693898E-01 a       227     0    10     1     2
 -8.7831640711054912E-02 a       228     0    10     1     3
 -2.3831947323679259E-01 a       229     0    10     1     4
  4.4606418184215885E-01 a       230     0    10     1     5
 -2.7951840539494804E-01 a       231     0    10     1     6
 -4.2605330638099195E-02 a       232     0    10     1     7
  1.0432128317422018E-03 a       233     0    10     1     8
  9.4459648659813447E-02 a       234     0    10     1     9
  9.2626610809755527E-01 a       235     0    10     1    10
  3.9557027807485901E-01 a       236     0    10     1    11
 -8.0585338698737102E-02 a       237     0    10     1    12
  1.0080488515160242E-01 a       238     0    10     1    13
 -2.4510352296072398E-02 a       239     0    10     1    14
 -1.5898644177281773E-01 a       240     0    10     1    15
 -1.7969960676678401E-01 a       241     0    10     1    16
  5.2043758572340136E-02 a       242     0    10     1    17
  8.3356746233411681E-03 a       243     0    10     1    18
 -3.8619870450392219E-01 a       244     0    10     1    19
  1.1244911826566806E-01 a       245     0    10     1    20
 -1.0292340105191361E-01 a       246     0    10     1    21
 -3.0920762731454382E-01 a       247     0    10     1    22
 -3.5677387358183882E-01 a       248     0    10     1    23
 -2.7530383622457660E-01 a       249     0    10     1    24
  3.3291675476136051E-01 a       250     0    10     1    25
  3.3065663254417310E-01 a       251     0    11     1     1
  9.3279046670712004E-02 a       252     0    11     1     2
  5.5616984091601429E-01 a       253     0    11     1     3
 -3.1417418888626016E-03 a       254     0    11     1     4
 -3.4631239667345781E-01 a       255     0    11     1     5
  1.9056801355003911E-01 a       256     0    11     1     6
 -7.1822618482074163E-02 a       257     0    11     1     7
  1.2177276998253660E-01 a       258     0    11     1     8
  2.9802149040733228E-01 a       259     0    11     1     9
  1.9296661443256666E-01 a       260     0    11     1    10
 -9.5159690114929391E-02 a       261     0    11     1    11
 -2.6057627392341792E-01 a       262     0    11     1    12
 -1.3688981480010703E-01 a       263     0    11     1    13
  1.2140514763959911E-01 a       264     0    11     1    14
 -1.0703986511564448E-01 a       265     0    11     1    15
  1.1626933715877931E-02 a       266     0    11     1    16
 -2.5028344911879030E-01 a       267     0    11     1    17
  4.6603955618433762E-01 a       268     0    11     1    18
 -2.0987129012176020E-01 a       269     0    11     1    19
  1.6601073117816431E-02 a       270     0    11     1    20
 -9.5719411487043826E-02 a       271     0    11     1    21
 -5.4605889467966427E-02 a       272     0    11     1    22
 -5.2494898642058407E-01 a       273     0    11     1    23
  5.0214492387192014E-02 a       274     0    11     1    24
  2.1720823288725516E-01 a       275     0    11     1    25
  1.2228691421315252E-02 a       276     0    12     1     1
  3.0015533967808383E-01 a       277     0    12     1     2
  2.9311108461620411E-01 a       278     0    12     1     3
 -1.9271334135798671E-01 a       279     0    12     1     4
  2.7395638654064686E-01 a       280     0    12     1     5
  3.9310997405261394E-01 a       281     0    12     1     6
 -3.7070389997723463E-01 a       282     0    12     1     7
 -8.4512725811093606E-02 a       283     0    12     1     8
  3.8826345339471553E-02 a       284     0    12     1     9
  1.0760855610166384E+00 a       285     0    12     1    10
  5.6477693356110403E-01 a       286     0    12     1    11
  1.0788537530384351E-01 a       287     0    12     1    12
  4.4516152649690777E-01 a       288     0    12     1    13
  4.2414909266429229E-01 a       289     0    12     1    14
 -2.5270046895803761E-01 a       290     0    12     1    15
  1.9162211320633932E-01 a       291     0    12     1    16
  3.4103882876205743E-01 a       292     0    12     1    17
  2.2834062409145381E-01 a       293     0    12     1    18
 -1.9876098780270693E-01 a       294     0    12     1    19
 -3.4654002047435351E-01 a       295     0    12     1    20
  5.7237480294913483E-02 a       296     0    12     1    21
 -3.0601392994286297E-01 a       297     0    12     1    22
 -1.1696820533137912E-01 a       298     0    12     1    23
 -8.3414297445397412E-02 a       299     0    12     1    24
 -1.6764424292867428E-01 a       300     0    12     1    25
  3.2549820833427084E-01 a       301     0    13     1     1
  7.1142729102022484E-01 a       302     0    13     1     2
  3.2916143959081245E-01 a       303     0    13     1     3
 -2.2719362525398218E-01 a       304     0    13     1     4
  1.8669413589587211E-01 a       305     0    13     1     5
 -9.3830449180690445E-02 a       306     0    13     1     6
  9.9863271134107964E-02 a       307     0    13     1     7
  8.5096398973724036E-02 a       308     0    13     1     8
 -1.7210283507869195E-01 a       309     0    13     1     9
  9.6144956569487905E-02 a       310     0    13     1    10
 -1.3936761456721966E-02 a       311     0    13     1    11
 -2.4255587463363995E-01 a       312     0    13     1    12
  5.8371277483968066E-02 a       313     0    13     1    13
 -2.5201954006943605E-01 a       314     0    13     1    14
  1.6175128007248060E-01 a       315     0    13     1    15
  5.7477405427148620E-01 a       316     0    13     1    16
  2.0341844120762220E-01 a       317     0    13     1    17
  4.7997354235807971E-01 a       318     0    13     1    18
 -2.7349077954617751E-01 a       319     0    13     1    19
  2.4514165022262296E-01 a       320     0    13     1    20
 -1.1273192278466948E-01 a       321     0    13     1    21
  1.3552580969365513E-01 a       322     0    13     1    22
  1.1302108766265882E-02 a       323     0    13     1    23
  9.3025505474911716E-02 a       324     0    13     1    24
 -1.8567067921494179E-01 a       325     0    13     1    25
  1.0744836809738172E-01 a       326     0    14     1     1
 -3.3530068347879022E-01 a       327     0    14     1     2
  2.2561482636446306E-01 a       328     0    14     1     3
  2.4097857327223032E-01 a       329     0    14     1     4
 -2.4276684092585467E-02 a       330     0    14     1     5
 -1.5537128987307650E-01 a       331     0    14     1     6
 -4.5585149911365902E-01 a       332     0    14     1     7
 -2.4473142358637556E-01 a       333     0    14     1     8
  1.7083516306411145E-01 a       334     0    14     1     9
  1.4339208359704099E+00 a       335     0    14     1    10
  3.2204872332020557E-01 a       336     0    14     1    11
  1.2094653284489153E-01 a       337     0    14     1    12
  3.6668251996484075E-01 a       338     0    14     1    13
 -1.1286109414762976E-01 a       339     0    14     1    14
 -8.8389721898072371E-02 a       340     0    14     1    15
 -1.2664390945195952E-01 a       341     0    14     1    16
  3.3059161276869764E-01 a       342     0    14     1    17
 -8.0341023363899727E-02 a       343     0    14     1    18
  2.3214320093031937E-01 a       344     0    14     1    19
  2.7603311164824373E-01 a       345     0    14     1    20
 -4.0872404976958115E-01 a       346     0    14     1    21
 -1.8386699816486635E-01 a       347     0    14     1    22
 -4.8994483579136119E-02 a       348     0    14     1    23
 -2.1574303778182763E-01 a       349     0    14     1    24
 -2.0500200112350386E-01 a       350     0    14     1    25
 -2.8168103998991101E-01 a       351     0    15     1     1
  7.0286546047718035E-01 a       352     0    15     1     2
  4.7147204244316077E-01 a       353     0    15     1     3
  2.4244603217888963E-01 a       354     0    15     1     4
  8.0448388559828909E-01 a       355     0    15     1     5
 -1.2261720640016004E-01 a       356     0    15     1     6
  4.6741748394340066E-01 a       357     0    15     1     7
 -1.3940831535751536E-01 a       358     0    15     1     8
 -1.3830266757162038E-01 a       359     0    15     1     9
 -2.4283409774908482E-01 a       360     0    15     1    10
  9.9402494741111513E-01 a       361     0    15     1    11
  3.9029624660782281E-01 a       362     0    15     1    12
  4.4769216186009064E-01 a       363     0    15     1    13
  4.5284303027243872E-02 a       364     0    15     1    14
  9.0752030085859928E-02 a       365     0    15     1    15
  5.3991806517109342E-01 a       366     0    15     1    16
 -5.1335693318444037E-02 a       367     0    15     1    17
  8.1233043058954724E-01 a       368     0    15     1    18
  5.8098299154923316E-01 a       369     0    15     1    19
 -3.7947111180296633E-01 a       370     0    15     1    20
  7.7388570774051438E-02 a       371     0    15     1    21
 -2.1718769879556202E-01 a       372     0    15     1    22
  3.7643307444542390E-01 a       373     0    15     1    23
 -3.8704906862251220E-01 a       374     0    15     1    24
 -5.1054248078566039E-02 a       375     0    15     1    25
  6.9784653914612693E-02 a       376     0    16     1     1
 -1.1783702556158339E-01 a       377     0    16     1     2
 -5.0459161694123655E-01 a       378     0    16     1     3
 -1.7881451546401855E-01 a       379     0    16     1     4
 -2.8762284147107392E-01 a       380     0    16     1     5
  3.7242146445349518E-02 a       381     0    16     1     6
  2.9604414112694688E-01 a       382     0    16     1     7
  1.2258928516102699E-01 a       383     0    16     1     8
 -2.4359399836076123E-01 a       384     0    16     1     9
  6.9266700286901350E-01 a       385     0    16     1    10
  2.3148498891433869E-01 a       386     0    16     1    11
  2.0361698634199399E-01 a       387     0    16     1    12
  2.6469667729555276E-02 a       388     0    16     1    13
 -3.4756800416555441E-03 a       389     0    16     1    14
  4.9416405690710524E-01 a       390     0    16     1    15
 -3.5745504949702805E-01 a       391     0    16     1    16
  1.7499399632516838E-01 a       392     0    16     1    17
 -1.5656677818591772E-01 a       393     0    16     1    18
  2.8577163937469857E-01 a       394     0    16     1    19
  8.8888594715414215E-02 a       395     0    16     1    20
  4.4254402173142571E-01 a       396     0    16     1    21
  2.8100389502869513E-02 a       397     0    16     1    22
  9.9231212230793869E-02 a       398     0    16     1    23
 -1.1378058706958659E-01 a       399     0    16     1    24
 -1.7470144364744947E-01 a       400     0    16     1    25
 -2.2897112222657934E-01 a       401     0    17     1     1
  1.3746631073707075E-01 a       402     0    17     1     2
 -1.1194166372849385E-01 a       403     0    17     1     3
 -3.6765152981719368E-02 a       404     0    17     1     4
  1.8828970936072037E-01 a       405     0    17     1     5
 -1.0962116001200421E-02 a       406     0    17     1     6
 -2.7009749288993190E-01 a       407     0    17     1     7
 -2.2306970340736926E-01 a       408     0    17     1     8
  2.4763820785523452E-01 a       409     0    17     1     9
  1.4643369251381719E-01 a       410     0    17     1    10
  2.8468171353211363E-01 a       411     0    17     1    11
  1.3299519472191010E-01 a       412     0    17     1    12
 -8.7591190701037713E-02 a       413     0    17     1    13
 -4.2856295717660670E-02 a       414     0    17     1    14
  3.8606946523760045E-02 a       415     0    17     1    15
  3.1524381723599426E-01 a       416     0    17     1    16
 -8.8542049082908483E-02 a       417     0    17     1    17
 -5.6144998990095296E-01 a       418     0    17     1    18
  5.6246205510977493E-04 a       419     0    17     1    19
 -2.2255934437156608E-01 a       420     0    17     1    20
  1.1447870582090920E-01 a       421     0    17     1    21
 -2.4225312921293984E-01 a       422     0    17     1    22
  4.7076546332259550E-02 a       423     0    17     1    23
  1.1933217037431601E-01 a       424     0    17     1    24
  3.6148259161386204E-01 a       425     0    17     1    25
 -1.2223694995184918E-01 a       426     0    18     1     1
  2.4308066979504533E-01 a       427     0    18     1     2
 -2.9456932535330538E-01 a       428     0    18     1     3
  3.6696376228919569E-01 a       429     0    18     1     4
  1.8647126074231990E-01 a       430     0    18     1     5
 -2.0177056371970462E-01 a       431     0    18     1     6
 -2.0642054144775585E-01 a       432     0    18     1     7
  1.9878591370299706E-01 a       433     0    18     1     8
 -4.1746601926953571E-02 a       434     0    18     1     9
  8.0590080007089904E-01 a       435     0    18     1    10
  1.7895846799825305E-01 a       436     0    18     1    11
 -1.9156293065291979E-01 a       437     0    18     1    12
  4.3735957126914665E-01 a       438     0    18     1    13
 -8.7686354964712998E-02 a       439     0    18     1    14
 -7.9022901673845569E-02 a       440     0    18     1    15
 -2.4463857708741110E-01 a       441     0    18     1    16
  1.1258692751639442E-01 a       442     0    18     1    17
 -7.6556047711707473E-02 a       443     0    18     1    18
 -2.2864719795417311E-02 a       444     0    18     1    19
  1.9479736564636438E-01 a       445     0    18     1    20
  7.3615751975619675E-02 a       446     0    18     1    21
 -2.9228866473970655E-01 a       447     0    18     1    22
 -2.6605648896796941E-01 a       448     0    18     1    23
 -2.5235759958632559E-01 a       449     0    18     1    24
  3.6165572965981241E-01 a       450     0    18     1    25
 -3.1295118582540093E-01 a       451     0    19     1     1
  3.4588226069121170E-01 a       452     0    19     1     2
  4.3690452649544145E-03 a       453     0    19     1     3
  2.2810849672362965E-01 a       454     0    19     1     4
  2.4054717576804260E-02 a       455     0    19     1     5
 -3.1355931007035126E-01 a       456     0    19     1     6
 -4.6795279226364034E-01 a       457     0    19     1     7
  1.1666624324337144E-02 a       458     0    19     1     8
  2.5791723483073788E-03 a       459     0    19     1     9
  2.4631561364490487E-01 a       460     0    19     1    10
  2.7635746205680267E-01 a       461     0    19     1    11
  3.3310376751267641E-02 a       462     0    19     1    12
  2.6202535081201088E-03 a       463     0    19     1    13
  3.1978088272840995E-02 a       464     0    19     1    14
 -8.9615843353517674E-02 a       465     0    19     1    15
 -7.6094744384392607E-02 a       466     0    19     1    16
 -3.6308375199470708E-02 a       467     0    19     1    17
  5.5476908354466253E-02 a       468     0    19     1    18
  1.1192486767272010E-01 a       469     0    19     1    19
 -1.6208372187618314E-01 a       470     0    19     1    20
 -1.0731162926168521E-01 a       471     0    19     1    21
 -4.3435012520996845E-02 a       472     0    19     1    22
  2.1762634885980156E-01 a       473     0    19     1    23
 -3.9448535356950387E-01 a       474     0    19     1    24
  2.6889828143390065E-01 a       475     0    19     1    25
 -2.8125654601352884E-01 a       476     0    20     1     1
 -2.4869851915318229E-02 a       477     0    20     1     2
 -1.8085354564584893E-01 a       478     0    20     1     3
  3.3792863877132800E-01 a       479     0    20     1     4
  2.6650837416685269E-01 a       480     0    20     1     5
 -2.5217392960591117E-01 a       481     0    20     1     6
 -5.6192510291517295E-01 a       482     0    20     1     7
  1.8350197487782421E-01 a       483     0    20     1     8
 -1.4890304654752756E-01 a       484     0    20     1     9
  4.9146408164435035E-01 a       485     0    20     1    10
  2.7705906658843532E-01 a       486     0    20     1    11
  2.5842282253460658E-01 a       487     0    20     1    12
  3.1035256304029195E-02 a       488     0    20     1    13
 -2.9138169705781314E-01 a       489     0    20     1    14
  8.2285695921384128E-03 a       490     0    20     1    15
 -3.6149960790201674E-01 a       491     0    20     1    16
  5.0398864727394810E-01 a       492     0    20     1    17
  5.8071606590948455E-01 a       493     0    20     1    18
  9.7296922343972372E-02 a       494     0    20     1    19
  7.8797856814798811E-02 a       495     0    20     1    20
  7.9508746613339051E-02 a       496     0    20     1    21
  3.2425445978904505E-01 a       497     0    20     1    22
  7.0204387398302176E-02 a       498     0    20     1    23
 -4.9563154165890561E-01 a       499     0    20     1    24
 -3.4270615233528046E-01 a       500     0    20     1    25
 -4.0612464168995560E-01 a       501     0    21     1     1
  2.8657696972422009E-01 a       502     0    21     1     2
 -1.1460657560931552E-01 a       503     0    21     1     3
 -2.4783347459815241E-01 a       504     0    21     1     4
  6.8126201764659805E-02 a       505     0    21     1     5
  1.3960589766812165E-01 a       506     0    21     1     6
  1.7376712613121720E-01 a       507     0    21     1     7
  1.7298196433123533E-01 a       508     0    21     1     8
  4.3910410398636940E-01 a       509     0    21     1     9
 -2.8196040035834129E-02 a       510     0    21     1    10
  1.3449667305366525E-01 a       511     0    21     1    11
  2.5883427810615295E-01 a       512     0    21     1    12
  1.2461032769081619E-01 a       513     0    21     1    13
  9.4379830401475961E-02 a       514     0    21     1    14
  1.1842229112199780E-01 a       515     0    21     1    15
 -3.1108252634430522E-01 a       516     0    21     1    16
  1.0799331008390771E-01 a       517     0    21     1    17
  6.2093766866094385E-02 a       518     0    21     1    18
 -5.7563598658804310E-02 a       519     0    21     1    19
  1.3370308211509691E-01 a       520     0    21     1    20
 -1.4522810725238283E-02 a       521     0    21     1    21
 -3.0700197545658292E-01 a       522     0    21     1    22
  2.5762689919727394E-01 a       523     0    21     1    23
  6.9696353347090068E-02 a       524     0    21     1    24
  6.5707123825342689E-02 a       525     0    21     1    25
 -1.2592208892720896E-01 a       526     0    22     1     1
  4.9947550047169775E-01 a       527     0    22     1     2
  1.4982011637993181E-01 a       528     0    22     1     3
  2.2308156175569785E-01 a       529     0    22     1     4
  6.5314585972963524E-01 a       530     0    22     1     5
  2.6564089194796614E-01 a       531     0    22     1     6
  3.1459785958852293E-01 a       532     0    22     1     7
  2.8977782993262968E-01 a       533     0    22     1     8
  1.4904549441435588E-01 a       534     0    22     1     9
 -9.2306007817784641E-02 a       535     0    22     1    10
  2.9331886847544758E-01 a       536     0    22     1    11
  4.0395123966739649E-01 a       537     0    22     1    12
  2.6561393375632575E-01 a       538     0    22     1    13
  2.5198600282606176E-01 a       539     0    22     1    14
  2.5778609499907845E-01 a       540     0    22     1    15
 -2.0940653055462166E-01 a       541     0    22     1    16
 -1.3169499478363000E-02 a       542     0    22     1    17
  6.2144139503129225E-01 a       543     0    22     1    18
  3.2869395205718566E-01 a       544     0    22     1    19
 -2.3484493248556607E-01 a       545     0    22     1    20
 -1.3353162884723501E-02 a       546     0    22     1    21
 -4.7895594316324686E-01 a       547     0    22     1    22
  3.7382971249484115E-01 a       548     0    22     1    23
 -2.3210005855106974E-01 a       549     0    22     1    24
 -2.5330544860035775E-01 a       550     0    22     1    25
 -1.9966218749158177E-01 a       551     0    23     1     1
 -1.3530614869825036E-01 a       552     0    23     1     2
  2.9802374526451131E-01 a       553     0    23     1     3
  2.2013064623197343E-01 a       554     0    23     1     4
 -3.0852712612931416E-01 a       555     0    23     1     5
 -1.6067793377211267E-01 a       556     0    23     1     6
 -6.1586807329838886E-02 a       557     0    23     1     7
 -1.3850557946882544E-01 a       558     0    23     1     8
 -8.5532989670212750E-02 a       559     0    23     1     9
  2.8803091171096379E-01 a       560     0    23     1    10
  3.8301790795848001E-01 a       561     0    23     1    11
  1.8355163774097683E-01 a       562     0    23     1    12
  3.9054158793893778E-01 a       563     0    23     1    13
 -2.5976934728040378E-02 a       564     0    23     1    14
 -1.5354009276572872E-01 a       565     0    23     1    15
 -9.8117209782228113E-02 a       566     0    23     1    16
  7.8618783410270926E-02 a       567     0    23     1    17
 -1.1475240689108462E-01 a       568     0    23     1    18
  6.7874112411001192E-02 a       569     0    23     1    19
 -2.9847521281472061E-01 a       570     0    23     1    20
  9.6575398196907372E-02 a       571     0    23     1    21
  3.1807987879168259E-01 a       572     0    23     1    22
 -1.5242346091660644E-01 a       573     0    23     1    23
 -2.8838067111210863E-01 a       574     0    23     1    24
  2.9432336832135397E-01 a       575     0    23     1    25
 -1.0202017361718696E-01 a       576     0    24     1     1
  4.0197213888273914E-01 a       577     0    24     1     2
 -2.3482376225410836E-01 a       578     0    24     1     3
  2.8169678959900257E-01 a       579     0    24     1     4
 -1.4745189059665187E-01 a       580     0    24     1     5
  1.0330007122357870E-01 a       581     0    24     1     6
 -4.4502688452113115E-01 a       582     0    24     1     7
 -3.1458372949033625E-01 a       583     0    24     1     8
  4.6540446126800826E-02 a       584     0    24     1     9
  9.6589267814661339E-01 a       585     0    24     1    10
  1.1551481606718272E-01 a       586     0    24     1    11
  2.0807371221337698E-01 a       587     0    24     1    12
  2.5192993442880890E-01 a       588     0    24     1    13
 -1.9032105362296901E-02 a       589     0    24     1    14
 -2.3700077597309860E-01 a       590     0    24     1    15
 -1.9200371321443144E-01 a       591     0    24     1    16
  1.4889532823362397E-01 a       592     0    24     1    17
 -2.8656456670375507E-01 a       593     0    24     1    18
 -3.4290781844839184E-02 a       594     0    24     1    19
 -3.2498360501209134E-01 a       595     0    24     1    20
 -5.1867978165129491E-01 a       596     0    24     1    21
  4.0047179940252497E-01 a       597     0    24     1    22
 -2.5154939079295863E-01 a       598     0    24     1    23
 -5.9566298454518307E-01 a       599     0    24     1    24
 -1.8796398148253894E-02 a       600     0    24     1    25
 -3.5170768798649188E-01 a       601     0    25     1     1
  3.3174668094431164E-01 a       602     0    25     1     2
  9.8550008160501607E-02 a       603     0    25     1     3
 -1.5324688766223910E-01 a       604     0    25     1     4
  3.8637299461989860E-01 a       605     0    25     1     5
 -1.4654787665755992E-01 a       606     0    25     1     6
 -6.8537203989304030E-01 a       607     0    25     1     7
 -2.7872996640385384E-02 a       608     0    25     1     8
 -1.5928174486493342E-02 a       609     0    25     1     9
  1.5059369511315566E+00 a       610     0    25     1    10
 -3.9840799016736775E-02 a       611     0    25     1    11
  2.0466470724545560E-01 a       612     0    25     1    12
 -6.1624702479461849E-02 a       613     0    25     1    13
 -1.2502374491555154E-01 a       614     0    25     1    14
 -3.7391621705231598E-01 a       615     0    25     1    15
  2.5332443503465651E-01 a       616     0    25     1    16
  1.3003804233551905E-01 a       617     0    25     1    17
  3.1125045955369052E-01 a       618     0    25     1    18
 -2.9250114531060842E-02 a       619     0    25     1    19
  3.1681969506414820E-01 a       620     0    25     1    20
 -5.8692581362005602E-01 a       621     0    25     1    21
  3.8598623519048297E-01 a       622     0    25     1    22
 -2.9213613601649974E-01 a       623     0    25     1    23
 -4.6032065298347535E-01 a       624     0    25     1    24
 -7.7714586240231864E-02 a       625     0    25     1    25
  3.7158294227440235E-02 a       626     0    26     1     1
  1.0247805655732128E-01 a       627     0    26     1     2
 -2.5387455184996556E-02 a       628     0    26     1     3
 -2.6389860502593265E-01 a       629     0    26     1     4
  1.9911052606194460E-01 a       630     0    26     1     5
  8.2672122514245022E-02 a       631     0    26     1     6
  7.7712115348023414E-04 a       632     0    26     1     7
 -2.3324394726531267E-01 a       633     0    26     1     8
  3.4657664394183545E-02 a       634     0    26     1     9
 -2.9847884536450670E-01 a       635     0    26     1    10
 -3.4808979315031396E-01 a       636     0    26     1    11
  3.6791939692397069E-01 a       637     0    26     1    12
 -1.4960930800734337E-02 a       638     0    26     1    13
  3.0545128512684033E-01 a       639     0    26     1    14
 -1.3544757617822764E-01 a       640     0    26     1    15
  4.1236791458390387E-01 a       641     0    26     1    16
  1.5816797047354597E-01 a       642     0    26     1    17
  2.6465740343217847E-01 a       643     0    26     1    18
  2.4560910800524308E-02 a       644     0    26     1    19
 -1.7952861591542912E-01 a       645     0    26     1    20
  1.8353026668254524E-01 a       646     0    26     1    21
 -4.6776399478825059E-01 a       647     0    26     1    22
  2.2334331475520944E-01 a       648     0    26     1    23
  6.4618002390365456E-02 a       649     0    26     1    24
 -2.7307259329590872E-01 a       650     0    26     1    25
  2.9106045052841662E-02 a       651     0    27     1     1
 -3.2040779521687504E-02 a       652     0    27     1     2
 -2.1694047023850796E-01 a       653     0    27     1     3
  3.0543517026873734E-01 a       654     0    27     1     4
  2.3906512197297178E-01 a       655     0    27     1     5
  3.0223787730428225E-01 a       656     0    27     1     6
  7.7087541779749053E-02 a       657     0    27     1     7
 -2.3991507033611023E-01 a       658     0    27     1     8
  8.3376717966197639E-02 a       659     0    27     1     9
  7.5850655832375480E-01 a       660     0    27     1    10
  1.0567926968723182E-01 a       661     0    27     1    11
  8.7307702196281964E-02 a       662     0    27     1    12
 -2.1139688557151962E-01 a       663     0    27     1    13
 -2.4836244354659012E-01 a       664     0    27     1    14
  3.2745941541982064E-02 a       665     0    27     1    15
 -2.5291124373770363E-01 a       666     0    27     1    16
  1.9341172108943960E-01 a       667     0    27     1    17
 -1.7071892158349047E-01 a       668     0    27     1    18
 -5.8871948744112237E-02 a       669     0    27     1    19
 -2.0176530768975484E-01 a       670     0    27     1    20
 -2.8497386026793114E-01 a       671     0    27     1    21
  1.7256446428648534E-01 a       672     0    27     1    22
  8.4795736260667220E-02 a       673     0    27     1    23
  1.8095634470731991E-02 a       674     0    27     1    24
  3.3226368503483145E-01 a       675     0    27     1    25
  1.4256844390173248E-01 a       676     0    28     1     1
 -1.6833353669470622E-01 a       677     0    28     1     2
 -1.7564034173851889E-01 a       678     0    28     1     3
 -1.5994981535131861E-01 a       679     0    28     1     4
  5.1066942880126454E-01 a       680     0    28     1     5
  2.6213194544328955E-01 a       681     0    28     1     6
 -1.6293696550512154E-01 a       682     0    28     1     7
 -3.5697132988186685E-02 a       683     0    28     1     8
  5.4013115763750263E-01 a       684     0    28     1     9
  9.0319308183647029E-01 a       685     0    28     1    10
  5.6426121928166573E-01 a       686     0    28     1    11
  1.0161501256877391E-01 a       687     0    28     1    12
  3.1661355039759992E-01 a       688     0    28     1    13
 -1.8426866233716671E-01 a       689     0    28     1    14
 -1.2077330247315493E-01 a       690     0    28     1    15
 -1.9617581347091634E-01 a       691     0    28     1    16
  3.2619914169331582E-01 a       692     0    28     1    17
  3.3636338755877848E-01 a       693     0    28     1    18
 -3.7934311523687252E-02 a       694     0    28     1    19
 -7.4045681356780080E-02 a       695     0    28     1    20
 -3.6998591750034854E-01 a       696     0    28     1    21
  9.8669491251198685E-02 a       697     0    28     1    22
 -5.7052933218170110E-01 a       698     0    28     1    23
 -4.9232720213807918E-01 a       699     0    28     1    24
  8.7837689595615109E-02 a       700     0    28     1    25
 -1.6139224161118548E-01 a       701     0    29     1     1
  2.1700365651003831E-01 a       702     0    29     1     2
 -1.5048438954849322E-02 a       703     0    29     1     3
 -8.9778049638798652E-02 a       704     0    29     1     4
  8.4777099025288807E-02 a       705     0    29     1     5
  2.1515467911237179E-01 a       706     0    29     1     6
 -1.4764780157662655E-01 a       707     0    29     1     7
  4.2634923567628058E-01 a       708     0    29     1     8
 -5.6846646590286598E-02 a       709     0    29     1     9
  4.5639252264560171E-02 a       710     0    29     1    10
  3.0908019759996674E-01 a       711     0    29     1    11
  3.5799738819289550E-02 a       712     0    29     1    12
 -3.8175729774340500E-02 a       713     0    29     1    13
 -5.1765882409194919E-01 a       714     0    29     1    14
  1.0801761455425854E-01 a       715     0    29     1    15
 -9.2107823037737374E-02 a       716     0    29     1    16
  1.0812454535871972E-01 a       717     0    29     1    17
  3.9523776698509450E-01 a       718     0    29     1    18
  4.2869834291446018E-01 a       719     0    29     1    19
 -2.0500191071216814E-01 a       720     0    29     1    20
  5.5079962177913266E-01 a       721     0    29     1    21
  1.0210586062451622E-01 a       722     0    29     1    22
 -1.8262368148283964E-01 a       723     0    29     1    23
 -1.0375016043397638E-01 a       724     0    29     1    24
 -1.4942875954071272E-01 a       725     0    29     1    25
 -2.0079517727837154E-01 a       726     0    30     1     1
 -1.3170777032901593E-01 a       727     0    30     1     2
 -1.4435005997700620E-01 a       728     0    30     1     3
 -1.7208423282101573E-01 a       729     0    30     1     4
  1.3838053942671413E-01 a       730     0    30     1     5
 -1.3029931585058940E-01 a       731     0    30     1     6
  4.8698179361852284E-01 a       732     0    30     1     7
  2.5275224601795956E-02 a       733     0    30     1     8
  2.0814509216576768E-01 a       734     0    30     1     9
 -4.4189942359972945E-01 a       735     0    30     1    10
 -3.4121776195859399E-01 a       736     0    30     1    11
 -1.1589577628998889E-01 a       737     0    30     1    12
 -1.8371373517809275E-01 a       738     0    30     1    13
  3.6022301738973883E-01 a       739     0    30     1    14
  5.8158069102475181E-02 a       740     0    30     1    15
 -8.0232065114697770E-02 a       741     0    30     1    16
 -2.0325647474325528E-01 a       742     0    30     1    17
  6.6435752297458373E-01 a       743     0    30     1    18
 -8.8689309342869740E-02 a       744     0    30     1    19
 -1.6954223000674826E-01 a       745     0    30     1    20
  3.4149992132275964E-01 a       746     0    30     1    21
  8.2381406196622695E-02 a       747     0    30     1    22
  4.4179711737204536E-01 a       748     0    30     1    23
  3.4388976945490340E-01 a       749     0    30     1    24
  1.5537298475060521E-01 a       750     0    30     1    25
 -5.4440482738461671E-01 b       751     1     1
 -5.7035069382431658E-01 b       752     1     2
 -6.5442031659775679E-01 b       753     1     3
  8.2333912867147097E-01 b       754     1     4
  1.8161247503392071E+00 b       755     1     5
 -5.0970197057123046E-01 b       756     1     6
  3.3471331348342215E-01 b       757     1     7
 -4.9767213057465515E-01 b       758     1     8
 -1.0387610493900390E-01 b       759     1     9
  1.7861088567101838E-01 b       760     1    10
 -4.1520018593408320E-01 b       761     1    11
  1.9772693002133040E-01 b       762     1    12
  6.1935150222489621E-01 b       763     1    13
  1.5600594798288994E+00 b       764     1    14
  8.2137086376782809E-01 b       765     1    15
 -1.1259685158053658E+00 b       766     1    16
  9.9279321390687303E-01 b       767     1    17
  2.3992642587253692E+00 b       768     1    18
  7.5989980140657432E-01 b       769     1    19
 -6.8229354381210328E-01 b       770     1    20
  8.1531627312209209E-01 b       771     1    21
 -7.9680847116679665E-01 b       772     1    22
 -4.7128827130526180E-01 b       773     1    23
 -2.3038632152591762E-01 b       774     1    24
 -5.4879760632816821E-01 b       775     1    25
  4.2483372089007244E-02 a       776     1     1     2     1
  3.5661393918176365E-01 a       777     1     1     2     2
  6.4053363673656261E-01 a       778     1     1     2     3
  1.1676789142548301E-01 a       779     1     1     2     4
 -2.7295533740525468E-01 a       780     1     1     2     5
 -2.3147364416044824E-01 a       781     1     1     2     6
 -2.1745050135524399E-01 a       782     1     1     2     7
 -3.9941772446053087E-01 a       783     1     1     2     8
 -1.3950264991832609E-03 a       784     1     1     2     9
  1.1343858055965524E-01 a       785     1     1     2    10
  2.1270818064721536E-01 a       786     1     1     2    11
 -1.9642949094748882E-02 a       787     1     1     2    12
  1.8365613460898489E-01 a       788     1     1     2    13
 -6.9628978834250199E-01 a       789     1     1     2    14
 -5.5267816516874158E-01 a       790     1     1     2    15
 -6.8895800099879792E-02 a       791     1     1     2    16
 -7.3522473137415806E-02 a       792     1     1     2    17
 -3.2986852900589081E-01 a       793     1     1     2    18
 -1.2250449427144416E-01 a       794     1     1     2    19
 -2.8031295012976042E-02 a       795     1     1     2    20
  2.4681768108943899E-01 a       796     1     1     2    21
 -3.1720275607849202E-01 a       797     1     1     2    22
 -1.7263901054048733E-01 a       798     1     1     2    23
 -2.9905574969533383E-01 a       799     1     1     2    24
  1.3029399286373794E-01 a       800     1     1     2    25
  1.7056112012970059E-01 a       801     1     2     2     1
 -3.1063230831527559E-02 a       802     1     2     2     2
  4.1437633064116519E-01 a       803     1     2     2     3
  4.0919080684610748E-01 a       804     1     2     2     4
 -9.2538193371655100E-02 a       805     1     2     2     5
 -2.1489114523877691E-02 a       806     1     2     2     6
  7.1531133468561192E-01 a       807     1     2     2     7
  2.5771914233767335E-01 a       808     1     2     2     8
  1.0535135644490137E-01 a       809     1     2     2     9
  2.2605809098197796E-01 a       810     1     2     2    10
  8.5131699774976033E-02 a       811     1     2     2    11
 -3.2378423238893761E-01 a       812     1     2     2    12
 -9.4946154414615735E-04 a       813     1     2     2    13
 -6.8076753186913075E-01 a       814     1     2     2    14
  3.4803676378553605E-01 a       815     1     2     2    15
 -2.9808601487949896E-02 a       816     1     2     2    16
  2.1745976052854521E-01 a       817     1     2     2    17
 -1.1501138340058600E-02 a       818     1     2     2    18
  2.8714408706977657E-01 a       819     1     2     2    19
  1.5352165837076920E-01 a       820     1     2     2    20
 -1.5536829863529950E-01 a       821     1     2     2    21
  2.0357389585675095E-01 a       822     1     2     2    22
  3.8286108635822719E-01 a       823     1     2     2    23
  2.2039699519336403E-01 a       824     1     2     2    24
 -6.2312396313019512E-02 a       825     1     2     2    25
  2.7320205708354472E-01 a       826     1     3     2     1
  3.6725741960809982E-01 a       827     1     3     2     2
  5.3499831914746976E-01 a       828     1     3     2     3
  2.3264121233440024E-01 a       829     1     3     2     4
 -2.4965124052658483E-01 a       830     1     3     2     5
  1.2456024307954131E-01 a       831     1     3     2     6
  2.5613108364439025E-01 a       832     1     3     2     7
  8.3023360804358390E-02 a       833     1     3     2     8
 -6.4373135418552274E-02 a       834     1     3     2     9
  1.6792893024115840E-01 a       835     1     3     2    10
 -1.2576944215416627E-01 a       836     1     3     2    11
 -1.0191089753315720E-01 a       837     1     3     2    12
 -2.2859416804898652E-01 a       838     1     3     2    13
 -8.9287215078631721E-01 a       839     1     3     2    14
 -6.5007743060225873E-02 a       840     1     3     2    15
  3.6591342226941670E-01 a       841     1     3     2    16
  2.6325703316626337E-01 a       842     1     3     2    17
  2.3801711878777077E-01 a       843     1     3     2    18
 -3.6422850748531782E-01 a       844     1     3     2    19
  1.8587517061750480E-01 a       845     1     3     2    20
 -2.8057022993830905E-01 a       846     1     3     2    21
 -1.5244750389309517E-01 a       847     1     3     2    22
  3.6364789985368468E-01 a       848     1     3     2    23
 -1.5706860338829146E-01 a       849     1     3     2    24
  1.7113062747994140E-01 a       850     1     3     2    25
  6.1752583550577299E-02 a       851     1     4     2     1
 -2.3131537529415469E-01 a       852     1     4     2     2
 -5.4354808697353807E-01 a       853     1     4     2     3
  5.6334211372703502E-02 a       854     1     4     2     4
  1.4928583396163761E-01 a       855     1     4     2     5
 -2.6995873337612233E-02 a       856     1     4     2     6
  9.2120108183733090E-02 a       857     1     4     2     7
 -7.9541782124956398E-02 a       858     1     4     2     8
  4.5635904035719550E-02 a       859     1     4     2     9
 -3.5629632614354180E-02 a       860     1     4     2    10
 -4.6471626445516218E-01 a       861     1     4     2    11
 -2.3961117955135133E-01 a       862     1     4     2    12
 -6.1935958717327977E-01 a       863     1     4     2    13
  3.1742446138381342E-01 a       864     1     4     2    14
  1.8130984446089352E-01 a       865     1     4     2    15
  1.4337367451427985E-01 a       866     1     4     2    16
 -1.5335346698916474E-01 a       867     1     4     2    17
  3.7702951249992511E-01 a       868     1     4     2    18
  3.5500544050219668E-01 a       869     1     4     2    19
 -1.7230480025126296E-01 a       870     1     4     2    20
  1.7566923414296498E-02 a       871     1     4     2    21
  3.8828123645343215E-02 a       872     1     4     2    22
  6.3796495032424599E-02 a       873     1     4     2    23
 -6.1162452639945811E-02 a       874     1     4     2    24
  2.2100536479995929E-02 a       875     1     4     2    25
 -3.1473974105621838E-01 a       876     1     5     2     1
 -4.5904280540675535E-01 a       877     1     5     2     2
 -4.4278157772527466E-01 a       878     1     5     2     3
 -8.4744997755851759E-02 a       879     1     5     2     4
  6.0343211214876770E-02 a       880     1     5     2     5
  3.4041759537493865E-01 a       881     1     5     2     6
  3.0822780920101506E-01 a       882     1     5     2     7
  7.3657571146298704E-03 a       883     1     5     2     8
 -3.0245446186734959E-01 a       884     1     5     2     9
 -2.3787804489893966E-01 a       885     1     5     2    10
 -4.7193768059542202E-01 a       886     1     5     2    11
  1.6917760130665480E-01 a       887     1     5     2    12
 -5.5851675592984429E-01 a       888     1     5     2    13
  2.3598012460513240E-01 a       889     1     5     2    14
  2.2166955142739680E-01 a       890     1     5     2    15
 -6.6597232019251029E-01 a       891     1     5     2    16
 -2.4678223376972516E-01 a       892     1     5     2    17
  5.6376377300356073E-01 a       893     1     5     2    18
  6.3801452001757603E-02 a       894     1     5     2    19
 -5.2996695132709937E-01 a       895     1     5     2    20
  3.8755737369292616E-02 a       896     1     5     2    21
  4.1806154911179683E-01 a       897     1     5     2    22
 -4.9745261998790569E-01 a       898     1     5     2    23
  4.2641850099548123E-01 a       899     1     5     2    24
 -4.0090045888795883E-01 a       900     1     5     2    25
  8.0522964426276281E-02 a       901     1     6     2     1
  6.6537148410325160E-03 a       902     1     6     2     2
 -3.6305209825701436E-02 a       903     1     6     2     3
  3.1459091976488973E-01 a       904     1     6     2     4
 -1.1969588425168634E-01 a       905     1     6     2     5
 -3.4523553845666616E-01 a       906     1     6     2     6
 -4.9427710113478074E-02 a       907     1     6     2     7
  2.1770196905068093E-01 a       908     1     6     2     8
  2.8328201613856219E-01 a       909     1     6     2     9
  1.5779957317847376E-01 a       910     1     6     2    10
  2.4961203679825489E-01 a       911     1     6     2    11
  6.0640237621820872E-02 a       912     1     6     2    12
 -9.7167828707567828E-03 a       913     1     6     2    13
 -4.8885004633824181E-01 a       914     1     6     2    14
 -3.3864203844818158E-01 a       915     1     6     2    15
 -1.6663766545447578E-01 a       916     1     6     2    16
  1.5327800131922753E-01 a       917     1     6     2    17
 -3.6416579657664601E-02 a       918     1     6     2    18
 -5.7516914050637566E-02 a       919     1     6     2    19
  2.4480174235936836E-01 a       920     1     6     2    20
  4.6560184938174612E-02 a       921     1     6     2    21
  9.1198059114712085E-02 a       922     1     6     2    22
  2.0227171666316734E-01 a       923     1     6     2    23
 -3.3733199317193228E-02 a       924     1     6     2    24
  3.4637864067648703E-02 a       925     1     6     2    25
 -2.7251903835030084E-01 a       926     1     7     2     1
 -2.7549865487641551E-01 a       927     1     7     2     2
  7.8339364807320469E-02 a       928     1     7     2     3
  2.9475186999766180E-04 a       929     1     7     2     4
  1.7113542311689323E-01 a       930     1     7     2     5
  4.2357873189657186E-01 a       931     1     7     2     6
 -1.0354151855249337E-01 a       932     1     7     2     7
 -4.9593032833914107E-02 a       933     1     7     2     8
  5.4016367932364084E-01 a       934     1     7     2     9
 -2.9543055514474337E-01 a       935     1     7     2    10
  7.7739673992644281E-02 a       936     1     7     2    11
 -2.7494863567042827E-01 a       937     1     7     2    12
  4.5534688163221600E-02 a       938     1     7     2    13
  2.0931827996808283E-01 a       939     1     7     2    14
 -5.2804932210426325E-01 a       940     1     7     2    15
 -1.7583355171266404E-01 a       941     1     7     2    16
 -7.5842725969544902E-02 a       942     1     7     2    17
  1.9217984739749633E-01 a       943     1     7     2    18
  3.2920494981043763E-01 a       944     1     7     2    19
 -6.1305513916777699E-01 a       945     1     7     2    20
 -8.1724456594366432E-02 a       946     1     7     2    21
 -1.8871357221719461E-02 a       947     1     7     2    22
 -3.8148597379728771E-01 a       948     1     7     2    23
 -2.0732554584880483E-01 a       949     1     7     2    24
  3.2566912898336336E-03 a       950     1     7     2    25
 -1.0379935197607906E-01 a       951     1     8     2     1
  2.9819441107916195E-01 a       952     1     8     2     2
  4.2585990747473809E-02 a       953     1     8     2     3
 -6.4600134976912013E-02 a       954     1     8     2     4
 -1.5587511029363804E-01 a       955     1     8     2     5
 -3.5881649741227661E-01 a       956     1     8     2     6
  2.5931738446825681E-01 a       957     1     8     2     7
  1.4123310647904624E-01 a       958     1     8     2     8
  1.9977501144096915E-01 a       959     1     8     2     9
 -4.8554151010874930E-02 a       960     1     8     2    10
 -1.0358297629907257E-01 a       961     1     8     2    11
 -1.5378139089013368E-01 a       962     1     8     2    12
  5.5701976531130591E-03 a       963     1     8     2    13
 -4.0971916798300861E-01 a       964     1     8     2    14
 -2.9318166242393490E-01 a       965     1     8     2    15
  2.3825314732711333E-01 a       966     1     8     2    16
 -4.0888095596115656E-02 a       967     1     8     2    17
  7.1960383765084859E-03 a       968     1     8     2    18
 -2.6808017487233982E-01 a       969     1     8     2    19
  5.0956520166770179E-02 a       970     1     8     2    20
  1.8685660185072114E-01 a       971     1     8     2    21
  1.1570207719292194E-01 a       972     1     8     2    22
  3.9540243808941988E-01 a       973     1     8     2    23
 -2.3082166910284391E-02 a       974     1     8     2    24
  2.7186852565260594E-01 a       975     1     8     2    25
 -1.7430639344851843E-02 a       976     1     9     2     1
 -9.1359591878063390E-03 a       977     1     9     2     2
  3.0425923638988500E-01 a       978     1     9     2     3
 -7.0690928158064811E-02 a       979     1     9     2     4
 -1.6159318284006652E-01 a       980     1     9     2     5
 -2.9148672263556102E-01 a       981     1     9     2     6
  2.0219177193249091E-01 a       982     1     9     2     7
  3.8197729602303082E-02 a       983     1     9     2     8
 -2.5211285887729384E-01 a       984     1     9     2     9
  3.9086403865231206E-01 a       985     1     9     2    10
  1.5455800226484273E-01 a       986     1     9     2    11
 -4.1201754596956117E-02 a       987     1     9     2    12
  1.0756402065393045E-01 a       988     1     9     2    13
 -4.1087321822155387E-01 a       989     1     9     2    14
 -5.5745003536999044E-02 a       990     1     9     2    15
  3.6322241789576770E-01 a       991     1     9     2    16
  3.0980960007839414E-01 a       992     1     9     2    17
 -2.7737512303350861E-02 a       993     1     9     2    18
 -3.3329908852003803E-01 a       994     1     9     2    19
  2.9691690899197565E-01 a       995     1     9     2    20
 -5.1208614973753813E-02 a       996     1     9     2    21
  2.5527024992020135E-02 a       997     1     9     2    22
 -8.9927161278890833E-02 a       998     1     9     2    23
  2.2268521631936065E-02 a       999     1     9     2    24
  7.9400661331290201E-02 a      1000     1     9     2    25
  7.3217323433964421E-02 a      1001     1    10     2     1
  5.0571151482589793E-01 a      1002     1    10     2     2
 -5.2460265833463482E-01 a      1003     1    10     2     3
  8.2110559530600036E-02 a      1004     1    10     2     4
 -8.0823210986777111E-02 a      1005     1    10     2     5
 -3.4682241913273675E-02 a      1006     1    10     2     6
 -9.0127379312745104E-01 a      1007     1    10     2     7
 -4.0105626964302971E-01 a      1008     1    10     2     8
 -4.0843065741210910E-01 a      1009     1    10     2     9
  5.4612302449111216E-01 a      1010     1    10     2    10
  3.2822690795211595E-01 a      1011     1    10     2    11
 -4.6833285262283642E-01 a      1012     1    10     2    12
 -1.5938474329103525E-01 a      1013     1    10     2    13
  6.5290896568756462E-01 a      1014     1    10     2    14
  4.4938329255956694E-01 a      1015     1    10     2    15
  3.7371246033624483E-01 a      1016     1    10     2    16
 -1.3251689974801388E+00 a      1017     1    10     2    17
 -1.7193742811932733E-01 a      1018     1    10     2    18
 -5.1765493323728562E-01 a      1019     1    10     2    19
  3.9423866667214469E-01 a      1020     1    10     2    20
 -3.6575523277989652E-01 a      1021     1    10     2    21
 -6.3961062955160672E-02 a      1022     1    10     2    22
  3.3629247574032817E-01 a      1023     1    10     2    23
 -2.1404701781298385E-01 a      1024     1    10     2    24
  3.1547475410792647E-01 a      1025     1    10     2    25
  2.4640592447983398E-01 a      1026     1    11     2     1
  4.1065106070761614E-01 a      1027     1    11     2     2
 -2.5474378009175187E-02 a      1028     1    11     2     3
  1.1192100313787498E-01 a      1029     1    11     2     4
 -9.5208790744635813E-02 a      1030     1    11     2     5
  1.6226400500692192E-01 a      1031     1    11     2     6
  3.8813619084775203E-01 a      1032     1    11     2     7
  4.7178236591331912E-01 a      1033     1    11     2     8
 -2.4015758238600404E-01 a      1034     1    11     2     9
 -3.1561291379686635E-01 a      1035     1    11     2    10
 -3.6548301414774320E-01 a      1036     1    11     2    11
 -1.5632695646573394E-01 a      1037     1    11     2    12
 -2.8001247463835860E-01 a      1038     1    11     2    13
 -4.1704679780387688E-01 a      1039     1    11     2    14
  1.1689490748094775E-01 a      1040     1    11     2    15
  5.3150238098631439E-02 a      1041     1    11     2    16
  1.0398287140810092E-01 a      1042     1    11     2    17
 -6.5657196227584411E-02 a      1043     1    11     2    18
 -1.7665145116700584E-01 a      1044     1    11     2    19
  2.3755246650448208E-01 a      1045     1    11     2    20
 -4.3856720260105053E-01 a      1046     1    11     2    21
  3.4648854434255116E-01 a      1047     1    11     2    22
  1.4968741232871388E-01 a      1048     1    11     2    23
  1.9216694848455906E-01 a      1049     1    11     2    24
 -2.9475932167398598E-02 a      1050     1    11     2    25
 -4.8836628269541368E-02 a      1051     1    12     2     1
 -8.7921139954403607E-02 a      1052     1    12     2     2
 -6.6068176708660209E-01 a      1053     1    12     2     3
 -4.6020032132103023E-01 a      1054     1    12     2     4
 -4.5102764128060219E-02 a      1055     1    12     2     5
  3.5570634061658141E-02 a      1056     1    12     2     6
  1.3291940429523602E-01 a      1057     1    12     2     7
  7.1598528064164468E-01 a      1058     1    12     2     8
  2.3582965677987552E-01 a      1059     1    12     2     9
 -1.4849040927359414E-01 a      1060     1    12     2    10
 -1.7544542239904889E-01 a      1061     1    12     2    11
 -1.8824023792753816E-01 a      1062     1    12     2    12
 -3.4971152534756456E-01 a      1063     1    12     2    13
  4.1565981577337996E-01 a      1064     1    12     2    14
  2.3880100650270342E-01 a      1065     1    12     2    15
 -1.1317472488278179E-02 a      1066     1    12     2    16
  1.3405396515271151E-01 a      1067     1    12     2    17
  1.8450726969407968E-01 a      1068     1    12     2    18
  2.2721204131044909E-01 a      1069     1    12     2    19
  2.2395355648509904E-01 a      1070     1    12     2    20
  2.5258444332548112E-02 a      1071     1    12     2    21
  1.3842636766310373E-01 a      1072     1    12     2    22
  4.4780794142082185E-02 a      1073     1    12     2    23
  2.6121725611897965E-02 a      1074     1    12     2    24
 -5.0426651498102049E-01 a      1075     1    12     2    25
 -1.5525709779476379E-01 a      1076     1    13     2     1
  3.3319140070452745E-02 a      1077     1    13     2     2
 -3.2814384415505254E-01 a      1078     1    13     2     3
 -2.3160661217835002E-01 a      1079     1    13     2     4
  7.7361637589184282E-02 a      1080     1    13     2     5
  4.0238542417339518E-01 a      1081     1    13     2     6
  3.6489889556844063E-01 a      1082     1    13     2     7
 -2.4801841968104373E-02 a      1083     1    13     2     8
 -1.4574031048880817E-01 a      1084     1    13     2     9
 -6.3343742457382061E-03 a      1085     1    13     2    10
  2.1942952763565715E-01 a      1086     1    13     2    11
 -1.6691656367468580E-01 a      1087     1    13     2    12
 -5.5644685734217147E-01 a      1088     1    13     2    13
  1.9414220437950550E-01 a      1089     1    13     2    14
  3.3013452809614879E-01 a      1090     1    13     2    15
 -3.7677057482541812E-02 a      1091     1    13     2    16
 -2.6365018434142912E-01 a      1092     1    13     2    17
  4.2375534417291372E-01 a      1093     1    13     2    18
  3.4733399677582705E-01 a      1094     1    13     2    19
 -5.7213348006195028E-02 a      1095     1    13     2    20
 -1.2385055991024342E-01 a      1096     1    13     2    21
 -1.4092062957746038E-01 a      1097     1    13     2    22
  8.1542121677443596E-02 a      1098     1    13     2    23
  7.9711545894195240E-02 a      1099     1    13     2    24
 -2.4172714672364359E-01 a      1100     1    13     2    25
 -3.3841202822582089E-01 a      1101     1    14     2     1
 -9.5384955683858727E-02 a      1102     1    14     2     2
 -2.7728363744049928E-01 a      1103     1    14     2     3
 -2.0387071232529602E-01 a      1104     1    14     2     4
  5.4865314396896536E-01 a      1105     1    14     2     5
 -1.6520481357575992E-01 a      1106     1    14     2     6
 -9.9304319699873286E-02 a      1107     1    14     2     7
  7.7827697313993693E-02 a      1108     1    14     2     8
 -3.3841445476291046E-02 a      1109     1    14     2     9
  3.8347708622466788E-02 a      1110     1    14     2    10
  3.1663408497865017E-03 a      1111     1    14     2    11
  3.2661369290129388E-01 a      1112     1    14     2    12
 -2.2972117884787946E-01 a      1113     1    14     2    13
  5.3803862256024637E-01 a      1114     1    14     2    14
 -1.0863945349017956E-01 a      1115     1    14     2    15
 -3.8327979490649672E-01 a      1116     1    14     2    16
 -2.2237557945757286E-01 a      1117     1    14     2    17
 -1.1444905463646439E-01 a      1118     1    14     2    18
  2.6395599949777149E-01 a      1119     1    14     2    19
 -4.6615681090833394E-01 a      1120     1    14     2    20
 -2.9905353202217289E-01 a      1121     1    14     2    21
  4.3183842824654806E-01 a      1122     1    14     2    22
 -5.0602587725977155E-01 a      1123     1    14     2    23
  4.5598818216105882E-02 a      1124     1    14     2    24
 -2.9501206736996266E-01 a      1125     1    14     2    25
 -2.9390081096233944E-01 a      1126     1    15     2     1
 -5.7862918571185647E-02 a      1127     1    15     2     2
 -3.9400141001954375E-01 a      1128     1    15     2     3
 -3.5847920580741002E-02 a      1129     1    15     2     4
  3.2191745347912998E-01 a      1130     1    15     2     5
 -4.2987308210633984E-04 a      1131     1    15     2     6
  1.5464301895637933E-01 a      1132     1    15     2     7
  9.2842001395499876E-02 a      1133     1    15     2     8
  8.6527837982882577E-02 a      1134     1    15     2     9
 -4.2115203312304300E-01 a      1135     1    15     2    10
 -3.5669324715427431E-01 a      1136     1    15     2    11
  1.9663742852634267E-01 a      1137     1    15     2    12
  1.0750830655732917E-01 a      1138     1    15     2    13
  3.8756935573615148E-01 a      1139     1    15     2    14
 -1.4466941025875396E-01 a      1140     1    15     2    15
 -2.5721425476290255E-01 a      1141     1    15     2    16
 -2.3666804174498360E-01 a      1142     1    15     2    17
 -2.5356830531480901E-02 a      1143     1    15     2    18
 -3.6345576270657494E-02 a      1144     1    15     2    19
 -2.9649236983651539E-01 a      1145     1    15     2    20
 -1.0185133373274747E-02 a      1146     1    15     2    21
  2.9474587961201304E-01 a      1147     1    15     2    22
 -2.2157221844428893E-01 a      1148     1    15     2    23
  3.3838995211780665E-01 a      1149     1    15     2    24
  2.2475902555374977E-01 a      1150     1    15     2    25
  1.5146199362514162E-01 a      1151     1    16     2     1
  4.8742714819984445E-01 a      1152     1    16     2     2
  6.5686970640506193E-01 a      1153     1    16     2     3
  1.7447070767307790E-01 a      1154     1    16     2     4
 -1.0421817005059178E-01 a      1155     1    16     2     5
 -2.3488459839729187E-01 a      1156     1    16     2     6
  3.2123539872926549E-01 a      1157     1    16     2     7
  1.1086390593251469E-01 a      1158     1    16     2     8
  2.5491905426207462E-01 a      1159     1    16     2     9
 -6.8136475351305945E-02 a      1160     1    16     2    10
 -2.9483366466424343E-01 a      1161     1    16     2    11
 -2.7027153721860742E-01 a      1162     1    16     2    12
 -8.4025403964365364E-02 a      1163     1    16     2    13
 -1.0888533533850517E+00 a      1164     1    16     2    14
  4.9884730137050259E-01 a      1165     1    16     2    15
 -2.5729798748700505E-01 a      1166     1    16     2    16
  3.9133067631577528E-01 a      1167     1    16     2    17
  1.0392886300207621E-01 a      1168     1    16     2    18
 -3.7108924994868064E-01 a      1169     1    16     2    19
 -9.6306035721454575E-02 a      1170     1    16     2    20
  1.1570162994019001E-01 a      1171     1    16     2    21
  5.2220619046932579E-03 a      1172     1    16     2    22
  3.9577778821233378E-01 a      1173     1    16     2    23
 -4.2079849659173013E-01 a      1174     1    16     2    24
  4.0606199861764775E-01 a      1175     1    16     2    25
 -3.0856172786229280E-01 a      1176     1    17     2     1
 -2.6508573822011550E-01 a      1177     1    17     2     2
 -6.3144797041001643E-01 a      1178     1    17     2     3
 -8.4899766754331599E-02 a      1179     1    17     2     4
  2.0569080419554636E-01 a      1180     1    17     2     5
  4.9891995293034626E-02 a      1181     1    17     2     6
  2.1198358036683764E-02 a      1182     1    17     2     7
 -4.0726274558139826E-02 a      1183     1    17     2     8
 -2.1179453117807490E-02 a      1184     1    17     2     9
 -1.6601815953125965E-01 a      1185     1    17     2    10
  1.0106918162351082E-01 a      1186     1    17     2    11
 -6.6531645824753974E-03 a      1187     1    17     2    12
 -7.6520192965237127E-02 a      1188     1    17     2    13
  6.8769055142456659E-01 a      1189     1    17     2    14
  4.1727257239793847E-01 a      1190     1    17     2    15
  1.1176189225799378E-01 a      1191     1    17     2    16
  9.2051659752660515E-04 a      1192     1    17     2    17
  1.6458706431355566E-01 a      1193     1    17     2    18
  5.9095165763482964E-03 a      1194     1    17     2    19
 -1.5965340730792241E-02 a      1195     1    17     2    20
 -3.5360435958065561E-01 a      1196     1    17     2    21
  1.6325730996875373E-01 a      1197     1    17     2    22
 -3.9889394837170383E-02 a      1198     1    17     2    23
 -8.3350546758687263E-02 a      1199     1    17     2    24
 -9.8454574898504468E-02 a      1200     1    17     2    25
 -1.7077824222373555E-01 a      1201     1    18     2     1
 -5.2235574433477028E-01 a      1202     1    18     2     2
 -2.3191975074165830E-01 a      1203     1    18     2     3
 -6.0179130567122520E-02 a      1204     1    18     2     4
  4.4423121953795980E-01 a      1205     1    18     2     5
  4.4170528638116213E-01 a      1206     1    18     2     6
  3.0415886894465793E-01 a      1207     1    18     2     7
  4.6438362297239709E-02 a      1208     1    18     2     8
  1.8001397411292391E-01 a      1209     1    18     2     9
 -2.7952546548311430E-01 a      1210     1    18     2    10
 -4.1849278284920144E-01 a      1211     1    18     2    11
  3.1920432510821123E-01 a      1212     1    18     2    12
 -2.6175369462251064E-01 a      1213     1    18     2    13
  3.4143737287772308E-01 a      1214     1    18     2    14
 -2.2860431681273186E-01 a      1215     1    18     2    15
 -8.2758291536413420E-01 a      1216     1    18     2    16
  2.8016438586877357E-02 a      1217     1    18     2    17
  4.7618899973616041E-01 a      1218     1    18     2    18
  2.4885855429012294E-01 a      1219     1    18     2    19
 -8.5303396907439555E-01 a      1220     1    18     2    20
 -2.8089853899723199E-01 a      1221     1    18     2    21
  1.8861071226553844E-01 a      1222     1    18     2    22
 -3.6129115202904960E-01 a      1223     1    18     2    23
  3.3916856911664087E-02 a      1224     1    18     2    24
 -5.1247909296755012E-01 a      1225     1    18     2    25
 -2.5481826907487437E-01 a      1226     1    19     2     1
 -1.3582777395974302E-01 a      1227     1    19     2     2
 -2.2415977890102953E-01 a      1228     1    19     2     3
 -8.5742086248070531E-02 a      1229     1    19     2     4
  4.0723111775184612E-01 a      1230     1    19     2     5
 -1.5225996435958600E-01 a      1231     1    19     2     6
 -1.0630909815773862E-01 a      1232     1    19     2     7
 -8.4916566898300017E-02 a      1233     1    19     2     8
 -8.1692754270805842E-02 a      1234     1    19     2     9
 -1.4351156212117602E-01 a      1235     1    19     2    10
  6.2922263305876872E-03 a      1236     1    19     2    11
  1.9451688339878914E-01 a      1237     1    19     2    12
 -9.7745868041907991E-02 a      1238     1    19     2    13
  6.6505622316945534E-01 a      1239     1    19     2    14
  1.2101109934559884E-01 a      1240     1    19     2    15
 -2.4730648791969462E-01 a      1241     1    19     2    16
  1.1863101284160686E-01 a      1242     1    19     2    17
  5.7031155800643829E-01 a      1243     1    19     2    18
 -5.2628151623429723E-02 a      1244     1    19     2    19
 -1.8285679096995527E-01 a      1245     1    19     2    20
 -4.4670275439589296E-01 a      1246     1    19     2    21
  1.7351931075525193E-01 a      1247     1    19     2    22
 -3.8431416102955668E-01 a      1248     1    19     2    23
  4.0816402620671938E-01 a      1249     1    19     2    24
 -2.7111037953619360E-01 a      1250     1    19     2    25
  1.3898750157120290E-01 a      1251     1    20     2     1
 -5.6178583456173381E-02 a      1252     1    20     2     2
  3.0812233459420701E-01 a      1253     1    20     2     3
 -5.4824384679583060E-02 a      1254     1    20     2     4
  1.1123185174891163E-01 a      1255     1    20     2     5
  8.7084107980108613E-02 a      1256     1    20     2     6
  2.5571578607631720E-02 a      1257     1    20     2     7
  2.1788841021603146E-02 a      1258     1    20     2     8
 -5.0627616311983398E-02 a      1259     1    20     2     9
  2.5002437298621955E-01 a      1260     1    20     2    10
  1.7497317528959377E-01 a      1261     1    20     2    11
  1.3481091570354523E-01 a      1262     1    20     2    12
  7.3553466945785184E-01 a      1263     1    20     2    13
 -2.0732192710937167E-01 a      1264     1    20     2    14
 -5.6089446845810187E-01 a      1265     1    20     2    15
 -9.9739218064181359E-02 a      1266     1    20     2    16
  2.5314744144393303E-01 a      1267     1    20     2    17
 -1.3768725267546619E-01 a      1268     1    20     2    18
  8.8566007081455719E-02 a      1269     1    20     2    19
  7.5801896966909647E-03 a      1270     1    20     2    20
  3.1141403018722541E-01 a      1271     1    20     2    21
 -1.7242462216241691E-01 a      1272     1    20     2    22
 -2.0905307152647174E-02 a      1273     1    20     2    23
 -1.6400597413898091E-01 a      1274     1    20     2    24
  4.9486520529881434E-01 a      1275     1    20     2    25
  6.9224259622219078E-02 a      1276     1    21     2     1
 -4.3937048174416887E-01 a      1277     1    21     2     2
  7.8753323861024252E-02 a      1278     1    21     2     3
 -4.2667080682282404E-01 a      1279     1    21     2     4
  3.6263810266263469E-01 a      1280     1    21     2     5
  4.5188693636429655E-01 a      1281     1    21     2     6
 -2.9863827991868741E-01 a      1282     1    21     2     7
 -3.8309386428462394E-01 a      1283     1    21     2     8
 -7.9596485165666517E-02 a      1284     1    21     2     9
 -4.6905896023476029E-01 a      1285     1    21     2    10
  1.9772159431796621E-01 a      1286     1    21     2    11
  1.6823194191418567E-01 a      1287     1    21     2    12
  1.0470396684930507E-01 a      1288     1    21     2    13
  5.0235615349159812E-01 a      1289     1    21     2    14
 -1.6342126669567233E-01 a      1290     1    21     2    15
 -4.0638931572073334E-01 a      1291     1    21     2    16
 -1.8606820291923715E-01 a      1292     1    21     2    17
  3.9088750320868823E-02 a      1293     1    21     2    18
  3.2331763498288679E-01 a      1294     1    21     2    19
 -9.1503627006568930E-02 a      1295     1    21     2    20
 -1.2893449733503792E-01 a      1296     1    21     2    21
  2.4300505451445087E-01 a      1297     1    21     2    22
 -3.6430111390967634E-01 a      1298     1    21     2    23
  1.1279308547668539E-01 a      1299     1    21     2    24
 -7.9577140832673643E-02 a      1300     1    21     2    25
  2.9433164062778727E-01 a      1301     1    22     2     1
  3.4307539440136720E-01 a      1302     1    22     2     2
  4.5135142009693324E-01 a      1303     1    22     2     3
  2.8416675429235849E-01 a      1304     1    22     2     4
 -4.7838549996134233E-01 a      1305     1    22     2     5
  2.1935225666889695E-02 a      1306     1    22     2     6
 -2.9912744745680409E-01 a      1307     1    22     2     7
  3.0910995838667454E-01 a      1308     1    22     2     8
  2.0131074466593232E-01 a      1309     1    22     2     9
  2.5793955590143680E-01 a      1310     1    22     2    10
 -8.2069826150741251E-02 a      1311     1    22     2    11
 -3.7379487859317340E-01 a      1312     1    22     2    12
  3.8247733112396415E-01 a      1313     1    22     2    13
 -3.6395733584037859E-01 a      1314     1    22     2    14
 -2.4491556915830132E-01 a      1315     1    22     2    15
  8.3693580930755906E-02 a      1316     1    22     2    16
  1.3898670980199031E-02 a      1317     1    22     2    17
 -4.0716569751982262E-01 a      1318     1    22     2    18
 -2.4455441963022373E-01 a      1319     1    22     2    19
  3.4432231221743509E-01 a      1320     1    22     2    20
  6.0417257563969193E-02 a      1321     1    22     2    21
 -3.1027759823165707E-01 a      1322     1    22     2    22
  4.3879632964225385E-01 a      1323     1    22     2    23
 -2.1189489668604003E-01 a      1324     1    22     2    24
  3.5506139282955373E-01 a      1325     1    22     2    25
 -2.6193416158940508E-01 a      1326     1    23     2     1
 -4.5958180375876123E-01 a      1327     1    23     2     2
 -1.6654126766529473E-01 a      1328     1    23     2     3
 -2.4018950251355073E-01 a      1329     1    23     2     4
  1.9088372023636620E-02 a      1330     1    23     2     5
  7.8881486843792065E-02 a      1331     1    23     2     6
  7.1463064461047346E-03 a      1332     1    23     2     7
  4.6399709362861880E-01 a      1333     1    23     2     8
  3.6918349550277077E-02 a      1334     1    23     2     9
 -2.7999302409604637E-01 a      1335     1    23     2    10
 -4.4485223941239750E-02 a      1336     1    23     2    11
  2.8468100636995432E-02 a      1337     1    23     2    12
  6.5823382723684293E-02 a      1338     1    23     2    13
  2.0991488040581910E-01 a      1339     1    23     2    14
 -7.6422136950699826E-02 a      1340     1    23     2    15
  5.4112284333775559E-02 a      1341     1    23     2    16
  4.3889789243951338E-01 a      1342     1    23     2    17
 -1.2412128107480219E-01 a      1343     1    23     2    18
 -6.8920809052883752E-02 a      1344     1    23     2    19
  1.9230818679422457E-01 a      1345     1    23     2    20
  2.3025424616242099E-01 a      1346     1    23     2    21
 -2.2979465604430341E-01 a      1347     1    23     2    22
  5.6702316365650499E-02 a      1348     1    23     2    23
 -3.4941082743031432E-01 a      1349     1    23     2    24
 -2.3873898600956189E-01 a      1350     1    23     2    25
 -2.6759229760432107E-01 a      1351     1    24     2     1
 -5.0028081608010068E-02 a      1352     1    24     2     2
 -1.1720802980916663E-01 a      1353     1    24     2     3
  1.4294347600309748E-01 a      1354     1    24     2     4
  6.2761420318587127E-02 a      1355     1    24     2     5
 -2.7179106509841555E-01 a      1356     1    24     2     6
 -1.2367754091917221E-01 a      1357     1    24     2     7
 -2.9810494296157619E-01 a      1358     1    24     2     8
  1.8299172146804946E-01 a      1359     1    24     2     9
 -3.8988476486228252E-01 a      1360     1    24     2    10
  1.1791666293526060E-01 a      1361     1    24     2    11
  3.5052275931370980E-01 a      1362     1    24     2    12
  4.3482082844678804E-01 a      1363     1    24     2    13
  2.5299541479022408E-01 a      1364     1    24     2    14
 -7.5843195212242187E-01 a      1365     1    24     2    15
 -2.9379224499115858E-01 a      1366     1    24     2    16
  2.2319128326060739E-01 a      1367     1    24     2    17
 -2.5263275012371672E-01 a      1368     1    24     2    18
 -1.1762497649376778E-01 a      1369     1    24     2    19
 -3.9442479159564536E-01 a      1370     1    24     2    20
  3.2758827579335503E-01 a      1371     1    24     2    21
 -2.8907017257326728E-01 a      1372     1    24     2    22
 -4.5242877040356005E-01 a      1373     1    24     2    23
 -8.3899946294978212E-02 a      1374     1    24     2    24
 -9.9857672237809850E-02 a      1375     1    24     2    25
  6.2644556402941143E-01 a      1376     1    25     2     1
  1.4592884147831706E-01 a      1377     1    25     2     2
  7.0346445242297051E-01 a      1378     1    25     2     3
  1.1609093384992375E-01 a      1379     1    25     2     4
 -4.0211958571031275E-01 a      1380     1    25     2     5
  8.3871781480470517E-02 a      1381     1    25     2     6
 -4.2768043828313597E-02 a      1382     1    25     2     7
  1.8250466063158294E-01 a      1383     1    25     2     8
  1.4021230278829236E-01 a      1384     1    25     2     9
  1.9987984134485479E-01 a      1385     1    25     2    10
  4.0002121418870135E-01 a      1386     1    25     2    11
 -1.9553572432317884E-01 a      1387     1    25     2    12
  9.6448334852916193E-02 a      1388     1    25     2    13
 -3.5309584591994558E-01 a      1389     1    25     2    14
 -3.7255678298651757E-02 a      1390     1    25     2    15
  2.3948867618657144E-01 a      1391     1    25     2    16
  3.8863735953582895E-01 a      1392     1    25     2    17
  1.1809039097875447E-01 a      1393     1    25     2    18
 -4.0479081866337807E-01 a      1394     1    25     2    19
  1.9853860400148302E-01 a      1395     1    25     2    20
  1.0882078250356267E-02 a      1396     1    25     2    21
 -2.7351774166436726E-01 a      1397     1    25     2    22
  4.1927397423242263E-01 a      1398     1    25     2    23
 -4.8515118811937222E-02 a      1399     1    25     2    24
 -4.0967547213298372E-03 a      1400     1    25     2    25
 -1.8325721146358318E-01 b      1401     2     1
 -4.1494758734233311E-01 b      1402     2     2
 -6.2047184243637521E-01 b      1403     2     3
 -3.2396980205804093E-01 b      1404     2     4
  5.6739890751907440E-01 b      1405     2     5
  1.2120364462106543E-01 b      1406     2     6
  3.1571071976527532E-01 b      1407     2     7
 -2.9903827221663970E-01 b      1408     2     8
 -1.1866469145237434E-01 b      1409     2     9
 -4.0419133320226996E-01 b      1410     2    10
 -4.0065341846968394E-01 b      1411     2    11
  3.9646178986436187E-01 b      1412     2    12
 -6.4995258622296137E-01 b      1413     2    13
  1.0802790375634128E+00 b      1414     2    14
  4.0235148046653302E-01 b      1415     2    15
 -7.8584565669142947E-01 b      1416     2    16
 -2.4039686401760529E-01 b      1417     2    17
  2.9466556963704987E-01 b      1418     2    18
  1.9684268624950943E-01 b      1419     2    19
 -5.4112094173336245E-01 b      1420     2    20
 -3.6548602636583188E-01 b      1421     2    21
 -5.8418145968567793E-02 b      1422     2    22
 -6.3990985531235411E-01 b      1423     2    23
  3.0118857995691756E-01 b      1424     2    24
  2.2348573027580750E-02 b      1425     2    25
 -8.9119620315168575E-03 a      1426     2     1     3     1
  1.2223422335757689E-01 a      1427     2     2     3     1
  2.5977752254399544E-01 a      1428     2     3     3     1
  9.1688891901697128E-03 a      1429     2     4     3     1
  6.1262673485068475E-01 a      1430     2     5     3     1
  2.5600473961711379E-01 a      1431     2     6     3     1
  1.0753894596621094E+00 a      1432     2     7     3     1
  7.1277777449737223E-01 a      1433     2     8     3     1
 -4.8471725510061869E-01 a      1434     2     9     3     1
  1.7406107786710018E-01 a      1435     2    10     3     1
 -7.5021162593328761E-01 a      1436     2    11     3     1
 -2.7475819635919933E-02 a      1437     2    12     3     1
 -7.8326536799525259E-01 a      1438     2    13     3     1
 -6.3169094575614493E-01 a      1439     2    14     3     1
  6.8596125155548027E-01 a      1440     2    15     3     1
 -1.1771739463681279E+00 a      1441     2    16     3     1
  2.1563065796877048E+00 a      1442     2    17     3     1
  4.4334020240537725E-01 a      1443     2    18     3     1
  3.3174283587497883E-01 a      1444     2    19     3     1
 -8.5688176933984317E-01 a      1445     2    20     3     1
 -2.4477059072839166E-01 a      1446     2    21     3     1
  1.2759391584628634E+00 a      1447     2    22     3     1
  8.8203331628590800E-04 a      1448     2    23     3     1
 -8.7657704179421536E-02 a      1449     2    24     3     1
 -6.7594030727365473E-01 a      1450     2    25     3     1
  4.2510778970399277E-01 b      1451     3     1
