################################################################################
# Atomic force comparison (ordered by atom index).
################################################################################
# Col  Name   Description
################################################################################
# 1    fx     Force in x direction.
# 2    fy     Force in y direction.
# 3    fz     Force in z direction.
# 4    fxRef  Reference force in x direction.
# 5    fyRef  Reference force in y direction.
# 6    fzRef  Reference force in z direction.
# 7    fxDiff Difference between reference and NNP force in x dir.
# 8    fyDiff Difference between reference and NNP force in y dir.
# 9    fzDiff Difference between reference and NNP force in z dir.
########################################################################################################################################################
#              1                2                3                4                5                6                7                8                9
#             fx               fy               fz            fxRef            fyRef            fzRef           fxDiff           fyDiff           fzDiff
########################################################################################################################################################
 -8.17716142E-03  -1.37314014E-03  -3.70421431E-03   0.00000000E+00   5.39331390E-02   3.41500720E-02   8.17716142E-03   5.53062791E-02   3.78542863E-02
  1.95391133E-03   3.32705147E-03  -1.19772083E-03   0.00000000E+00  -6.78543800E-03  -1.29098300E-03  -1.95391133E-03  -1.01124895E-02  -9.32621688E-05
  6.22325008E-03  -1.95391133E-03   4.90193514E-03   0.00000000E+00  -4.71477010E-02  -3.28590890E-02  -6.22325008E-03  -4.51937897E-02  -3.77610241E-02
