
*******************************************************************************

   NNP LIBRARY v2.0.0
   ------------------

Git branch  : 
Git revision:  ()

Number of OpenMP threads: 8
*******************************************************************************

*** SETUP: SETTINGS FILE ******************************************************

Settings file name: input.nn
Read 179 lines.
Found 105 lines with keywords.
*******************************************************************************

*** SETUP: NORMALIZATION ******************************************************

Data set normalization is used.
Mean energy per atom     :  -2.3353824022135491E-01
Conversion factor energy :   8.5167544626563699E+02
Conversion factor length :   2.2798325235535355E+01
Conversion factor dipole :   1.0000000000000000E+00

Atomic energy offsets are used in addition to data set normalization.
Offsets will be subtracted from reference energies BEFORE normalization is applied.
*******************************************************************************

*** SETUP: ELEMENT MAP ********************************************************

Number of element strings found: 2
Element  0:  H (  1)
Element  1:  O (  8)
*******************************************************************************

*** SETUP: ELEMENTS ***********************************************************

Number of elements is consistent: 2
Atomic energy offsets per element:
Element  0:  -5.00272784E-01
Element  1:  -7.50655446E+01
Energy offsets are automatically subtracted from reference energies.
*******************************************************************************

*** SETUP: CUTOFF FUNCTIONS ***************************************************

Parameter alpha for inner cutoff: 0.000000
Inner cutoff = Symmetry function cutoff * alpha
Equal cutoff function type for all symmetry functions:
CutoffFunction::CT_TANHU (2)
f(r) = tanh^3(1 - r/rc)
*******************************************************************************

*** SETUP: SYMMETRY FUNCTIONS *************************************************

Abbreviations:
--------------
ind .... Symmetry function index.
ec ..... Central atom element.
ty ..... Symmetry function type.
e1 ..... Neighbor 1 element.
e2 ..... Neighbor 2 element.
eta .... Gaussian width eta.
rs ..... Shift distance of Gaussian.
la ..... Angle prefactor lambda.
zeta ... Angle term exponent zeta.
rc ..... Cutoff radius.
ct ..... Cutoff type.
ca ..... Cutoff alpha.
ln ..... Line number in settings file.

Short range atomic symmetry functions element  H :
-------------------------------------------------------------------------------
 ind ec ty e1 e2       eta        rs la zeta        rc ct   ca    ln
-------------------------------------------------------------------------------
   1  H  2  H    1.000E-03 0.000E+00         1.200E+01  2 0.00   115
   2  H  2  O    1.000E-03 0.000E+00         1.200E+01  2 0.00   125
   3  H  2  H    1.000E-02 0.000E+00         1.200E+01  2 0.00   116
   4  H  2  O    1.000E-02 0.000E+00         1.200E+01  2 0.00   126
   5  H  2  H    3.000E-02 0.000E+00         1.200E+01  2 0.00   117
   6  H  2  O    3.000E-02 0.000E+00         1.200E+01  2 0.00   127
   7  H  2  H    6.000E-02 0.000E+00         1.200E+01  2 0.00   118
   8  H  2  O    6.000E-02 0.000E+00         1.200E+01  2 0.00   128
   9  H  2  O    1.500E-01 9.000E-01         1.200E+01  2 0.00   129
  10  H  2  H    1.500E-01 1.900E+00         1.200E+01  2 0.00   119
  11  H  2  O    3.000E-01 9.000E-01         1.200E+01  2 0.00   130
  12  H  2  H    3.000E-01 1.900E+00         1.200E+01  2 0.00   120
  13  H  2  O    6.000E-01 9.000E-01         1.200E+01  2 0.00   131
  14  H  2  H    6.000E-01 1.900E+00         1.200E+01  2 0.00   121
  15  H  2  O    1.500E+00 9.000E-01         1.200E+01  2 0.00   132
  16  H  2  H    1.500E+00 1.900E+00         1.200E+01  2 0.00   122
  17  H  3  H  O 1.000E-02 0.000E+00 -1  4.0 1.200E+01  2 0.00   159
  18  H  3  H  O 1.000E-02 0.000E+00  1  4.0 1.200E+01  2 0.00   157
  19  H  3  H  O 3.000E-02 0.000E+00 -1  1.0 1.200E+01  2 0.00   154
  20  H  3  H  O 3.000E-02 0.000E+00  1  1.0 1.200E+01  2 0.00   152
  21  H  3  H  O 7.000E-02 0.000E+00 -1  1.0 1.200E+01  2 0.00   149
  22  H  3  H  O 7.000E-02 0.000E+00  1  1.0 1.200E+01  2 0.00   147
  23  H  3  H  O 2.000E-01 0.000E+00  1  1.0 1.200E+01  2 0.00   144
  24  H  9  H  O 1.000E-02 0.000E+00 -1  4.0 1.200E+01  2 0.00   177
  25  H  9  H  O 1.000E-02 0.000E+00  1  4.0 1.200E+01  2 0.00   175
  26  H  9  H  O 3.000E-02 0.000E+00 -1  1.0 1.200E+01  2 0.00   172
  27  H  9  H  O 3.000E-02 0.000E+00  1  1.0 1.200E+01  2 0.00   170
  28  H  9  H  O 7.000E-02 0.000E+00 -1  1.0 1.200E+01  2 0.00   167
  29  H  9  H  O 7.000E-02 0.000E+00  1  1.0 1.200E+01  2 0.00   165
  30  H  9  H  O 2.000E-01 0.000E+00  1  1.0 1.200E+01  2 0.00   162
-------------------------------------------------------------------------------
Short range atomic symmetry functions element  O :
-------------------------------------------------------------------------------
 ind ec ty e1 e2       eta        rs la zeta        rc ct   ca    ln
-------------------------------------------------------------------------------
   1  O  2  H    1.000E-03 0.000E+00         1.200E+01  2 0.00   134
   2  O  2  H    1.000E-02 0.000E+00         1.200E+01  2 0.00   135
   3  O  2  H    3.000E-02 0.000E+00         1.200E+01  2 0.00   136
   4  O  2  H    6.000E-02 0.000E+00         1.200E+01  2 0.00   137
   5  O  2  H    1.500E-01 9.000E-01         1.200E+01  2 0.00   138
   6  O  2  H    3.000E-01 9.000E-01         1.200E+01  2 0.00   139
   7  O  2  H    6.000E-01 9.000E-01         1.200E+01  2 0.00   140
   8  O  2  H    1.500E+00 9.000E-01         1.200E+01  2 0.00   141
   9  O  3  H  H 1.000E-02 0.000E+00 -1  4.0 1.200E+01  2 0.00   158
  10  O  3  H  H 1.000E-02 0.000E+00  1  4.0 1.200E+01  2 0.00   156
  11  O  3  H  H 3.000E-02 0.000E+00 -1  1.0 1.200E+01  2 0.00   153
  12  O  3  H  H 3.000E-02 0.000E+00  1  1.0 1.200E+01  2 0.00   151
  13  O  3  H  H 7.000E-02 0.000E+00 -1  1.0 1.200E+01  2 0.00   148
  14  O  3  H  H 7.000E-02 0.000E+00  1  1.0 1.200E+01  2 0.00   146
  15  O  9  H  H 1.000E-02 0.000E+00 -1  4.0 1.200E+01  2 0.00   176
  16  O  9  H  H 1.000E-02 0.000E+00  1  4.0 1.200E+01  2 0.00   174
  17  O  9  H  H 3.000E-02 0.000E+00 -1  1.0 1.200E+01  2 0.00   171
  18  O  9  H  H 3.000E-02 0.000E+00  1  1.0 1.200E+01  2 0.00   169
  19  O  9  H  H 7.000E-02 0.000E+00 -1  1.0 1.200E+01  2 0.00   166
  20  O  9  H  H 7.000E-02 0.000E+00  1  1.0 1.200E+01  2 0.00   164
-------------------------------------------------------------------------------
Minimum cutoff radius for element  H: 12.000000
Minimum cutoff radius for element  O: 12.000000
Maximum cutoff radius (global)      : 12.000000
*******************************************************************************

*** SETUP: SYMMETRY FUNCTION GROUPS *******************************************

Abbreviations:
--------------
ind .... Symmetry function group index.
ec ..... Central atom element.
ty ..... Symmetry function type.
e1 ..... Neighbor 1 element.
e2 ..... Neighbor 2 element.
eta .... Gaussian width eta.
rs ..... Shift distance of Gaussian.
la ..... Angle prefactor lambda.
zeta ... Angle term exponent zeta.
rc ..... Cutoff radius.
ct ..... Cutoff type.
ca ..... Cutoff alpha.
ln ..... Line number in settings file.
mi ..... Member index.
sfi .... Symmetry function index.
e ...... Recalculate exponential term.

Short range atomic symmetry function groups element  H :
-------------------------------------------------------------------------------
 ind ec ty e1 e2       eta        rs la zeta        rc ct   ca    ln   mi  sfi e
-------------------------------------------------------------------------------
   1  H  2  H            *         *         1.200E+01  2 0.00     *    *    *  
   -  -  -  -    1.000E-03 0.000E+00                 -  -    -   114    1    1  
   -  -  -  -    1.000E-02 0.000E+00                 -  -    -   115    2    3  
   -  -  -  -    3.000E-02 0.000E+00                 -  -    -   116    3    5  
   -  -  -  -    6.000E-02 0.000E+00                 -  -    -   117    4    7  
   -  -  -  -    1.500E-01 1.900E+00                 -  -    -   118    5   10  
   -  -  -  -    3.000E-01 1.900E+00                 -  -    -   119    6   12  
   -  -  -  -    6.000E-01 1.900E+00                 -  -    -   120    7   14  
   -  -  -  -    1.500E+00 1.900E+00                 -  -    -   121    8   16  
   2  H  2  O            *         *         1.200E+01  2 0.00     *    *    *  
   -  -  -  -    1.000E-03 0.000E+00                 -  -    -   124    1    2  
   -  -  -  -    1.000E-02 0.000E+00                 -  -    -   125    2    4  
   -  -  -  -    3.000E-02 0.000E+00                 -  -    -   126    3    6  
   -  -  -  -    6.000E-02 0.000E+00                 -  -    -   127    4    8  
   -  -  -  -    1.500E-01 9.000E-01                 -  -    -   128    5    9  
   -  -  -  -    3.000E-01 9.000E-01                 -  -    -   129    6   11  
   -  -  -  -    6.000E-01 9.000E-01                 -  -    -   130    7   13  
   -  -  -  -    1.500E+00 9.000E-01                 -  -    -   131    8   15  
   3  H  3  H  O         *         *  *    * 1.200E+01  2 0.00     *    *    * *
   -  -  -  -  - 1.000E-02 0.000E+00 -1  4.0         -  -    -   158    1   17 1
   -  -  -  -  - 1.000E-02 0.000E+00  1  4.0         -  -    -   156    2   18 0
   -  -  -  -  - 3.000E-02 0.000E+00 -1  1.0         -  -    -   153    3   19 1
   -  -  -  -  - 3.000E-02 0.000E+00  1  1.0         -  -    -   151    4   20 0
   -  -  -  -  - 7.000E-02 0.000E+00 -1  1.0         -  -    -   148    5   21 1
   -  -  -  -  - 7.000E-02 0.000E+00  1  1.0         -  -    -   146    6   22 0
   -  -  -  -  - 2.000E-01 0.000E+00  1  1.0         -  -    -   143    7   23 1
   4  H  9  H  O         *         *  *    * 1.200E+01  2 0.00     *    *    * *
   -  -  -  -  - 1.000E-02 0.000E+00 -1  4.0         -  -    -   176    1   24 1
   -  -  -  -  - 1.000E-02 0.000E+00  1  4.0         -  -    -   174    2   25 0
   -  -  -  -  - 3.000E-02 0.000E+00 -1  1.0         -  -    -   171    3   26 1
   -  -  -  -  - 3.000E-02 0.000E+00  1  1.0         -  -    -   169    4   27 0
   -  -  -  -  - 7.000E-02 0.000E+00 -1  1.0         -  -    -   166    5   28 1
   -  -  -  -  - 7.000E-02 0.000E+00  1  1.0         -  -    -   164    6   29 0
   -  -  -  -  - 2.000E-01 0.000E+00  1  1.0         -  -    -   161    7   30 1
-------------------------------------------------------------------------------
Short range atomic symmetry function groups element  O :
-------------------------------------------------------------------------------
 ind ec ty e1 e2       eta        rs la zeta        rc ct   ca    ln   mi  sfi e
-------------------------------------------------------------------------------
   1  O  2  H            *         *         1.200E+01  2 0.00     *    *    *  
   -  -  -  -    1.000E-03 0.000E+00                 -  -    -   133    1    1  
   -  -  -  -    1.000E-02 0.000E+00                 -  -    -   134    2    2  
   -  -  -  -    3.000E-02 0.000E+00                 -  -    -   135    3    3  
   -  -  -  -    6.000E-02 0.000E+00                 -  -    -   136    4    4  
   -  -  -  -    1.500E-01 9.000E-01                 -  -    -   137    5    5  
   -  -  -  -    3.000E-01 9.000E-01                 -  -    -   138    6    6  
   -  -  -  -    6.000E-01 9.000E-01                 -  -    -   139    7    7  
   -  -  -  -    1.500E+00 9.000E-01                 -  -    -   140    8    8  
   2  O  3  H  H         *         *  *    * 1.200E+01  2 0.00     *    *    * *
   -  -  -  -  - 1.000E-02 0.000E+00 -1  4.0         -  -    -   157    1    9 1
   -  -  -  -  - 1.000E-02 0.000E+00  1  4.0         -  -    -   155    2   10 0
   -  -  -  -  - 3.000E-02 0.000E+00 -1  1.0         -  -    -   152    3   11 1
   -  -  -  -  - 3.000E-02 0.000E+00  1  1.0         -  -    -   150    4   12 0
   -  -  -  -  - 7.000E-02 0.000E+00 -1  1.0         -  -    -   147    5   13 1
   -  -  -  -  - 7.000E-02 0.000E+00  1  1.0         -  -    -   145    6   14 0
   3  O  9  H  H         *         *  *    * 1.200E+01  2 0.00     *    *    * *
   -  -  -  -  - 1.000E-02 0.000E+00 -1  4.0         -  -    -   175    1   15 1
   -  -  -  -  - 1.000E-02 0.000E+00  1  4.0         -  -    -   173    2   16 0
   -  -  -  -  - 3.000E-02 0.000E+00 -1  1.0         -  -    -   170    3   17 1
   -  -  -  -  - 3.000E-02 0.000E+00  1  1.0         -  -    -   168    4   18 0
   -  -  -  -  - 7.000E-02 0.000E+00 -1  1.0         -  -    -   165    5   19 1
   -  -  -  -  - 7.000E-02 0.000E+00  1  1.0         -  -    -   163    6   20 0
-------------------------------------------------------------------------------
*******************************************************************************

*** SETUP: NEURAL NETWORKS ****************************************************

Normalize neurons (all elements): 0
-------------------------------------------------------------------------------
Atomic short range NN for element  H :
Number of weights    :    690
Number of biases     :     31
Number of connections:    721
Architecture       30   15   15    1
-------------------------------------------------------------------------------
   1   G   t   t   l
   2   G   t   t    
   3   G   t   t    
   4   G   t   t    
   5   G   t   t    
   6   G   t   t    
   7   G   t   t    
   8   G   t   t    
   9   G   t   t    
  10   G   t   t    
  11   G   t   t    
  12   G   t   t    
  13   G   t   t    
  14   G   t   t    
  15   G   t   t    
  16   G            
  17   G            
  18   G            
  19   G            
  20   G            
  21   G            
  22   G            
  23   G            
  24   G            
  25   G            
  26   G            
  27   G            
  28   G            
  29   G            
  30   G            
-------------------------------------------------------------------------------
Atomic short range NN for element  O :
Number of weights    :    540
Number of biases     :     31
Number of connections:    571
Architecture       20   15   15    1
-------------------------------------------------------------------------------
   1   G   t   t   l
   2   G   t   t    
   3   G   t   t    
   4   G   t   t    
   5   G   t   t    
   6   G   t   t    
   7   G   t   t    
   8   G   t   t    
   9   G   t   t    
  10   G   t   t    
  11   G   t   t    
  12   G   t   t    
  13   G   t   t    
  14   G   t   t    
  15   G   t   t    
  16   G            
  17   G            
  18   G            
  19   G            
  20   G            
-------------------------------------------------------------------------------
*******************************************************************************

*** SETUP: SYMMETRY FUNCTION SCALING ******************************************

Equal scaling type for all symmetry functions:
Scaling type::ST_SCALECENTER (3)
Gs = Smin + (Smax - Smin) * (G - Gmean) / (Gmax - Gmin)
Smin = 0.000000
Smax = 1.000000
Symmetry function scaling statistics from file: scaling.data
-------------------------------------------------------------------------------

Abbreviations:
--------------
ind ..... Symmetry function index.
min ..... Minimum symmetry function value.
max ..... Maximum symmetry function value.
mean .... Mean symmetry function value.
sigma ... Standard deviation of symmetry function values.
sf ...... Scaling factor for derivatives.
Smin .... Desired minimum scaled symmetry function value.
Smax .... Desired maximum scaled symmetry function value.
t ....... Scaling type.

Scaling data for symmetry functions element  H :
-------------------------------------------------------------------------------
 ind       min       max      mean     sigma        sf  Smin  Smax t
-------------------------------------------------------------------------------
   1  2.41E-01  2.64E-01  2.52E-01  5.23E-03  4.33E+01  0.00  1.00 3
   2  3.16E-01  3.36E-01  3.26E-01  5.51E-03  5.10E+01  0.00  1.00 3
   3  2.19E-01  2.45E-01  2.32E-01  5.90E-03  3.84E+01  0.00  1.00 3
   4  3.05E-01  3.27E-01  3.16E-01  6.26E-03  4.49E+01  0.00  1.00 3
   5  1.78E-01  2.09E-01  1.93E-01  6.92E-03  3.28E+01  0.00  1.00 3
   6  2.82E-01  3.09E-01  2.96E-01  7.74E-03  3.63E+01  0.00  1.00 3
   7  1.31E-01  1.64E-01  1.47E-01  7.54E-03  3.01E+01  0.00  1.00 3
   8  2.50E-01  2.84E-01  2.67E-01  9.56E-03  2.94E+01  0.00  1.00 3
   9  2.65E-01  3.07E-01  2.86E-01  1.18E-02  2.39E+01  0.00  1.00 3
  10  1.88E-01  2.33E-01  2.10E-01  1.03E-02  2.20E+01  0.00  1.00 3
  11  2.21E-01  2.79E-01  2.51E-01  1.64E-02  1.71E+01  0.00  1.00 3
  12  1.45E-01  2.04E-01  1.74E-01  1.35E-02  1.68E+01  0.00  1.00 3
  13  1.54E-01  2.32E-01  1.92E-01  2.19E-02  1.28E+01  0.00  1.00 3
  14  8.62E-02  1.57E-01  1.19E-01  1.61E-02  1.41E+01  0.00  1.00 3
  15  5.17E-02  1.32E-01  8.80E-02  2.27E-02  1.24E+01  0.00  1.00 3
  16  1.82E-02  7.13E-02  3.90E-02  1.24E-02  1.88E+01  0.00  1.00 3
  17  8.99E-07  7.27E-06  3.33E-06  1.89E-06  1.57E+05  0.00  1.00 3
  18  2.73E-02  3.71E-02  3.20E-02  2.39E-03  1.02E+02  0.00  1.00 3
  19  2.22E-03  4.14E-03  3.02E-03  4.69E-04  5.20E+02  0.00  1.00 3
  20  2.71E-02  3.48E-02  3.08E-02  2.00E-03  1.29E+02  0.00  1.00 3
  21  1.09E-03  2.34E-03  1.60E-03  2.76E-04  8.02E+02  0.00  1.00 3
  22  1.33E-02  1.96E-02  1.63E-02  1.59E-03  1.58E+02  0.00  1.00 3
  23  1.33E-03  3.06E-03  2.07E-03  4.30E-04  5.77E+02  0.00  1.00 3
  24  2.78E-06  2.36E-05  1.06E-05  6.15E-06  4.81E+04  0.00  1.00 3
  25  8.86E-02  1.15E-01  1.01E-01  5.88E-03  3.83E+01  0.00  1.00 3
  26  7.50E-03  1.40E-02  1.02E-02  1.71E-03  1.54E+02  0.00  1.00 3
  27  9.30E-02  1.15E-01  1.04E-01  5.19E-03  4.50E+01  0.00  1.00 3
  28  4.22E-03  9.05E-03  6.21E-03  1.16E-03  2.07E+02  0.00  1.00 3
  29  5.24E-02  7.45E-02  6.30E-02  4.89E-03  4.53E+01  0.00  1.00 3
  30  8.13E-03  1.80E-02  1.24E-02  2.12E-03  1.01E+02  0.00  1.00 3
-------------------------------------------------------------------------------
Scaling data for symmetry functions element  O :
-------------------------------------------------------------------------------
 ind       min       max      mean     sigma        sf  Smin  Smax t
-------------------------------------------------------------------------------
   1  6.38E-01  6.65E-01  6.52E-01  7.21E-03  3.68E+01  0.00  1.00 3
   2  6.17E-01  6.47E-01  6.33E-01  8.19E-03  3.24E+01  0.00  1.00 3
   3  5.71E-01  6.09E-01  5.91E-01  1.01E-02  2.62E+01  0.00  1.00 3
   4  5.09E-01  5.56E-01  5.34E-01  1.25E-02  2.12E+01  0.00  1.00 3
   5  5.42E-01  6.00E-01  5.73E-01  1.54E-02  1.72E+01  0.00  1.00 3
   6  4.58E-01  5.40E-01  5.01E-01  2.15E-02  1.23E+01  0.00  1.00 3
   7  3.28E-01  4.37E-01  3.84E-01  2.87E-02  9.22E+00  0.00  1.00 3
   8  1.20E-01  2.31E-01  1.76E-01  2.97E-02  9.04E+00  0.00  1.00 3
   9  5.66E-03  1.58E-02  9.83E-03  2.17E-03  9.83E+01  0.00  1.00 3
  10  1.75E-04  1.15E-03  5.50E-04  2.31E-04  1.03E+03  0.00  1.00 3
  11  1.89E-02  2.71E-02  2.28E-02  1.93E-03  1.21E+02  0.00  1.00 3
  12  8.80E-03  1.36E-02  1.10E-02  1.35E-03  2.09E+02  0.00  1.00 3
  13  9.64E-03  1.48E-02  1.21E-02  1.36E-03  1.95E+02  0.00  1.00 3
  14  4.39E-03  7.67E-03  5.80E-03  8.42E-04  3.05E+02  0.00  1.00 3
  15  2.44E-02  6.81E-02  4.24E-02  9.56E-03  2.29E+01  0.00  1.00 3
  16  7.55E-04  4.95E-03  2.36E-03  9.64E-04  2.38E+02  0.00  1.00 3
  17  9.76E-02  1.40E-01  1.18E-01  8.90E-03  2.35E+01  0.00  1.00 3
  18  4.55E-02  6.55E-02  5.66E-02  5.47E-03  4.99E+01  0.00  1.00 3
  19  7.19E-02  1.10E-01  9.00E-02  8.05E-03  2.62E+01  0.00  1.00 3
  20  3.57E-02  5.07E-02  4.31E-02  4.10E-03  6.68E+01  0.00  1.00 3
-------------------------------------------------------------------------------
*******************************************************************************

*** SETUP: NEURAL NETWORK WEIGHTS *********************************************

Weight file name format: weights.%03zu.data
Weight file for element  H: weights.001.data
Weight file for element  O: weights.008.data
*******************************************************************************

*** SETUP: SYMMETRY FUNCTION STATISTICS ***************************************

Equal symmetry function statistics for all elements.
Collect min/max/mean/sigma                        : 0
Collect extrapolation warnings                    : 0
Write extrapolation warnings immediately to stderr: 1
Halt on any extrapolation warning                 : 0
*******************************************************************************
