################################################################################
# Learning curves for energies and forces.
################################################################################
# Col  Name             Description
################################################################################
# 1    epoch            Current epoch.
# 2    rmse_Etrain_phys RMSE of training energies per atom (physical units).
# 3    rmse_Etest_phys  RMSE of test energies per atom (physical units).
# 4    rmse_Ftrain_phys RMSE of training forces (physical units).
# 5    rmse_Ftest_phys  RMSE of test forces (physical units).
################################################################################
#        1                2                3                4                5
#    epoch rmse_Etrain_phys  rmse_Etest_phys rmse_Ftrain_phys  rmse_Ftest_phys
##############################################################################
         0   2.55064829E+01   2.52193017E+01   3.74562946E+00   2.92156366E+00
         1   2.90295524E-02   5.32954089E-02   7.55066875E-01   9.29343324E-01
         2   1.03671222E-02   2.20800982E-02   2.99269855E-01   5.04808336E-01
         3   4.93417477E-03   1.19311222E-02   2.37352215E-01   2.51361411E-01
         4   3.32177366E-03   8.95231381E-03   1.60048329E-01   2.50023530E-01
         5   2.82892942E-03   8.03109575E-03   9.95587261E-02   2.13894879E-01
         6   2.14263427E-03   4.01028079E-03   7.84946148E-02   1.74343257E-01
         7   1.56865887E-03   2.95119925E-03   7.22858950E-02   1.61768775E-01
         8   1.49853409E-03   2.73220264E-03   6.18247809E-02   1.57385231E-01
         9   1.50681974E-03   3.27059206E-03   5.66123077E-02   1.43046230E-01
        10   1.25926170E-03   2.61548762E-03   5.46013170E-02   1.33846657E-01
        11   1.16089460E-03   2.36776272E-03   5.30122553E-02   1.26902623E-01
        12   1.15987140E-03   2.63775878E-03   3.94094534E-02   1.08594728E-01
        13   9.88841677E-04   2.40117376E-03   3.74208675E-02   1.05778051E-01
        14   9.02486026E-04   2.08456064E-03   3.51555580E-02   9.95343259E-02
        15   8.27469119E-04   1.82165850E-03   2.97036397E-02   8.35688788E-02
        16   7.78792433E-04   1.37356369E-03   2.69835365E-02   6.83807632E-02
        17   8.04717360E-04   1.65568036E-03   2.61943889E-02   6.37820859E-02
        18   7.31364694E-04   2.24173848E-03   2.56035828E-02   6.81875021E-02
        19   6.18700652E-04   1.84565971E-03   2.51672663E-02   6.43514621E-02
        20   1.13372628E-03   3.33782441E-03   3.11327386E-02   7.00141488E-02
        21   7.91939276E-04   2.34982008E-03   2.95857617E-02   6.37371803E-02
        22   7.40492054E-04   2.10510753E-03   2.87874981E-02   6.11347219E-02
        23   7.08936092E-04   1.97757206E-03   2.82039820E-02   5.94379130E-02
        24   7.15821065E-04   2.24299286E-03   2.70257030E-02   5.85046381E-02
        25   9.23617773E-04   2.51549200E-03   2.35316005E-02   5.02774657E-02
        26   1.13520904E-03   2.73402458E-03   2.01117467E-02   4.97725097E-02
        27   6.99849718E-04   1.74778778E-03   1.92799943E-02   4.50322720E-02
        28   1.28693506E-03   3.41218987E-03   1.78581870E-02   4.63530697E-02
        29   8.45289833E-04   2.46586794E-03   1.59883591E-02   4.15498274E-02
        30   7.26994169E-04   1.40265894E-03   1.55760860E-02   1.87649326E-02
        31   6.33499525E-04   1.41147729E-03   1.48637629E-02   1.97802399E-02
        32   7.35074118E-04   1.07109724E-03   2.20302600E-02   2.02719894E-02
        33   5.23766041E-04   1.08872418E-03   2.05941001E-02   2.19641770E-02
        34   4.61662460E-04   1.08631946E-03   2.01198232E-02   2.24745566E-02
        35   5.30776110E-04   1.86154667E-03   1.75375967E-02   2.78667742E-02
        36   5.93772307E-04   2.17589999E-03   1.95661873E-02   3.88591385E-02
        37   5.23935382E-04   1.95765049E-03   1.89153500E-02   3.69777340E-02
        38   4.85521988E-04   1.82835289E-03   1.84686286E-02   3.57541633E-02
        39   4.71381856E-04   1.88217053E-03   1.84745748E-02   3.46937021E-02
        40   6.35272702E-04   1.53043845E-03   2.18212013E-02   3.63438953E-02
        41   5.33902694E-04   8.81409204E-04   1.98595371E-02   2.75670686E-02
        42   4.97834670E-04   4.26148791E-04   1.77180419E-02   1.91066165E-02
        43   8.78839245E-04   1.44735990E-03   1.31662047E-02   2.55103720E-02
        44   4.95102769E-04   1.43656632E-03   1.46914448E-02   3.21433129E-02
        45   3.52617647E-04   1.20224559E-03   1.44350813E-02   3.13977794E-02
        46   2.95881109E-04   1.08490907E-03   1.41797894E-02   3.05330105E-02
        47   4.49327170E-04   1.36053638E-03   1.14845279E-02   3.22507653E-02
        48   3.24333876E-04   1.15084369E-03   1.13359133E-02   3.13328497E-02
        49   4.69407727E-04   1.25862228E-03   9.96951213E-03   2.76307826E-02
        50   3.95813202E-04   1.05513472E-03   9.29781218E-03   2.56913235E-02
        51   2.92125078E-04   8.71045676E-04   9.25070075E-03   2.53253834E-02
        52   4.71647167E-04   9.49154822E-04   7.92266025E-03   1.44517694E-02
        53   2.83823757E-04   6.48076739E-04   7.97438131E-03   1.36815766E-02
        54   3.49829535E-04   4.02041708E-04   8.02862653E-03   1.06135578E-02
        55   2.36951227E-04   3.12738533E-04   7.90160367E-03   1.09430720E-02
        56   2.88085658E-04   1.33595842E-05   8.34816219E-03   5.15585479E-03
        57   2.49018410E-04   6.22914735E-05   6.79617191E-03   5.47965781E-03
        58   2.21079003E-04   3.75722151E-05   6.71751831E-03   5.54908047E-03
        59   2.37772972E-04   1.97239919E-04   6.40544194E-03   6.20456761E-03
        60   2.60740163E-04   6.03034163E-04   6.23321884E-03   9.71468321E-03
        61   2.25280212E-04   5.15382174E-04   6.11908512E-03   8.91830021E-03
        62   2.34359217E-04   5.15584997E-04   6.06564603E-03   8.74740958E-03
        63   3.19771838E-04   4.07895988E-04   7.25503301E-03   7.03232540E-03
        64   3.58824970E-04   1.92871619E-04   9.02587458E-03   7.83331108E-03
        65   3.04272409E-04   1.62359121E-04   9.36363099E-03   8.72608725E-03
        66   2.47149590E-04   1.69903306E-04   8.96580392E-03   9.27485782E-03
        67   2.05600695E-04   3.56444602E-04   8.67477506E-03   1.18913981E-02
        68   5.44136984E-04   5.33313265E-04   1.06369470E-02   1.62479857E-02
        69   7.68633552E-04   1.50743989E-03   1.14524391E-02   2.52587406E-02
        70   4.33840821E-04   4.55888047E-04   4.65828080E-03   9.19407451E-03
        71   3.40435341E-04   1.04916091E-04   4.32505728E-03   6.66679583E-03
        72   3.27149475E-04   2.76316439E-04   4.52458783E-03   8.40148774E-03
        73   2.91963721E-04   2.06367867E-04   5.66435487E-03   9.11604154E-03
        74   2.89041866E-04   1.09631100E-04   5.56343156E-03   7.70333141E-03
        75   2.34441400E-04   5.26158684E-05   5.48141622E-03   7.66020445E-03
        76   2.03560473E-04   1.75239624E-05   5.41765419E-03   7.59952800E-03
        77   2.29772187E-04   1.53632411E-04   4.42239086E-03   9.24810610E-03
        78   2.56264259E-04   4.26860709E-06   4.61813729E-03   7.86712840E-03
        79   2.59874281E-04   1.18578700E-04   4.05073651E-03   8.83205788E-03
        80   2.33846345E-04   3.76334953E-06   4.04017132E-03   7.84519413E-03
        81   1.97739193E-04   2.46972857E-05   3.96042089E-03   7.83201143E-03
        82   2.14648097E-04   3.30973411E-05   3.96842687E-03   7.31958201E-03
        83   1.89111635E-04   6.41067358E-06   3.93229570E-03   7.16986525E-03
        84   2.04354822E-04   7.56349418E-05   4.02422309E-03   8.01115389E-03
        85   1.73081978E-04   7.57647259E-05   3.30157723E-03   5.60040914E-03
        86   2.23002204E-04   2.42967343E-05   4.42901035E-03   4.39504286E-03
        87   1.72727845E-04   8.79832765E-05   4.01826580E-03   5.89196736E-03
        88   1.84248461E-04   6.72241988E-05   3.58649114E-03   5.83820195E-03
        89   1.59478178E-04   3.20590632E-05   3.57220311E-03   5.81092364E-03
        90   1.72733454E-04   2.82104811E-05   3.53443747E-03   5.41216841E-03
        91   2.89030499E-04   4.24396071E-05   3.63813680E-03   1.56941807E-03
        92   2.37107986E-04   4.10202592E-05   2.67240484E-03   2.31568844E-03
        93   2.96962907E-04   1.73825869E-04   2.99822225E-03   3.92694171E-03
        94   2.36790659E-04   8.49238086E-06   3.00663866E-03   3.15105361E-03
        95   2.05122031E-04   4.70237171E-05   2.74615872E-03   3.31617082E-03
        96   1.74303635E-04   8.87839339E-06   2.74915572E-03   3.33500066E-03
        97   1.81659465E-04   1.52300313E-05   2.57451344E-03   3.33162511E-03
        98   2.54045320E-04   1.12382512E-04   2.75311270E-03   2.23634972E-03
        99   2.05803411E-04   5.17679571E-05   2.74571432E-03   2.19894562E-03
       100   1.79412837E-04   1.46634198E-05   2.73668371E-03   2.15781496E-03
       101   1.62727220E-04   1.11680508E-05   2.72727339E-03   2.11995299E-03
       102   1.51235073E-04   9.76572111E-06   2.72721889E-03   2.17930004E-03
       103   1.42691129E-04   2.63750623E-05   2.71768868E-03   2.14054043E-03
       104   2.71626907E-04   2.39935750E-04   2.44089739E-03   3.59510711E-03
       105   2.57243541E-04   2.48940291E-04   2.80894167E-03   3.74909236E-03
       106   1.83867492E-04   3.99463294E-05   1.90107471E-03   2.47882491E-03
       107   1.79952463E-04   7.12848856E-06   2.02250982E-03   2.37925837E-03
       108   2.21637372E-04   7.72467809E-05   1.99601871E-03   2.44289632E-03
       109   1.84428490E-04   2.48164499E-05   1.97558025E-03   2.40266305E-03
       110   1.91333649E-04   9.47191635E-05   2.29767108E-03   3.44744613E-03
       111   1.70022731E-04   3.19518404E-05   2.09329715E-03   2.86487199E-03
       112   1.57372840E-04   9.38522872E-06   2.07636076E-03   2.87519479E-03
       113   1.49741934E-04   6.41736314E-06   2.06953881E-03   2.87940957E-03
       114   1.56268392E-04   9.11599765E-06   2.15698884E-03   3.34447738E-03
       115   1.46152542E-04   6.82257872E-05   2.19684339E-03   3.32133608E-03
       116   1.51958736E-04   2.30101048E-05   2.39389275E-03   4.08958896E-03
       117   1.38364572E-04   1.31014650E-06   2.38817731E-03   4.07721460E-03
       118   1.72286257E-04   2.79392826E-05   2.33985907E-03   2.97329395E-03
       119   1.66100970E-04   3.18056111E-05   2.34214643E-03   2.67584005E-03
       120   1.44560520E-04   5.82147873E-05   2.32357220E-03   2.67671373E-03
       121   1.79833805E-04   1.33124117E-04   2.32055611E-03   3.14548672E-03
       122   1.61515832E-04   3.37272615E-05   2.25142332E-03   3.18892281E-03
       123   1.44491149E-04   1.75270875E-05   2.25020814E-03   3.23651352E-03
       124   1.84009577E-04   7.02067071E-06   3.35923438E-03   3.77882133E-03
       125   2.13240284E-04   1.66788563E-04   2.76684862E-03   4.05738933E-03
       126   1.79319745E-04   7.10882759E-05   2.71004494E-03   3.95788347E-03
       127   2.88355964E-04   2.07011992E-04   2.51950380E-03   3.30005082E-03
       128   2.46247169E-04   7.84038896E-05   2.15196425E-03   2.42852389E-03
       129   2.00342348E-04   2.37682680E-05   2.07254705E-03   2.30879545E-03
       130   2.28804633E-04   1.92485269E-04   2.23041888E-03   3.36979035E-03
       131   2.00428769E-04   1.24409422E-04   2.31445918E-03   3.47692711E-03
       132   1.76129380E-04   8.10296380E-05   2.24404047E-03   3.36861945E-03
       133   2.16504755E-04   6.41539862E-05   1.95262216E-03   3.30650064E-03
       134   2.04875088E-04   1.07792032E-04   1.73350569E-03   2.98579886E-03
       135   1.68962689E-04   1.29883743E-05   1.79524387E-03   2.86105928E-03
       136   2.81574310E-04   1.47653008E-04   1.54307813E-03   2.37161242E-03
       137   2.17370698E-04   8.13555173E-05   1.53431662E-03   2.35650823E-03
       138   1.80477880E-04   3.03561811E-05   1.52813467E-03   2.32829897E-03
       139   1.78942354E-04   9.64759670E-05   1.71339946E-03   2.26032660E-03
       140   1.57105252E-04   5.93142907E-05   1.65536946E-03   2.29102047E-03
       141   1.76264500E-04   8.58475173E-06   1.74632733E-03   2.86129227E-03
       142   1.55500669E-04   6.24928420E-05   1.84147771E-03   2.93616450E-03
       143   1.37239536E-04   8.46980306E-05   1.82442145E-03   2.91896975E-03
       144   1.22702666E-04   9.52006643E-05   1.73481887E-03   2.86616773E-03
       145   1.42305770E-04   5.65786093E-05   1.65594094E-03   2.87322414E-03
       146   2.50198735E-04   2.30406231E-04   2.17320314E-03   2.61587363E-03
       147   2.15394772E-04   7.79363528E-05   1.54795299E-03   2.31692461E-03
       148   1.76028947E-04   3.19793984E-05   1.54361933E-03   2.30271286E-03
       149   1.50574850E-04   2.16071869E-06   1.54033515E-03   2.29079738E-03
       150   1.71496824E-04   6.25342128E-05   2.17269702E-03   2.09086255E-03
       151   1.47222095E-04   2.57514243E-05   1.97783845E-03   2.55522761E-03
       152   1.39446272E-04   7.95883950E-06   1.58310322E-03   2.33570384E-03
       153   1.31617080E-04   5.65563161E-05   1.71245084E-03   2.36799694E-03
       154   1.17026901E-04   5.99512846E-05   1.62353838E-03   2.27733833E-03
       155   1.53608688E-04   1.23302854E-04   1.81524152E-03   2.71613853E-03
       156   1.92161464E-04   2.11492751E-04   2.27150926E-03   3.54749774E-03
       157   1.42016539E-04   9.67101744E-05   1.71319989E-03   2.81080946E-03
       158   1.66524490E-04   1.08039596E-04   1.50348907E-03   2.09434967E-03
       159   1.78888557E-04   3.19868429E-05   1.51263927E-03   1.52479198E-03
       160   1.49286549E-04   2.07688239E-06   1.49227092E-03   1.53238912E-03
       161   1.29837078E-04   1.69862093E-05   1.46065819E-03   1.51757926E-03
       162   1.65759879E-04   1.00946564E-04   1.25070403E-03   1.18977585E-03
       163   1.42192296E-04   7.06041587E-05   1.24806478E-03   1.18330878E-03
       164   1.26921160E-04   4.96093791E-05   1.24749608E-03   1.17943839E-03
       165   1.15827786E-04   2.52277873E-05   1.20921495E-03   9.58068998E-04
       166   1.17114438E-04   3.76524394E-05   1.28338564E-03   1.00589677E-03
       167   1.07208725E-04   1.96203281E-05   1.27384281E-03   1.00272075E-03
       168   1.41614698E-04   7.51981723E-05   1.59031163E-03   1.08431012E-03
       169   1.25674198E-04   4.89729297E-06   1.35514707E-03   1.03539755E-03
       170   1.15483439E-04   4.53205234E-05   1.39336147E-03   9.25094042E-04
       171   1.41722351E-04   2.15332477E-05   1.40451604E-03   1.11853410E-03
       172   1.22225085E-04   7.37102723E-05   1.29999092E-03   1.13360780E-03
       173   1.11846956E-04   5.64845259E-05   1.29590297E-03   1.11593364E-03
       174   1.27098700E-04   6.35739824E-05   1.34598491E-03   1.15555875E-03
       175   1.14719481E-04   4.37404067E-05   1.34032603E-03   1.14473276E-03
       176   1.20023777E-04   1.79597126E-05   1.24006373E-03   1.39712208E-03
       177   1.42938621E-04   2.36884433E-05   1.53406395E-03   1.64203956E-03
       178   1.23721304E-04   4.31977312E-05   1.49458730E-03   1.61839746E-03
       179   1.35410760E-04   5.22658894E-05   1.61568146E-03   1.78312454E-03
       180   1.82247911E-04   1.34941443E-04   1.41068827E-03   1.90786299E-03
       181   1.50396929E-04   1.15740005E-05   1.39146002E-03   1.25023309E-03
       182   1.30048239E-04   2.90237660E-05   1.35129937E-03   1.20325932E-03
       183   1.35610529E-04   2.66140410E-05   1.33106145E-03   1.26825254E-03
       184   1.22018871E-04   5.71031055E-06   1.32713822E-03   1.26379245E-03
       185   1.24165518E-04   7.89852381E-05   1.46146705E-03   1.78748381E-03
       186   1.13326771E-04   9.36656909E-05   1.45212680E-03   1.78148950E-03
       187   1.06325941E-04   1.05808992E-04   1.45180137E-03   1.78175539E-03
       188   1.57393210E-04   1.04177494E-04   1.99567479E-03   2.29227255E-03
       189   1.30790695E-04   6.76943069E-05   1.61116281E-03   1.85631647E-03
       190   1.49844361E-04   2.44567693E-05   1.60423114E-03   1.88152587E-03
       191   1.79161539E-04   7.63127850E-05   1.27878279E-03   2.34828549E-03
       192   1.63996514E-04   3.44068739E-05   1.16329991E-03   1.07560908E-03
       193   1.49858190E-04   5.68784685E-05   1.30468845E-03   7.44182270E-04
       194   1.66047870E-04   2.17779280E-05   1.34947831E-03   8.03034173E-04
       195   1.31709977E-04   2.22349474E-05   1.21503132E-03   7.26158691E-04
       196   1.62716739E-04   1.41461533E-04   1.56847211E-03   1.30191790E-03
       197   1.47106760E-04   1.14665879E-04   1.54638310E-03   1.24716613E-03
       198   1.22055707E-04   5.17399990E-05   1.34733719E-03   6.52064028E-04
       199   1.26228520E-04   2.12248292E-05   1.33252536E-03   7.53576247E-04
       200   1.15733144E-04   5.92659447E-06   1.32940936E-03   7.48480583E-04
       201   1.09817525E-04   2.39381313E-05   1.35863772E-03   8.14064260E-04
       202   1.05569243E-04   1.25922739E-05   1.34464332E-03   8.25138992E-04
       203   1.15120836E-04   4.05622300E-05   1.44226689E-03   1.37562197E-03
       204   1.21299107E-04   6.80660808E-05   1.59141423E-03   1.41810597E-03
       205   1.38713381E-04   1.40632716E-04   1.72578033E-03   1.48993445E-03
       206   1.15258167E-04   6.45744784E-05   1.38644210E-03   8.32760348E-04
       207   1.24852471E-04   4.02910485E-05   1.28248921E-03   9.03546784E-04
       208   1.73391358E-04   1.66264943E-04   1.63697944E-03   5.88155816E-04
       209   1.37889777E-04   2.19362517E-05   1.20558759E-03   1.09060181E-03
       210   1.28882806E-04   5.15209199E-05   1.34935278E-03   1.40980364E-03
       211   1.15097259E-04   1.07697439E-05   1.20215604E-03   1.01542685E-03
       212   1.01128220E-04   5.50940127E-05   1.24779016E-03   1.25510870E-03
       213   9.88886384E-05   3.43969238E-05   1.13214979E-03   1.22448472E-03
       214   1.29204217E-04   3.01411220E-05   1.19038933E-03   8.97378642E-04
       215   1.15624940E-04   9.39084020E-06   1.19155711E-03   9.06282327E-04
       216   1.06592408E-04   1.30659555E-05   1.17717506E-03   9.82865746E-04
       217   1.97415444E-04   2.72938044E-04   1.72379254E-03   2.63225270E-03
       218   1.60369047E-04   1.63754211E-04   1.44630624E-03   2.13975590E-03
       219   1.51103514E-04   9.65953183E-05   1.15126893E-03   9.18137347E-04
       220   1.46954329E-04   2.28485538E-05   1.31410495E-03   1.26583503E-03
       221   1.19450392E-04   5.74192648E-05   9.93412197E-04   1.01675741E-03
       222   1.23130956E-04   1.11500388E-04   1.09180252E-03   1.09173498E-03
       223   1.07534992E-04   7.74792194E-05   1.05206990E-03   1.09262677E-03
       224   9.82561058E-05   7.04731333E-05   1.04362140E-03   9.98522768E-04
       225   9.95036598E-05   4.30515069E-05   1.03825203E-03   9.81910729E-04
       226   9.28612166E-05   3.19463280E-05   1.03802735E-03   9.82326538E-04
       227   9.85108518E-05   5.79243808E-05   1.06587372E-03   9.58757432E-04
       228   8.31126909E-05   2.20358381E-05   1.01077060E-03   1.01817918E-03
       229   8.78926243E-05   1.89502246E-06   1.19608745E-03   1.10782022E-03
       230   8.52613623E-05   2.00941791E-06   1.18370737E-03   1.09889025E-03
       231   8.36198033E-05   2.95691589E-06   1.18318315E-03   1.09845937E-03
       232   9.69386254E-05   1.40148113E-05   1.03589989E-03   1.10775105E-03
       233   9.14460950E-05   1.05336116E-05   1.04829827E-03   1.18269634E-03
       234   8.58739205E-05   2.41606899E-06   1.02366685E-03   1.06544540E-03
       235   9.00422426E-05   2.49582260E-05   1.00829848E-03   1.11533370E-03
       236   1.20767060E-04   8.54899797E-05   1.15795257E-03   5.68651551E-04
       237   1.10841127E-04   6.83800468E-05   1.15087549E-03   5.82454848E-04
       238   1.05077511E-04   5.14903517E-05   1.16775055E-03   1.09697394E-03
       239   8.82874626E-05   1.14184951E-05   1.00273217E-03   1.18693390E-03
       240   9.26373448E-05   2.79782521E-05   9.92550887E-04   9.88650291E-04
       241   8.83993278E-05   1.75218391E-05   1.04611269E-03   1.38217125E-03
       242   8.21746016E-05   3.88172882E-05   1.12644049E-03   1.69896561E-03
       243   7.76156732E-05   1.83060440E-05   1.08223628E-03   1.66429339E-03
       244   7.41421365E-05   2.57366104E-05   1.08225286E-03   1.66472081E-03
       245   7.92950205E-05   6.24040939E-05   1.17461770E-03   2.01312814E-03
       246   7.83289493E-05   4.66052149E-05   1.16110292E-03   1.99462829E-03
       247   7.80508087E-05   2.07688739E-05   1.10939421E-03   1.73800607E-03
       248   7.20006890E-05   6.36153983E-05   1.15442299E-03   1.99622833E-03
       249   6.92170831E-05   5.28482295E-05   1.11098997E-03   1.86738427E-03
       250   6.89029991E-05   8.74095790E-05   1.18845787E-03   1.98319090E-03
       251   6.86221521E-05   9.72041081E-05   1.21133062E-03   2.02071206E-03
       252   7.47527296E-05   9.68237248E-05   1.26593887E-03   2.05625554E-03
       253   7.21349091E-05   9.86609344E-05   1.20013471E-03   2.09283299E-03
       254   7.10982727E-05   1.02162204E-04   1.19971171E-03   2.09166227E-03
       255   7.24046533E-05   1.18002267E-04   1.25937824E-03   2.20125502E-03
       256   7.35487986E-05   7.97935980E-05   1.10439547E-03   1.69696783E-03
       257   7.27932349E-05   8.28987094E-05   1.10418275E-03   1.69647122E-03
       258   7.16891538E-05   7.59775887E-05   1.06115597E-03   1.60484354E-03
       259   8.06696614E-05   9.47283084E-06   1.00852232E-03   1.17473896E-03
       260   8.74006532E-05   1.79402843E-05   1.03606356E-03   9.95187978E-04
       261   7.22519635E-05   2.39176062E-05   9.89867394E-04   1.29851394E-03
       262   7.17188981E-05   1.77414874E-05   1.00124025E-03   1.26091242E-03
       263   7.09559209E-05   3.98592287E-05   1.04166806E-03   1.43552966E-03
       264   6.92105431E-05   4.24222992E-05   1.04505852E-03   1.41606030E-03
       265   7.40706376E-05   2.70900212E-05   1.06935654E-03   1.28116713E-03
       266   7.05133961E-05   5.08503761E-05   1.01679679E-03   1.23077605E-03
       267   7.63193776E-05   3.24633518E-05   1.05240596E-03   8.73029708E-04
       268   7.80451747E-05   2.17513477E-05   1.05590533E-03   9.34947864E-04
       269   6.82732806E-05   5.18977730E-05   1.03538183E-03   1.33370634E-03
       270   1.12981988E-04   1.29453351E-04   1.45238233E-03   1.76347123E-03
       271   8.65542174E-05   3.54842020E-05   1.16674249E-03   1.20323794E-03
       272   8.62238509E-05   3.33648794E-05   1.16498469E-03   1.19929456E-03
       273   8.45170712E-05   3.13964414E-05   1.16194360E-03   1.21380425E-03
       274   7.41831964E-05   1.28761216E-05   1.11453667E-03   9.89101441E-04
       275   8.04943688E-05   2.83395908E-05   1.10537419E-03   1.05874353E-03
       276   7.31966517E-05   2.58595685E-06   1.03521658E-03   8.16913344E-04
       277   7.25433673E-05   5.39640038E-06   1.03446803E-03   8.15671892E-04
       278   7.54164095E-05   2.24768298E-05   1.08447682E-03   1.15164286E-03
       279   7.07965740E-05   1.99166641E-06   1.07341486E-03   1.09161580E-03
       280   7.02350799E-05   6.56617762E-07   1.07281973E-03   1.09057417E-03
       281   7.51666024E-05   1.71396104E-05   1.04656825E-03   1.03508214E-03
       282   7.33064563E-05   8.75202359E-06   1.03898450E-03   1.01611936E-03
       283   7.26677091E-05   5.87886034E-06   1.03828178E-03   1.01502234E-03
       284   7.46552296E-05   2.96578106E-05   8.62537023E-04   9.34888680E-04
       285   8.56380426E-05   8.32285896E-05   9.70516208E-04   1.06670442E-03
       286   7.68438223E-05   5.76135151E-05   9.37575026E-04   1.09456896E-03
       287   7.23076948E-05   2.37833934E-05   9.64786381E-04   1.15236321E-03
       288   7.77093510E-05   4.31622004E-05   9.17444541E-04   1.08117751E-03
       289   7.14832537E-05   3.72287636E-05   9.02131660E-04   1.07243871E-03
       290   6.86839722E-05   3.31811820E-05   9.04732985E-04   1.08976770E-03
       291   6.65268652E-05   2.80462697E-05   9.04758956E-04   1.09046819E-03
       292   6.95559388E-05   8.93497756E-06   1.05036875E-03   1.16430152E-03
       293   6.77487115E-05   1.57113236E-06   1.05579986E-03   1.18020348E-03
       294   6.48677078E-05   9.67840582E-06   9.87067688E-04   1.23364469E-03
       295   7.11095739E-05   8.83486373E-06   1.03052944E-03   1.01293410E-03
       296   6.83371659E-05   6.94306336E-06   9.79058961E-04   9.56971293E-04
       297   6.92344816E-05   1.72757165E-05   8.77454865E-04   8.00277532E-04
       298   6.73413176E-05   1.21542756E-05   8.77679271E-04   8.00893278E-04
       299   6.49491104E-05   9.66520673E-07   9.10843439E-04   8.08815795E-04
       300   6.72834540E-05   1.42910261E-05   8.92599586E-04   7.11572364E-04
       301   6.64890388E-05   1.12470721E-05   8.92579726E-04   7.12062981E-04
       302   6.58435964E-05   8.34596269E-06   8.92595897E-04   7.12961021E-04
       303   6.51149241E-05   1.03798274E-05   8.95562786E-04   7.33668383E-04
       304   6.47335458E-05   1.23620670E-05   8.95586543E-04   7.34348195E-04
       305   6.45898285E-05   1.67537434E-05   9.07466136E-04   7.40576006E-04
       306   6.51055428E-05   1.34352622E-05   8.97359032E-04   7.34634518E-04
       307   7.13416988E-05   1.53815555E-05   8.58901638E-04   7.77892959E-04
       308   6.59868133E-05   9.92759161E-06   8.67306237E-04   9.53650621E-04
       309   7.08821166E-05   1.07169934E-05   8.41237608E-04   7.47996943E-04
       310   6.87753783E-05   2.54277126E-06   8.33889716E-04   8.03570590E-04
       311   7.29774148E-05   1.29515886E-05   8.39634064E-04   4.55683031E-04
       312   7.58288093E-05   2.34629232E-05   8.70111064E-04   4.59892670E-04
       313   8.27717697E-05   4.45926552E-05   9.32036546E-04   5.05849363E-04
       314   7.44581980E-05   1.46761245E-05   8.59458373E-04   3.75715783E-04
       315   7.39842073E-05   1.23694176E-05   8.59184228E-04   3.76128734E-04
       316   7.32838215E-05   9.19982146E-06   8.56305480E-04   3.78320412E-04
       317   7.63234011E-05   1.77168849E-05   8.94563820E-04   3.68334230E-04
       318   7.12340580E-05   2.10399514E-06   8.45303159E-04   3.95812318E-04
       319   7.39112105E-05   1.75547146E-05   8.70079895E-04   4.36555431E-04
       320   7.38615088E-05   1.68887427E-05   8.70273674E-04   4.36580859E-04
       321   7.11029627E-05   7.73737542E-06   8.37278543E-04   4.49830137E-04
       322   6.93951295E-05   6.66479852E-06   8.37408977E-04   4.81222511E-04
       323   7.06979281E-05   4.49951022E-07   8.28087796E-04   4.80408171E-04
       324   7.88180155E-05   4.26003115E-05   9.02619329E-04   5.16645045E-04
       325   6.29515833E-05   6.58091333E-06   8.16183138E-04   7.78821233E-04
       326   6.52676460E-05   1.65681309E-05   8.32933192E-04   7.78857061E-04
       327   6.81769822E-05   3.08560907E-05   8.54984989E-04   7.62783760E-04
       328   6.33405438E-05   1.45930236E-05   8.24855399E-04   8.24239264E-04
       329   6.57291335E-05   2.67937444E-05   7.94449687E-04   8.03497510E-04
       330   6.57203618E-05   2.67331094E-05   7.96099922E-04   7.93531376E-04
       331   6.30398995E-05   2.26219832E-05   7.85224899E-04   8.94300774E-04
       332   6.14304883E-05   1.94308387E-05   7.84545041E-04   8.97090026E-04
       333   6.05399243E-05   1.45361834E-05   7.82915548E-04   9.14717795E-04
       334   6.03039975E-05   1.29375538E-05   7.82919323E-04   9.14863063E-04
       335   5.97280442E-05   9.85594881E-06   7.84439328E-04   9.26089447E-04
       336   6.33722012E-05   3.26848795E-05   7.87793071E-04   9.04445455E-04
       337   6.32637612E-05   3.15897008E-05   7.87583873E-04   9.04826284E-04
       338   6.31304150E-05   3.05505166E-05   7.86940491E-04   9.06180095E-04
       339   6.15876064E-05   2.65430125E-05   7.83831039E-04   9.13098786E-04
       340   6.15484685E-05   2.59296840E-05   7.83793345E-04   9.13157379E-04
       341   6.10662521E-05   2.27334666E-05   7.82221500E-04   9.24571051E-04
       342   6.01442700E-05   1.41306005E-05   7.82062842E-04   9.23676738E-04
       343   5.89161333E-05   4.17110589E-07   8.07901086E-04   9.51938716E-04
       344   5.89692699E-05   1.20709554E-05   8.14231515E-04   9.63290037E-04
       345   5.78961875E-05   1.27956295E-05   8.37383862E-04   1.02736784E-03
       346   5.85979368E-05   1.73767215E-05   8.63064493E-04   1.05999906E-03
       347   5.84229135E-05   1.50216023E-05   8.51049545E-04   1.04741103E-03
       348   5.94969553E-05   5.35889424E-06   8.13823409E-04   1.02382158E-03
       349   6.02260950E-05   8.35884816E-06   7.84484253E-04   8.96011709E-04
       350   6.27630481E-05   1.05529933E-05   7.84351028E-04   8.13621034E-04
       351   5.80672633E-05   1.30781550E-05   7.96592476E-04   9.74972114E-04
       352   5.84388964E-05   1.23855538E-05   8.11293679E-04   1.00437517E-03
       353   5.88533880E-05   8.12728189E-06   8.02776661E-04   9.94332740E-04
       354   5.76909295E-05   6.13701052E-06   7.89340423E-04   9.61230536E-04
       355   5.83303178E-05   1.81162192E-05   8.25984048E-04   1.04237465E-03
       356   5.82936497E-05   1.85685750E-05   8.25984795E-04   1.04241618E-03
       357   5.81935167E-05   3.16190192E-05   8.73415081E-04   1.07300526E-03
       358   5.83818218E-05   1.23925531E-05   8.23139309E-04   9.74053931E-04
       359   5.78769426E-05   1.67010735E-05   8.39720094E-04   1.05168804E-03
       360   5.85992309E-05   4.43554600E-06   8.25255570E-04   1.01170470E-03
       361   5.74213220E-05   9.48055856E-06   8.38135644E-04   1.06329367E-03
       362   5.69800976E-05   2.02636881E-05   8.66081608E-04   1.07513885E-03
       363   5.83780087E-05   1.34161345E-07   8.18659067E-04   9.86492652E-04
       364   6.62623568E-05   2.96896045E-05   8.71296406E-04   9.12952267E-04
       365   7.65051455E-05   6.31278246E-05   9.46236873E-04   9.07065428E-04
       366   6.53170124E-05   2.70899755E-05   8.23648465E-04   8.46047010E-04
       367   6.17553434E-05   1.27085874E-05   8.06344341E-04   9.13269975E-04
       368   5.95710750E-05   7.75330182E-06   7.85176766E-04   8.36966494E-04
       369   7.33171402E-05   7.15370033E-05   9.87544013E-04   1.27333504E-03
       370   6.42495292E-05   3.19866980E-05   8.65911867E-04   1.10031086E-03
       371   6.30893583E-05   3.49241930E-05   7.84587779E-04   7.05741007E-04
       372   5.89852169E-05   8.65770880E-06   7.84826306E-04   6.75915069E-04
       373   5.89549614E-05   8.26345760E-06   7.84758165E-04   6.75748454E-04
       374   5.89283418E-05   7.92519665E-06   7.84690053E-04   6.75580440E-04
       375   6.36199250E-05   4.04773765E-05   8.09673411E-04   7.73773229E-04
       376   6.35633236E-05   3.97756802E-05   8.09482391E-04   7.73370885E-04
       377   6.32923519E-05   3.85995431E-05   8.07630963E-04   7.71984282E-04
       378   6.32555715E-05   3.82589546E-05   8.07421960E-04   7.71543501E-04
       379   6.32166018E-05   3.78213549E-05   8.07206665E-04   7.71093982E-04
       380   6.31745810E-05   3.74300804E-05   8.06883883E-04   7.70352194E-04
       381   6.34525553E-05   3.07108108E-05   8.30319400E-04   7.81147199E-04
       382   6.34216392E-05   3.04034107E-05   8.30130784E-04   7.80699043E-04
       383   5.87792001E-05   1.87843603E-05   7.97355239E-04   7.38985404E-04
       384   5.72401597E-05   1.14850180E-05   8.62654817E-04   7.86776571E-04
       385   5.57094797E-05   9.53447530E-07   8.02966238E-04   7.20552834E-04
       386   5.55972366E-05   2.03651231E-06   8.02932515E-04   7.20558342E-04
       387   5.84964751E-05   9.90247309E-06   9.06163213E-04   7.68386352E-04
       388   5.94456186E-05   2.04214213E-05   8.40474357E-04   7.16402042E-04
       389   6.24654326E-05   3.82672446E-05   8.56787175E-04   7.45922453E-04
       390   6.13565465E-05   3.84075224E-05   8.52360293E-04   7.38031585E-04
       391   6.12892260E-05   3.77039844E-05   8.52184320E-04   7.37844431E-04
       392   6.12213989E-05   3.68704291E-05   8.52003175E-04   7.37651053E-04
       393   8.01378186E-05   9.46913339E-05   9.37794696E-04   6.65715382E-04
       394   6.99584771E-05   6.18510020E-05   7.88224222E-04   6.49046024E-04
       395   6.44172840E-05   4.64028006E-05   7.50161237E-04   6.11256805E-04
       396   6.39363260E-05   4.74000744E-05   7.69123219E-04   6.13613078E-04
       397   6.30824424E-05   4.42868293E-05   7.68938540E-04   6.13552608E-04
       398   6.21058426E-05   3.98798707E-05   7.66269852E-04   6.42151277E-04
       399   6.07620164E-05   3.41349413E-05   7.57607047E-04   6.50260878E-04
       400   5.95222540E-05   3.19859653E-05   7.54293856E-04   6.43116488E-04
       401   5.53512327E-05   1.23278096E-05   7.40334400E-04   7.07550968E-04
       402   5.50169745E-05   1.05409950E-05   7.40324123E-04   7.07604881E-04
       403   5.39743993E-05   7.23830612E-06   7.67956911E-04   7.50386113E-04
       404   5.28066370E-05   2.93669400E-06   7.40124758E-04   7.08644548E-04
       405   5.24693580E-05   9.36978021E-08   7.34210909E-04   6.75415361E-04
       406   5.13334274E-05   1.20077337E-05   7.53144649E-04   7.00390283E-04
       407   5.31776865E-05   2.50455794E-05   8.04036790E-04   8.04226966E-04
       408   5.24115059E-05   1.93907791E-05   8.11510735E-04   7.21858945E-04
       409   5.24866741E-05   1.72019889E-05   8.06358615E-04   6.93458231E-04
       410   5.23377212E-05   1.81025481E-05   8.05563823E-04   6.91623123E-04
       411   5.23450443E-05   2.32721899E-05   8.15947167E-04   7.24779492E-04
       412   5.22020088E-05   2.66139151E-05   8.06659653E-04   7.35961407E-04
       413   5.21060523E-05   2.81733903E-05   8.08364361E-04   7.42222801E-04
       414   5.20485175E-05   2.88593275E-05   8.08329918E-04   7.42314125E-04
       415   5.38511538E-05   1.86187810E-05   8.01962353E-04   7.17166890E-04
       416   5.32896341E-05   1.01526504E-05   7.36802576E-04   6.42047000E-04
       417   5.56091284E-05   7.79851504E-07   7.34169715E-04   6.05124653E-04
       418   5.31153116E-05   2.61018756E-05   7.52197943E-04   7.45035995E-04
       419   5.18473524E-05   3.57884194E-05   8.03862004E-04   9.58631138E-04
       420   5.17080061E-05   3.28020677E-05   7.99706583E-04   9.33254994E-04
       421   5.16746537E-05   2.66140054E-05   7.90829715E-04   8.89548523E-04
       422   5.29453946E-05   1.56508762E-05   7.75903232E-04   7.84573041E-04
       423   5.32128503E-05   1.33992928E-05   7.78884705E-04   7.71311052E-04
       424   5.61297916E-05   4.58301019E-06   8.07694970E-04   7.13522931E-04
       425   5.60961161E-05   4.10551039E-06   8.07602115E-04   7.13778746E-04
       426   6.11148306E-05   2.12571148E-05   8.84939139E-04   6.32374161E-04
       427   5.88868635E-05   1.36410027E-05   8.37419564E-04   6.56838462E-04
       428   5.57086373E-05   1.63953546E-06   7.90126211E-04   6.80528742E-04
       429   5.36035978E-05   6.12564825E-06   7.71816770E-04   7.34839597E-04
       430   5.42792414E-05   2.19982476E-06   7.72712291E-04   6.92292358E-04
       431   5.33385497E-05   6.32351595E-06   7.64160746E-04   7.21291496E-04
       432   5.34073901E-05   1.24609135E-05   7.69680360E-04   7.64577478E-04
       433   5.21054290E-05   2.99153623E-05   8.01360891E-04   8.73345765E-04
       434   5.19118279E-05   2.85733025E-05   7.94965639E-04   8.57764369E-04
       435   5.22491815E-05   2.29385523E-05   7.84239721E-04   8.63252072E-04
       436   5.21593012E-05   2.38018561E-05   7.84246646E-04   8.63362585E-04
       437   5.31822839E-05   1.20053632E-05   7.52937712E-04   8.13647514E-04
       438   5.19468858E-05   2.06127880E-05   7.68193019E-04   9.14287015E-04
       439   5.18702288E-05   2.14462868E-05   7.68259718E-04   9.14583107E-04
       440   5.18254249E-05   2.19726764E-05   7.68270315E-04   9.14662905E-04
       441   5.17756745E-05   2.27045219E-05   7.68543499E-04   9.15958364E-04
       442   5.20644129E-05   2.08107769E-05   7.63721416E-04   9.32454999E-04
       443   5.23948143E-05   1.52345462E-05   7.57513987E-04   8.94990768E-04
       444   5.12643316E-05   3.33362962E-05   7.80231969E-04   9.79188925E-04
       445   5.12465301E-05   3.41202917E-05   7.81778452E-04   9.82326973E-04
       446   5.09629366E-05   2.93486888E-05   7.65758301E-04   9.44818089E-04
       447   5.33554638E-05   4.40119859E-06   7.47456034E-04   8.05836324E-04
       448   5.12697586E-05   2.08328884E-05   7.68838741E-04   9.93154236E-04
       449   5.12330406E-05   2.04814849E-05   7.67609740E-04   9.84898842E-04
       450   5.32704853E-05   3.38779157E-06   7.63724666E-04   9.03646376E-04
       451   5.66264917E-05   1.18137882E-05   7.88138518E-04   8.51442864E-04
       452   5.17061302E-05   1.11654082E-05   7.55933520E-04   9.42627586E-04
       453   5.38518545E-05   9.05799448E-07   7.68791265E-04   8.59297534E-04
       454   5.37047705E-05   1.54843927E-07   7.68349263E-04   8.60790130E-04
       455   5.36245897E-05   9.34474357E-07   7.68315975E-04   8.61129385E-04
       456   5.11415962E-05   1.44306800E-05   7.57446868E-04   9.35771370E-04
       457   4.89887804E-05   3.23671769E-05   7.78801976E-04   1.06492909E-03
       458   4.88521885E-05   3.75445416E-05   7.89534451E-04   1.10330206E-03
       459   4.90999905E-05   3.66319980E-05   7.93475646E-04   1.08445318E-03
       460   4.90410287E-05   3.72358512E-05   7.93470381E-04   1.08449301E-03
       461   4.90326463E-05   3.98545778E-05   8.00122391E-04   1.10008437E-03
       462   4.95164963E-05   5.00375623E-05   8.41244866E-04   1.18195411E-03
       463   4.82427210E-05   4.03147550E-05   7.98385208E-04   1.10275695E-03
       464   4.85762953E-05   3.54403127E-05   7.77697951E-04   1.02566841E-03
       465   4.90857500E-05   2.03106259E-05   7.69773494E-04   8.99137862E-04
       466   5.41687475E-05   9.17516320E-06   7.46306247E-04   6.36016658E-04
       467   5.16421236E-05   3.97395490E-06   7.30752983E-04   6.79609734E-04
       468   5.08949297E-05   7.60974198E-06   7.27996688E-04   7.06394050E-04
       469   5.34564753E-05   4.77460038E-06   7.49880065E-04   6.15425482E-04
       470   5.41229980E-05   7.16997342E-06   7.57196451E-04   5.98501402E-04
       471   4.94588590E-05   1.13977265E-05   7.34760569E-04   6.97216204E-04
       472   5.98267276E-05   3.58969983E-05   8.01994897E-04   6.21526584E-04
       473   5.91149939E-05   3.47224390E-05   7.98555454E-04   6.17913291E-04
       474   5.02341609E-05   3.94166775E-06   7.20206747E-04   4.57837291E-04
       475   5.43221602E-05   1.66574700E-05   7.23467245E-04   4.48637716E-04
       476   5.41980917E-05   1.57236404E-05   7.23272136E-04   4.48456730E-04
       477   5.40888244E-05   1.48151347E-05   7.23060807E-04   4.48265382E-04
       478   5.39975065E-05   1.39875510E-05   7.22835877E-04   4.48064082E-04
       479   5.26565603E-05   9.13502894E-06   7.21675818E-04   4.52255589E-04
       480   4.82976873E-05   1.27501556E-05   7.06053180E-04   4.23781055E-04
       481   5.25061262E-05   1.06129990E-05   7.26171187E-04   4.52662703E-04
       482   5.58091264E-05   2.22610576E-05   7.65360384E-04   4.91974861E-04
       483   5.26496444E-05   1.39695595E-05   7.27996534E-04   4.85874502E-04
       484   5.26279767E-05   1.38398696E-05   7.27855318E-04   4.85727138E-04
       485   4.92704011E-05   4.64835845E-06   7.07113267E-04   5.05526349E-04
       486   5.63664803E-05   3.02372235E-05   7.66775582E-04   4.59799895E-04
       487   5.15863243E-05   1.54159686E-05   6.99477724E-04   4.27508484E-04
       488   5.37732222E-05   2.01238372E-05   7.28695545E-04   4.14917301E-04
       489   5.34702748E-05   1.83792929E-05   7.28472953E-04   4.14953769E-04
       490   5.28954480E-05   1.73906784E-05   7.28210794E-04   4.13661880E-04
       491   5.72830940E-05   2.82850130E-05   7.95466391E-04   4.00387593E-04
       492   5.04507552E-05   6.58853898E-06   7.30308742E-04   3.99096512E-04
       493   4.60072575E-05   8.10815088E-06   7.19607817E-04   5.58613407E-04
       494   4.42370094E-05   1.83280154E-05   7.04604428E-04   5.92785088E-04
       495   4.55368763E-05   3.49457679E-05   7.26966006E-04   6.53874964E-04
       496   4.55235345E-05   2.81505748E-05   7.13758463E-04   6.29777052E-04
       497   4.48470108E-05   2.99319000E-05   7.16473537E-04   6.36603613E-04
       498   4.50915931E-05   2.41297386E-05   7.12613320E-04   6.09582691E-04
       499   4.75273839E-05   3.97769652E-06   6.91007911E-04   4.95936248E-04
       500   4.63508850E-05   1.08829722E-05   6.81757517E-04   4.98632592E-04
       501   4.71103517E-05   5.79818173E-06   6.89502534E-04   4.87653654E-04
       502   4.70131765E-05   6.76823541E-06   6.89486392E-04   4.87765317E-04
       503   4.47021584E-05   1.42601774E-05   7.16153323E-04   7.76951652E-04
       504   4.42878805E-05   1.61156993E-05   7.16160801E-04   7.77038049E-04
       505   4.39934195E-05   2.32887377E-05   7.19555956E-04   8.01565966E-04
       506   4.38396216E-05   2.44099973E-05   7.19556099E-04   8.01607959E-04
       507   4.53200428E-05   7.53613124E-06   6.70940280E-04   5.44177063E-04
       508   6.56815779E-05   7.89727263E-05   8.47416545E-04   9.37647801E-04
       509   5.92121266E-05   5.62397353E-05   7.77404485E-04   8.89327252E-04
       510   5.90013852E-05   5.48885814E-05   7.76563529E-04   8.87740956E-04
       511   6.32903465E-05   6.75327856E-05   8.42507328E-04   9.48699511E-04
       512   6.30450925E-05   6.60120506E-05   8.41300809E-04   9.46650045E-04
       513   7.11185963E-05   8.83929636E-05   9.66554541E-04   1.10875160E-03
       514   6.03444885E-05   6.65110243E-05   8.27335418E-04   8.75874127E-04
       515   5.94376919E-05   6.29600283E-05   8.13763328E-04   8.60082562E-04
       516   5.93817756E-05   6.24033692E-05   8.13363400E-04   8.59489806E-04
       517   5.92268308E-05   6.18193770E-05   8.11475913E-04   8.57746782E-04
       518   5.52007457E-05   5.07715355E-05   7.45932447E-04   8.38368487E-04
       519   5.56106897E-05   4.48259142E-05   7.57494976E-04   8.66634040E-04
       520   5.54002104E-05   4.98964411E-05   7.30488110E-04   8.29047006E-04
       521   5.99621440E-05   6.32918634E-05   7.97312151E-04   8.51912464E-04
       522   5.03697270E-05   3.88630625E-05   6.92204061E-04   7.91543266E-04
       523   5.38738341E-05   4.99319116E-05   7.42514643E-04   9.42071983E-04
       524   5.47259154E-05   5.11960953E-05   7.59280089E-04   9.49004825E-04
       525   5.46637065E-05   5.05710041E-05   7.58864572E-04   9.48494893E-04
       526   5.40720781E-05   4.68153290E-05   7.49273473E-04   9.33447235E-04
       527   5.50165591E-05   5.02335561E-05   7.59116110E-04   9.37731321E-04
       528   5.46888972E-05   4.84481214E-05   7.54374033E-04   9.30572764E-04
       529   5.24898899E-05   3.80158366E-05   7.24490340E-04   9.02910869E-04
       530   5.70519834E-05   5.87444738E-05   7.79363605E-04   1.00321836E-03
       531   5.39355939E-05   3.54571726E-05   7.33894780E-04   7.76266219E-04
       532   5.30979540E-05   2.60287446E-05   7.25755619E-04   8.04827060E-04
       533   4.87396562E-05   2.02987613E-05   6.74144760E-04   7.43246849E-04
       534   4.96278145E-05   2.93868802E-05   6.77595125E-04   7.57754873E-04
       535   4.93128829E-05   2.65765667E-05   6.79570788E-04   7.60111329E-04
       536   4.84778058E-05   2.57857404E-05   6.75173643E-04   7.51789268E-04
       537   4.94939094E-05   2.20096233E-05   6.97632791E-04   8.02993132E-04
       538   4.88260200E-05   2.91353973E-05   6.43116959E-04   7.13268747E-04
       539   4.63095306E-05   1.67436755E-05   6.29060293E-04   7.06556000E-04
       540   4.53868754E-05   1.52134931E-05   6.22194687E-04   6.95083410E-04
       541   4.54476015E-05   2.01415613E-05   6.18250706E-04   6.67667685E-04
       542   4.57937368E-05   2.36706220E-05   6.24716890E-04   6.52835241E-04
       543   4.71083110E-05   3.11499124E-05   6.48091416E-04   6.37670120E-04
       544   4.51064551E-05   2.58287997E-05   6.39487994E-04   6.50473342E-04
       545   4.28922621E-05   1.60405204E-06   6.23456511E-04   6.26255753E-04
       546   4.36103301E-05   6.60521987E-06   6.19070437E-04   6.07854352E-04
       547   4.35339053E-05   5.74046996E-06   6.19032393E-04   6.08217822E-04
       548   4.34922426E-05   5.16790526E-06   6.19032639E-04   6.08276952E-04
       549   4.40558086E-05   9.59082219E-06   6.23795993E-04   6.77552203E-04
       550   4.47565634E-05   1.52590305E-05   6.31333657E-04   6.43848665E-04
       551   4.33083141E-05   2.17396627E-06   6.20785665E-04   6.59875883E-04
       552   4.24763179E-05   1.18527422E-05   6.41551479E-04   7.09235232E-04
       553   4.32856264E-05   1.54757243E-06   6.18248379E-04   6.35638914E-04
       554   4.32735456E-05   1.82467989E-06   6.18284641E-04   6.35833600E-04
       555   4.33171463E-05   6.43836272E-06   6.24937149E-04   6.44836940E-04
       556   4.34128827E-05   9.06633004E-06   6.30189551E-04   6.50543409E-04
       557   4.34033520E-05   9.28823612E-06   6.30185540E-04   6.50545421E-04
       558   4.33941321E-05   9.55493846E-06   6.30181231E-04   6.50546966E-04
       559   4.39148612E-05   7.82600910E-06   6.29430799E-04   6.52858409E-04
       560   4.39102945E-05   8.02926626E-06   6.29425507E-04   6.52861530E-04
       561   4.37881280E-05   1.11475459E-05   6.31096352E-04   6.36631041E-04
       562   4.37625971E-05   1.19424352E-05   6.32036245E-04   6.34597272E-04
       563   5.10684392E-05   3.65681674E-05   7.93627277E-04   8.02174383E-04
       564   4.97549748E-05   3.40022113E-05   7.69651905E-04   7.85081691E-04
       565   4.69839496E-05   2.19570157E-05   6.99542641E-04   7.42348073E-04
       566   4.69676123E-05   2.17777768E-05   6.99060000E-04   7.41696843E-04
       567   4.62770836E-05   4.33277128E-06   6.46138482E-04   6.56549235E-04
       568   4.61894752E-05   1.75554857E-05   6.82580825E-04   7.21122562E-04
       569   4.61841918E-05   1.75960128E-05   6.82531156E-04   7.21088168E-04
       570   4.55271299E-05   1.02577200E-06   6.32798884E-04   6.36252158E-04
       571   4.52270129E-05   3.04761435E-06   6.38241379E-04   6.51487466E-04
       572   4.44431430E-05   7.11838133E-06   6.55770584E-04   7.21204011E-04
       573   4.54675876E-05   1.91241049E-05   6.96688578E-04   7.55573642E-04
       574   4.63453744E-05   2.82600375E-05   7.32674280E-04   7.96124857E-04
       575   4.60557477E-05   2.33254321E-05   7.06747435E-04   6.94031902E-04
       576   4.59305982E-05   2.25955302E-05   7.02647588E-04   6.88758751E-04
       577   4.55672701E-05   2.26793423E-05   7.01768681E-04   6.87156665E-04
       578   4.33480951E-05   1.48395228E-05   6.41362752E-04   6.34706024E-04
       579   4.33219895E-05   1.52226718E-05   6.41352160E-04   6.34705574E-04
       580   4.33017166E-05   1.55517723E-05   6.41340348E-04   6.34703496E-04
       581   4.32859809E-05   1.58299359E-05   6.41329173E-04   6.34703191E-04
       582   4.30309619E-05   6.36662168E-06   6.23245650E-04   5.57411319E-04
       583   4.27478003E-05   6.62452574E-06   6.23603954E-04   5.56813326E-04
       584   4.27141479E-05   7.08859925E-06   6.23745856E-04   5.58718607E-04
       585   4.33309035E-05   6.92164074E-08   6.25323374E-04   5.21323703E-04
       586   4.58637563E-05   8.46836635E-06   6.39021138E-04   4.33061963E-04
       587   4.57816412E-05   7.90783259E-06   6.38239991E-04   4.33524292E-04
       588   5.19162508E-05   2.75802784E-05   7.35806521E-04   4.24919166E-04
       589   4.67483258E-05   9.72724464E-06   6.74983755E-04   4.15135821E-04
       590   4.47372910E-05   1.12649266E-06   6.42746745E-04   4.44370868E-04
       591   4.26945029E-05   1.30874126E-05   6.28639988E-04   4.84830141E-04
       592   4.24389847E-05   1.36709556E-05   6.29962829E-04   4.85938963E-04
       593   4.29295237E-05   1.08991296E-05   6.25720825E-04   4.63715898E-04
       594   4.49956800E-05   5.77216165E-07   6.53237250E-04   3.99036880E-04
       595   4.35779643E-05   1.28329864E-05   6.20190721E-04   4.63179111E-04
       596   4.33367146E-05   1.30239522E-05   6.20848437E-04   4.62759500E-04
       597   4.32807436E-05   1.35645474E-05   6.20871686E-04   4.65850150E-04
       598   4.26737620E-05   2.48030376E-05   6.43596610E-04   4.99356393E-04
       599   4.25901016E-05   2.37630621E-05   6.43569207E-04   4.89695105E-04
       600   4.25446109E-05   2.52856538E-05   6.45427813E-04   4.98823998E-04
       601   4.27065604E-05   2.34087059E-05   6.39768221E-04   4.83127853E-04
       602   4.26930273E-05   2.37813148E-05   6.39770518E-04   4.83182156E-04
       603   4.26328947E-05   2.31125369E-05   6.35779543E-04   4.82365829E-04
       604   4.46165910E-05   3.39734261E-07   6.30215792E-04   4.28937676E-04
       605   4.46078406E-05   2.69139913E-07   6.30176403E-04   4.29011879E-04
       606   4.35683576E-05   1.41914778E-05   6.12852062E-04   4.82648592E-04
       607   4.36437353E-05   1.52178119E-05   6.13469630E-04   4.88223019E-04
       608   4.36288930E-05   1.52011982E-05   6.14055780E-04   4.88461229E-04
       609   4.44703397E-05   7.72482514E-06   6.07499733E-04   4.58903814E-04
       610   4.44594032E-05   7.40482149E-06   6.07499696E-04   4.58956436E-04
       611   4.44533210E-05   7.26814889E-06   6.07499578E-04   4.59009312E-04
       612   4.74854656E-05   1.11996871E-05   6.15468772E-04   4.86063330E-04
       613   4.99440282E-05   2.32914848E-05   6.58307317E-04   5.02564072E-04
       614   4.53537613E-05   6.03929369E-06   5.91969056E-04   5.30115965E-04
       615   4.56564112E-05   2.25093113E-07   5.95758733E-04   5.40400771E-04
       616   4.55447551E-05   3.78104626E-06   5.90874265E-04   5.33961695E-04
       617   4.59374859E-05   9.07658312E-06   5.94905496E-04   5.21898588E-04
       618   4.48020499E-05   4.61011836E-06   5.89550758E-04   5.48762524E-04
       619   4.47985018E-05   4.55365798E-06   5.89547601E-04   5.48778624E-04
       620   5.23609341E-05   4.09142345E-05   6.86661949E-04   8.00623108E-04
       621   5.23121090E-05   4.13938765E-05   6.86457908E-04   8.00314580E-04
       622   4.98760038E-05   3.36059113E-05   6.50814218E-04   7.56522635E-04
       623   5.18136167E-05   4.32092857E-05   6.85843654E-04   7.87867174E-04
       624   5.17827930E-05   4.35306850E-05   6.85616890E-04   7.87551737E-04
       625   5.70823068E-05   6.20815864E-05   7.91233792E-04   8.53114073E-04
       626   4.86184915E-05   3.96355908E-05   6.62091886E-04   6.80107184E-04
       627   4.57022691E-05   2.37767949E-05   6.05526984E-04   6.32397585E-04
       628   4.93380182E-05   3.93983629E-05   6.69880369E-04   8.08755070E-04
       629   4.78874210E-05   3.19373193E-05   6.48146785E-04   8.12735073E-04
       630   5.21472940E-05   5.35382559E-05   7.27619682E-04   8.80864423E-04
       631   5.11142775E-05   4.90170467E-05   7.08707662E-04   8.56012892E-04
       632   5.11001302E-05   4.90280649E-05   7.08523603E-04   8.55727724E-04
       633   5.39229905E-05   5.82974977E-05   7.63453681E-04   8.88367411E-04
       634   5.10060674E-05   5.20077774E-05   7.19705752E-04   8.35476743E-04
       635   5.47845791E-05   6.19009091E-05   7.89812195E-04   8.83917681E-04
       636   5.60956399E-05   6.35742589E-05   8.07583536E-04   9.00106299E-04
       637   5.59862462E-05   6.30684999E-05   8.05848131E-04   8.98661977E-04
       638   5.48962332E-05   6.01100787E-05   7.84750760E-04   8.31809419E-04
       639   4.61357540E-05   3.09625535E-05   6.43395668E-04   6.93754918E-04
       640   4.64277798E-05   3.17603465E-05   6.49327446E-04   6.97026045E-04
       641   4.32738587E-05   2.19568177E-05   6.14731551E-04   6.51344555E-04
       642   4.35633295E-05   2.35045579E-05   6.19113673E-04   6.59656188E-04
       643   4.41376206E-05   2.71317854E-05   6.33558418E-04   6.55406983E-04
       644   4.63990662E-05   3.63902645E-05   6.74803969E-04   6.91201960E-04
       645   4.24899443E-05   2.21524354E-05   6.12537369E-04   6.69466013E-04
       646   4.51108734E-05   3.42738301E-05   6.65314763E-04   6.88774699E-04
       647   4.32737990E-05   2.33579512E-05   6.13467621E-04   6.80302307E-04
       648   4.35306288E-05   2.45629133E-05   6.16645226E-04   6.86814305E-04
       649   4.40864809E-05   2.65123784E-05   6.24276937E-04   6.93279126E-04
       650   4.76143423E-05   3.68063447E-05   6.87255539E-04   8.39845546E-04
       651   4.71321354E-05   3.52217425E-05   6.80432358E-04   8.27660257E-04
       652   4.61612899E-05   2.64575339E-05   6.56679344E-04   8.14464314E-04
       653   4.61335285E-05   2.68512964E-05   6.56611175E-04   8.14324890E-04
       654   4.46132959E-05   1.56123334E-05   6.43059426E-04   7.74093034E-04
       655   4.50500487E-05   1.74486603E-05   6.49200579E-04   8.01943548E-04
       656   4.50407372E-05   1.74332840E-05   6.49155702E-04   8.01684750E-04
       657   4.54429725E-05   2.39683554E-05   6.53974160E-04   8.28857051E-04
       658   4.48550114E-05   1.66218638E-05   6.51913843E-04   8.07499986E-04
       659   4.48203326E-05   1.55276159E-05   6.52808487E-04   8.04254523E-04
       660   4.48180153E-05   1.61896852E-05   6.52356655E-04   8.05365205E-04
       661   4.41728572E-05   2.31863758E-05   6.35063187E-04   8.02355898E-04
       662   4.48057363E-05   1.72387732E-05   6.40323490E-04   8.10215762E-04
       663   4.39337895E-05   1.64193410E-05   6.28872651E-04   7.91344602E-04
       664   4.39264088E-05   1.62039437E-05   6.28847740E-04   7.91284531E-04
       665   4.39204553E-05   1.60577086E-05   6.28821804E-04   7.91217893E-04
       666   4.41515563E-05   9.65434027E-06   6.49232648E-04   6.10750015E-04
       667   4.25737149E-05   1.24069526E-06   6.12005647E-04   5.93267626E-04
       668   4.25372105E-05   9.43775320E-06   6.33521201E-04   6.51747249E-04
       669   4.05224487E-05   3.89012303E-06   5.87236038E-04   6.18988656E-04
       670   4.01663367E-05   3.02587253E-06   5.89078865E-04   6.17637123E-04
       671   4.11263339E-05   2.15221999E-05   5.96194181E-04   6.00993741E-04
       672   3.99444232E-05   1.25083615E-05   5.85723036E-04   5.94706026E-04
       673   4.04393155E-05   2.50136380E-06   5.83906833E-04   6.24183882E-04
       674   4.04077100E-05   2.00717034E-06   5.83905149E-04   6.24186828E-04
       675   4.06026204E-05   8.30002279E-06   6.05810489E-04   6.34000286E-04
       676   3.97245771E-05   1.09438177E-06   5.89745740E-04   6.25515821E-04
       677   4.03436118E-05   5.94318295E-06   5.78193207E-04   6.50873357E-04
       678   4.03358293E-05   5.75640953E-06   5.78188911E-04   6.50858810E-04
       679   4.04461506E-05   1.56150382E-05   6.37685392E-04   7.70851448E-04
       680   4.19364651E-05   2.54928879E-05   6.75392802E-04   7.89497286E-04
       681   3.85726379E-05   1.41486646E-05   6.22944045E-04   7.04855687E-04
       682   3.84501979E-05   1.50592120E-05   6.22911957E-04   7.04812792E-04
       683   3.73069468E-05   4.09824381E-06   6.05326112E-04   6.55657284E-04
       684   3.71807726E-05   4.89250912E-06   6.08688329E-04   6.57218248E-04
       685   3.71325650E-05   7.72897496E-06   6.11321457E-04   6.66422121E-04
       686   3.70719610E-05   8.49682918E-06   6.11464628E-04   6.67327491E-04
       687   3.70217494E-05   8.80852573E-06   6.14104536E-04   6.68130696E-04
       688   3.68806903E-05   1.74434896E-06   6.13570263E-04   6.16909765E-04
       689   3.66843663E-05   1.44779570E-05   6.26899626E-04   6.74510478E-04
       690   3.66606523E-05   1.61566422E-05   6.29703484E-04   6.90400073E-04
       691   3.66025758E-05   1.07237183E-05   6.11211641E-04   6.35243817E-04
       692   3.64685153E-05   2.76950483E-06   6.18368329E-04   6.07441245E-04
       693   3.66500851E-05   9.85439330E-06   6.13816305E-04   6.37071067E-04
       694   3.75372738E-05   1.48632089E-06   6.06467888E-04   5.25910538E-04
       695   3.82806015E-05   5.53495031E-06   6.25379268E-04   5.17368261E-04
       696   3.88035008E-05   8.43699321E-06   6.34878335E-04   5.14628042E-04
       697   4.35176028E-05   3.00642123E-05   6.58752010E-04   6.04777351E-04
       698   4.42493501E-05   3.31878838E-05   6.54285709E-04   6.35087498E-04
       699   4.39352414E-05   3.22466423E-05   6.48847048E-04   6.31695620E-04
       700   5.20103558E-05   5.75242200E-05   7.66795929E-04   9.60196604E-04
       701   5.19792270E-05   5.75350061E-05   7.66333117E-04   9.59490196E-04
       702   5.19479754E-05   5.73428611E-05   7.65828798E-04   9.58744180E-04
       703   4.51365743E-05   2.72019553E-05   6.50652574E-04   4.54083986E-04
       704   4.01768604E-05   3.89374290E-06   5.69685099E-04   4.79579148E-04
       705   4.03168513E-05   2.99238081E-06   5.65842473E-04   4.88351955E-04
       706   4.03570111E-05   3.20292242E-06   5.65563382E-04   4.90345683E-04
       707   4.05977122E-05   1.62855666E-05   5.86204314E-04   5.08866885E-04
       708   3.98066905E-05   7.14665784E-06   5.67886086E-04   4.69476989E-04
       709   3.99274552E-05   1.01653376E-05   5.69771326E-04   4.70751011E-04
       710   3.99188811E-05   1.02242021E-05   5.69676956E-04   4.70540146E-04
       711   4.14375763E-05   1.72729118E-05   5.86725860E-04   4.91729100E-04
       712   4.10421493E-05   6.27574332E-06   5.65609295E-04   4.82889896E-04
       713   3.98038703E-05   8.11410933E-06   5.73040657E-04   5.89668907E-04
       714   3.97455195E-05   8.74574405E-06   5.72950195E-04   5.89530072E-04
       715   4.12618102E-05   2.02519165E-05   6.05664451E-04   6.11745654E-04
       716   4.00347171E-05   1.68633632E-05   5.88078442E-04   5.88823558E-04
       717   4.19114338E-05   2.36272861E-05   6.15132130E-04   6.30712265E-04
       718   4.16490011E-05   3.19028761E-06   5.62711336E-04   5.66293868E-04
       719   4.16401794E-05   3.02301782E-06   5.62688270E-04   5.66275427E-04
       720   4.15969688E-05   2.41916834E-06   5.61750768E-04   5.64604426E-04
       721   4.41490864E-05   1.83866043E-05   5.81723644E-04   6.00063286E-04
       722   4.46459644E-05   2.15794250E-05   5.90366391E-04   6.11367254E-04
       723   4.46403901E-05   1.03880961E-05   5.94276456E-04   5.88787996E-04
       724   4.60720585E-05   5.27924762E-06   6.20570213E-04   6.06458850E-04
       725   4.61588952E-05   4.18625528E-06   6.23956114E-04   6.12365151E-04
       726   4.76841330E-05   9.02084312E-06   6.67803185E-04   6.19414462E-04
       727   4.76733648E-05   9.00940487E-06   6.67667189E-04   6.19342864E-04
       728   4.61489473E-05   1.41743020E-06   6.29081507E-04   6.20557043E-04
       729   4.62620180E-05   2.50373918E-06   6.32361511E-04   6.21061526E-04
       730   4.62521019E-05   2.69397353E-06   6.32258864E-04   6.20947778E-04
       731   4.48965450E-05   1.29815628E-05   6.03038692E-04   6.21447289E-04
       732   4.46809966E-05   1.72643941E-05   6.00351892E-04   6.16519012E-04
       733   4.45758358E-05   1.48506929E-05   6.00351579E-04   6.17205152E-04
       734   4.34015657E-05   8.90236857E-07   5.79987468E-04   5.00469151E-04
       735   4.27976642E-05   6.81000009E-06   5.67994942E-04   4.57119029E-04
       736   4.24648101E-05   6.72566123E-06   6.03505792E-04   6.89866198E-04
       737   4.25296940E-05   1.26658729E-05   6.22765852E-04   7.40781305E-04
       738   3.94166655E-05   6.51491678E-06   5.63139010E-04   6.61615576E-04
       739   3.92649255E-05   5.56317304E-06   5.63123577E-04   6.61590129E-04
       740   3.87671651E-05   4.70686791E-06   5.62187829E-04   6.60244390E-04
       741   4.03104274E-05   1.22482063E-05   6.05075576E-04   7.36093683E-04
       742   3.82988836E-05   2.84747049E-06   5.72396979E-04   7.03069125E-04
       743   3.67099747E-05   1.07821801E-05   5.74788555E-04   6.24241217E-04
       744   3.62066407E-05   1.61438501E-06   5.69441025E-04   6.49020231E-04
       745   3.60491415E-05   6.74881856E-07   5.69449166E-04   6.49025301E-04
       746   3.61208223E-05   8.62403913E-07   5.64728136E-04   6.42085743E-04
       747   3.82965632E-05   1.70691911E-05   5.64236062E-04   5.51606817E-04
       748   3.79367814E-05   9.92761777E-06   5.48136150E-04   5.86397778E-04
       749   4.07967994E-05   2.40447878E-05   5.79112800E-04   4.65688273E-04
       750   4.05416295E-05   2.42162437E-05   5.79386490E-04   4.64386465E-04
       751   4.05309002E-05   2.44074747E-05   5.79299240E-04   4.64350821E-04
       752   4.00253443E-05   2.19454755E-05   5.68950340E-04   4.65421752E-04
       753   3.85652755E-05   1.32945857E-05   5.46907511E-04   4.54775189E-04
       754   3.85556319E-05   1.31773313E-05   5.46776046E-04   4.54866971E-04
       755   3.85520892E-05   1.31869548E-05   5.46759096E-04   4.54861798E-04
       756   3.92494164E-05   9.63712717E-07   5.35949092E-04   4.84212667E-04
       757   3.94646184E-05   4.39531560E-06   5.33886731E-04   4.77183274E-04
       758   4.00093052E-05   1.59942804E-05   5.42270911E-04   4.84535639E-04
       759   4.24291888E-05   3.00805948E-06   5.67711578E-04   5.35936315E-04
       760   4.20549775E-05   3.34444548E-06   5.66889028E-04   5.34081759E-04
       761   4.50246894E-05   2.09380784E-06   6.35371761E-04   5.59788498E-04
       762   4.50138738E-05   2.17830543E-06   6.35249451E-04   5.59695795E-04
       763   4.50035188E-05   2.21928652E-06   6.35123210E-04   5.59599450E-04
       764   4.49955691E-05   2.31073045E-06   6.35038453E-04   5.59568987E-04
       765   4.49847045E-05   2.39561822E-06   6.34886076E-04   5.59502510E-04
       766   4.57472318E-05   7.06282856E-06   6.52770926E-04   5.67498416E-04
       767   4.81325598E-05   1.08297542E-05   7.07304945E-04   5.82428120E-04
       768   4.60653923E-05   1.36690777E-07   6.48387279E-04   5.92165446E-04
       769   4.82648577E-05   1.41277276E-05   6.98502728E-04   6.31272206E-04
       770   4.33275542E-05   5.10767270E-06   6.04221871E-04   6.22861118E-04
       771   4.33414981E-05   4.44194979E-06   6.04805324E-04   6.24294537E-04
       772   4.21741790E-05   8.55394534E-06   5.82257621E-04   5.85055709E-04
       773   4.28802007E-05   1.15812075E-05   6.05424142E-04   5.50950432E-04
       774   4.26568744E-05   1.29360414E-05   6.05339105E-04   5.50830953E-04
       775   4.05897696E-05   4.05675252E-06   5.70392573E-04   4.77491349E-04
       776   4.13072319E-05   1.56501405E-05   5.98661376E-04   5.16478048E-04
       777   4.10664247E-05   1.29471333E-05   5.92649530E-04   4.91778053E-04
       778   3.94529963E-05   6.64128098E-06   5.57403161E-04   4.59056929E-04
       779   3.93598958E-05   7.46117183E-06   5.57393838E-04   4.59060311E-04
       780   4.03653639E-05   1.26220884E-05   5.51405003E-04   4.13528620E-04
       781   4.09318251E-05   1.57215666E-05   5.61151264E-04   3.94648557E-04
       782   4.48902526E-05   3.19083426E-05   6.46584408E-04   3.72413671E-04
       783   4.71780338E-05   3.79062853E-05   6.95058744E-04   3.74470988E-04
       784   4.39547772E-05   2.86232158E-05   6.40553908E-04   3.70270222E-04
       785   4.37030081E-05   2.67921780E-05   6.42338845E-04   3.68994735E-04
       786   4.06419851E-05   1.70311265E-05   6.02352306E-04   4.08045690E-04
       787   3.76846243E-05   6.59956372E-06   5.65581099E-04   5.06183139E-04
       788   3.74163212E-05   7.94485290E-06   5.65582991E-04   5.06542419E-04
       789   3.98884861E-05   1.17709323E-05   5.57748717E-04   3.97478769E-04
       790   4.16586478E-05   2.02771544E-05   5.94604857E-04   3.86585034E-04
       791   4.16122900E-05   1.99292439E-05   5.93920582E-04   3.86986569E-04
       792   4.02976199E-05   1.32079953E-05   5.57688208E-04   4.05246719E-04
       793   4.02881873E-05   1.30452182E-05   5.57638169E-04   4.05305581E-04
       794   4.02373259E-05   1.27293446E-05   5.56814567E-04   4.06194944E-04
       795   3.88100754E-05   4.70187833E-06   5.22389498E-04   4.50114854E-04
       796   3.89277804E-05   2.50853512E-06   5.25754950E-04   4.07168372E-04
       797   4.15958997E-05   1.37957923E-05   5.52553216E-04   3.80801349E-04
       798   3.91434845E-05   5.62185886E-06   5.33429778E-04   3.47978757E-04
       799   3.89100757E-05   1.39317104E-06   5.21166338E-04   3.60162211E-04
       800   3.86070836E-05   1.12759843E-05   5.31950449E-04   3.68686501E-04
