################################################################################
# Neural network connection values (weights and biases).
################################################################################
# Col  Name       Description
################################################################################
# 1    connection Neural network connection value.
# 2    t          Connection type (a = weight, b = bias).
# 3    index      Index enumerating weights.
# 4    l_s        Starting point layer (end point layer for biases).
# 5    n_s        Starting point neuron in starting layer (end point neuron for biases).
# 6    l_e        End point layer.
# 7    n_e        End point neuron in end layer.
################################################################################
#                      1 2         3     4     5     6     7
#             connection t     index   l_s   n_s   l_e   n_e
############################################################
 -1.7996762572967295E-01 a         1     0     1     1     1
  8.5512583190206198E-03 a         2     0     1     1     2
 -4.0613042444122771E-01 a         3     0     1     1     3
 -3.6531259995053589E-01 a         4     0     1     1     4
  4.6959121553519431E-02 a         5     0     1     1     5
  7.0267819908719401E-02 a         6     0     1     1     6
 -2.3969949177363678E-01 a         7     0     1     1     7
 -2.3521459213188251E-01 a         8     0     1     1     8
  3.2359750513618529E-01 a         9     0     1     1     9
  2.7100882496168843E-01 a        10     0     1     1    10
  2.9543314636109724E-01 a        11     0     1     1    11
 -3.2579712436319053E-01 a        12     0     1     1    12
  4.0711487812072245E-01 a        13     0     1     1    13
  6.7690558669244866E-02 a        14     0     1     1    14
  4.2476609066101192E-02 a        15     0     1     1    15
 -1.5918614743160384E-01 a        16     0     2     1     1
  2.3336677561225713E-01 a        17     0     2     1     2
  4.0308199256467531E-01 a        18     0     2     1     3
 -3.8280887578441769E-01 a        19     0     2     1     4
 -4.4406991316642574E-01 a        20     0     2     1     5
  8.0055762816138090E-02 a        21     0     2     1     6
 -3.8804877467657922E-01 a        22     0     2     1     7
  5.5863373950967776E-01 a        23     0     2     1     8
 -1.8592159902055108E-01 a        24     0     2     1     9
  9.8575045410483828E-02 a        25     0     2     1    10
  2.5571389352036792E-02 a        26     0     2     1    11
 -4.8191097586520126E-02 a        27     0     2     1    12
 -3.7943810845319825E-01 a        28     0     2     1    13
  2.6110530115861413E-01 a        29     0     2     1    14
 -3.3541323796071987E-01 a        30     0     2     1    15
 -4.6049781389087717E-03 a        31     0     3     1     1
 -1.1947347344564004E-01 a        32     0     3     1     2
 -3.8197591051915297E-01 a        33     0     3     1     3
  5.5076577579038499E-01 a        34     0     3     1     4
 -2.3261106286184713E-01 a        35     0     3     1     5
 -1.6038573740231510E-01 a        36     0     3     1     6
  1.3931756322599456E-01 a        37     0     3     1     7
  8.2327933039430604E-02 a        38     0     3     1     8
 -7.3115549667174496E-03 a        39     0     3     1     9
  4.4219178870962023E-01 a        40     0     3     1    10
 -4.4012154377489532E-01 a        41     0     3     1    11
 -4.1114132256332503E-01 a        42     0     3     1    12
  1.0396407236658385E-01 a        43     0     3     1    13
  2.1517204855085190E-01 a        44     0     3     1    14
 -4.5085685308347515E-02 a        45     0     3     1    15
 -2.4806174210327517E-01 a        46     0     4     1     1
 -4.1926927847367906E-01 a        47     0     4     1     2
 -5.3472665231604349E-02 a        48     0     4     1     3
 -1.9493531841713199E-01 a        49     0     4     1     4
 -3.1005526786190812E-01 a        50     0     4     1     5
  3.0984709958785200E-01 a        51     0     4     1     6
 -4.8870002565490500E-01 a        52     0     4     1     7
  2.1958600292092862E-02 a        53     0     4     1     8
 -4.2224321001073023E-01 a        54     0     4     1     9
 -1.7502808615698848E-02 a        55     0     4     1    10
  2.5766091055412760E-01 a        56     0     4     1    11
 -4.0505130877141898E-01 a        57     0     4     1    12
  1.2385739083572826E-02 a        58     0     4     1    13
 -2.2227070289081000E-01 a        59     0     4     1    14
  2.8588683082294980E-01 a        60     0     4     1    15
  4.5584691589511039E-01 a        61     0     5     1     1
  1.5899698463908610E-01 a        62     0     5     1     2
 -3.8396400230441596E-01 a        63     0     5     1     3
 -3.1506308579398890E-01 a        64     0     5     1     4
  4.2531134936301074E-01 a        65     0     5     1     5
  6.9340270005631741E-02 a        66     0     5     1     6
 -4.3803807964596730E-01 a        67     0     5     1     7
  2.5540814702862341E-01 a        68     0     5     1     8
 -1.9581281200305854E-02 a        69     0     5     1     9
 -4.9020642494239186E-01 a        70     0     5     1    10
 -1.1007452648661578E-01 a        71     0     5     1    11
 -1.4372385188619174E-01 a        72     0     5     1    12
 -2.9765269182302784E-01 a        73     0     5     1    13
  1.9575890606505980E-01 a        74     0     5     1    14
  2.5233324205481833E-01 a        75     0     5     1    15
  4.6288552638450614E-01 a        76     0     6     1     1
 -2.7978226673355133E-01 a        77     0     6     1     2
 -3.5233067911274840E-01 a        78     0     6     1     3
  1.9341534660514939E-01 a        79     0     6     1     4
  5.3967323368228126E-01 a        80     0     6     1     5
 -9.6136641023569669E-02 a        81     0     6     1     6
 -3.3552603318861546E-01 a        82     0     6     1     7
 -4.3489337458256866E-01 a        83     0     6     1     8
 -3.9466991769132392E-01 a        84     0     6     1     9
  2.0033286218353982E-01 a        85     0     6     1    10
 -2.8487594601270044E-01 a        86     0     6     1    11
  5.9807632436331870E-01 a        87     0     6     1    12
  5.2063878918060302E-01 a        88     0     6     1    13
  2.8415783388875848E-01 a        89     0     6     1    14
 -2.2581262559082307E-01 a        90     0     6     1    15
  4.6729953011479995E-02 a        91     0     7     1     1
  2.7285024410401304E-01 a        92     0     7     1     2
 -1.3486162377089528E-01 a        93     0     7     1     3
  6.1516214759752913E-02 a        94     0     7     1     4
 -1.0739721228227372E-01 a        95     0     7     1     5
  2.5665234572889550E-01 a        96     0     7     1     6
 -3.4973336823720425E-01 a        97     0     7     1     7
 -1.8849834632762291E-01 a        98     0     7     1     8
  4.1106074550486282E-01 a        99     0     7     1     9
 -4.7766183636330048E-02 a       100     0     7     1    10
 -4.7240497195304744E-02 a       101     0     7     1    11
 -1.9202841651787475E-01 a       102     0     7     1    12
  2.2892995044171663E-01 a       103     0     7     1    13
  9.5268579181657181E-02 a       104     0     7     1    14
 -1.9033781187662711E-02 a       105     0     7     1    15
  4.8766846798491442E-02 a       106     0     8     1     1
 -1.1993500399102346E-01 a       107     0     8     1     2
 -3.7868558874841467E-02 a       108     0     8     1     3
 -1.4729985035739723E-01 a       109     0     8     1     4
 -5.7549701700662530E-02 a       110     0     8     1     5
 -4.5949289157621372E-02 a       111     0     8     1     6
  3.7853018612397343E-01 a       112     0     8     1     7
  9.3192894750728991E-02 a       113     0     8     1     8
 -1.0841904594478370E-01 a       114     0     8     1     9
  2.7496685761075340E-01 a       115     0     8     1    10
  1.2460423820941356E-01 a       116     0     8     1    11
 -1.0221898458129389E-01 a       117     0     8     1    12
  3.4097392838841993E-02 a       118     0     8     1    13
 -4.1694694180855091E-01 a       119     0     8     1    14
 -9.3603231872712522E-02 a       120     0     8     1    15
  7.3101805472360459E-01 b       121     1     1
 -7.1183142773387209E-01 b       122     1     2
  1.6507505291809055E-01 b       123     1     3
  1.5305585589125947E+00 b       124     1     4
  7.3296897150570628E-01 b       125     1     5
  2.2473210270208206E+00 b       126     1     6
 -2.0330545327293734E-01 b       127     1     7
 -4.9434622633257691E-01 b       128     1     8
  1.7133254776817577E+00 b       129     1     9
 -1.3588392753358947E-01 b       130     1    10
 -1.6701898133994995E+00 b       131     1    11
  2.3250154525007347E+00 b       132     1    12
  4.0887194502702218E-01 b       133     1    13
 -1.8517164722331634E+00 b       134     1    14
 -1.3433265443822333E+00 b       135     1    15
  3.8064334061110516E-01 a       136     1     1     2     1
 -3.9901236179716731E-01 a       137     1     1     2     2
 -2.4768624235872963E-01 a       138     1     1     2     3
 -1.5447965066333166E-01 a       139     1     1     2     4
 -5.8008961010654803E-01 a       140     1     1     2     5
  7.2740983937935488E-02 a       141     1     1     2     6
 -3.5509502409592907E-02 a       142     1     1     2     7
 -2.9583648013611064E-01 a       143     1     1     2     8
 -1.3584593476164195E-01 a       144     1     1     2     9
 -3.8616880745314963E-01 a       145     1     1     2    10
  1.2156591888328448E-01 a       146     1     1     2    11
  3.3856737831371059E-01 a       147     1     1     2    12
  1.1754160307223085E-01 a       148     1     1     2    13
  2.4664589641465867E-01 a       149     1     1     2    14
  2.3178942025607611E-02 a       150     1     1     2    15
 -9.0028740598769558E-02 a       151     1     2     2     1
 -3.2453012915901047E-01 a       152     1     2     2     2
 -6.0250458760355841E-01 a       153     1     2     2     3
  2.7314351680296234E-01 a       154     1     2     2     4
  5.1650583155435303E-01 a       155     1     2     2     5
 -5.2970844946515327E-02 a       156     1     2     2     6
  2.0430063702647105E-02 a       157     1     2     2     7
 -5.6673592574591303E-01 a       158     1     2     2     8
  3.2079670589754988E-01 a       159     1     2     2     9
 -3.7037965166947420E-02 a       160     1     2     2    10
  5.1216350331876148E-01 a       161     1     2     2    11
 -4.0052482679195978E-01 a       162     1     2     2    12
 -5.2676118161514962E-01 a       163     1     2     2    13
  3.8010935217797764E-01 a       164     1     2     2    14
  2.7716364172863289E-01 a       165     1     2     2    15
  3.8259426577440708E-01 a       166     1     3     2     1
 -5.6105991646079566E-03 a       167     1     3     2     2
  5.1515134617289658E-03 a       168     1     3     2     3
 -2.3478980319277154E-01 a       169     1     3     2     4
 -2.3122709627717142E-01 a       170     1     3     2     5
 -2.1411734543824373E-01 a       171     1     3     2     6
  1.6111738045599841E-01 a       172     1     3     2     7
 -1.0350491819052679E-01 a       173     1     3     2     8
 -3.9241015123125017E-01 a       174     1     3     2     9
  1.4291001510694845E-01 a       175     1     3     2    10
  2.5682087166978640E-01 a       176     1     3     2    11
 -3.6070264020543100E-02 a       177     1     3     2    12
  9.9048769111636292E-02 a       178     1     3     2    13
  6.6357746057402717E-02 a       179     1     3     2    14
 -1.2251400534569162E-01 a       180     1     3     2    15
  3.5953367587802354E-01 a       181     1     4     2     1
  2.8406622975321255E-01 a       182     1     4     2     2
  3.8139433573716304E-02 a       183     1     4     2     3
 -1.6296287564921330E-04 a       184     1     4     2     4
 -3.3915892593698799E-01 a       185     1     4     2     5
  3.9766121876859689E-01 a       186     1     4     2     6
  1.2965710644534401E-01 a       187     1     4     2     7
  1.5404151499272825E-01 a       188     1     4     2     8
  2.9636294459040702E-01 a       189     1     4     2     9
  1.6228655966369773E-01 a       190     1     4     2    10
 -4.4056354682056381E-01 a       191     1     4     2    11
  3.3320338953438022E-01 a       192     1     4     2    12
 -2.7784696979912458E-02 a       193     1     4     2    13
  3.1830676699553756E-01 a       194     1     4     2    14
  1.8200449452113404E-01 a       195     1     4     2    15
 -7.7516671985117760E-02 a       196     1     5     2     1
 -3.8353579573797209E-01 a       197     1     5     2     2
 -1.5818663079247858E-01 a       198     1     5     2     3
 -1.2560554551055031E-01 a       199     1     5     2     4
 -7.1904234656644217E-01 a       200     1     5     2     5
  5.0760082886136637E-01 a       201     1     5     2     6
 -7.7660023645097476E-01 a       202     1     5     2     7
 -2.5031617210687951E-01 a       203     1     5     2     8
  3.9374022084925919E-01 a       204     1     5     2     9
 -2.5533821641392777E-04 a       205     1     5     2    10
 -3.3289925029869794E-01 a       206     1     5     2    11
  1.9891882196395469E-01 a       207     1     5     2    12
 -3.4212404996177287E-01 a       208     1     5     2    13
 -5.3690489253769103E-01 a       209     1     5     2    14
  6.3560701084957399E-02 a       210     1     5     2    15
  9.0737310718785866E-02 a       211     1     6     2     1
 -1.7846768649349051E-01 a       212     1     6     2     2
  2.1175724872934013E-01 a       213     1     6     2     3
 -3.1766972817728817E-01 a       214     1     6     2     4
 -4.1302610196165844E-02 a       215     1     6     2     5
 -1.9322210336418794E-01 a       216     1     6     2     6
  1.6035913153010445E-01 a       217     1     6     2     7
 -2.1088000446010430E-01 a       218     1     6     2     8
  3.1627023111524460E-01 a       219     1     6     2     9
 -3.5234575149289793E-01 a       220     1     6     2    10
  2.9061241493787410E-01 a       221     1     6     2    11
  4.2408383411528826E-02 a       222     1     6     2    12
  3.0972030465338096E-01 a       223     1     6     2    13
  3.5126814857528291E-02 a       224     1     6     2    14
  2.8797222702850023E-01 a       225     1     6     2    15
  1.2567693135635097E-01 a       226     1     7     2     1
  2.6259637781783574E-01 a       227     1     7     2     2
 -2.1628654169487860E-01 a       228     1     7     2     3
 -1.9284186641133175E-01 a       229     1     7     2     4
 -2.2869195989515964E-02 a       230     1     7     2     5
  1.8972187478682170E-01 a       231     1     7     2     6
 -1.9246465030592380E-01 a       232     1     7     2     7
  3.5829443959047524E-01 a       233     1     7     2     8
  1.9793057597061897E-01 a       234     1     7     2     9
  1.9072110958159907E-01 a       235     1     7     2    10
 -1.3286261004622030E-01 a       236     1     7     2    11
 -1.6595901285544859E-01 a       237     1     7     2    12
  7.5791832580910698E-02 a       238     1     7     2    13
  1.3144906290079346E-02 a       239     1     7     2    14
 -1.6864397869770542E-01 a       240     1     7     2    15
 -1.2805139237162774E-01 a       241     1     8     2     1
  4.9570087149869663E-01 a       242     1     8     2     2
  2.1845717506048465E-01 a       243     1     8     2     3
 -3.1624129033567838E-01 a       244     1     8     2     4
 -1.4650267856734497E-01 a       245     1     8     2     5
 -2.7093126716293214E-01 a       246     1     8     2     6
  3.8666552397851911E-01 a       247     1     8     2     7
  2.6735867923074247E-01 a       248     1     8     2     8
  2.7429922568453097E-01 a       249     1     8     2     9
 -7.8432858983328066E-02 a       250     1     8     2    10
 -2.0686618207489321E-01 a       251     1     8     2    11
 -4.8114880429790030E-01 a       252     1     8     2    12
 -4.2084938728036536E-01 a       253     1     8     2    13
  4.4844735713901095E-02 a       254     1     8     2    14
  1.2114765614059415E-01 a       255     1     8     2    15
  1.7628013247281693E-01 a       256     1     9     2     1
 -1.6282342369918940E-01 a       257     1     9     2     2
  8.2926603099744353E-02 a       258     1     9     2     3
 -2.3897440399323491E-01 a       259     1     9     2     4
  4.3295440804277663E-01 a       260     1     9     2     5
 -3.7965081974046543E-02 a       261     1     9     2     6
 -5.3943849961355617E-01 a       262     1     9     2     7
 -2.3066397410527628E-01 a       263     1     9     2     8
  4.3401650437648609E-01 a       264     1     9     2     9
 -4.4255408587089246E-01 a       265     1     9     2    10
 -1.1522835140473127E-01 a       266     1     9     2    11
 -1.2122984959754142E-01 a       267     1     9     2    12
 -7.5840917895210067E-02 a       268     1     9     2    13
 -1.4675813797677154E-01 a       269     1     9     2    14
  1.7483774962703408E-01 a       270     1     9     2    15
  3.1824519353290830E-02 a       271     1    10     2     1
 -2.7274344111873905E-01 a       272     1    10     2     2
 -1.5539711871968423E-01 a       273     1    10     2     3
 -2.2229843538788280E-01 a       274     1    10     2     4
 -4.1309677100016839E-01 a       275     1    10     2     5
 -2.2824522129296018E-01 a       276     1    10     2     6
 -1.5488632961290094E-01 a       277     1    10     2     7
 -2.5033337720579285E-01 a       278     1    10     2     8
  3.5973843579974701E-01 a       279     1    10     2     9
  2.3693672107522218E-01 a       280     1    10     2    10
  4.4422905123451362E-01 a       281     1    10     2    11
 -1.1211364784840509E-01 a       282     1    10     2    12
 -2.8821865804774166E-01 a       283     1    10     2    13
  4.0753307831044229E-02 a       284     1    10     2    14
  3.5901491847649564E-01 a       285     1    10     2    15
  2.7432342658846615E-01 a       286     1    11     2     1
  1.0922278431479752E-01 a       287     1    11     2     2
 -1.9973058839489957E-01 a       288     1    11     2     3
 -3.6280060711274492E-01 a       289     1    11     2     4
 -2.0134487088832845E-01 a       290     1    11     2     5
 -3.6262671333584168E-01 a       291     1    11     2     6
  9.0942176041425252E-02 a       292     1    11     2     7
  7.1098729810232061E-02 a       293     1    11     2     8
 -1.5829696720049838E-01 a       294     1    11     2     9
  2.1120043721444678E-01 a       295     1    11     2    10
  5.0923137926763784E-01 a       296     1    11     2    11
 -2.1893220102161967E-01 a       297     1    11     2    12
 -3.3265068731441561E-01 a       298     1    11     2    13
  2.4840697962293226E-01 a       299     1    11     2    14
 -2.4617662866280968E-01 a       300     1    11     2    15
 -2.1700698166019872E-02 a       301     1    12     2     1
 -1.7536403203197370E-01 a       302     1    12     2     2
  4.2966586839136389E-01 a       303     1    12     2     3
 -3.5461197864229682E-01 a       304     1    12     2     4
  2.7449955998540387E-01 a       305     1    12     2     5
  5.4479155853463135E-01 a       306     1    12     2     6
 -5.4819197020264436E-02 a       307     1    12     2     7
  2.0087631856566190E-01 a       308     1    12     2     8
  3.7309317094839178E-01 a       309     1    12     2     9
  4.2637214422664327E-01 a       310     1    12     2    10
 -1.0466794807976654E-02 a       311     1    12     2    11
  1.1067640884450936E-01 a       312     1    12     2    12
  4.1985710229840084E-01 a       313     1    12     2    13
 -9.2839138435631130E-02 a       314     1    12     2    14
  2.0766124377923192E-01 a       315     1    12     2    15
  4.9915263462715637E-01 a       316     1    13     2     1
  6.8750805798963074E-02 a       317     1    13     2     2
 -3.3426484856957067E-01 a       318     1    13     2     3
 -3.2700085650535449E-01 a       319     1    13     2     4
  9.3471083919370007E-02 a       320     1    13     2     5
  7.8102617124477983E-02 a       321     1    13     2     6
  5.2570750089386248E-02 a       322     1    13     2     7
  5.1097645133171976E-01 a       323     1    13     2     8
 -2.7287642293550785E-01 a       324     1    13     2     9
  3.2955832490481657E-01 a       325     1    13     2    10
 -4.0074806344969974E-02 a       326     1    13     2    11
  6.7004001883843423E-02 a       327     1    13     2    12
  1.1873843562375061E-01 a       328     1    13     2    13
  9.3068354778291937E-02 a       329     1    13     2    14
  3.3303064758093476E-01 a       330     1    13     2    15
 -3.5969189397299089E-01 a       331     1    14     2     1
 -1.6830435607142941E-02 a       332     1    14     2     2
 -4.6772421518927876E-01 a       333     1    14     2     3
  5.1625002154909228E-01 a       334     1    14     2     4
 -6.3541736826870227E-02 a       335     1    14     2     5
 -4.7015024199632960E-01 a       336     1    14     2     6
  9.2968027137251741E-01 a       337     1    14     2     7
 -5.8668886135906817E-01 a       338     1    14     2     8
  1.8331734370539778E-02 a       339     1    14     2     9
  4.7191130313799773E-01 a       340     1    14     2    10
 -7.1708667301893875E-02 a       341     1    14     2    11
  1.2930302049819042E-01 a       342     1    14     2    12
  3.3975607185357976E-01 a       343     1    14     2    13
  3.9576215338959092E-01 a       344     1    14     2    14
 -5.9559213616195383E-01 a       345     1    14     2    15
 -1.1773926867053214E-01 a       346     1    15     2     1
  4.5099436048478703E-01 a       347     1    15     2     2
 -2.4132285686019569E-01 a       348     1    15     2     3
  3.2024348101604028E-01 a       349     1    15     2     4
  1.7384707290815554E-01 a       350     1    15     2     5
  2.8293103900386089E-02 a       351     1    15     2     6
  1.1150651925560069E-01 a       352     1    15     2     7
 -4.8250461613486206E-01 a       353     1    15     2     8
 -1.3463123707458630E-01 a       354     1    15     2     9
  4.3791670116134440E-01 a       355     1    15     2    10
  4.5469194426509901E-01 a       356     1    15     2    11
  1.6386180952580617E-01 a       357     1    15     2    12
 -8.3379275019186905E-02 a       358     1    15     2    13
  1.0203485537035017E-01 a       359     1    15     2    14
 -1.0732048640305236E-01 a       360     1    15     2    15
  1.6187267706196389E+00 b       361     2     1
 -2.5209305938911055E+00 b       362     2     2
  1.3029249142569688E-01 b       363     2     3
 -1.0153711697106671E+00 b       364     2     4
 -2.3234409826606131E+00 b       365     2     5
  1.0442994957394573E-01 b       366     2     6
 -2.1730898951558681E+00 b       367     2     7
  1.8046499539489980E+00 b       368     2     8
  5.4736975802835175E-01 b       369     2     9
 -7.9973024604953868E-01 b       370     2    10
 -2.6589918360736214E-01 b       371     2    11
  1.8592648162951826E+00 b       372     2    12
  6.9248013915489803E-01 b       373     2    13
 -1.7423637381626580E+00 b       374     2    14
  2.4277323739718852E+00 b       375     2    15
 -1.8742986501638983E+00 a       376     2     1     3     1
  2.1900220566205371E+00 a       377     2     2     3     1
 -1.2331328611626085E+00 a       378     2     3     3     1
  1.7369364204705378E+00 a       379     2     4     3     1
  2.4040201883883014E+00 a       380     2     5     3     1
 -1.2031328385948035E+00 a       381     2     6     3     1
  2.0686548649714607E+00 a       382     2     7     3     1
 -1.8988719024077894E+00 a       383     2     8     3     1
 -1.1367660901645849E+00 a       384     2     9     3     1
  1.5406700016951895E+00 a       385     2    10     3     1
  1.1525432388702268E+00 a       386     2    11     3     1
 -1.8520464831231183E+00 a       387     2    12     3     1
 -1.2012693992284231E+00 a       388     2    13     3     1
  1.9721125830438810E+00 a       389     2    14     3     1
 -2.0353176589339781E+00 a       390     2    15     3     1
 -3.8569903479956409E+00 b       391     3     1
