################################################################################
# Neural network connection values (weights and biases).
################################################################################
# Col  Name       Description
################################################################################
# 1    connection Neural network connection value.
# 2    t          Connection type (a = weight, b = bias).
# 3    index      Index enumerating weights.
# 4    l_s        Starting point layer (end point layer for biases).
# 5    n_s        Starting point neuron in starting layer (end point neuron for biases).
# 6    l_e        End point layer.
# 7    n_e        End point neuron in end layer.
################################################################################
#                      1 2         3     4     5     6     7
#             connection t     index   l_s   n_s   l_e   n_e
############################################################
 -3.8986391789693076E-01 a         1     0     1     1     1
  2.2741038840706390E-01 a         2     0     1     1     2
  7.0062854168802868E-02 a         3     0     1     1     3
  5.3772900800855039E-01 a         4     0     1     1     4
 -3.4142689107100183E-01 a         5     0     1     1     5
 -3.4749766447618674E-01 a         6     0     1     1     6
  1.5902779056923627E-01 a         7     0     1     1     7
 -2.8460287647973809E-01 a         8     0     1     1     8
  1.4497818064783530E-01 a         9     0     1     1     9
  1.6009776271786397E-01 a        10     0     1     1    10
  4.0144209107921724E-01 a        11     0     1     1    11
 -4.3832589757118440E-01 a        12     0     1     1    12
  2.9415810442886442E-01 a        13     0     1     1    13
  1.8680661700593668E-01 a        14     0     1     1    14
 -1.1542073559208069E-01 a        15     0     1     1    15
  2.9409299565343602E-02 a        16     0     2     1     1
  4.4944015156521896E-02 a        17     0     2     1     2
  8.9851910505315338E-02 a        18     0     2     1     3
 -2.4501740377846826E-01 a        19     0     2     1     4
 -4.1000797053052379E-01 a        20     0     2     1     5
  2.7551706920421343E-01 a        21     0     2     1     6
 -1.2586905484048067E-01 a        22     0     2     1     7
 -2.2665334899871406E-01 a        23     0     2     1     8
  3.0892605526175532E-01 a        24     0     2     1     9
 -1.6257223904589541E-01 a        25     0     2     1    10
 -5.0477883264689927E-01 a        26     0     2     1    11
  1.5774824662632614E-01 a        27     0     2     1    12
  2.2284979234566160E-01 a        28     0     2     1    13
  3.7051943722080249E-01 a        29     0     2     1    14
 -3.1254950218942806E-01 a        30     0     2     1    15
 -4.2290968448741369E-02 a        31     0     3     1     1
 -1.4113782969635358E-01 a        32     0     3     1     2
  2.9531597422936617E-01 a        33     0     3     1     3
 -7.3753180940139773E-02 a        34     0     3     1     4
  2.2525295290162062E-01 a        35     0     3     1     5
 -1.4929755683177684E-01 a        36     0     3     1     6
  8.6241501137507948E-02 a        37     0     3     1     7
  1.3447978703086763E-01 a        38     0     3     1     8
  8.5895875328010726E-02 a        39     0     3     1     9
 -4.8230364291439148E-01 a        40     0     3     1    10
 -3.9825880414535003E-01 a        41     0     3     1    11
  2.5174631572336337E-01 a        42     0     3     1    12
 -3.8762306903084287E-01 a        43     0     3     1    13
  1.6869731545050518E-01 a        44     0     3     1    14
 -1.9733216393055733E-01 a        45     0     3     1    15
  1.8585654966593465E-01 a        46     0     4     1     1
  3.6259166863257153E-01 a        47     0     4     1     2
 -3.7467850606065284E-01 a        48     0     4     1     3
 -2.0348778962994635E-01 a        49     0     4     1     4
 -3.5624749507564901E-01 a        50     0     4     1     5
 -2.4162127566516231E-01 a        51     0     4     1     6
 -3.7245681755460038E-02 a        52     0     4     1     7
 -1.7036958777955036E-01 a        53     0     4     1     8
  9.8304138043951717E-02 a        54     0     4     1     9
 -4.1911828259973793E-01 a        55     0     4     1    10
  4.4202219913549945E-01 a        56     0     4     1    11
 -2.2486702424291916E-01 a        57     0     4     1    12
 -1.1214907566857012E-02 a        58     0     4     1    13
  4.7775007656792456E-01 a        59     0     4     1    14
  5.5352021842444588E-01 a        60     0     4     1    15
  4.3497154674566517E-02 a        61     0     5     1     1
 -1.0529902200328835E-01 a        62     0     5     1     2
 -1.6959066989484423E-01 a        63     0     5     1     3
  2.2062919911161288E-01 a        64     0     5     1     4
 -1.3036880774935108E-01 a        65     0     5     1     5
 -7.5578325243178979E-02 a        66     0     5     1     6
  4.8136283799322561E-02 a        67     0     5     1     7
 -2.8960548755838211E-01 a        68     0     5     1     8
  4.5974447967446175E-01 a        69     0     5     1     9
 -2.9312175565420519E-02 a        70     0     5     1    10
  2.7635006259620892E-01 a        71     0     5     1    11
  3.5927210176665997E-01 a        72     0     5     1    12
  2.5769894900724810E-01 a        73     0     5     1    13
  4.3581068190062944E-01 a        74     0     5     1    14
 -3.2266877022486991E-02 a        75     0     5     1    15
  6.9390085382305025E-02 a        76     0     6     1     1
  2.7234761040870575E-01 a        77     0     6     1     2
 -3.0739330009273347E-01 a        78     0     6     1     3
 -9.5912339995490967E-02 a        79     0     6     1     4
 -6.3509887694024506E-02 a        80     0     6     1     5
  2.8482505342861542E-01 a        81     0     6     1     6
  3.5825636969051261E-01 a        82     0     6     1     7
 -5.0525689521132244E-01 a        83     0     6     1     8
 -5.2061852206921067E-01 a        84     0     6     1     9
  1.9653036774054358E-01 a        85     0     6     1    10
  4.3790231506774038E-02 a        86     0     6     1    11
 -2.8712770774470597E-01 a        87     0     6     1    12
  2.7587529468501071E-01 a        88     0     6     1    13
  2.5721439314791444E-01 a        89     0     6     1    14
  4.3140452748052893E-01 a        90     0     6     1    15
 -3.0935117150180831E-02 a        91     0     7     1     1
  1.0340742685454907E-01 a        92     0     7     1     2
  3.2031654068785748E-01 a        93     0     7     1     3
 -2.7583420773051981E-01 a        94     0     7     1     4
  5.8120684046554838E-01 a        95     0     7     1     5
  3.6189117007846155E-01 a        96     0     7     1     6
  3.7825937880931659E-01 a        97     0     7     1     7
 -3.8898321184362189E-01 a        98     0     7     1     8
 -2.9443797582651965E-01 a        99     0     7     1     9
  3.5725157606456032E-01 a       100     0     7     1    10
 -1.3299681796874505E-01 a       101     0     7     1    11
  3.8861254462892492E-01 a       102     0     7     1    12
 -4.3340068984129232E-01 a       103     0     7     1    13
  1.7619050097265188E-01 a       104     0     7     1    14
 -3.7248626848547400E-01 a       105     0     7     1    15
 -5.9999642690173605E-02 a       106     0     8     1     1
  3.9256774759118623E-01 a       107     0     8     1     2
 -1.7302386257262201E-01 a       108     0     8     1     3
 -4.1935276681129501E-02 a       109     0     8     1     4
  2.6499145574621358E-01 a       110     0     8     1     5
 -2.3983423463101355E-01 a       111     0     8     1     6
  3.5081199269619107E-01 a       112     0     8     1     7
  2.1624383374056816E-03 a       113     0     8     1     8
 -1.8113242748792144E-01 a       114     0     8     1     9
  2.2662121975399011E-01 a       115     0     8     1    10
  2.5008050827554729E-01 a       116     0     8     1    11
 -1.3260941269997488E-02 a       117     0     8     1    12
 -3.3935641052702331E-01 a       118     0     8     1    13
  2.2339699631769541E-03 a       119     0     8     1    14
  1.0480415899457203E-01 a       120     0     8     1    15
 -5.7275906078456007E-01 b       121     1     1
 -2.6231439977829074E-01 b       122     1     2
 -1.8927475105681704E-01 b       123     1     3
  6.6738356062577808E-01 b       124     1     4
 -1.9798571736031150E+00 b       125     1     5
  1.3443692955684863E+00 b       126     1     6
  9.8741609519689177E-01 b       127     1     7
  9.6681268861306735E-02 b       128     1     8
 -1.0132643004953932E+00 b       129     1     9
  1.1712165106782344E+00 b       130     1    10
 -2.6542336829366658E-01 b       131     1    11
  1.1274518993809057E+00 b       132     1    12
  7.5110144812990187E-01 b       133     1    13
  1.5397488746631810E-01 b       134     1    14
  1.7084279162660879E-01 b       135     1    15
  2.5036614738478458E-01 a       136     1     1     2     1
  2.9359012913492954E-01 a       137     1     1     2     2
 -2.9745550917761382E-01 a       138     1     1     2     3
  1.5800188902315118E-01 a       139     1     1     2     4
  3.4692028637893174E-01 a       140     1     1     2     5
  4.8719327622690774E-02 a       141     1     1     2     6
  3.7995155854526980E-01 a       142     1     1     2     7
  4.2631014377563542E-01 a       143     1     1     2     8
 -3.9335722776940030E-01 a       144     1     1     2     9
  4.6217743244854703E-01 a       145     1     1     2    10
  2.4224745661183902E-01 a       146     1     1     2    11
 -4.8631596511817782E-02 a       147     1     1     2    12
 -3.6779308819424339E-01 a       148     1     1     2    13
 -2.4122406543704072E-01 a       149     1     1     2    14
 -3.7690110283183109E-01 a       150     1     1     2    15
 -1.5748836982151149E-01 a       151     1     2     2     1
  5.2755005238366508E-02 a       152     1     2     2     2
  2.2846765952443729E-01 a       153     1     2     2     3
  1.9684609319125371E-01 a       154     1     2     2     4
  1.9453472005017894E-01 a       155     1     2     2     5
  4.0007030366711528E-02 a       156     1     2     2     6
  5.6611345677101986E-02 a       157     1     2     2     7
  2.7146347835725060E-01 a       158     1     2     2     8
  2.2471262209610428E-03 a       159     1     2     2     9
 -3.0582630720410942E-01 a       160     1     2     2    10
  3.8118193699713876E-01 a       161     1     2     2    11
 -3.5886479725131321E-01 a       162     1     2     2    12
 -1.3774928982246062E-01 a       163     1     2     2    13
  2.7149605026458634E-01 a       164     1     2     2    14
  3.6955607374914512E-01 a       165     1     2     2    15
  1.0941104387672115E-01 a       166     1     3     2     1
 -1.8918484020553547E-01 a       167     1     3     2     2
 -3.8464285508449553E-01 a       168     1     3     2     3
  3.2232739367592261E-01 a       169     1     3     2     4
  3.8719061965100932E-01 a       170     1     3     2     5
  3.7602138119929018E-01 a       171     1     3     2     6
  4.4825208075174799E-01 a       172     1     3     2     7
 -1.6307423235025309E-03 a       173     1     3     2     8
 -3.3150996179922904E-01 a       174     1     3     2     9
 -4.1369745944099555E-02 a       175     1     3     2    10
 -3.1725047160699688E-01 a       176     1     3     2    11
 -3.1736801614884763E-01 a       177     1     3     2    12
  3.6246919186760551E-01 a       178     1     3     2    13
  3.5516345786702308E-01 a       179     1     3     2    14
 -3.2664002257224728E-01 a       180     1     3     2    15
  3.7728870526318675E-01 a       181     1     4     2     1
 -4.0503063544829521E-01 a       182     1     4     2     2
  4.6390513290456165E-01 a       183     1     4     2     3
 -2.8409440255594429E-02 a       184     1     4     2     4
  1.7814680378707737E-01 a       185     1     4     2     5
  3.5431412244247179E-01 a       186     1     4     2     6
 -3.2308084133981113E-01 a       187     1     4     2     7
 -1.4097551344197018E-01 a       188     1     4     2     8
  1.1336495557962281E-02 a       189     1     4     2     9
  2.9337934395780196E-01 a       190     1     4     2    10
  2.9878257924939650E-01 a       191     1     4     2    11
 -3.9775687704247975E-01 a       192     1     4     2    12
 -1.1366221597216833E-01 a       193     1     4     2    13
  8.9338176023679952E-02 a       194     1     4     2    14
 -1.1110939459870006E-01 a       195     1     4     2    15
 -2.1968291131883443E-02 a       196     1     5     2     1
  3.5419899604062033E-01 a       197     1     5     2     2
 -2.1220251481064978E-01 a       198     1     5     2     3
 -2.5457829101873031E-01 a       199     1     5     2     4
  2.6390364479535916E-01 a       200     1     5     2     5
 -2.2901617612908798E-01 a       201     1     5     2     6
  2.4537125306526816E-01 a       202     1     5     2     7
  5.1379350506752985E-01 a       203     1     5     2     8
 -3.9867791673072567E-01 a       204     1     5     2     9
  2.5700749795026673E-01 a       205     1     5     2    10
 -3.9881016248360751E-01 a       206     1     5     2    11
 -1.1855680629079908E-01 a       207     1     5     2    12
  2.0683468513152140E-01 a       208     1     5     2    13
  1.2634871361887182E-01 a       209     1     5     2    14
 -4.5981358857190535E-01 a       210     1     5     2    15
  3.9350482297025896E-01 a       211     1     6     2     1
  1.4109384989588129E-03 a       212     1     6     2     2
  9.2694353613505073E-02 a       213     1     6     2     3
 -5.8679818909839365E-02 a       214     1     6     2     4
 -3.7274428296530582E-01 a       215     1     6     2     5
  4.8120824530327505E-01 a       216     1     6     2     6
 -3.7209485426471532E-02 a       217     1     6     2     7
 -3.4824728651179143E-01 a       218     1     6     2     8
  4.8776278144532220E-01 a       219     1     6     2     9
  8.2780877731886943E-02 a       220     1     6     2    10
  3.1398683544673311E-01 a       221     1     6     2    11
 -5.6822819644242584E-01 a       222     1     6     2    12
 -2.5106707349877438E-01 a       223     1     6     2    13
  1.5017790318188176E-01 a       224     1     6     2    14
  8.1452802048679648E-02 a       225     1     6     2    15
  3.2477231356620095E-01 a       226     1     7     2     1
 -1.6056056026307655E-01 a       227     1     7     2     2
 -2.2661955506130063E-01 a       228     1     7     2     3
  3.4609563152283834E-01 a       229     1     7     2     4
 -4.5584952976799370E-01 a       230     1     7     2     5
 -2.5045721307069763E-01 a       231     1     7     2     6
  1.6472787331564875E-01 a       232     1     7     2     7
 -3.4148374953493543E-01 a       233     1     7     2     8
  1.3825706157263806E-01 a       234     1     7     2     9
  1.5547593693327236E-01 a       235     1     7     2    10
  3.9737053120640679E-02 a       236     1     7     2    11
  3.5183638825269375E-01 a       237     1     7     2    12
  3.7704312858014732E-01 a       238     1     7     2    13
 -3.9641800829836743E-01 a       239     1     7     2    14
 -2.3794623107444371E-01 a       240     1     7     2    15
  2.4364779563110914E-01 a       241     1     8     2     1
 -5.0509893308131389E-02 a       242     1     8     2     2
  1.9818914943284269E-01 a       243     1     8     2     3
 -3.1233591445169367E-01 a       244     1     8     2     4
 -2.0215784924745420E-01 a       245     1     8     2     5
 -4.5282227898512700E-01 a       246     1     8     2     6
 -1.5209873999322199E-01 a       247     1     8     2     7
  3.9293176948556356E-03 a       248     1     8     2     8
 -5.1115853934076180E-02 a       249     1     8     2     9
 -3.8756303074093695E-01 a       250     1     8     2    10
  3.9444567520056012E-01 a       251     1     8     2    11
  1.6665765082983225E-01 a       252     1     8     2    12
  1.0989550949783743E-01 a       253     1     8     2    13
  2.7256086510797389E-01 a       254     1     8     2    14
  3.9837113628551857E-01 a       255     1     8     2    15
  6.6240610269997655E-02 a       256     1     9     2     1
  1.0440765552995392E-01 a       257     1     9     2     2
 -3.5966059070842754E-01 a       258     1     9     2     3
 -3.6658179797596646E-01 a       259     1     9     2     4
  4.3204087685243175E-01 a       260     1     9     2     5
 -1.4814478314617108E-01 a       261     1     9     2     6
  3.9125084987648245E-01 a       262     1     9     2     7
  4.1392193978524963E-02 a       263     1     9     2     8
  1.4706868110586055E-01 a       264     1     9     2     9
  1.5989752333606885E-01 a       265     1     9     2    10
  1.1481673414639169E-01 a       266     1     9     2    11
  6.6932164577745243E-02 a       267     1     9     2    12
  5.4700554853595496E-01 a       268     1     9     2    13
  3.0718543554167982E-01 a       269     1     9     2    14
 -6.9101368063566784E-03 a       270     1     9     2    15
  3.6714994015819813E-01 a       271     1    10     2     1
  2.2389428642692172E-01 a       272     1    10     2     2
 -2.9477227039653369E-02 a       273     1    10     2     3
  3.3580505411895001E-01 a       274     1    10     2     4
  1.9698343074961186E-01 a       275     1    10     2     5
  3.2464646302927569E-01 a       276     1    10     2     6
 -3.9846766929215277E-01 a       277     1    10     2     7
  1.9925610296063900E-01 a       278     1    10     2     8
  1.9094682674460628E-01 a       279     1    10     2     9
 -3.2571922310459273E-01 a       280     1    10     2    10
 -2.4443246419892133E-02 a       281     1    10     2    11
 -4.5641789531166527E-01 a       282     1    10     2    12
  6.4275157257631374E-02 a       283     1    10     2    13
 -4.6696979268108096E-01 a       284     1    10     2    14
  1.0252260952790461E-01 a       285     1    10     2    15
  2.3402459344221338E-01 a       286     1    11     2     1
 -9.4062906708587760E-02 a       287     1    11     2     2
 -1.4348508206240501E-01 a       288     1    11     2     3
 -2.9801099659755685E-02 a       289     1    11     2     4
  4.3041628396944437E-01 a       290     1    11     2     5
  1.8476972882579473E-01 a       291     1    11     2     6
 -8.2025262225247697E-02 a       292     1    11     2     7
 -3.8729424229857934E-01 a       293     1    11     2     8
 -1.0183503786941825E-01 a       294     1    11     2     9
  1.8318586734340478E-01 a       295     1    11     2    10
 -1.6308014558597089E-01 a       296     1    11     2    11
  4.0466974243260634E-01 a       297     1    11     2    12
  3.7619980640205219E-01 a       298     1    11     2    13
  5.2552261768267793E-02 a       299     1    11     2    14
 -9.0625415753213770E-02 a       300     1    11     2    15
  3.6484957529215239E-01 a       301     1    12     2     1
 -2.6737168045821180E-01 a       302     1    12     2     2
  1.6211728640740425E-01 a       303     1    12     2     3
  2.0050193474621103E-01 a       304     1    12     2     4
 -4.1378581109931811E-01 a       305     1    12     2     5
 -2.1318518969330591E-01 a       306     1    12     2     6
 -2.7414804615539567E-01 a       307     1    12     2     7
 -8.1863311742279045E-03 a       308     1    12     2     8
 -3.4526582748113016E-01 a       309     1    12     2     9
 -1.4989473659223898E-01 a       310     1    12     2    10
  1.8567782609941846E-01 a       311     1    12     2    11
  2.5580578840396728E-01 a       312     1    12     2    12
 -3.8873738999875074E-01 a       313     1    12     2    13
 -1.0664619372584457E-02 a       314     1    12     2    14
  3.8792922145069236E-01 a       315     1    12     2    15
  4.6269437564105692E-01 a       316     1    13     2     1
  9.6786613370917901E-02 a       317     1    13     2     2
  4.0203326672653866E-01 a       318     1    13     2     3
  1.7777218938133457E-01 a       319     1    13     2     4
  2.1733952159730430E-01 a       320     1    13     2     5
  1.4842752961378677E-01 a       321     1    13     2     6
  2.3531420516030957E-01 a       322     1    13     2     7
  3.1731543679183016E-02 a       323     1    13     2     8
  1.8945299030923624E-01 a       324     1    13     2     9
 -3.2331016814274849E-01 a       325     1    13     2    10
  3.0405985660819856E-01 a       326     1    13     2    11
 -5.4900181105619528E-01 a       327     1    13     2    12
  1.7349393533271931E-01 a       328     1    13     2    13
 -3.5307640015352672E-02 a       329     1    13     2    14
  4.7145637411396973E-01 a       330     1    13     2    15
 -1.5939905457923342E-01 a       331     1    14     2     1
 -1.0472997552774747E-01 a       332     1    14     2     2
  1.1613570140057175E-01 a       333     1    14     2     3
 -2.9113936731896078E-01 a       334     1    14     2     4
 -1.7748771709104383E-01 a       335     1    14     2     5
 -8.7619272579147145E-02 a       336     1    14     2     6
 -4.3049896795627714E-02 a       337     1    14     2     7
 -1.3452919360559218E-01 a       338     1    14     2     8
 -1.6623706270064459E-01 a       339     1    14     2     9
 -1.7884172706150542E-01 a       340     1    14     2    10
  2.1094265268300647E-01 a       341     1    14     2    11
 -1.2056935613345515E-01 a       342     1    14     2    12
  1.8705075150873895E-01 a       343     1    14     2    13
  3.6885714491394567E-01 a       344     1    14     2    14
  1.5949308788832592E-01 a       345     1    14     2    15
  1.0896500545964981E-01 a       346     1    15     2     1
 -3.1310456259464708E-01 a       347     1    15     2     2
  3.1385194970647234E-01 a       348     1    15     2     3
  1.8128922360543386E-02 a       349     1    15     2     4
 -3.5986970543897828E-01 a       350     1    15     2     5
 -1.7543624384088358E-01 a       351     1    15     2     6
  1.2349715891150033E-02 a       352     1    15     2     7
  2.8361441623841899E-01 a       353     1    15     2     8
  1.4080464272861218E-01 a       354     1    15     2     9
 -1.0013411984378877E-01 a       355     1    15     2    10
  2.2297897620213608E-01 a       356     1    15     2    11
  2.8161684565309963E-01 a       357     1    15     2    12
 -1.5865504367847666E-01 a       358     1    15     2    13
 -1.4873006491365756E-01 a       359     1    15     2    14
 -2.9521412980606371E-01 a       360     1    15     2    15
  1.2899908980722754E+00 b       361     2     1
 -9.6491654844095598E-01 b       362     2     2
  2.5358362278846525E-01 b       363     2     3
  9.3494505048254384E-01 b       364     2     4
 -8.2528523573376411E-01 b       365     2     5
  1.0954184317996474E+00 b       366     2     6
 -3.9326606065961284E-01 b       367     2     7
 -1.0030137137276622E+00 b       368     2     8
  3.3216070138231890E-01 b       369     2     9
 -7.2314455511477083E-01 b       370     2    10
  6.1675527059775781E-01 b       371     2    11
 -8.1594400897929564E-01 b       372     2    12
 -8.9286888907690387E-01 b       373     2    13
 -1.2103263241448978E+00 b       374     2    14
  9.5740625827558801E-01 b       375     2    15
 -1.6664487375001387E+00 a       376     2     1     3     1
  1.1889890919534862E+00 a       377     2     2     3     1
 -8.2099734108401057E-01 a       378     2     3     3     1
 -1.3147751120033717E+00 a       379     2     4     3     1
  1.2235650130859943E+00 a       380     2     5     3     1
 -1.4380375980258493E+00 a       381     2     6     3     1
  8.6848110310209059E-01 a       382     2     7     3     1
  1.2411579889557509E+00 a       383     2     8     3     1
 -7.6662300782492709E-01 a       384     2     9     3     1
  8.5693864980654566E-01 a       385     2    10     3     1
 -1.0426004032573426E+00 a       386     2    11     3     1
  9.1039103189687354E-01 a       387     2    12     3     1
  1.2999511806285859E+00 a       388     2    13     3     1
  1.5369528145099804E+00 a       389     2    14     3     1
 -1.3439975231050947E+00 a       390     2    15     3     1
 -1.9361980750695331E+00 b       391     3     1
