################################################################################
# Neural network connection values (weights and biases).
################################################################################
# Col  Name       Description
################################################################################
# 1    connection Neural network connection value.
# 2    t          Connection type (a = weight, b = bias).
# 3    index      Index enumerating weights.
# 4    l_s        Starting point layer (end point layer for biases).
# 5    n_s        Starting point neuron in starting layer (end point neuron for biases).
# 6    l_e        End point layer.
# 7    n_e        End point neuron in end layer.
################################################################################
#                      1 2         3     4     5     6     7
#             connection t     index   l_s   n_s   l_e   n_e
############################################################
 -1.7552704442665454E-01 a         1     0     1     1     1
 -1.9484153309231974E-02 a         2     0     1     1     2
 -4.0867910935955415E-01 a         3     0     1     1     3
 -3.6572196547613756E-01 a         4     0     1     1     4
  6.2719581365623667E-02 a         5     0     1     1     5
  7.4646623279897781E-02 a         6     0     1     1     6
 -2.4868627823176936E-01 a         7     0     1     1     7
 -2.5346114027868710E-01 a         8     0     1     1     8
  3.1685571436383775E-01 a         9     0     1     1     9
  2.6788132880452131E-01 a        10     0     1     1    10
  3.2187492233310200E-01 a        11     0     1     1    11
 -2.8701700238321787E-01 a        12     0     1     1    12
  4.3510985062525176E-01 a        13     0     1     1    13
  4.8525360162735148E-02 a        14     0     1     1    14
  6.4557792910154593E-02 a        15     0     1     1    15
 -1.5415633296263323E-01 a        16     0     2     1     1
  2.0367482081652227E-01 a        17     0     2     1     2
  3.9877145419509608E-01 a        18     0     2     1     3
 -3.8220980776113350E-01 a        19     0     2     1     4
 -4.2567639940991453E-01 a        20     0     2     1     5
  8.4276084185343075E-02 a        21     0     2     1     6
 -3.9704260014529036E-01 a        22     0     2     1     7
  5.3973577325800592E-01 a        23     0     2     1     8
 -1.9254901441242528E-01 a        24     0     2     1     9
  9.3759334691200000E-02 a        25     0     2     1    10
  5.2159478368242036E-02 a        26     0     2     1    11
 -8.9099977482727868E-03 a        27     0     2     1    12
 -3.4998284655294831E-01 a        28     0     2     1    13
  2.4178492721453729E-01 a        29     0     2     1    14
 -3.1381620517900344E-01 a        30     0     2     1    15
  2.5618611349362947E-03 a        31     0     3     1     1
 -1.5435389773612995E-01 a        32     0     3     1     2
 -3.9258360853455587E-01 a        33     0     3     1     3
  5.5496340787253073E-01 a        34     0     3     1     4
 -2.0452387037099792E-01 a        35     0     3     1     5
 -1.5685324066095582E-01 a        36     0     3     1     6
  1.2778604324280327E-01 a        37     0     3     1     7
  5.9856119967198862E-02 a        38     0     3     1     8
 -1.4000576626677506E-02 a        39     0     3     1     9
  4.3302596483685996E-01 a        40     0     3     1    10
 -4.1157765788089912E-01 a        41     0     3     1    11
 -3.6982483649226516E-01 a        42     0     3     1    12
  1.4079948517436111E-01 a        43     0     3     1    13
  1.9510650998376522E-01 a        44     0     3     1    14
 -2.4232895626635307E-02 a        45     0     3     1    15
 -2.3740741787399577E-01 a        46     0     4     1     1
 -4.6273952573615301E-01 a        47     0     4     1     2
 -7.4890045066231689E-02 a        48     0     4     1     3
 -1.8498494787759975E-01 a        49     0     4     1     4
 -2.6588622680013613E-01 a        50     0     4     1     5
  3.1211085030063429E-01 a        51     0     4     1     6
 -5.0695188113829082E-01 a        52     0     4     1     7
 -7.5379760012261000E-03 a        53     0     4     1     8
 -4.2950098309991364E-01 a        54     0     4     1     9
 -3.2424096228685799E-02 a        55     0     4     1    10
  2.9083859025007813E-01 a        56     0     4     1    11
 -3.6026797153662421E-01 a        57     0     4     1    12
  6.3157870180270415E-02 a        58     0     4     1    13
 -2.4327989364567817E-01 a        59     0     4     1    14
  3.0658724980632601E-01 a        60     0     4     1    15
  4.4435720939241219E-01 a        61     0     5     1     1
  1.6435733764698957E-01 a        62     0     5     1     2
 -3.3462588294681378E-01 a        63     0     5     1     3
 -3.4046911123068480E-01 a        64     0     5     1     4
  3.6300844193145176E-01 a        65     0     5     1     5
  8.1139248135473921E-02 a        66     0     5     1     6
 -3.7243697896035644E-01 a        67     0     5     1     7
  2.8887880349864098E-01 a        68     0     5     1     8
 -1.5593179175781220E-02 a        69     0     5     1     9
 -4.9492904998802506E-01 a        70     0     5     1    10
 -1.2908912455798585E-01 a        71     0     5     1    11
 -1.2442040360396628E-01 a        72     0     5     1    12
 -3.6726203631464965E-01 a        73     0     5     1    13
  1.8404868832259416E-01 a        74     0     5     1    14
  2.5895253186252093E-01 a        75     0     5     1    15
  4.5591797740525924E-01 a        76     0     6     1     1
 -2.4647794573090456E-01 a        77     0     6     1     2
 -2.8405415014731633E-01 a        78     0     6     1     3
  1.7993589329047180E-01 a        79     0     6     1     4
  4.8351604279592136E-01 a        80     0     6     1     5
 -8.2958521117272963E-02 a        81     0     6     1     6
 -2.1022175778706001E-01 a        82     0     6     1     7
 -3.8423967826275107E-01 a        83     0     6     1     8
 -3.7979978668138548E-01 a        84     0     6     1     9
  1.6672907684442809E-01 a        85     0     6     1    10
 -3.3402274513313496E-01 a        86     0     6     1    11
  6.1925190391144014E-01 a        87     0     6     1    12
  4.2881669257957306E-01 a        88     0     6     1    13
  2.5988755026706856E-01 a        89     0     6     1    14
 -2.4285836039096803E-01 a        90     0     6     1    15
  6.6206552954664794E-02 a        91     0     7     1     1
  3.9185430528309184E-01 a        92     0     7     1     2
 -5.0118166415832319E-02 a        93     0     7     1     3
  1.0597173378808349E-01 a        94     0     7     1     4
 -8.1904381938361012E-02 a        95     0     7     1     5
  2.6188735340915620E-01 a        96     0     7     1     6
 -1.5770412279976226E-01 a        97     0     7     1     7
 -1.6030900004642629E-01 a        98     0     7     1     8
  4.4016565224176823E-01 a        99     0     7     1     9
 -1.3284569564510215E-01 a       100     0     7     1    10
 -1.1864053478422616E-01 a       101     0     7     1    11
 -1.4514662634366940E-01 a       102     0     7     1    12
  1.9831095316952932E-01 a       103     0     7     1    13
  3.9474468586731384E-02 a       104     0     7     1    14
 -6.5425655966016738E-02 a       105     0     7     1    15
 -1.3527205049816438E-02 a       106     0     8     1     1
 -1.6244444536388675E-01 a       107     0     8     1     2
 -2.6720987958755205E-02 a       108     0     8     1     3
 -9.1068951973114792E-02 a       109     0     8     1     4
 -1.0756389889580352E-01 a       110     0     8     1     5
 -7.9024338836850450E-02 a       111     0     8     1     6
  2.5401739315825650E-01 a       112     0     8     1     7
  6.6419324017913201E-02 a       113     0     8     1     8
 -1.2188142275193518E-01 a       114     0     8     1     9
  2.7214116742709366E-01 a       115     0     8     1    10
  1.6367155604956521E-01 a       116     0     8     1    11
 -6.9539742658111553E-02 a       117     0     8     1    12
  2.1080133670642785E-02 a       118     0     8     1    13
 -2.9951077757009681E-01 a       119     0     8     1    14
 -1.1725369711636709E-02 a       120     0     8     1    15
  6.8111696755440432E-01 b       121     1     1
 -6.7278667297747941E-01 b       122     1     2
  1.4541606022806658E-01 b       123     1     3
  1.4427767023494942E+00 b       124     1     4
  7.0929035339115121E-01 b       125     1     5
  2.2670906948913787E+00 b       126     1     6
 -2.0052037420288474E-01 b       127     1     7
 -4.9034645155379691E-01 b       128     1     8
  1.7600186525652881E+00 b       129     1     9
 -9.7923284278480655E-02 b       130     1    10
 -1.6497236635273882E+00 b       131     1    11
  2.2669546184236196E+00 b       132     1    12
  4.3066514980885490E-01 b       133     1    13
 -1.8068889096720309E+00 b       134     1    14
 -1.3330051885985617E+00 b       135     1    15
  3.4893879361338537E-01 a       136     1     1     2     1
 -3.9806825375567423E-01 a       137     1     1     2     2
 -1.6910195513088080E-01 a       138     1     1     2     3
 -1.6551476980897156E-01 a       139     1     1     2     4
 -5.8133280754776540E-01 a       140     1     1     2     5
 -1.2061371659107792E-02 a       141     1     1     2     6
 -2.2992185732855427E-02 a       142     1     1     2     7
 -2.9780413304906500E-01 a       143     1     1     2     8
 -1.9891678860962150E-01 a       144     1     1     2     9
 -4.2394812897101075E-01 a       145     1     1     2    10
  1.6868918004022590E-01 a       146     1     1     2    11
  2.8285106415617478E-01 a       147     1     1     2    12
  1.3653399297277774E-01 a       148     1     1     2    13
  2.0401460838279201E-01 a       149     1     1     2    14
  1.0917456251711468E-02 a       150     1     1     2    15
 -7.3556921876671857E-02 a       151     1     2     2     1
 -3.2949575362877420E-01 a       152     1     2     2     2
 -6.4960069227138961E-01 a       153     1     2     2     3
  2.6399188218783426E-01 a       154     1     2     2     4
  5.2138308902875463E-01 a       155     1     2     2     5
 -7.1180601559990689E-02 a       156     1     2     2     6
  1.6380770444709026E-02 a       157     1     2     2     7
 -5.3380496859623450E-01 a       158     1     2     2     8
  3.0658062709367667E-01 a       159     1     2     2     9
 -1.2634299207001448E-01 a       160     1     2     2    10
  4.1632997896869778E-01 a       161     1     2     2    11
 -3.6891347647058292E-01 a       162     1     2     2    12
 -3.9386157067036592E-01 a       163     1     2     2    13
  3.8215949777424518E-01 a       164     1     2     2    14
  2.9264902996347630E-01 a       165     1     2     2    15
  3.6857992157180175E-01 a       166     1     3     2     1
  8.0925636490515162E-03 a       167     1     3     2     2
  6.7758720062020897E-02 a       168     1     3     2     3
 -1.4805732011861267E-01 a       169     1     3     2     4
 -2.4961293168457083E-01 a       170     1     3     2     5
 -1.6435200884372272E-01 a       171     1     3     2     6
  1.4817999820897942E-01 a       172     1     3     2     7
 -1.5651926410252212E-01 a       173     1     3     2     8
 -3.9018018301892066E-01 a       174     1     3     2     9
  8.2089123923849941E-02 a       175     1     3     2    10
  2.7077841220235149E-01 a       176     1     3     2    11
 -1.2625969843205697E-02 a       177     1     3     2    12
  8.7620385848875521E-02 a       178     1     3     2    13
  6.6662397811651813E-02 a       179     1     3     2    14
 -1.2381444148822462E-01 a       180     1     3     2    15
  3.2635458167071946E-01 a       181     1     4     2     1
  2.8903505832523962E-01 a       182     1     4     2     2
 -5.3127921079487942E-03 a       183     1     4     2     3
  5.2218866730343788E-02 a       184     1     4     2     4
 -2.9445720024785865E-01 a       185     1     4     2     5
  3.3996388132872918E-01 a       186     1     4     2     6
  1.4646110745767171E-01 a       187     1     4     2     7
  1.3521587874373719E-01 a       188     1     4     2     8
  2.7383356649985113E-01 a       189     1     4     2     9
  1.8932579204587988E-01 a       190     1     4     2    10
 -4.4912924540024313E-01 a       191     1     4     2    11
  3.1442627402427820E-01 a       192     1     4     2    12
 -2.5475049695038922E-02 a       193     1     4     2    13
  3.3063235655521045E-01 a       194     1     4     2    14
  1.6519304485084779E-01 a       195     1     4     2    15
 -3.6748252277142145E-02 a       196     1     5     2     1
 -3.9570500005722459E-01 a       197     1     5     2     2
 -1.7971727914342955E-01 a       198     1     5     2     3
 -2.1179899089142334E-01 a       199     1     5     2     4
 -7.8833575691079794E-01 a       200     1     5     2     5
  5.4659962414826258E-01 a       201     1     5     2     6
 -7.7703982025316565E-01 a       202     1     5     2     7
 -2.4206878305077151E-01 a       203     1     5     2     8
  3.5286638020398847E-01 a       204     1     5     2     9
 -2.0368111498230979E-02 a       205     1     5     2    10
 -2.5929256517690591E-01 a       206     1     5     2    11
  2.2245229983423032E-01 a       207     1     5     2    12
 -4.7030301632626759E-01 a       208     1     5     2    13
 -5.8061316797799734E-01 a       209     1     5     2    14
  6.4372696293077514E-02 a       210     1     5     2    15
  7.9203699350955475E-02 a       211     1     6     2     1
 -1.7849730389664809E-01 a       212     1     6     2     2
  2.0773769866578856E-01 a       213     1     6     2     3
 -2.9282326410244175E-01 a       214     1     6     2     4
 -8.7124834767166679E-03 a       215     1     6     2     5
 -2.2738652057757675E-01 a       216     1     6     2     6
  1.7895811687911028E-01 a       217     1     6     2     7
 -2.3018394240393247E-01 a       218     1     6     2     8
  2.9315323272735905E-01 a       219     1     6     2     9
 -3.3930820237343384E-01 a       220     1     6     2    10
  3.0404792051530388E-01 a       221     1     6     2    11
  2.7224560826019303E-02 a       222     1     6     2    12
  3.1570431057735793E-01 a       223     1     6     2    13
  5.4022926343360637E-02 a       224     1     6     2    14
  2.7298287651816688E-01 a       225     1     6     2    15
  1.2054046740813566E-01 a       226     1     7     2     1
  3.0414280524318216E-01 a       227     1     7     2     2
 -2.5349154012348118E-01 a       228     1     7     2     3
 -2.2738912991361346E-01 a       229     1     7     2     4
  6.0784776388795262E-03 a       230     1     7     2     5
  1.5148046094088050E-01 a       231     1     7     2     6
 -2.2218386589177308E-01 a       232     1     7     2     7
  3.5591310665806231E-01 a       233     1     7     2     8
  1.6983137472289234E-01 a       234     1     7     2     9
  1.8388699998522634E-01 a       235     1     7     2    10
 -1.6638203597477005E-01 a       236     1     7     2    11
 -1.2350103950575267E-01 a       237     1     7     2    12
  7.2825018901687188E-02 a       238     1     7     2    13
  7.8498047079779854E-03 a       239     1     7     2    14
 -1.6355046296495307E-01 a       240     1     7     2    15
 -1.4114880018509662E-01 a       241     1     8     2     1
  5.0152495467092983E-01 a       242     1     8     2     2
  2.6536890802107277E-01 a       243     1     8     2     3
 -2.8892292580205470E-01 a       244     1     8     2     4
 -1.3783165187817878E-01 a       245     1     8     2     5
 -3.0718729844996534E-01 a       246     1     8     2     6
  3.8718580446171391E-01 a       247     1     8     2     7
  2.3489015401145932E-01 a       248     1     8     2     8
  3.2063302736208765E-01 a       249     1     8     2     9
 -4.6014834278771385E-02 a       250     1     8     2    10
 -1.7075261478217202E-01 a       251     1     8     2    11
 -4.9616714000998691E-01 a       252     1     8     2    12
 -4.1133479132894940E-01 a       253     1     8     2    13
  7.7984514650975750E-02 a       254     1     8     2    14
  1.2280132623452497E-01 a       255     1     8     2    15
  1.7346459931414956E-01 a       256     1     9     2     1
 -1.6112700023509424E-01 a       257     1     9     2     2
  6.6245757348585774E-02 a       258     1     9     2     3
 -2.2448724769253520E-01 a       259     1     9     2     4
  4.6033871616856198E-01 a       260     1     9     2     5
 -6.5881414703136354E-02 a       261     1     9     2     6
 -5.2395867582044608E-01 a       262     1     9     2     7
 -2.3868380499924918E-01 a       263     1     9     2     8
  3.8932044232752960E-01 a       264     1     9     2     9
 -4.2642343458422211E-01 a       265     1     9     2    10
 -1.0689795109329074E-01 a       266     1     9     2    11
 -1.3649593179749570E-01 a       267     1     9     2    12
 -7.2634022781811178E-02 a       268     1     9     2    13
 -1.3211671683205639E-01 a       269     1     9     2    14
  1.5940439811086157E-01 a       270     1     9     2    15
 -3.1108282326448671E-02 a       271     1    10     2     1
 -2.7209769365967279E-01 a       272     1    10     2     2
 -1.4903601211425371E-01 a       273     1    10     2     3
 -1.7020411340439592E-01 a       274     1    10     2     4
 -5.0509906693196582E-01 a       275     1    10     2     5
 -1.8155735539989543E-01 a       276     1    10     2     6
 -1.5514567516321309E-01 a       277     1    10     2     7
 -2.7431455278956551E-01 a       278     1    10     2     8
  3.9700822619614268E-01 a       279     1    10     2     9
  3.1140490615904887E-01 a       280     1    10     2    10
  3.2567336275520609E-01 a       281     1    10     2    11
 -1.0761934663035252E-01 a       282     1    10     2    12
 -3.4612523164929071E-01 a       283     1    10     2    13
  1.4044877214975306E-02 a       284     1    10     2    14
  3.5809535920794777E-01 a       285     1    10     2    15
  2.8018808923209210E-01 a       286     1    11     2     1
  1.1007874734695575E-01 a       287     1    11     2     2
 -1.8890159288531347E-01 a       288     1    11     2     3
 -3.8051262879526498E-01 a       289     1    11     2     4
 -2.3527733141028506E-01 a       290     1    11     2     5
 -3.4326506624043451E-01 a       291     1    11     2     6
  7.3232802370928760E-02 a       292     1    11     2     7
  8.2376877294433729E-02 a       293     1    11     2     8
 -1.4850637723631849E-01 a       294     1    11     2     9
  2.0675370039243207E-01 a       295     1    11     2    10
  5.1455459926528879E-01 a       296     1    11     2    11
 -2.0663396330711148E-01 a       297     1    11     2    12
 -3.4760773966814884E-01 a       298     1    11     2    13
  2.3187936462389538E-01 a       299     1    11     2    14
 -2.3172125338407631E-01 a       300     1    11     2    15
 -2.9486651584426274E-02 a       301     1    12     2     1
 -1.7398987549456024E-01 a       302     1    12     2     2
  4.8160945288188062E-01 a       303     1    12     2     3
 -3.3687124655020856E-01 a       304     1    12     2     4
  3.0353094068738706E-01 a       305     1    12     2     5
  5.3091336613500739E-01 a       306     1    12     2     6
 -3.7764752927573517E-02 a       307     1    12     2     7
  2.0082151292127487E-01 a       308     1    12     2     8
  3.8456901974766888E-01 a       309     1    12     2     9
  4.2002149752176771E-01 a       310     1    12     2    10
 -5.6472275421382868E-02 a       311     1    12     2    11
  9.9018482579667125E-02 a       312     1    12     2    12
  4.6089490034853065E-01 a       313     1    12     2    13
 -8.7396689950171580E-02 a       314     1    12     2    14
  1.9178051764188409E-01 a       315     1    12     2    15
  4.8045710234439848E-01 a       316     1    13     2     1
  6.4153204012462509E-02 a       317     1    13     2     2
 -3.6689972767579637E-01 a       318     1    13     2     3
 -3.7255823511308434E-01 a       319     1    13     2     4
  3.8284006966531815E-02 a       320     1    13     2     5
  1.4592138609898941E-01 a       321     1    13     2     6
  5.4234653232088183E-02 a       322     1    13     2     7
  4.9683552062065633E-01 a       323     1    13     2     8
 -2.3758819308585233E-01 a       324     1    13     2     9
  2.6405724582751505E-01 a       325     1    13     2    10
  1.5428895985566445E-03 a       326     1    13     2    11
  3.1131033231344536E-02 a       327     1    13     2    12
  1.2566862069802512E-01 a       328     1    13     2    13
  6.3833800513406161E-02 a       329     1    13     2    14
  3.2332020601901990E-01 a       330     1    13     2    15
 -3.7729419411187709E-01 a       331     1    14     2     1
 -1.4352474852070319E-02 a       332     1    14     2     2
 -4.0528748554698862E-01 a       333     1    14     2     3
  5.2124073836695950E-01 a       334     1    14     2     4
 -3.0351692539943024E-02 a       335     1    14     2     5
 -5.9902662127876194E-01 a       336     1    14     2     6
  9.2607360836521535E-01 a       337     1    14     2     7
 -6.2080241864376329E-01 a       338     1    14     2     8
 -3.4423456924172292E-02 a       339     1    14     2     9
  4.5249907275924089E-01 a       340     1    14     2    10
 -2.6835931267007048E-03 a       341     1    14     2    11
  1.3842705089320298E-01 a       342     1    14     2    12
  3.1398248221534192E-01 a       343     1    14     2    13
  4.3334242022860120E-01 a       344     1    14     2    14
 -5.8166868958426410E-01 a       345     1    14     2    15
 -1.0011825460656891E-01 a       346     1    15     2     1
  4.5414536483192836E-01 a       347     1    15     2     2
 -2.3447523833422640E-01 a       348     1    15     2     3
  3.0822200948514095E-01 a       349     1    15     2     4
  1.7992461565182249E-01 a       350     1    15     2     5
  5.1537436805413894E-02 a       351     1    15     2     6
  9.9341924027552458E-02 a       352     1    15     2     7
 -4.6780683508254001E-01 a       353     1    15     2     8
 -1.4430393439700484E-01 a       354     1    15     2     9
  4.3882507621056194E-01 a       355     1    15     2    10
  4.4893328138234195E-01 a       356     1    15     2    11
  1.6989042259086642E-01 a       357     1    15     2    12
 -5.1371900665174497E-02 a       358     1    15     2    13
  1.0532217403621101E-01 a       359     1    15     2    14
 -9.7105853837572087E-02 a       360     1    15     2    15
  1.6210371369689993E+00 b       361     2     1
 -2.5452280956783033E+00 b       362     2     2
  1.4812750202809752E-01 b       363     2     3
 -9.9805678552929056E-01 b       364     2     4
 -2.3063182327543359E+00 b       365     2     5
  6.7200478879070824E-02 b       366     2     6
 -2.1720829656671743E+00 b       367     2     7
  1.8053527521630846E+00 b       368     2     8
  5.4256721402470587E-01 b       369     2     9
 -7.9845553441762207E-01 b       370     2    10
 -2.6577038164124123E-01 b       371     2    11
  1.8639076679017530E+00 b       372     2    12
  7.0585148667025177E-01 b       373     2    13
 -1.7417018405465774E+00 b       374     2    14
  2.4360862465164406E+00 b       375     2    15
 -1.8832929022941092E+00 a       376     2     1     3     1
  2.1944288291816010E+00 a       377     2     2     3     1
 -1.1928870208230689E+00 a       378     2     3     3     1
  1.7512179042035652E+00 a       379     2     4     3     1
  2.4203223206594848E+00 a       380     2     5     3     1
 -1.2111514251827031E+00 a       381     2     6     3     1
  2.0747293070732828E+00 a       382     2     7     3     1
 -1.9073546467020668E+00 a       383     2     8     3     1
 -1.1467201074273043E+00 a       384     2     9     3     1
  1.5509566608497150E+00 a       385     2    10     3     1
  1.1253622716432163E+00 a       386     2    11     3     1
 -1.8596573486324131E+00 a       387     2    12     3     1
 -1.1801549250031214E+00 a       388     2    13     3     1
  1.9819331663384001E+00 a       389     2    14     3     1
 -2.0422439298978250E+00 a       390     2    15     3     1
 -3.8865191821521128E+00 b       391     3     1
