################################################################################
# Neural network connection values (weights and biases).
################################################################################
# Col  Name       Description
################################################################################
# 1    connection Neural network connection value.
# 2    t          Connection type (a = weight, b = bias).
# 3    index      Index enumerating weights.
# 4    l_s        Starting point layer (end point layer for biases).
# 5    n_s        Starting point neuron in starting layer (end point neuron for biases).
# 6    l_e        End point layer.
# 7    n_e        End point neuron in end layer.
################################################################################
#                      1 2         3     4     5     6     7
#             connection t     index   l_s   n_s   l_e   n_e
############################################################
 -1.7544290274754787E-01 a         1     0     1     1     1
 -1.9198272503646929E-02 a         2     0     1     1     2
 -4.1601867344505972E-01 a         3     0     1     1     3
 -3.6542270845607977E-01 a         4     0     1     1     4
  5.6040005677209993E-02 a         5     0     1     1     5
  7.7443156290641357E-02 a         6     0     1     1     6
 -2.4823414421416637E-01 a         7     0     1     1     7
 -2.4436752414482557E-01 a         8     0     1     1     8
  3.2113540929755113E-01 a         9     0     1     1     9
  2.6372175973090761E-01 a        10     0     1     1    10
  3.1780912650624610E-01 a        11     0     1     1    11
 -2.9110105772496159E-01 a        12     0     1     1    12
  4.3397832863842556E-01 a        13     0     1     1    13
  4.7176731729068971E-02 a        14     0     1     1    14
  5.8951071606127337E-02 a        15     0     1     1    15
 -1.5425617197457894E-01 a        16     0     2     1     1
  2.0453069447356456E-01 a        17     0     2     1     2
  3.9178266867981476E-01 a        18     0     2     1     3
 -3.8210543557981735E-01 a        19     0     2     1     4
 -4.3325897554735249E-01 a        20     0     2     1     5
  8.7099001929476672E-02 a        21     0     2     1     6
 -3.9685762782815892E-01 a        22     0     2     1     7
  5.4898878463964040E-01 a        23     0     2     1     8
 -1.8829265498563408E-01 a        24     0     2     1     9
  9.0141169426019130E-02 a        25     0     2     1    10
  4.8214450253651196E-02 a        26     0     2     1    11
 -1.3116043339006808E-02 a        27     0     2     1    12
 -3.5121671798412729E-01 a        28     0     2     1    13
  2.4047187799350769E-01 a        29     0     2     1    14
 -3.1917284520644590E-01 a        30     0     2     1    15
  1.7508203173640293E-03 a        31     0     3     1     1
 -1.5213628945689817E-01 a        32     0     3     1     2
 -3.9875650544965785E-01 a        33     0     3     1     3
  5.5447028113553021E-01 a        34     0     3     1     4
 -2.1541571376524196E-01 a        35     0     3     1     5
 -1.5381699708732238E-01 a        36     0     3     1     6
  1.2736019146049279E-01 a        37     0     3     1     7
  7.0190361885908131E-02 a        38     0     3     1     8
 -9.7147430087759709E-03 a        39     0     3     1     9
  4.3081604109485627E-01 a        40     0     3     1    10
 -4.1534827448822237E-01 a        41     0     3     1    11
 -3.7452726503903161E-01 a        42     0     3     1    12
  1.3892418117667002E-01 a        43     0     3     1    13
  1.9386115484697350E-01 a        44     0     3     1    14
 -2.9066480574528080E-02 a        45     0     3     1    15
 -2.3943698304328076E-01 a        46     0     4     1     1
 -4.5864744691079284E-01 a        47     0     4     1     2
 -8.0062239890744208E-02 a        48     0     4     1     3
 -1.8634212389952978E-01 a        49     0     4     1     4
 -2.8234403978754391E-01 a        50     0     4     1     5
  3.1560878667411946E-01 a        51     0     4     1     6
 -5.0808110569775911E-01 a        52     0     4     1     7
  5.0310106333156723E-03 a        53     0     4     1     8
 -4.2505134323147720E-01 a        54     0     4     1     9
 -3.2711718479514811E-02 a        55     0     4     1    10
  2.8711480283310598E-01 a        56     0     4     1    11
 -3.6582970053440034E-01 a        57     0     4     1    12
  6.0062519947715963E-02 a        58     0     4     1    13
 -2.4454686514302959E-01 a        59     0     4     1    14
  3.0228067397690295E-01 a        60     0     4     1    15
  4.5072454701604875E-01 a        61     0     5     1     1
  1.6600717248669716E-01 a        62     0     5     1     2
 -3.3943259121294195E-01 a        63     0     5     1     3
 -3.3799208193224994E-01 a        64     0     5     1     4
  3.8307325587315744E-01 a        65     0     5     1     5
  7.9740833654872612E-02 a        66     0     5     1     6
 -3.7485183758410523E-01 a        67     0     5     1     7
  2.7937784490091427E-01 a        68     0     5     1     8
 -1.3970025051410253E-02 a        69     0     5     1     9
 -4.9915152510318456E-01 a        70     0     5     1    10
 -1.2900537967020190E-01 a        71     0     5     1    11
 -1.2359192498938751E-01 a        72     0     5     1    12
 -3.5892258722518910E-01 a        73     0     5     1    13
  1.8383594432460404E-01 a        74     0     5     1    14
  2.5715990802475297E-01 a        75     0     5     1    15
  4.6218983668857100E-01 a        76     0     6     1     1
 -2.4422078177735426E-01 a        77     0     6     1     2
 -2.8279337987210790E-01 a        78     0     6     1     3
  1.7882527788674976E-01 a        79     0     6     1     4
  5.0422323428573812E-01 a        80     0     6     1     5
 -8.6811947685795809E-02 a        81     0     6     1     6
 -2.2010406339425753E-01 a        82     0     6     1     7
 -4.0162527725062919E-01 a        83     0     6     1     8
 -3.8074279408254802E-01 a        84     0     6     1     9
  1.7007393969353551E-01 a        85     0     6     1    10
 -3.2862412182593287E-01 a        86     0     6     1    11
  6.2036900175206089E-01 a        87     0     6     1    12
  4.3664266322016371E-01 a        88     0     6     1    13
  2.6363383132677204E-01 a        89     0     6     1    14
 -2.3746809304971220E-01 a        90     0     6     1    15
  6.5105086522228864E-02 a        91     0     7     1     1
  3.8034196611756460E-01 a        92     0     7     1     2
 -4.1681789613529190E-02 a        93     0     7     1     3
  9.4908258185269448E-02 a        94     0     7     1     4
 -8.3567772064510673E-02 a        95     0     7     1     5
  2.5589158935795675E-01 a        96     0     7     1     6
 -1.8221708173617709E-01 a        97     0     7     1     7
 -1.7517605637620376E-01 a        98     0     7     1     8
  4.3648447874421153E-01 a        99     0     7     1     9
 -1.1598848962814251E-01 a       100     0     7     1    10
 -1.0580324430813112E-01 a       101     0     7     1    11
 -1.4806461946044608E-01 a       102     0     7     1    12
  1.9033911844849316E-01 a       103     0     7     1    13
  5.0450060852053377E-02 a       104     0     7     1    14
 -4.9344424189349888E-02 a       105     0     7     1    15
 -1.5827309067305673E-02 a       106     0     8     1     1
 -1.6494242589168845E-01 a       107     0     8     1     2
 -3.9979890727078221E-02 a       108     0     8     1     3
 -8.6220710667128206E-02 a       109     0     8     1     4
 -1.0599445984621630E-01 a       110     0     8     1     5
 -8.4185607181752720E-02 a       111     0     8     1     6
  2.6386490195189566E-01 a       112     0     8     1     7
  7.6617509818816945E-02 a       113     0     8     1     8
 -1.1110434876154454E-01 a       114     0     8     1     9
  2.7450316469534508E-01 a       115     0     8     1    10
  1.6190843735137408E-01 a       116     0     8     1    11
 -7.2392573381309805E-02 a       117     0     8     1    12
  2.5757774951987340E-02 a       118     0     8     1    13
 -3.1667927493679271E-01 a       119     0     8     1    14
 -2.2673855752968885E-02 a       120     0     8     1    15
  6.7666146939146166E-01 b       121     1     1
 -6.8126973163852256E-01 b       122     1     2
  1.5436589730453656E-01 b       123     1     3
  1.4503078480704983E+00 b       124     1     4
  7.0237755125697510E-01 b       125     1     5
  2.2650456972303847E+00 b       126     1     6
 -1.9758352956577641E-01 b       127     1     7
 -4.9144986294414794E-01 b       128     1     8
  1.7512519660228583E+00 b       129     1     9
 -1.0832634619293001E-01 b       130     1    10
 -1.6493477494941571E+00 b       131     1    11
  2.2730392898282186E+00 b       132     1    12
  4.3207518899703384E-01 b       133     1    13
 -1.8088238080386179E+00 b       134     1    14
 -1.3320920701689278E+00 b       135     1    15
  3.4473772667467178E-01 a       136     1     1     2     1
 -3.9655694228976029E-01 a       137     1     1     2     2
 -1.7210974437183862E-01 a       138     1     1     2     3
 -1.6923429702995171E-01 a       139     1     1     2     4
 -5.8758054967109341E-01 a       140     1     1     2     5
 -1.5423200862641072E-03 a       141     1     1     2     6
 -2.4981602828317167E-02 a       142     1     1     2     7
 -2.9846861655433876E-01 a       143     1     1     2     8
 -1.8416653602285799E-01 a       144     1     1     2     9
 -4.1445355209334184E-01 a       145     1     1     2    10
  1.7273756379194827E-01 a       146     1     1     2    11
  2.8505003722386540E-01 a       147     1     1     2    12
  1.2081282076946651E-01 a       148     1     1     2    13
  2.0329647587945773E-01 a       149     1     1     2    14
  9.2199560209004598E-03 a       150     1     1     2    15
 -7.2555798519730264E-02 a       151     1     2     2     1
 -3.3068139157266047E-01 a       152     1     2     2     2
 -6.4281924849373184E-01 a       153     1     2     2     3
  2.5847913554457858E-01 a       154     1     2     2     4
  5.0758957359540890E-01 a       155     1     2     2     5
 -7.1571525903557184E-02 a       156     1     2     2     6
  1.7256045480447926E-02 a       157     1     2     2     7
 -5.4525883524740293E-01 a       158     1     2     2     8
  3.0104026771124087E-01 a       159     1     2     2     9
 -1.2348152341529647E-01 a       160     1     2     2    10
  4.4067996964840250E-01 a       161     1     2     2    11
 -3.6799439664566475E-01 a       162     1     2     2    12
 -4.1856384493852572E-01 a       163     1     2     2    13
  3.8181389639532992E-01 a       164     1     2     2    14
  2.9412185171352878E-01 a       165     1     2     2    15
  3.6896508904543490E-01 a       166     1     3     2     1
  8.5498265578472649E-03 a       167     1     3     2     2
  6.2535275370610752E-02 a       168     1     3     2     3
 -1.5870812708529158E-01 a       169     1     3     2     4
 -2.4078733149566448E-01 a       170     1     3     2     5
 -1.6886523318786836E-01 a       171     1     3     2     6
  1.4937606278334362E-01 a       172     1     3     2     7
 -1.3957899655264774E-01 a       173     1     3     2     8
 -3.9326806375646794E-01 a       174     1     3     2     9
  8.5186537088484504E-02 a       175     1     3     2    10
  2.6150279502155555E-01 a       176     1     3     2    11
 -1.5584863047843392E-02 a       177     1     3     2    12
  7.8413076581649338E-02 a       178     1     3     2    13
  6.7786907420283649E-02 a       179     1     3     2    14
 -1.2597720946376298E-01 a       180     1     3     2    15
  3.3058594764046334E-01 a       181     1     4     2     1
  2.8865778852461432E-01 a       182     1     4     2     2
  1.7020498789305249E-03 a       183     1     4     2     3
  4.5074003543185061E-02 a       184     1     4     2     4
 -3.0308998067013398E-01 a       185     1     4     2     5
  3.4581108273645245E-01 a       186     1     4     2     6
  1.4347445795035835E-01 a       187     1     4     2     7
  1.3722071513402917E-01 a       188     1     4     2     8
  2.8451792556467143E-01 a       189     1     4     2     9
  1.8484013177612660E-01 a       190     1     4     2    10
 -4.4120367498786767E-01 a       191     1     4     2    11
  3.1723932866122029E-01 a       192     1     4     2    12
 -3.4363573137807989E-02 a       193     1     4     2    13
  3.2869106752834665E-01 a       194     1     4     2    14
  1.6529953609439793E-01 a       195     1     4     2    15
 -4.8409084165913448E-02 a       196     1     5     2     1
 -3.9380062476696304E-01 a       197     1     5     2     2
 -1.8371418190067021E-01 a       198     1     5     2     3
 -2.0116487352118573E-01 a       199     1     5     2     4
 -7.8995076617167315E-01 a       200     1     5     2     5
  5.3469112421759846E-01 a       201     1     5     2     6
 -7.7653790203893580E-01 a       202     1     5     2     7
 -2.4699693790590166E-01 a       203     1     5     2     8
  3.4498160785202447E-01 a       204     1     5     2     9
 -1.9945711359009171E-02 a       205     1     5     2    10
 -2.7774663971916413E-01 a       206     1     5     2    11
  2.2037826514381106E-01 a       207     1     5     2    12
 -4.5552522752235119E-01 a       208     1     5     2    13
 -5.7778277510390874E-01 a       209     1     5     2    14
  6.2835580472599309E-02 a       210     1     5     2    15
  8.0672377530833714E-02 a       211     1     6     2     1
 -1.7762573641036519E-01 a       212     1     6     2     2
  2.0073703036826637E-01 a       213     1     6     2     3
 -2.9520142541122585E-01 a       214     1     6     2     4
 -1.1024025224450649E-02 a       215     1     6     2     5
 -2.2295889626307136E-01 a       216     1     6     2     6
  1.7595666761646025E-01 a       217     1     6     2     7
 -2.2707118376891589E-01 a       218     1     6     2     8
  2.9469443890848435E-01 a       219     1     6     2     9
 -3.3928282388846293E-01 a       220     1     6     2    10
  3.0649444892564631E-01 a       221     1     6     2    11
  2.6434634161415733E-02 a       222     1     6     2    12
  3.1758123469359495E-01 a       223     1     6     2    13
  5.2095033048290509E-02 a       224     1     6     2    14
  2.7219633894738093E-01 a       225     1     6     2    15
  1.1315049251399960E-01 a       226     1     7     2     1
  2.9946502681556547E-01 a       227     1     7     2     2
 -2.4422484738404251E-01 a       228     1     7     2     3
 -2.2822938981545909E-01 a       229     1     7     2     4
  6.4230243661385043E-03 a       230     1     7     2     5
  1.5023509137377608E-01 a       231     1     7     2     6
 -2.1846983799662081E-01 a       232     1     7     2     7
  3.5232780129011837E-01 a       233     1     7     2     8
  1.7004425851802346E-01 a       234     1     7     2     9
  1.8724757461196187E-01 a       235     1     7     2    10
 -1.5795029069358360E-01 a       236     1     7     2    11
 -1.2221876505465901E-01 a       237     1     7     2    12
  8.0959340368070426E-02 a       238     1     7     2    13
  1.2378165111162191E-02 a       239     1     7     2    14
 -1.6339848696986017E-01 a       240     1     7     2    15
 -1.3761361376682671E-01 a       241     1     8     2     1
  4.9985902939524485E-01 a       242     1     8     2     2
  2.7170309885774552E-01 a       243     1     8     2     3
 -2.8924745089282683E-01 a       244     1     8     2     4
 -1.3683642904085824E-01 a       245     1     8     2     5
 -3.0333673205571327E-01 a       246     1     8     2     6
  3.8687005093324228E-01 a       247     1     8     2     7
  2.4196506149825761E-01 a       248     1     8     2     8
  3.1661632926916866E-01 a       249     1     8     2     9
 -4.6996926477933874E-02 a       250     1     8     2    10
 -1.6487603077270269E-01 a       251     1     8     2    11
 -4.9386457445842652E-01 a       252     1     8     2    12
 -4.1595607827727327E-01 a       253     1     8     2    13
  7.4138985518197448E-02 a       254     1     8     2    14
  1.2398863050696575E-01 a       255     1     8     2    15
  1.7394989113157139E-01 a       256     1     9     2     1
 -1.6072026872944239E-01 a       257     1     9     2     2
  7.5453120963255127E-02 a       258     1     9     2     3
 -2.2692589099057797E-01 a       259     1     9     2     4
  4.5559374636283984E-01 a       260     1     9     2     5
 -6.5939463208508672E-02 a       261     1     9     2     6
 -5.2652306573052876E-01 a       262     1     9     2     7
 -2.3717014123248617E-01 a       263     1     9     2     8
  3.9641580606721072E-01 a       264     1     9     2     9
 -4.2925165882477839E-01 a       265     1     9     2    10
 -1.0612353422837437E-01 a       266     1     9     2    11
 -1.3532272065136283E-01 a       267     1     9     2    12
 -7.2330838237399733E-02 a       268     1     9     2    13
 -1.3344144862381169E-01 a       269     1     9     2    14
  1.5929843537998459E-01 a       270     1     9     2    15
 -2.7782511223707042E-02 a       271     1    10     2     1
 -2.7586203657715752E-01 a       272     1    10     2     2
 -1.4354866962101523E-01 a       273     1    10     2     3
 -1.7831033112282932E-01 a       274     1    10     2     4
 -4.9027104437953301E-01 a       275     1    10     2     5
 -1.9710901190309543E-01 a       276     1    10     2     6
 -1.5449113939469922E-01 a       277     1    10     2     7
 -2.6262060095719769E-01 a       278     1    10     2     8
  3.9549903412168841E-01 a       279     1    10     2     9
  3.1723268820950318E-01 a       280     1    10     2    10
  3.4147526663888511E-01 a       281     1    10     2    11
 -1.0294072233413414E-01 a       282     1    10     2    12
 -3.4439432151764549E-01 a       283     1    10     2    13
  2.0538248948365988E-02 a       284     1    10     2    14
  3.6036268007810240E-01 a       285     1    10     2    15
  2.7874167569382058E-01 a       286     1    11     2     1
  1.0869113311343215E-01 a       287     1    11     2     2
 -1.8628150165146951E-01 a       288     1    11     2     3
 -3.7777994900932310E-01 a       289     1    11     2     4
 -2.3211783004857434E-01 a       290     1    11     2     5
 -3.4858207159294091E-01 a       291     1    11     2     6
  7.6235497435790181E-02 a       292     1    11     2     7
  8.1984847163975749E-02 a       293     1    11     2     8
 -1.4648366854476513E-01 a       294     1    11     2     9
  2.0501973726097658E-01 a       295     1    11     2    10
  5.0642026989251954E-01 a       296     1    11     2    11
 -2.0369628198365711E-01 a       297     1    11     2    12
 -3.4604130485736645E-01 a       298     1    11     2    13
  2.3415627650015813E-01 a       299     1    11     2    14
 -2.3060405069489051E-01 a       300     1    11     2    15
 -2.5873878259435535E-02 a       301     1    12     2     1
 -1.7379392244649144E-01 a       302     1    12     2     2
  4.8051583332781556E-01 a       303     1    12     2     3
 -3.4279736611693584E-01 a       304     1    12     2     4
  2.9769613165688641E-01 a       305     1    12     2     5
  5.3878119137953662E-01 a       306     1    12     2     6
 -4.0905231983136205E-02 a       307     1    12     2     7
  2.0443841776647217E-01 a       308     1    12     2     8
  3.8894181443150838E-01 a       309     1    12     2     9
  4.1864325993572238E-01 a       310     1    12     2    10
 -5.6047481314281639E-02 a       311     1    12     2    11
  9.9785186206311563E-02 a       312     1    12     2    12
  4.6237116961227204E-01 a       313     1    12     2    13
 -8.9945109177736515E-02 a       314     1    12     2    14
  1.9132722110584854E-01 a       315     1    12     2    15
  4.8157318669321636E-01 a       316     1    13     2     1
  6.2814267250126454E-02 a       317     1    13     2     2
 -3.5994152273904134E-01 a       318     1    13     2     3
 -3.6912583597044257E-01 a       319     1    13     2     4
  4.1198832653293743E-02 a       320     1    13     2     5
  1.4838570246557314E-01 a       321     1    13     2     6
  5.3572941293142655E-02 a       322     1    13     2     7
  4.9975621424028716E-01 a       323     1    13     2     8
 -2.5048069260620182E-01 a       324     1    13     2     9
  2.6383924717898138E-01 a       325     1    13     2    10
 -1.1323504713921738E-03 a       326     1    13     2    11
  3.7520800523748774E-02 a       327     1    13     2    12
  1.2705927901021707E-01 a       328     1    13     2    13
  6.0339784675952045E-02 a       329     1    13     2    14
  3.2396611428756933E-01 a       330     1    13     2    15
 -3.7547206906806285E-01 a       331     1    14     2     1
 -1.5018712262540437E-02 a       332     1    14     2     2
 -4.2520269840276659E-01 a       333     1    14     2     3
  5.2001587714252151E-01 a       334     1    14     2     4
 -3.2875908545780791E-02 a       335     1    14     2     5
 -5.7040025885491652E-01 a       336     1    14     2     6
  9.2706400343333473E-01 a       337     1    14     2     7
 -6.2136391337074470E-01 a       338     1    14     2     8
 -2.1178927350866683E-02 a       339     1    14     2     9
  4.5309178981802700E-01 a       340     1    14     2    10
 -5.2320028102865864E-03 a       341     1    14     2    11
  1.3615481640733162E-01 a       342     1    14     2    12
  3.2312837517245302E-01 a       343     1    14     2    13
  4.2897384319837256E-01 a       344     1    14     2    14
 -5.8139301302169077E-01 a       345     1    14     2    15
 -1.0038699006135698E-01 a       346     1    15     2     1
  4.5375942773861550E-01 a       347     1    15     2     2
 -2.3306765848362582E-01 a       348     1    15     2     3
  3.0866818210776548E-01 a       349     1    15     2     4
  1.8082743968984974E-01 a       350     1    15     2     5
  4.9758591545871214E-02 a       351     1    15     2     6
  1.0151509976163857E-01 a       352     1    15     2     7
 -4.6844521113869964E-01 a       353     1    15     2     8
 -1.4601466871274585E-01 a       354     1    15     2     9
  4.3907339541712687E-01 a       355     1    15     2    10
  4.4553900730857648E-01 a       356     1    15     2    11
  1.6987669437777636E-01 a       357     1    15     2    12
 -4.9543597803800854E-02 a       358     1    15     2    13
  1.0593617471743406E-01 a       359     1    15     2    14
 -9.6506976690058588E-02 a       360     1    15     2    15
  1.6220516031844840E+00 b       361     2     1
 -2.5416822257391440E+00 b       362     2     2
  1.4377202105675516E-01 b       363     2     3
 -1.0013206850336547E+00 b       364     2     4
 -2.3087755817571778E+00 b       365     2     5
  7.3580224906685865E-02 b       366     2     6
 -2.1730582209681399E+00 b       367     2     7
  1.8073535855419833E+00 b       368     2     8
  5.4633376820657087E-01 b       369     2     9
 -7.9904876573644179E-01 b       370     2    10
 -2.6595052783399875E-01 b       371     2    11
  1.8618814091577467E+00 b       372     2    12
  7.1025575112003769E-01 b       373     2    13
 -1.7419173794458003E+00 b       374     2    14
  2.4326782193149219E+00 b       375     2    15
 -1.8826888759428400E+00 a       376     2     1     3     1
  2.1947599831437454E+00 a       377     2     2     3     1
 -1.2014847520369960E+00 a       378     2     3     3     1
  1.7500735734085457E+00 a       379     2     4     3     1
  2.4190199443946323E+00 a       380     2     5     3     1
 -1.2090766723172885E+00 a       381     2     6     3     1
  2.0743100135929926E+00 a       382     2     7     3     1
 -1.9063030151354576E+00 a       383     2     8     3     1
 -1.1451706588405339E+00 a       384     2     9     3     1
  1.5502555696450564E+00 a       385     2    10     3     1
  1.1249527065561529E+00 a       386     2    11     3     1
 -1.8599642714715210E+00 a       387     2    12     3     1
 -1.1777374920980204E+00 a       388     2    13     3     1
  1.9813864224389734E+00 a       389     2    14     3     1
 -2.0427013384076327E+00 a       390     2    15     3     1
 -3.8836127538772582E+00 b       391     3     1
