################################################################################
# Learning curves for energies.
################################################################################
# Col  Name             Description
################################################################################
# 1    epoch            Current epoch.
# 2    rmse_Etrain_phys RMSE of training energies per atom (physical units).
# 3    rmse_Etest_phys  RMSE of test energies per atom (physical units).
################################################################################
#        1                2                3
#    epoch rmse_Etrain_phys  rmse_Etest_phys
############################################
         0   9.48892943E-04   4.32879462E-05  4.94065646E-324   0.00000000E+00
         1   4.85876214E-03   4.81652438E-03  -1.25242390E+01   0.00000000E+00
         2   1.06394522E-03   4.81216586E-04  -1.48403402E+00   0.00000000E+00
         3   9.37733679E-04   1.09752193E-04  -2.06281757E+00   0.00000000E+00
         4   1.06708130E-03   3.54858252E-04  -2.10847446E+00   0.00000000E+00
         5   1.70951408E-03   9.17403036E-04   3.33174279E+00   0.00000000E+00
         6   1.47695632E-03   8.74552606E-04  -5.60844780E-01   0.00000000E+00
         7   1.08575615E-03   3.76228815E-04  -9.31133851E-01   0.00000000E+00
         8   9.77335304E-04   1.29469538E-04  -1.21919097E+00   0.00000000E+00
         9   8.79459051E-04   1.87400890E-04  -1.40384213E+00   0.00000000E+00
        10   1.04007799E-03   2.02789469E-04  -4.26500915E-01   0.00000000E+00
        11   9.58996855E-04   6.75315710E-05  -8.41730820E-01   0.00000000E+00
        12   7.64985335E-04   3.21055700E-04  -1.31828423E+00   0.00000000E+00
        13   7.99388506E-04   1.16931215E-04  -3.09648614E-01   0.00000000E+00
        14   1.03521059E-03   3.31009409E-04   3.42521646E-01   0.00000000E+00
        15   7.52751728E-04   1.12737520E-04  -4.57485780E-01   0.00000000E+00
        16   1.04251553E-03   2.96149897E-04   4.99404676E-01   0.00000000E+00
        17   7.23486194E-04   3.02090391E-04  -3.66799218E-01   0.00000000E+00
        18   1.99214242E-03   2.60389541E-03  -5.21424529E+00   0.00000000E+00
        19   8.28850979E-04   1.57268834E-04   6.16737197E-01   0.00000000E+00
        20   5.26213740E-04   2.09188438E-04  4.94065646E-324   0.00000000E+00
