################################################################################
# Statistics for individual neurons gathered during RMSE calculation.
################################################################################
# Col  Name    Description
################################################################################
# 1    element Element index.
# 2    neuron  Neuron number.
# 3    count   Number of neuron value computations.
# 4    min     Minimum neuron value encounterd.
# 5    max     Maximum neuron value encounterd.
# 6    mean    Mean neuron value.
# 7    sigma   Standard deviation of neuron value.
####################################################################################################
#        1          2          3                4                5                6                7
#  element     neuron      count              min              max             mean            sigma
####################################################################################################
         1          1       1376   1.32216936E+00   2.64318293E+00   2.17121093E+00   1.84917409E-01
         1          2       1376   8.81655076E-01   1.50215131E+00   1.27781226E+00   9.26105248E-02
         1          3       1376   9.50631705E-01   1.96454346E+00   1.57545552E+00   1.47885923E-01
         1          4       1376   6.87209264E-01   1.17345967E+00   9.80136692E-01   7.38421593E-02
         1          5       1376   5.31146803E-01   1.17351048E+00   8.69039188E-01   9.79650572E-02
         1          6       1376   4.54468031E-01   7.72088086E-01   6.28746752E-01   4.96138864E-02
         1          7       1376   2.77329171E-01   6.56106896E-01   4.36327189E-01   5.98427398E-02
         1          8       1376   3.02481211E-01   5.02623433E-01   4.12966461E-01   3.36059917E-02
         1          9       1376   2.70917640E-01   4.37718673E-01   3.55322622E-01   3.08375508E-02
         1         10       1376   3.06078105E-01   8.27372950E-01   5.13678468E-01   8.23963459E-02
         1         11       1376   1.67814816E-01   3.32625445E-01   2.64058779E-01   2.00797735E-02
         1         12       1376   1.51998999E-01   5.17584033E-01   2.82168765E-01   5.30306993E-02
         1         13       1376   7.99642132E-02   2.78109857E-01   1.83234120E-01   2.02569089E-02
         1         14       1376   5.00225596E-02   3.12515526E-01   1.45324389E-01   3.54089763E-02
         1         15       1376   1.09727590E-02   1.97804034E-01   7.57431255E-02   2.03680839E-02
         1         16       1376   4.05648192E-03   2.00209155E-01   4.55533349E-02   2.68166529E-02
         1         17       1376   1.63924094E-03   2.95170201E-02   1.62797592E-02   5.17200473E-03
         1         18       1376   5.90647083E-03   2.98819949E-02   1.88936352E-02   3.49967225E-03
         1         19       1376   1.81531637E-03   3.23404406E-02   1.52513964E-02   4.99760789E-03
         1         20       1376   7.72188516E-02   1.91643134E-01   1.30797406E-01   1.80471760E-02
         1         21       1376   6.40079738E-03   3.43522708E-02   1.60088392E-02   4.49850793E-03
         1         22       1376   7.19194756E-04   1.13946448E-02   5.52432727E-03   2.11126009E-03
         1         23       1376   4.61834614E-02   1.18426695E-01   7.36727109E-02   1.11400038E-02
         1         24       1376   9.14338465E-04   7.24480792E-03   3.47086601E-03   1.00419873E-03
         1         25       1376   1.12128239E-03   7.49098489E-03   3.34135787E-03   9.56942518E-04
         1         26       1376   1.44907330E-02   3.48961697E-02   2.25935556E-02   3.21858206E-03
         1         27       1376   6.29622669E-04   5.18144782E-03   2.00220001E-03   6.13758379E-04
         1         28       1376   2.38941327E-01   6.47560785E-01   4.92579179E-01   5.68880781E-02
         1         29       1376   1.57849289E-01   3.43147232E-01   2.63956857E-01   2.38662066E-02
         1         30       1376  -1.12840461E+00  -6.12069205E-01  -9.48617803E-01   7.17283301E-02
         1         31       1376  -2.42389524E-01  -1.23504437E-01  -1.77690787E-01   1.56068718E-02
         1         32       1376  -8.46213647E-04   1.17333766E-01   5.73843061E-02   1.92116085E-02
         1         33       1376  -1.69882926E+00  -8.11023981E-01  -1.34588412E+00   1.27460693E-01
         1         34       1376  -1.83044809E-01   6.87654240E-04  -9.10252653E-02   2.52830713E-02
         1         35       1376   4.28053178E-01   7.90989136E-01   6.57100367E-01   5.09004260E-02
         1         36       1376   6.61405160E-01   1.37622858E+00   1.08068638E+00   1.03322380E-01
         1         37       1376  -3.95830190E-02   1.92966023E-01   8.35034166E-02   3.67572162E-02
         1         38       1376   1.77880403E-02   1.96106342E-01   1.05487532E-01   2.63994576E-02
         1         39       1376  -6.13983086E-01  -2.69567604E-01  -4.81590290E-01   4.73023515E-02
         1         40       1376  -7.47760889E-02   6.94579742E-02  -7.83669345E-03   2.16870151E-02
         1         41       1376   2.42804120E-01   5.29151155E-01   3.98150555E-01   4.04045454E-02
         1         42       1376  -5.10404370E-01  -1.45507918E-01  -2.92706669E-01   5.68716840E-02
         1         43       1376  -1.19892712E+00  -6.52213862E-01  -9.73963018E-01   8.30907474E-02
         1         44       1376   2.18622138E-01   3.49723754E-01   2.85083058E-01   1.76061499E-02
         1         45       1376   6.04189665E-01   1.26454013E+00   9.92080428E-01   9.82066314E-02
         1         46       1376   2.42346237E-01   4.79756727E-01   3.70203961E-01   3.73663317E-02
         1         47       1376   7.42536713E-01   1.50438859E+00   1.21225191E+00   1.09013561E-01
         1         48       1376   5.79968716E-01   1.12563156E+00   9.06777610E-01   7.74425802E-02
         1         49       1376   5.60059164E-01   9.59388263E-01   8.04074471E-01   6.20302140E-02
         1         50       1376   4.13281008E-01   7.75361576E-01   5.79311184E-01   5.89550945E-02
         1         51       1376   1.24421647E-01   3.61879049E-01   2.28671521E-01   3.76457319E-02
         1         52       1376  -3.11914141E-01  -1.50419625E-01  -2.34326339E-01   2.73905110E-02
         1         53       1376  -2.47546165E-01  -1.02094589E-01  -1.72538850E-01   2.52769877E-02
         1         54       1376  -3.33599287E-01  -2.34602637E-01  -2.84834260E-01   1.41414913E-02
         1         55       1376  -5.71386892E-01  -3.90344993E-01  -4.85989208E-01   2.48904403E-02
         1         56       1376  -5.36058143E-01  -3.51463708E-01  -4.54544642E-01   2.74836619E-02
         1         57       1376  -2.41081761E-01  -1.04822457E-01  -1.74294760E-01   1.88952248E-02
         1         58       1376  -3.24844540E-01  -1.99957329E-01  -2.70640034E-01   1.91299810E-02
         1         59       1376  -3.23974380E-01  -1.73332236E-01  -2.51022972E-01   2.44464148E-02
         1         60       1376  -1.47073805E+00  -1.04964283E+00  -1.30682067E+00   6.17482282E-02
         1         61       1376  -1.68953651E-01  -5.24738463E-02  -1.15188852E-01   1.82080441E-02
         1         62       1376  -2.63383839E-03   1.04912502E-01   4.25300636E-02   1.56337015E-02
         1         63       1376   4.32366681E-01   5.60211105E-01   5.07521986E-01   1.72350016E-02
         1         64       1376   4.44104964E-01   5.89032455E-01   5.26596114E-01   2.01928085E-02
         1         65       1376   1.74118725E-01   3.44629289E-01   2.54202225E-01   2.45325188E-02
         1         66       1376  -3.04676069E-01  -1.69886901E-01  -2.44217462E-01   1.90844376E-02
         1         67       1376  -6.87631918E-01  -3.29721996E-01  -5.68237528E-01   4.83200542E-02
         1         68       1376  -1.15113600E+00  -6.67981088E-01  -9.96277104E-01   6.64395874E-02
         1         69       1376  -1.10371472E+00  -7.06936463E-01  -9.85973884E-01   5.26216976E-02
         1         70       1376  -6.31453184E-01  -4.82742053E-01  -5.59285148E-01   2.44996004E-02
         1         71       1376  -7.26723055E-01  -4.64669900E-01  -6.47050361E-01   3.38245180E-02
         1         72       1376   1.53000038E-01   3.98429960E-01   2.87327262E-01   3.17661739E-02
         1         73       1376   5.91969448E-01   8.52507306E-01   7.42002924E-01   4.01027695E-02
         1         74       1376  -8.60356553E-01  -4.25620222E-01  -6.69206081E-01   5.24462968E-02
         1         75       1376   3.35475834E-01   4.76334209E-01   4.12496364E-01   2.29826392E-02
         1         76       1376  -3.84795770E-02   5.91273859E-02   9.14400063E-03   1.43391271E-02
         1         77       1376   2.89064602E-02   1.47108548E-01   8.91276655E-02   1.74005526E-02
         1         78       1376  -1.15189308E-02   1.72629291E-02  -2.66664885E-03   3.79060729E-03
         2          1        688   1.72780036E+00   3.02007056E+00   2.55562452E+00   1.81047332E-01
         2          2        688   5.28302349E-01   1.13478308E+00   9.17028027E-01   8.90121410E-02
         2          3        688   1.34139137E+00   2.32819101E+00   1.96027338E+00   1.41782509E-01
         2          4        688   3.39734546E-01   7.91061769E-01   6.23741752E-01   6.79204694E-02
         2          5        688   9.11986430E-01   1.51755240E+00   1.25749350E+00   9.08405479E-02
         2          6        688   1.40079705E-01   3.97373550E-01   2.87109596E-01   3.95680213E-02
         2          7        688   6.60260209E-01   9.96318029E-01   8.25932922E-01   5.62609884E-02
         2          8        688   4.27017236E-02   1.54730523E-01   1.01983484E-01   1.90938982E-02
         2          9        688   5.97792390E-01   8.72141550E-01   7.10645244E-01   4.59918820E-02
         2         10        688   1.99853781E-01   6.56558972E-01   4.42712396E-01   7.35938498E-02
         2         11        688   4.15025635E-01   6.50575953E-01   5.28117558E-01   2.97335979E-02
         2         12        688   1.05390270E-01   4.73991886E-01   2.87787252E-01   6.72395613E-02
         2         13        688   2.49562021E-01   4.99522178E-01   3.66468241E-01   2.96725535E-02
         2         14        688   3.13006968E-02   3.16148436E-01   1.52494184E-01   5.47803053E-02
         2         15        688   6.32237002E-02   3.09948997E-01   1.51486251E-01   2.92923106E-02
         2         16        688   8.50416792E-04   1.30413460E-01   3.70681238E-02   2.43993912E-02
         2         17        688   4.43175198E-03   2.51440731E-02   1.38648447E-02   3.25283158E-03
         2         18        688   8.18609934E-05   1.34660451E-03   5.50840283E-04   2.34303011E-04
         2         19        688   7.90830374E-02   2.57967935E-01   1.76941238E-01   2.79395223E-02
         2         20        688   2.14410333E-03   1.47762624E-02   8.73394255E-03   2.11688600E-03
         2         21        688   1.38048913E-02   4.91947593E-02   2.88743879E-02   5.81658907E-03
         2         22        688   2.60514073E-02   1.04963561E-01   6.45650498E-02   1.27648369E-02
         2         23        688   2.90458269E-02   7.23807194E-02   4.53025661E-02   7.37468177E-03
         2         24        688   1.36075288E-03   1.09845968E-02   5.43543459E-03   1.61231791E-03
         2         25        688   1.65117056E-05   5.25011884E-04   1.89117183E-04   8.64087523E-05
         2         26        688   2.00722126E-02   7.66483288E-02   4.43789839E-02   8.77189115E-03
         2         27        688   1.08361324E-02   5.49806751E-02   3.05453385E-02   7.51676681E-03
         2         28        688   6.23513410E-05   1.44104613E-03   5.39910944E-04   2.25774011E-04
         2         29        688   8.48431706E-03   2.63682918E-02   1.53211538E-02   2.34051823E-03
         2         30        688   4.22311922E-03   1.88461532E-02   1.06137596E-02   2.29752158E-03
         2         31        688  -6.34790140E-01  -3.62115489E-01  -5.11837431E-01   4.04274602E-02
         2         32        688   2.19155821E-01   4.32172488E-01   3.19097710E-01   3.30864130E-02
         2         33        688   7.38338975E-01   1.35159272E+00   1.10358216E+00   9.16178362E-02
         2         34        688  -1.22950485E-01   4.44302916E-02  -3.14564233E-02   2.93925530E-02
         2         35        688   6.91408624E-01   1.15523566E+00   9.51884190E-01   6.86976753E-02
         2         36        688  -4.41431844E-01  -2.19855192E-01  -3.46981483E-01   3.33261618E-02
         2         37        688   2.06724195E-01   3.54877879E-01   2.64595212E-01   1.94877988E-02
         2         38        688  -3.16123482E-01  -1.43463699E-01  -2.47263580E-01   2.48193419E-02
         2         39        688   1.12235061E-01   2.39182002E-01   1.79192151E-01   1.97846831E-02
         2         40        688  -1.46325607E-01  -1.77304755E-02  -8.26907312E-02   2.25640452E-02
         2         41        688  -1.96043945E+00  -1.25827070E+00  -1.69786384E+00   1.00299937E-01
         2         42        688   1.69216422E-01   3.95875272E-01   3.04006093E-01   3.27540020E-02
         2         43        688  -1.58006228E+00  -1.11822837E+00  -1.38215499E+00   6.92461104E-02
         2         44        688   4.62688037E-01   8.47578748E-01   6.95017888E-01   5.39882642E-02
         2         45        688   5.90608268E-01   1.10513578E+00   9.26678950E-01   7.44728354E-02
         2         46        688   4.01491645E-01   5.89051984E-01   4.84997152E-01   2.43363132E-02
         2         47        688  -3.33515360E-01  -2.34470938E-01  -2.72547587E-01   1.37477718E-02
         2         48        688   8.31026310E-01   1.36182616E+00   1.16480430E+00   7.90425618E-02
         2         49        688  -5.20958043E-02   5.06646787E-02  -1.95458908E-03   1.54797389E-02
         2         50        688  -1.64738535E+00  -8.57688035E-01  -1.37253670E+00   1.15334925E-01
         2         51        688   1.51344449E-01   4.41600745E-01   3.16538046E-01   4.36974170E-02
         2         52        688  -6.41531956E-01  -2.82606887E-01  -4.74738116E-01   6.10198698E-02
         2         53        688   5.33369187E-01   8.25123438E-01   6.74190972E-01   4.98135194E-02
         2         54        688   1.10650751E-01   3.44018809E-01   2.08376460E-01   3.70969163E-02
         2         55        688   2.05073298E-01   4.64236254E-01   3.45151462E-01   4.26994945E-02
         2         56        688  -5.19345273E-03   2.11309839E-01   1.19964710E-01   3.80738458E-02
         2         57        688  -1.17412136E-01   1.11355877E-02  -5.73440481E-02   1.81914189E-02
         2         58        688   7.14451951E-01   9.10819887E-01   8.40649605E-01   2.69598077E-02
         2         59        688   3.08009438E-01   4.38348307E-01   4.00476972E-01   1.62519327E-02
         2         60        688  -3.36300417E-01  -2.43793895E-01  -2.93849121E-01   1.38354328E-02
         2         61        688   2.10083356E-01   3.94915211E-01   3.26670062E-01   2.79978515E-02
         2         62        688   6.08371595E-01   8.31628185E-01   7.26016910E-01   3.79103003E-02
         2         63        688  -9.96297571E-02   6.83863418E-02  -1.31374634E-02   2.64008376E-02
         2         64        688  -2.28062858E-01   7.48814098E-03  -1.09578891E-01   3.56866956E-02
         2         65        688  -5.53456146E-01  -3.34157485E-01  -4.68477542E-01   3.16730966E-02
         2         66        688  -3.34666060E-01  -2.58646237E-01  -2.95190988E-01   1.28269605E-02
         2         67        688   6.17131360E-02   2.13141181E-01   1.28963667E-01   2.49992804E-02
         2         68        688  -5.86728937E-01  -3.07619076E-01  -4.83587708E-01   3.60802896E-02
         2         69        688  -7.35614057E-01  -6.09878981E-01  -6.70065032E-01   2.11571493E-02
         2         70        688   5.07261699E-01   8.37618509E-01   6.99418503E-01   4.71168083E-02
         2         71        688  -1.80852668E-01  -6.43750552E-02  -1.12529526E-01   1.75665520E-02
         2         72        688  -7.65019470E-02  -2.15298974E-02  -4.44549636E-02   9.38539527E-03
         2         73        688   2.02519640E-01   2.96301426E-01   2.58918999E-01   1.31396911E-02
         2         74        688  -1.05174403E+00  -8.54176037E-01  -9.65272746E-01   2.85881121E-02
         2         75        688  -5.62549901E-01  -4.20661684E-01  -5.07377830E-01   2.22221564E-02
         2         76        688  -6.20853681E-01  -4.05867139E-01  -5.59814249E-01   2.84567165E-02
         2         77        688   2.11957556E-01   4.55260928E-01   3.42109612E-01   3.72780635E-02
         2         78        688   9.46533734E-02   2.57168503E-01   1.77748955E-01   2.55496541E-02
         2         79        688   3.76067697E-02   1.26286241E-01   8.72826956E-02   1.32782286E-02
         2         80        688  -3.56358584E-01  -7.96827295E-02  -2.53122703E-01   3.99280390E-02
         2         81        688  -1.31292502E-02   2.30704137E-02   6.07909812E-03   5.96538865E-03
