################################################################################
# Statistics for individual neurons gathered during RMSE calculation.
################################################################################
# Col  Name    Description
################################################################################
# 1    element Element index.
# 2    neuron  Neuron number.
# 3    count   Number of neuron value computations.
# 4    min     Minimum neuron value encounterd.
# 5    max     Maximum neuron value encounterd.
# 6    mean    Mean neuron value.
# 7    sigma   Standard deviation of neuron value.
####################################################################################################
#        1          2          3                4                5                6                7
#  element     neuron      count              min              max             mean            sigma
####################################################################################################
         1          1         40  -5.03742804E-01   4.96257196E-01   5.61217739E-15   2.57993455E-01
         1          2         40  -5.04060330E-01   4.95939670E-01   1.36002321E-15   2.58127630E-01
         1          3         40  -5.03777157E-01   4.96222843E-01   4.37705427E-15   2.59127036E-01
         1          4         40  -5.02218437E-01   4.97781563E-01  -1.99840144E-15   2.61291804E-01
         1          5         40  -5.38357567E-01   4.61642433E-01  -3.21687121E-15   2.41092443E-01
         1          6         40  -5.70001655E-01   4.29998345E-01  -1.83880688E-16   2.33978353E-01
         1          7         40  -6.41927199E-01   3.58072801E-01  -1.36349265E-15   2.37079827E-01
         1          8         40  -6.09909355E-01   3.90090645E-01  -1.63462993E-15   2.53970326E-01
         1          9         40  -3.81220924E-01   6.18779076E-01  -2.33146835E-16   2.96165910E-01
         1         10         40  -4.79225463E-01   5.20774537E-01   6.01602101E-16   2.43415116E-01
         1         11         40  -4.17372563E-01   5.82627437E-01  -1.38430933E-16   2.43456405E-01
         1         12         40  -4.80000559E-01   5.19999441E-01   5.46784840E-16   2.58234317E-01
         1         13         40  -4.06147073E-01   5.93852927E-01  -5.49907342E-16   2.21437371E-01
         1         14         40  -4.68033523E-01   5.31966477E-01   7.09848846E-16   2.51796767E-01
         1         15         40  -4.27273703E-01   5.72726297E-01   5.46090950E-16   2.48459031E-01
         1         16         40  -6.65316112E-01  -6.07120779E-03  -2.75743526E-01   1.87811457E-01
         1         17         40  -6.04626748E-01   5.86752166E-01  -2.17035914E-02   3.05133405E-01
         1         18         40  -3.63828553E-01   7.69440604E-01   3.03435734E-01   2.88885968E-01
         1         19         40  -3.55586983E-01   9.28893663E-01   2.48468152E-01   3.32722096E-01
         1         20         40  -2.90632550E-01   7.26889869E-01   2.71433181E-01   2.78231946E-01
         1         21         40  -2.37618423E-01   3.60061229E-01  -7.30428435E-02   1.84434474E-01
         1         22         40  -8.14239896E-01   1.28490368E+00   1.72560405E-01   4.70484151E-01
         1         23         40  -5.49390778E-01   1.34785481E+00   3.06216826E-01   4.52360805E-01
         1         24         40  -1.61826732E-01   3.45215290E-01   1.39617971E-01   1.23170668E-01
         1         25         40  -2.45464582E-01   5.47954512E-01   3.08296750E-01   2.54561843E-01
         1         26         40  -1.19322484E-01   3.00253676E-01   1.22674456E-01   1.49338382E-01
         1         27         40  -4.62062285E-01   7.16746533E-01  -2.69803062E-02   2.76110760E-01
         1         28         40  -5.25055553E-01   1.81369463E-01  -2.35040244E-01   1.61735492E-01
         1         29         40  -1.49614175E+00   1.65327372E+00   8.68949540E-02   6.76734730E-01
         1         30         40  -1.35122965E-01   3.35321612E-01   7.43521317E-02   1.36979425E-01
         1         31         40  -3.67629527E-01   8.46258767E-01   2.03061634E-01   2.92626697E-01
         1         32         40  -4.94755843E-01   1.57726953E-01  -8.19937681E-02   1.79305406E-01
         1         33         40  -1.11102931E+00   2.16954475E-04  -2.88669281E-01   3.34717630E-01
         1         34         40  -4.14250754E-01   2.91764315E-01  -1.13774964E-01   1.86154298E-01
         1         35         40  -1.84088831E-01   7.90866558E-01   2.67875767E-01   2.38554748E-01
         1         36         40  -9.68299292E-01   5.27239727E-01  -1.24335066E-01   3.21750418E-01
         1         37         40  -6.63275850E-01   6.61707663E-01  -2.97629940E-02   3.31165207E-01
         1         38         40  -1.28524291E+00   3.11754972E-02  -7.80060298E-01   3.56659611E-01
         1         39         40  -7.88712560E-01   2.45853372E-01  -1.07153811E-02   3.02266171E-01
         1         40         40   7.40850912E-03   1.18151337E+00   7.42380596E-01   4.06637323E-01
         1         41         40  -1.47234782E-01   1.04825786E+00   4.58775718E-01   3.16977738E-01
         1         42         40  -1.38348068E-01   1.38273537E+00   5.76398265E-01   3.98165157E-01
         1         43         40  -2.44942678E-01   1.48762781E+00   2.65273545E-01   5.13970622E-01
         1         44         40   1.60080030E-02   1.44909285E+00   7.33672444E-01   3.76584305E-01
         1         45         40  -6.48316447E-01   1.11050364E+00  -9.24488564E-02   4.37607307E-01
         1         46         40  -2.45863273E+00   3.25692783E+00  -9.48448707E-01   1.93369804E+00
         2          1         20  -5.24084946E-01   4.75915054E-01  -4.10782519E-16   2.64970457E-01
         2          2         20  -5.24263785E-01   4.75736215E-01   9.04831765E-16   2.64952830E-01
         2          3         20  -5.24267353E-01   4.75732647E-01  -4.06341627E-15   2.64933773E-01
         2          4         20  -5.23792698E-01   4.76207302E-01  -2.58404409E-15   2.64932752E-01
         2          5         20  -5.26346172E-01   4.73653828E-01  -9.99200722E-17   2.64744604E-01
         2          6         20  -5.24867377E-01   4.75132623E-01   3.35842465E-16   2.64664679E-01
         2          7         20  -5.20278658E-01   4.79721342E-01  -1.64313008E-15   2.64816422E-01
         2          8         20  -5.04593903E-01   4.95406097E-01  -2.49800181E-16   2.68109624E-01
         2          9         20  -4.10125324E-01   5.89874676E-01   5.55111512E-18   2.13636778E-01
         2         10         20  -3.84636765E-01   6.15363235E-01  -2.80331314E-16   2.36692115E-01
         2         11         20  -4.79463716E-01   5.20536284E-01  -3.60822483E-16   2.33767642E-01
         2         12         20  -4.53038675E-01   5.46961325E-01  -1.22124533E-16   2.82618914E-01
         2         13         20  -4.76281805E-01   5.23718195E-01  -3.52495810E-16   2.64963264E-01
         2         14         20  -4.29526836E-01   5.70473164E-01  -5.96744876E-16   2.56789078E-01
         2         15         20  -1.01262598E+00   1.34308718E+00   7.70110509E-02   5.51180925E-01
         2         16         20  -6.15725466E-01   2.33371811E-01  -1.25522218E-01   1.80127273E-01
         2         17         20  -7.55159815E-01   6.60173405E-01  -8.80270586E-02   3.46417624E-01
         2         18         20  -9.42392626E-01   4.89988703E-01  -1.52195013E-01   3.10355698E-01
         2         19         20  -9.06944708E-01   4.40896773E-01  -1.80022097E-01   3.89321633E-01
         2         20         20  -6.98813452E-01  -7.91691316E-04  -2.61027349E-01   1.64708525E-01
         2         21         20  -6.99581594E-01   6.49249433E-01  -2.69592483E-02   2.96770220E-01
         2         22         20  -1.09288250E-01   3.84768672E-01   1.19549822E-01   1.15548343E-01
         2         23         20  -5.17576519E-01   5.38688190E-01   5.09070919E-02   2.44554613E-01
         2         24         20  -9.06458986E-01   6.29674955E-01  -1.49489018E-01   3.20062278E-01
         2         25         20  -7.39345169E-01   6.46596958E-01  -8.55356229E-02   3.41939670E-01
         2         26         20  -8.54812629E-01   8.79280847E-01  -9.54660115E-02   4.57050382E-01
         2         27         20  -2.41226184E-01   4.42098934E-01  -7.14072228E-03   1.57782426E-01
         2         28         20  -5.96257832E-01  -1.89226012E-01  -3.83642808E-01   1.01991469E-01
         2         29         20  -1.13581704E+00   1.05917586E+00   6.60264523E-02   4.82134878E-01
         2         30         20  -7.37997088E-01  -1.51132223E-01  -4.56920701E-01   1.35240492E-01
         2         31         20  -6.82416331E-01   3.02409186E-01  -2.03210062E-01   2.60950297E-01
         2         32         20  -6.77721387E-01   2.42453858E-01  -2.28783844E-01   2.42786788E-01
         2         33         20  -1.14402287E+00   4.70898884E-01  -2.81943881E-01   3.72016018E-01
         2         34         20  -6.83421362E-01   2.57236267E-02  -2.89017670E-01   1.99962481E-01
         2         35         20  -8.34363385E-01   7.36892688E-01   3.99006499E-02   3.85843283E-01
         2         36         20  -4.69131035E-01   5.84136024E-01   7.99363374E-02   3.25157638E-01
         2         37         20  -9.96936760E-01   4.63506456E-01  -1.05993131E-01   3.53908945E-01
         2         38         20  -8.66376269E-01   1.13738182E-01  -3.98431987E-01   2.31523297E-01
         2         39         20  -5.94423089E-01   2.33595023E-01  -1.90313472E-01   2.28381942E-01
         2         40         20  -1.52409941E+00   8.39637774E-01  -2.99339238E-01   7.04430467E-01
         2         41         20  -1.01033989E+00   1.61773733E-01  -4.23356596E-01   3.07655291E-01
         2         42         20  -1.34955061E+00   9.76471218E-01  -1.56083763E-01   7.18160303E-01
         2         43         20  -9.69690356E-01   2.46174389E-01  -3.78362045E-01   2.82719372E-01
         2         44         20  -2.96407348E-01   6.44949611E-01   1.62105231E-01   2.24515530E-01
         2         45         20   3.59746262E-02   3.47373743E+00   1.89690050E+00   9.84950202E-01
