################################################################################
# Statistics for individual neurons gathered during RMSE calculation.
################################################################################
# Col  Name    Description
################################################################################
# 1    element Element index.
# 2    neuron  Neuron number.
# 3    count   Number of neuron value computations.
# 4    min     Minimum neuron value encounterd.
# 5    max     Maximum neuron value encounterd.
# 6    mean    Mean neuron value.
# 7    sigma   Standard deviation of neuron value.
####################################################################################################
#        1          2          3                4                5                6                7
#  element     neuron      count              min              max             mean            sigma
####################################################################################################
         1          1         40  -5.03742804E-01   4.96257196E-01   5.61217739E-15   2.57993455E-01
         1          2         40  -5.04060330E-01   4.95939670E-01   1.36002321E-15   2.58127630E-01
         1          3         40  -5.03777157E-01   4.96222843E-01   4.37705427E-15   2.59127036E-01
         1          4         40  -5.02218437E-01   4.97781563E-01  -1.99840144E-15   2.61291804E-01
         1          5         40  -5.38357567E-01   4.61642433E-01  -3.21687121E-15   2.41092443E-01
         1          6         40  -5.70001655E-01   4.29998345E-01  -1.83880688E-16   2.33978353E-01
         1          7         40  -6.41927199E-01   3.58072801E-01  -1.36349265E-15   2.37079827E-01
         1          8         40  -6.09909355E-01   3.90090645E-01  -1.63462993E-15   2.53970326E-01
         1          9         40  -3.81220924E-01   6.18779076E-01  -2.33146835E-16   2.96165910E-01
         1         10         40  -4.79225463E-01   5.20774537E-01   6.01602101E-16   2.43415116E-01
         1         11         40  -4.17372563E-01   5.82627437E-01  -1.38430933E-16   2.43456405E-01
         1         12         40  -4.80000559E-01   5.19999441E-01   5.46784840E-16   2.58234317E-01
         1         13         40  -4.06147073E-01   5.93852927E-01  -5.49907342E-16   2.21437371E-01
         1         14         40  -4.68033523E-01   5.31966477E-01   7.09848846E-16   2.51796767E-01
         1         15         40  -4.27273703E-01   5.72726297E-01   5.46090950E-16   2.48459031E-01
         1         16         40  -7.63215897E-01   6.99168124E-03  -2.78034881E-01   2.20464248E-01
         1         17         40  -6.26334864E-01   7.16749026E-01   3.01612991E-02   3.34503763E-01
         1         18         40  -2.82227040E-01   5.26946109E-01   3.09530565E-01   2.26930005E-01
         1         19         40  -2.41240215E-01   9.68800421E-01   2.86701781E-01   3.36694361E-01
         1         20         40  -2.87506528E-01   6.91695874E-01   3.29982169E-01   2.96560475E-01
         1         21         40  -1.35506732E-01   3.47278401E-01  -1.58605959E-02   1.50068394E-01
         1         22         40  -6.21298346E-01   1.18084708E+00   1.84802009E-01   4.07063969E-01
         1         23         40  -3.95535233E-01   1.17355255E+00   3.08672851E-01   4.07303173E-01
         1         24         40  -2.05716163E-01   5.04075759E-01   1.39808694E-01   1.80491866E-01
         1         25         40  -2.36791053E-01   4.89575537E-01   2.72169429E-01   2.25983565E-01
         1         26         40  -2.73442668E-01   3.48087576E-01   1.25360853E-01   1.91718748E-01
         1         27         40  -5.34632654E-01   7.64962765E-01  -1.28290310E-02   2.96804614E-01
         1         28         40  -6.21700437E-01   2.32572340E-01  -2.58767827E-01   1.81285850E-01
         1         29         40  -1.54590954E+00   1.72974790E+00   8.07513792E-02   6.76120461E-01
         1         30         40  -5.25457705E-02   4.58064808E-01   9.89645770E-02   1.20357714E-01
         1         31         40  -3.30383838E-01   7.22989638E-01   1.93901239E-01   2.50500199E-01
         1         32         40  -5.57057010E-01   1.11471570E-01  -1.02060968E-01   1.76239220E-01
         1         33         40  -1.06101924E+00   2.84078453E-02  -2.38248195E-01   3.29627720E-01
         1         34         40  -4.03462772E-01   3.29197858E-01  -1.49915493E-01   2.02402126E-01
         1         35         40  -3.58482981E-01   1.21698284E+00   3.52922183E-01   3.37237374E-01
         1         36         40  -1.11329952E+00   4.09680897E-01  -2.67600498E-01   3.28301461E-01
         1         37         40  -5.11019282E-01   7.07975750E-01  -1.00679396E-01   2.96771453E-01
         1         38         40  -1.06464248E+00   1.10290554E-01  -6.30108958E-01   2.63390421E-01
         1         39         40  -7.09307567E-01   3.18608881E-01   4.13743341E-02   2.73424179E-01
         1         40         40  -5.84318902E-02   1.14979301E+00   7.26266706E-01   4.19811702E-01
         1         41         40  -3.31650826E-02   1.10083602E+00   5.07457875E-01   3.22375654E-01
         1         42         40  -4.89468991E-01   1.32418134E+00   3.80131663E-01   4.25968016E-01
         1         43         40  -1.67993676E-01   1.47174002E+00   2.49858448E-01   4.97148591E-01
         1         44         40  -1.83931718E-01   1.33207969E+00   6.12867086E-01   4.13752883E-01
         1         45         40  -3.81335528E-01   6.66015498E-01   1.08624852E-02   2.34709932E-01
         1         46         40  -2.36235086E+00   3.45807300E+00  -8.31456932E-01   1.91704768E+00
         2          1         20  -5.24084946E-01   4.75915054E-01  -4.10782519E-16   2.64970457E-01
         2          2         20  -5.24263785E-01   4.75736215E-01   9.04831765E-16   2.64952830E-01
         2          3         20  -5.24267353E-01   4.75732647E-01  -4.06341627E-15   2.64933773E-01
         2          4         20  -5.23792698E-01   4.76207302E-01  -2.58404409E-15   2.64932752E-01
         2          5         20  -5.26346172E-01   4.73653828E-01  -9.99200722E-17   2.64744604E-01
         2          6         20  -5.24867377E-01   4.75132623E-01   3.35842465E-16   2.64664679E-01
         2          7         20  -5.20278658E-01   4.79721342E-01  -1.64313008E-15   2.64816422E-01
         2          8         20  -5.04593903E-01   4.95406097E-01  -2.49800181E-16   2.68109624E-01
         2          9         20  -4.10125324E-01   5.89874676E-01   5.55111512E-18   2.13636778E-01
         2         10         20  -3.84636765E-01   6.15363235E-01  -2.80331314E-16   2.36692115E-01
         2         11         20  -4.79463716E-01   5.20536284E-01  -3.60822483E-16   2.33767642E-01
         2         12         20  -4.53038675E-01   5.46961325E-01  -1.22124533E-16   2.82618914E-01
         2         13         20  -4.76281805E-01   5.23718195E-01  -3.52495810E-16   2.64963264E-01
         2         14         20  -4.29526836E-01   5.70473164E-01  -5.96744876E-16   2.56789078E-01
         2         15         20  -1.05391078E+00   1.26015285E+00   2.02464906E-02   5.39624341E-01
         2         16         20  -6.04727187E-01   2.69557885E-01  -1.35160608E-01   2.06695797E-01
         2         17         20  -7.23705388E-01   6.15089596E-01  -8.44177337E-02   3.29486907E-01
         2         18         20  -8.75023035E-01   4.20827310E-01  -1.80573115E-01   2.98752596E-01
         2         19         20  -1.00773645E+00   7.04318270E-01  -9.01151900E-02   4.95878433E-01
         2         20         20  -6.07298966E-01   2.28548766E-01  -1.44353006E-01   1.80128823E-01
         2         21         20  -7.36941027E-01   5.03188300E-01  -1.38779594E-01   2.82238677E-01
         2         22         20  -2.18562955E-01   7.15933119E-01   2.00577467E-01   2.34791558E-01
         2         23         20  -4.55489452E-01   4.77595911E-01   4.57320350E-02   2.16369515E-01
         2         24         20  -8.96144563E-01   5.45936018E-01  -1.68756664E-01   3.06951772E-01
         2         25         20  -4.53418241E-01   3.22275487E-01  -8.59312890E-02   1.94816994E-01
         2         26         20  -7.79870952E-01   8.76729395E-01  -3.33322855E-02   4.17685446E-01
         2         27         20  -2.99787391E-01   3.47888440E-01  -3.83620683E-02   1.46484929E-01
         2         28         20  -4.25379523E-01  -1.06914093E-01  -2.71785368E-01   8.45944349E-02
         2         29         20  -1.21799032E+00   1.20050892E+00   5.67335858E-03   5.20430582E-01
         2         30         20  -8.00436783E-01   8.89584562E-02  -3.45687517E-01   2.06429570E-01
         2         31         20  -5.55035576E-01   3.46574234E-02  -2.75784784E-01   1.84875044E-01
         2         32         20  -5.51213322E-01   1.09235909E-01  -2.15972611E-01   1.85208717E-01
         2         33         20  -8.83471351E-01   5.79594389E-01  -1.68632601E-01   3.17503720E-01
         2         34         20  -1.23751159E+00   2.16493276E-01  -4.56765649E-01   3.47217077E-01
         2         35         20  -6.54660891E-01   7.87568904E-01   1.02614843E-01   3.59225175E-01
         2         36         20  -4.27791575E-01   5.32364599E-01   4.83723187E-02   2.86542883E-01
         2         37         20  -9.84663981E-01   2.41473184E-01  -3.35295156E-01   3.25149005E-01
         2         38         20  -5.86169608E-01   6.21615898E-02  -2.64422726E-01   1.65010329E-01
         2         39         20  -8.06149047E-01   5.79266345E-01  -1.09038827E-01   3.63873870E-01
         2         40         20  -1.56241480E+00   9.65610153E-01  -2.67599301E-01   7.04351621E-01
         2         41         20  -9.69966241E-01   3.06601303E-01  -3.24024164E-01   3.61416185E-01
         2         42         20  -6.59334869E-01   7.70999884E-01  -2.58401983E-02   4.30229520E-01
         2         43         20  -6.35209390E-01  -1.91040613E-01  -4.31719956E-01   1.12290000E-01
         2         44         20  -3.38042223E-01   4.71198377E-01   5.17158598E-02   2.50659792E-01
         2         45         20  -8.14285175E-02   3.05851659E+00   1.66284940E+00   9.76744239E-01
