################################################################################
# Neural network connection values (weights and biases).
################################################################################
# Col  Name       Description
################################################################################
# 1    connection Neural network connection value.
# 2    t          Connection type (a = weight, b = bias).
# 3    index      Index enumerating weights.
# 4    l_s        Starting point layer (end point layer for biases).
# 5    n_s        Starting point neuron in starting layer (end point neuron for biases).
# 6    l_e        End point layer.
# 7    n_e        End point neuron in end layer.
################################################################################
#                      1 2         3     4     5     6     7
#             connection t     index   l_s   n_s   l_e   n_e
############################################################
 -2.0572625856806487E-01 a         1     0     1     1     1
  3.3117389298690419E-01 a         2     0     1     1     2
 -4.1153787120033181E-01 a         3     0     1     1     3
 -4.6030541913476175E-01 a         4     0     1     1     4
 -1.1236908759361521E-01 a         5     0     1     1     5
  1.8729668395556030E-02 a         6     0     1     1     6
 -2.2633319661296186E-01 a         7     0     1     1     7
 -3.0480049448918872E-01 a         8     0     1     1     8
  3.1328959283356050E-01 a         9     0     1     1     9
  6.6341415356458183E-02 a        10     0     1     1    10
  1.8966349933947801E-01 a        11     0     1     1    11
 -3.0408335937364045E-01 a        12     0     1     1    12
  3.8109838149168257E-01 a        13     0     1     1    13
  2.5204351780567896E-01 a        14     0     1     1    14
  5.3897105605774778E-02 a        15     0     1     1    15
 -1.8902397886070971E-01 a        16     0     2     1     1
  5.2641570210420308E-01 a        17     0     2     1     2
  2.9428945192663702E-01 a        18     0     2     1     3
 -4.7493095476491165E-01 a        19     0     2     1     4
 -5.4415373032330694E-01 a        20     0     2     1     5
  2.9684355707532785E-02 a        21     0     2     1     6
 -3.5613290043605900E-01 a        22     0     2     1     7
  3.9051573120392835E-01 a        23     0     2     1     8
 -1.3167586662638200E-01 a        24     0     2     1     9
 -9.0102795991115314E-02 a        25     0     2     1    10
 -4.9788852994460071E-02 a        26     0     2     1    11
 -6.0542193482267664E-02 a        27     0     2     1    12
 -3.0564525921676322E-01 a        28     0     2     1    13
  4.2066698962397892E-01 a        29     0     2     1    14
 -2.7618239936511835E-01 a        30     0     2     1    15
 -5.9992865382401624E-02 a        31     0     3     1     1
  2.1422764652497076E-01 a        32     0     3     1     2
 -4.0602274341662875E-01 a        33     0     3     1     3
  3.4479302102987280E-01 a        34     0     3     1     4
 -3.7038026393257006E-01 a        35     0     3     1     5
 -1.6882722487184912E-01 a        36     0     3     1     6
  1.0794472227234175E-01 a        37     0     3     1     7
 -2.6395082451624349E-02 a        38     0     3     1     8
  3.0509249688574276E-02 a        39     0     3     1     9
  1.8391408864765826E-01 a        40     0     3     1    10
 -4.7237814502101844E-01 a        41     0     3     1    11
 -3.7530423197461787E-01 a        42     0     3     1    12
  1.2901616048391870E-01 a        43     0     3     1    13
  3.7742292308318554E-01 a        44     0     3     1    14
 -1.6195338668865453E-02 a        45     0     3     1    15
 -2.8446409622199514E-01 a        46     0     4     1     1
 -5.1619469213270000E-02 a        47     0     4     1     2
 -1.4268758085650840E-01 a        48     0     4     1     3
 -3.0436405845598086E-01 a        49     0     4     1     4
 -4.6078269366609509E-01 a        50     0     4     1     5
  2.6551070917169667E-01 a        51     0     4     1     6
 -4.3641460716372471E-01 a        52     0     4     1     7
 -7.9763603419774759E-02 a        53     0     4     1     8
 -3.2173005073769445E-01 a        54     0     4     1     9
 -2.6946805429283360E-01 a        55     0     4     1    10
  1.1124645351561782E-01 a        56     0     4     1    11
 -3.6393481057037486E-01 a        57     0     4     1    12
  7.1626908610840007E-02 a        58     0     4     1    13
 -1.0875122734050207E-02 a        59     0     4     1    14
  2.8548869622203554E-01 a        60     0     4     1    15
  4.2156523352672115E-01 a        61     0     5     1     1
  4.3128762013714450E-01 a        62     0     5     1     2
 -2.2300283291482442E-01 a        63     0     5     1     3
 -4.2912157016824937E-01 a        64     0     5     1     4
  4.0998928903052007E-01 a        65     0     5     1     5
 -1.4965126122472122E-01 a        66     0     5     1     6
 -4.6237620143472685E-01 a        67     0     5     1     7
  1.3825055849857038E-01 a        68     0     5     1     8
 -6.6062400965893400E-02 a        69     0     5     1     9
 -2.3570566708416632E-01 a        70     0     5     1    10
  2.4450884740901197E-02 a        71     0     5     1    11
 -1.9764897532058359E-01 a        72     0     5     1    12
 -4.1941054981978682E-01 a        73     0     5     1    13
  3.9751203937699076E-01 a        74     0     5     1    14
  1.3000661706627231E-01 a        75     0     5     1    15
  4.4992719671878695E-01 a        76     0     6     1     1
 -8.7225041064691606E-03 a        77     0     6     1     2
 -1.2665087392800023E-01 a        78     0     6     1     3
  1.9205371201565284E-02 a        79     0     6     1     4
  5.9894966142951467E-01 a        80     0     6     1     5
 -3.5764427194923026E-01 a        81     0     6     1     6
 -4.1760883197880894E-01 a        82     0     6     1     7
 -4.4932752135715287E-01 a        83     0     6     1     8
 -4.2619959159255782E-01 a        84     0     6     1     9
  5.1722556159152644E-01 a        85     0     6     1    10
 -6.3646074727527105E-02 a        86     0     6     1    11
  4.2643674697222683E-01 a        87     0     6     1    12
  2.0364038396212897E-01 a        88     0     6     1    13
  4.8495721568036609E-01 a        89     0     6     1    14
 -3.4357355643339671E-01 a        90     0     6     1    15
  9.1806766003624293E-02 a        91     0     7     1     1
  3.4357194434514149E-01 a        92     0     7     1     2
  9.4931348962575837E-02 a        93     0     7     1     3
 -6.5910685239953692E-02 a        94     0     7     1     4
  1.1130080888254869E-01 a        95     0     7     1     5
 -7.9979120783192220E-02 a        96     0     7     1     6
 -5.0376184058711759E-01 a        97     0     7     1     7
 -2.1519515728981009E-01 a        98     0     7     1     8
  2.7689865664387581E-01 a        99     0     7     1     9
  3.6076004043467069E-01 a       100     0     7     1    10
  1.6134758132573568E-01 a       101     0     7     1    11
 -2.9586552589388276E-01 a       102     0     7     1    12
 -1.2608163270573364E-01 a       103     0     7     1    13
  3.3546172260234375E-01 a       104     0     7     1    14
 -2.1540954767662901E-01 a       105     0     7     1    15
  2.2868602697820209E-01 a       106     0     8     1     1
 -1.9300971910849996E-01 a       107     0     8     1     2
  2.8361858403076412E-01 a       108     0     8     1     3
 -6.7473610567789874E-02 a       109     0     8     1     4
  4.0551645761676325E-01 a       110     0     8     1     5
 -4.9782055284422894E-01 a       111     0     8     1     6
  3.4464119033171717E-02 a       112     0     8     1     7
 -1.3018653002935374E-01 a       113     0     8     1     8
 -8.6799976336502938E-02 a       114     0     8     1     9
  7.2109839440494272E-01 a       115     0     8     1    10
  5.4845705954298574E-01 a       116     0     8     1    11
 -3.4028229924289682E-01 a       117     0     8     1    12
 -1.4067828426284765E-01 a       118     0     8     1    13
  3.9736836516118604E-02 a       119     0     8     1    14
 -2.9237628470910637E-01 a       120     0     8     1    15
 -3.9723127043247108E-01 a       121     0     9     1     1
 -1.1977890726283348E-01 a       122     0     9     1     2
  8.9731323033363591E-02 a       123     0     9     1     3
 -2.8640955406624485E-01 a       124     0     9     1     4
  7.5984448813639488E-04 a       125     0     9     1     5
  2.2177108744830901E-01 a       126     0     9     1     6
 -1.8188679920470580E-01 a       127     0     9     1     7
  6.0626305935506275E-01 a       128     0     9     1     8
 -2.6687210892118063E-01 a       129     0     9     1     9
 -4.8856139765662238E-01 a       130     0     9     1    10
 -4.7787886448711354E-02 a       131     0     9     1    11
 -3.1533835043838881E-01 a       132     0     9     1    12
  3.1779883089226141E-01 a       133     0     9     1    13
  4.1856834380132713E-02 a       134     0     9     1    14
 -1.5066875037105226E-01 a       135     0     9     1    15
  2.4871171299495326E-01 a       136     0    10     1     1
 -2.4785923819644523E-01 a       137     0    10     1     2
 -4.3696637083009637E-01 a       138     0    10     1     3
 -8.4561666411027067E-02 a       139     0    10     1     4
 -4.6546351764427640E-01 a       140     0    10     1     5
  3.0275752176200565E-01 a       141     0    10     1     6
  3.5632930887865621E-01 a       142     0    10     1     7
 -5.4339046934268553E-01 a       143     0    10     1     8
 -2.3793309465725834E-01 a       144     0    10     1     9
 -7.4350142673734343E-01 a       145     0    10     1    10
 -1.8905205744667933E-01 a       146     0    10     1    11
  2.1127137171070967E-01 a       147     0    10     1    12
  2.3777994586230908E-01 a       148     0    10     1    13
  4.1189029474361663E-02 a       149     0    10     1    14
 -2.5575044679156660E-02 a       150     0    10     1    15
 -5.9746583540196928E-02 a       151     0    11     1     1
 -4.2682348418958538E-01 a       152     0    11     1     2
 -2.4150967109583965E-01 a       153     0    11     1     3
  2.5444731162899498E-01 a       154     0    11     1     4
  4.9078297418757993E-01 a       155     0    11     1     5
 -2.0383956702257341E-01 a       156     0    11     1     6
 -2.4878576337877303E-01 a       157     0    11     1     7
 -1.8570138273049722E-01 a       158     0    11     1     8
  3.6133656864179153E-01 a       159     0    11     1     9
  1.1648906394904830E-01 a       160     0    11     1    10
  5.7843329677524280E-01 a       161     0    11     1    11
 -8.9999472262457553E-02 a       162     0    11     1    12
 -6.2935686413015623E-01 a       163     0    11     1    13
  6.5418856796005298E-01 a       164     0    11     1    14
  2.5975736840646346E-01 a       165     0    11     1    15
  4.2526221539353898E-01 a       166     0    12     1     1
  3.5004850261108132E-02 a       167     0    12     1     2
  2.0405910433996333E-01 a       168     0    12     1     3
 -1.4693464650783181E-01 a       169     0    12     1     4
  6.0578873601087990E-02 a       170     0    12     1     5
 -2.8172271403131233E-01 a       171     0    12     1     6
  4.6457770877329141E-01 a       172     0    12     1     7
 -1.0379116784759247E-01 a       173     0    12     1     8
 -4.3478422209712958E-01 a       174     0    12     1     9
  2.9090658083484489E-01 a       175     0    12     1    10
  1.9395119374861322E-01 a       176     0    12     1    11
  3.6767118702378351E-02 a       177     0    12     1    12
  1.1097365679928353E-01 a       178     0    12     1    13
  5.2768118958815308E-02 a       179     0    12     1    14
 -2.3989460149338740E-01 a       180     0    12     1    15
  1.7725572529188091E-01 a       181     0    13     1     1
  8.1844777802560553E-02 a       182     0    13     1     2
 -1.3041343430443708E-01 a       183     0    13     1     3
  1.6838906387543703E-01 a       184     0    13     1     4
 -6.4332641708295746E-01 a       185     0    13     1     5
  3.8462791083367281E-01 a       186     0    13     1     6
  4.1301833984881364E-01 a       187     0    13     1     7
  4.7431892361060529E-01 a       188     0    13     1     8
  3.5476130020031171E-01 a       189     0    13     1     9
 -1.6330495288028973E-01 a       190     0    13     1    10
 -6.2065892316722981E-01 a       191     0    13     1    11
  7.2916740917537393E-01 a       192     0    13     1    12
 -8.7602227417907047E-02 a       193     0    13     1    13
  4.9068759046939026E-01 a       194     0    13     1    14
  3.7073920377089742E-01 a       195     0    13     1    15
 -3.3691789027090407E-01 a       196     0    14     1     1
 -8.9774571396174688E-02 a       197     0    14     1     2
  3.1487917572072233E-03 a       198     0    14     1     3
  1.1579937105164498E-01 a       199     0    14     1     4
 -1.8108756356312614E-01 a       200     0    14     1     5
  3.0270350411235647E-01 a       201     0    14     1     6
 -2.2177452903972444E-01 a       202     0    14     1     7
 -4.4376580841067426E-01 a       203     0    14     1     8
  2.1095104422841962E-01 a       204     0    14     1     9
  1.6891437554060645E-01 a       205     0    14     1    10
 -3.0296976766932077E-01 a       206     0    14     1    11
  1.2722034783032285E-01 a       207     0    14     1    12
 -4.9616912625665899E-01 a       208     0    14     1    13
 -3.2109786718212469E-01 a       209     0    14     1    14
 -2.9445507565056089E-01 a       210     0    14     1    15
 -1.5864558778989654E-01 a       211     0    15     1     1
 -4.9036149686584912E-01 a       212     0    15     1     2
 -8.4265379385559502E-02 a       213     0    15     1     3
 -1.2212084622699221E-01 a       214     0    15     1     4
 -2.2326833885915839E-01 a       215     0    15     1     5
 -1.0530941915473704E-01 a       216     0    15     1     6
  5.9038211177213129E-01 a       217     0    15     1     7
 -3.6915532434361062E-02 a       218     0    15     1     8
  3.4726638015985423E-01 a       219     0    15     1     9
 -5.2010917745093743E-01 a       220     0    15     1    10
  8.1423257195993429E-02 a       221     0    15     1    11
  4.2804868583476713E-01 a       222     0    15     1    12
  2.2063536248080268E-01 a       223     0    15     1    13
 -6.9015734812701166E-02 a       224     0    15     1    14
  5.6857414884756508E-01 a       225     0    15     1    15
 -2.8739919171693334E-01 b       226     1     1
 -1.9347847383154197E-02 b       227     1     2
  2.8475607127033992E-01 b       228     1     3
  2.5574728923182150E-01 b       229     1     4
  2.7429860071101325E-01 b       230     1     5
 -7.3079526461389294E-02 b       231     1     6
  1.7102753875270518E-01 b       232     1     7
  3.0530773874612704E-01 b       233     1     8
  1.4244487745819365E-01 b       234     1     9
  3.0765943318959144E-01 b       235     1    10
  1.2222812968080461E-01 b       236     1    11
 -3.5104354401107797E-02 b       237     1    12
 -2.3457734332556368E-01 b       238     1    13
  8.0562997621323504E-02 b       239     1    14
  6.5012618258781629E-02 b       240     1    15
 -1.1409474017091481E-01 a       241     1     1     2     1
  4.7547765615485654E-01 a       242     1     1     2     2
  2.2227021370236827E-01 a       243     1     1     2     3
 -3.8081053571036788E-01 a       244     1     1     2     4
 -1.9118072657354857E-01 a       245     1     1     2     5
 -4.8722520323249324E-01 a       246     1     1     2     6
  3.9675906452576182E-02 a       247     1     1     2     7
  3.0369933505480656E-01 a       248     1     1     2     8
  3.0088418007905038E-01 a       249     1     1     2     9
 -2.2148296433443160E-01 a       250     1     1     2    10
 -3.2759786047648243E-01 a       251     1     1     2    11
 -4.3972795149491439E-01 a       252     1     1     2    12
 -4.1113826967240752E-01 a       253     1     1     2    13
  3.1719880099956571E-01 a       254     1     1     2    14
  7.3820549799650595E-02 a       255     1     1     2    15
  5.9997906041959821E-02 a       256     1     2     2     1
 -2.9221474256406982E-01 a       257     1     2     2     2
 -2.6000494842871331E-02 a       258     1     2     2     3
 -3.8739988865085104E-02 a       259     1     2     2     4
  5.2860626138490141E-01 a       260     1     2     2     5
 -2.9966589788992198E-01 a       261     1     2     2     6
 -2.8525744027474070E-02 a       262     1     2     2     7
 -6.2601494915559130E-01 a       263     1     2     2     8
  3.0879610735465896E-01 a       264     1     2     2     9
 -3.0127719753295296E-01 a       265     1     2     2    10
  1.3409025595143942E-01 a       266     1     2     2    11
 -8.6734507015754983E-02 a       267     1     2     2    12
 -4.5427412782383790E-02 a       268     1     2     2    13
 -3.5868143487794574E-01 a       269     1     2     2    14
  1.6305596779136547E-01 a       270     1     2     2    15
  1.0948633838327088E-01 a       271     1     3     2     1
  6.0183682502276632E-02 a       272     1     3     2     2
 -2.7079327796096442E-01 a       273     1     3     2     3
 -8.6180109783862424E-02 a       274     1     3     2     4
 -2.7324251652328096E-01 a       275     1     3     2     5
 -1.8641661078413369E-01 a       276     1     3     2     6
 -3.3815523902436717E-01 a       277     1     3     2     7
 -4.9412974796317249E-01 a       278     1     3     2     8
  2.0620007527941470E-01 a       279     1     3     2     9
  2.3434441307699894E-01 a       280     1     3     2    10
  3.6573066588987335E-01 a       281     1     3     2    11
 -2.5109771740727432E-01 a       282     1     3     2    12
 -1.8798621887447881E-01 a       283     1     3     2    13
  4.4835307301429789E-01 a       284     1     3     2    14
  1.5495474398178236E-01 a       285     1     3     2    15
  4.3591292498311468E-01 a       286     1     4     2     1
  1.4722626329989261E-01 a       287     1     4     2     2
  3.2343247539727817E-02 a       288     1     4     2     3
 -3.6110499401140056E-01 a       289     1     4     2     4
 -2.9242151558440521E-01 a       290     1     4     2     5
 -1.7503557937007988E-01 a       291     1     4     2     6
  1.9386682811305941E-02 a       292     1     4     2     7
 -1.3826686505813010E-01 a       293     1     4     2     8
 -1.6914646879964731E-01 a       294     1     4     2     9
 -4.5004501030815519E-02 a       295     1     4     2    10
  3.9294554673467436E-01 a       296     1     4     2    11
 -3.3406977506996310E-01 a       297     1     4     2    12
  9.1847947786812927E-03 a       298     1     4     2    13
  1.3194865700654715E-02 a       299     1     4     2    14
 -3.5980378154945064E-01 a       300     1     4     2    15
  1.3119390021649860E-01 a       301     1     5     2     1
 -8.4632665814434391E-02 a       302     1     5     2     2
  3.1057124555779053E-01 a       303     1     5     2     3
 -4.6317673540729237E-01 a       304     1     5     2     4
  3.7555059963705822E-01 a       305     1     5     2     5
  1.5704405062900109E-01 a       306     1     5     2     6
 -2.5086744211462553E-01 a       307     1     5     2     7
 -3.2617364673527605E-01 a       308     1     5     2     8
  4.3026006659837318E-01 a       309     1     5     2     9
  7.1698016273357490E-01 a       310     1     5     2    10
 -1.8742062648607072E-01 a       311     1     5     2    11
  2.5095007404985742E-01 a       312     1     5     2    12
  2.1352608633705011E-01 a       313     1     5     2    13
  1.2861588463683274E-01 a       314     1     5     2    14
  2.8207382873306164E-01 a       315     1     5     2    15
  3.7200668082838290E-01 a       316     1     6     2     1
 -4.7287238802070003E-02 a       317     1     6     2     2
 -3.9428358358226828E-01 a       318     1     6     2     3
 -3.0328204353889116E-01 a       319     1     6     2     4
  8.8310734477741556E-02 a       320     1     6     2     5
  2.2614064481186905E-01 a       321     1     6     2     6
  5.4626671666808946E-01 a       322     1     6     2     7
  8.0212145077723551E-01 a       323     1     6     2     8
 -3.5294586534904115E-01 a       324     1     6     2     9
 -2.5338277847653023E-01 a       325     1     6     2    10
  1.5300664733182906E-01 a       326     1     6     2    11
 -3.9759683974194292E-02 a       327     1     6     2    12
  4.7427577836900790E-02 a       328     1     6     2    13
 -2.3288814740276376E-01 a       329     1     6     2    14
  3.9906390435528111E-01 a       330     1     6     2    15
 -1.8459234338274108E-01 a       331     1     7     2     1
 -2.2437869064905705E-01 a       332     1     7     2     2
 -3.0568045127496074E-01 a       333     1     7     2     3
  4.9288500184865552E-01 a       334     1     7     2     4
 -6.4037013552820696E-02 a       335     1     7     2     5
 -3.8061353662324898E-01 a       336     1     7     2     6
  3.3954108924876736E-01 a       337     1     7     2     7
 -4.5385451947901417E-01 a       338     1     7     2     8
 -1.4083551971171221E-01 a       339     1     7     2     9
  3.3902115978069164E-01 a       340     1     7     2    10
 -3.0040928906932940E-01 a       341     1     7     2    11
  2.4838564071608826E-01 a       342     1     7     2    12
  6.3494841964642046E-01 a       343     1     7     2    13
  4.2887459617080827E-02 a       344     1     7     2    14
 -2.6901320590897249E-01 a       345     1     7     2    15
  7.9859937986003882E-02 a       346     1     8     2     1
  3.1374155536369330E-01 a       347     1     8     2     2
 -4.2916220464939391E-02 a       348     1     8     2     3
  2.4002800989951781E-01 a       349     1     8     2     4
 -1.7726194055965067E-01 a       350     1     8     2     5
  2.7388760889860869E-01 a       351     1     8     2     6
 -2.5565417050771333E-01 a       352     1     8     2     7
 -3.0800767131504198E-01 a       353     1     8     2     8
 -6.7843623201885278E-02 a       354     1     8     2     9
  1.1508410645567728E-03 a       355     1     8     2    10
  4.1412985925645152E-01 a       356     1     8     2    11
  2.2577575337129852E-01 a       357     1     8     2    12
  2.2657340098786222E-01 a       358     1     8     2    13
 -2.2979607221893364E-01 a       359     1     8     2    14
 -1.3736046077306141E-01 a       360     1     8     2    15
 -3.1919004058538741E-01 a       361     1     9     2     1
 -1.3679373576200294E-02 a       362     1     9     2     2
 -5.2750184855391469E-01 a       363     1     9     2     3
 -2.3195270375556795E-01 a       364     1     9     2     4
 -2.8587996274604571E-01 a       365     1     9     2     5
  2.8758577489110274E-02 a       366     1     9     2     6
  1.3313120605116138E-01 a       367     1     9     2     7
  4.9896812679902186E-01 a       368     1     9     2     8
  1.7548440873251653E-01 a       369     1     9     2     9
 -2.4239569645186779E-01 a       370     1     9     2    10
 -7.7561531671921771E-02 a       371     1     9     2    11
  4.2081033827420894E-01 a       372     1     9     2    12
  3.2387887713894764E-01 a       373     1     9     2    13
  4.4486253758279326E-01 a       374     1     9     2    14
  3.2204705635075759E-01 a       375     1     9     2    15
 -4.0521516130396096E-01 a       376     1    10     2     1
  5.1047697493564326E-01 a       377     1    10     2     2
  4.7925052902524377E-02 a       378     1    10     2     3
  1.5373944971611977E-01 a       379     1    10     2     4
  1.8300425637330844E-01 a       380     1    10     2     5
 -2.2918357366154143E-01 a       381     1    10     2     6
  1.4715892984716702E-01 a       382     1    10     2     7
 -4.6264207961562009E-01 a       383     1    10     2     8
  1.8454376779900059E-02 a       384     1    10     2     9
  5.5103932586060977E-01 a       385     1    10     2    10
 -2.2444840445870679E-01 a       386     1    10     2    11
 -1.4488152419563735E-01 a       387     1    10     2    12
 -4.2676748749591453E-01 a       388     1    10     2    13
  7.3541782337964090E-01 a       389     1    10     2    14
 -5.9250658676953460E-01 a       390     1    10     2    15
 -4.1930174207901555E-01 a       391     1    11     2     1
 -2.5050286321591603E-01 a       392     1    11     2     2
  1.4110503020666268E-01 a       393     1    11     2     3
  6.7630926037381536E-02 a       394     1    11     2     4
  2.2763979130058878E-01 a       395     1    11     2     5
 -4.9067290487184645E-01 a       396     1    11     2     6
 -6.7683842757077450E-01 a       397     1    11     2     7
 -1.6504138504174448E-01 a       398     1    11     2     8
 -1.9581717080355535E-01 a       399     1    11     2     9
  5.6493794653759666E-01 a       400     1    11     2    10
 -4.8403861653282906E-02 a       401     1    11     2    11
  4.0352964294246940E-01 a       402     1    11     2    12
 -3.5857253192983762E-01 a       403     1    11     2    13
  2.4992579968776643E-01 a       404     1    11     2    14
  1.2354588440762850E-01 a       405     1    11     2    15
 -3.5382710866139422E-01 a       406     1    12     2     1
 -2.4624667041520557E-01 a       407     1    12     2     2
 -1.8156763326234962E-02 a       408     1    12     2     3
  3.7029437063970805E-01 a       409     1    12     2     4
 -3.7443884299245622E-01 a       410     1    12     2     5
 -6.7940246637339419E-01 a       411     1    12     2     6
  4.0452303664194661E-01 a       412     1    12     2     7
 -1.7633861950249274E-01 a       413     1    12     2     8
 -3.4227408731297926E-01 a       414     1    12     2     9
  1.2752511702355507E-01 a       415     1    12     2    10
 -1.1068049862106760E-01 a       416     1    12     2    11
 -3.1192607891403867E-01 a       417     1    12     2    12
  2.8625728857151117E-01 a       418     1    12     2    13
  5.6421891751563272E-02 a       419     1    12     2    14
  4.5113622280736915E-01 a       420     1    12     2    15
 -3.9003937272674338E-01 a       421     1    13     2     1
 -5.7043546327485907E-02 a       422     1    13     2     2
  2.3252859269499968E-02 a       423     1    13     2     3
  3.5614624949123919E-01 a       424     1    13     2     4
 -2.8775849139853343E-01 a       425     1    13     2     5
  3.7196461755465210E-01 a       426     1    13     2     6
 -2.3964259464217311E-01 a       427     1    13     2     7
  1.2605430170148174E-01 a       428     1    13     2     8
  1.3820388016173640E-01 a       429     1    13     2     9
 -1.2550655417614920E-01 a       430     1    13     2    10
 -6.0850044108140755E-01 a       431     1    13     2    11
 -3.1411220809199586E-01 a       432     1    13     2    12
  4.1732166136883124E-02 a       433     1    13     2    13
 -3.8873437285282697E-01 a       434     1    13     2    14
  5.8724936910107946E-02 a       435     1    13     2    15
 -2.1578926619294761E-01 a       436     1    14     2     1
 -8.2654216920537045E-03 a       437     1    14     2     2
  2.8886235067602872E-01 a       438     1    14     2     3
 -1.2215664969930443E-01 a       439     1    14     2     4
 -7.3587625357738484E-01 a       440     1    14     2     5
 -3.7675809329601490E-01 a       441     1    14     2     6
  4.2667700942357598E-02 a       442     1    14     2     7
 -2.5237908589529795E-01 a       443     1    14     2     8
  1.7304072307706192E-01 a       444     1    14     2     9
  3.2271615034194495E-01 a       445     1    14     2    10
 -1.8037760056005525E-01 a       446     1    14     2    11
  5.7401547419822996E-01 a       447     1    14     2    12
 -2.4584852636482921E-01 a       448     1    14     2    13
  2.7945989322129283E-01 a       449     1    14     2    14
  8.1461969243606069E-01 a       450     1    14     2    15
  3.2636179020612466E-01 a       451     1    15     2     1
 -1.5600552341573726E-01 a       452     1    15     2     2
 -2.2399829245839203E-01 a       453     1    15     2     3
 -8.5413437892859351E-02 a       454     1    15     2     4
 -2.6942714371660931E-01 a       455     1    15     2     5
 -1.8135855263299591E-01 a       456     1    15     2     6
 -6.6208880922776769E-02 a       457     1    15     2     7
  3.6794580035302782E-01 a       458     1    15     2     8
 -1.6160980104579542E-01 a       459     1    15     2     9
  2.0122592505762868E-01 a       460     1    15     2    10
  9.7078189845542034E-02 a       461     1    15     2    11
  4.4152312846121988E-01 a       462     1    15     2    12
  4.9859204002447571E-01 a       463     1    15     2    13
 -3.4961916132326895E-02 a       464     1    15     2    14
  3.5953255840160864E-01 a       465     1    15     2    15
  1.6604434613321781E-01 b       466     2     1
 -1.7866199670563263E-01 b       467     2     2
 -1.8965550962818198E-01 b       468     2     3
 -6.0326598465918084E-02 b       469     2     4
  2.7985246450381518E-01 b       470     2     5
  6.2699919305960325E-03 b       471     2     6
  1.4655823684092301E-01 b       472     2     7
 -1.3433484768073814E-01 b       473     2     8
  1.3626757366144370E-03 b       474     2     9
  1.2956143881758966E-01 b       475     2    10
  1.0716680897462574E-01 b       476     2    11
  2.3560488829632395E-01 b       477     2    12
  1.0998991339703833E-01 b       478     2    13
  2.8231684551142355E-01 b       479     2    14
  7.8592163349839622E-02 b       480     2    15
  7.8951547075173234E-01 a       481     2     1     3     1
 -6.5857057184236223E-01 a       482     2     2     3     1
 -1.6842301214480543E-01 a       483     2     3     3     1
  6.4326834345326678E-01 a       484     2     4     3     1
 -1.2820112667744548E+00 a       485     2     5     3     1
  8.8929643348278131E-01 a       486     2     6     3     1
  6.9334909118238086E-01 a       487     2     7     3     1
  9.1789540740434217E-01 a       488     2     8     3     1
 -9.5204250826267112E-01 a       489     2     9     3     1
 -1.0454529532819039E+00 a       490     2    10     3     1
  6.8465265228935879E-01 a       491     2    11     3     1
 -2.1000171515924118E-01 a       492     2    12     3     1
  9.6619970504165531E-01 a       493     2    13     3     1
 -9.5948747511029453E-01 a       494     2    14     3     1
  3.4364354790211682E-01 a       495     2    15     3     1
  7.7599756601387060E-01 b       496     3     1
