################################################################################
# Neural network connection values (weights and biases).
################################################################################
# Col  Name       Description
################################################################################
# 1    connection Neural network connection value.
# 2    t          Connection type (a = weight, b = bias).
# 3    index      Index enumerating weights.
# 4    l_s        Starting point layer (end point layer for biases).
# 5    n_s        Starting point neuron in starting layer (end point neuron for biases).
# 6    l_e        End point layer.
# 7    n_e        End point neuron in end layer.
################################################################################
#                      1 2         3     4     5     6     7
#             connection t     index   l_s   n_s   l_e   n_e
############################################################
 -2.1607544267480211E-01 a         1     0     1     1     1
  2.9833060114977339E-01 a         2     0     1     1     2
 -9.1566817953692925E-02 a         3     0     1     1     3
 -2.9911697323658565E-01 a         4     0     1     1     4
  3.9920632827732290E-02 a         5     0     1     1     5
 -2.2327561972404877E-01 a         6     0     1     1     6
  2.6778888117633659E-01 a         7     0     1     1     7
  1.3992058953111791E-01 a         8     0     1     1     8
 -2.1486394907396841E-01 a         9     0     1     1     9
  1.8410005493658246E-01 a        10     0     1     1    10
  2.9229037053353879E-01 a        11     0     1     1    11
  4.2068205990634114E-02 a        12     0     1     1    12
 -3.9925667568556206E-01 a        13     0     1     1    13
 -9.8899844014384466E-02 a        14     0     1     1    14
  2.1582369980735178E-02 a        15     0     1     1    15
  2.8884456934251385E-01 a        16     0     2     1     1
 -1.7411479430727556E-01 a        17     0     2     1     2
 -4.3336301597457449E-01 a        18     0     2     1     3
 -4.6744139714690414E-01 a        19     0     2     1     4
  3.7430839780493075E-01 a        20     0     2     1     5
 -3.1002064237711319E-01 a        21     0     2     1     6
 -4.6089480693153717E-01 a        22     0     2     1     7
 -1.8705686416501316E-01 a        23     0     2     1     8
  3.8936885567052354E-01 a        24     0     2     1     9
 -8.5197308352686796E-02 a        25     0     2     1    10
  1.0822335924417462E-02 a        26     0     2     1    11
 -3.6638729252917418E-01 a        27     0     2     1    12
 -1.6448306590776535E-01 a        28     0     2     1    13
 -1.0557354697229525E-01 a        29     0     2     1    14
  2.2520972360014624E-01 a        30     0     2     1    15
  2.2880063496582456E-01 a        31     0     3     1     1
  1.8234853773387846E-01 a        32     0     3     1     2
 -1.7194102424820332E-01 a        33     0     3     1     3
  1.3400793950833997E-01 a        34     0     3     1     4
  3.0026375661064636E-01 a        35     0     3     1     5
  3.3720297711176080E-02 a        36     0     3     1     6
  3.1050221917958898E-01 a        37     0     3     1     7
  3.7094522811089908E-01 a        38     0     3     1     8
 -3.6526004263841688E-01 a        39     0     3     1     9
  4.0741698425796885E-01 a        40     0     3     1    10
  3.1473103910980149E-01 a        41     0     3     1    11
 -6.8742451243923891E-02 a        42     0     3     1    12
 -3.1792882568222758E-01 a        43     0     3     1    13
 -2.7416407419260130E-01 a        44     0     3     1    14
 -4.0599888536536893E-01 a        45     0     3     1    15
 -3.1230251018273752E-01 a        46     0     4     1     1
  1.0978330716709540E-02 a        47     0     4     1     2
  3.5538046133728983E-02 a        48     0     4     1     3
  2.0098342001986155E-01 a        49     0     4     1     4
  1.5038931116816023E-01 a        50     0     4     1     5
  3.8234606047452876E-03 a        51     0     4     1     6
  8.1920951384281626E-02 a        52     0     4     1     7
  3.2120421762998036E-01 a        53     0     4     1     8
 -1.0476115456390080E-01 a        54     0     4     1     9
 -4.0541533644688876E-01 a        55     0     4     1    10
  4.4080660341357664E-01 a        56     0     4     1    11
 -3.6142214622944929E-01 a        57     0     4     1    12
 -5.2264385353907490E-03 a        58     0     4     1    13
  3.5821049109110581E-01 a        59     0     4     1    14
  3.3445661531351167E-01 a        60     0     4     1    15
  1.8218277805259678E-01 a        61     0     5     1     1
 -2.8939848693807885E-01 a        62     0     5     1     2
 -3.0459047509727022E-01 a        63     0     5     1     3
  2.6193194264106467E-01 a        64     0     5     1     4
  4.0424985702669669E-01 a        65     0     5     1     5
  3.7414634694663323E-01 a        66     0     5     1     6
  3.5373362775265921E-01 a        67     0     5     1     7
  1.7071495057082654E-02 a        68     0     5     1     8
 -3.8316247210733562E-01 a        69     0     5     1     9
 -1.3110953850990961E-01 a        70     0     5     1    10
 -3.3570932789013663E-01 a        71     0     5     1    11
 -4.1591789011085972E-01 a        72     0     5     1    12
  2.1679942378561812E-01 a        73     0     5     1    13
  3.0471798557188007E-01 a        74     0     5     1    14
 -2.6123484198723296E-01 a        75     0     5     1    15
  2.0935420815761649E-01 a        76     0     6     1     1
 -3.2152899920615430E-01 a        77     0     6     1     2
  3.8116546589195621E-01 a        78     0     6     1     3
 -1.1109167058254857E-01 a        79     0     6     1     4
  2.0586654712928884E-01 a        80     0     6     1     5
  2.2460049587103437E-01 a        81     0     6     1     6
 -3.4564388624814940E-01 a        82     0     6     1     7
 -7.6564681072344015E-02 a        83     0     6     1     8
 -7.1623811625742925E-02 a        84     0     6     1     9
  3.3810096456530503E-01 a        85     0     6     1    10
  2.4489890222437863E-01 a        86     0     6     1    11
 -1.6216244921870032E-01 a        87     0     6     1    12
  5.6450426895111011E-02 a        88     0     6     1    13
  1.3431648562579185E-01 a        89     0     6     1    14
 -1.3678148180972113E-01 a        90     0     6     1    15
  2.8095626924138691E-02 a        91     0     7     1     1
  1.2395562071095999E-01 a        92     0     7     1     2
 -3.7083651930104808E-02 a        93     0     7     1     3
 -2.9924003369099195E-01 a        94     0     7     1     4
  1.5568017097759590E-01 a        95     0     7     1     5
 -1.9090084843947752E-01 a        96     0     7     1     6
  1.2869888337484237E-01 a        97     0     7     1     7
  4.5518002678334207E-01 a        98     0     7     1     8
 -3.2754387296487997E-01 a        99     0     7     1     9
  8.3841521980923026E-02 a       100     0     7     1    10
 -2.9598684889226101E-01 a       101     0     7     1    11
 -3.0742884547136023E-01 a       102     0     7     1    12
  1.1557276227321189E-01 a       103     0     7     1    13
  1.2985615329528959E-02 a       104     0     7     1    14
 -5.7442780703079788E-01 a       105     0     7     1    15
  4.9428566638729754E-01 a       106     0     8     1     1
 -1.3035260614395741E-01 a       107     0     8     1     2
 -1.4737760925479820E-01 a       108     0     8     1     3
 -3.3380679911504935E-01 a       109     0     8     1     4
 -6.4253301220520409E-01 a       110     0     8     1     5
  4.2388066591087964E-01 a       111     0     8     1     6
 -4.9354136516289941E-02 a       112     0     8     1     7
 -1.2380904165956158E-01 a       113     0     8     1     8
  3.8453364896949155E-01 a       114     0     8     1     9
  6.2706139830462665E-02 a       115     0     8     1    10
  2.9678690302672717E-01 a       116     0     8     1    11
 -4.2119624442339637E-01 a       117     0     8     1    12
 -1.8660484675701552E-01 a       118     0     8     1    13
  2.7972368267504866E-02 a       119     0     8     1    14
 -6.0718438648397832E-01 a       120     0     8     1    15
  6.4810571715254436E-02 a       121     0     9     1     1
 -4.3978802031741676E-01 a       122     0     9     1     2
 -2.1855330034492781E-01 a       123     0     9     1     3
  5.1452045710232402E-02 a       124     0     9     1     4
 -4.9737518031905464E-01 a       125     0     9     1     5
 -2.6972346253283580E-01 a       126     0     9     1     6
  3.4362265855444024E-02 a       127     0     9     1     7
 -2.3960029303999514E-02 a       128     0     9     1     8
  1.8569723675788430E-01 a       129     0     9     1     9
  1.8792942099271595E-01 a       130     0     9     1    10
  1.1828831438932831E-01 a       131     0     9     1    11
  3.5256479963488868E-01 a       132     0     9     1    12
  4.0262784042449973E-01 a       133     0     9     1    13
 -5.8614394069301978E-01 a       134     0     9     1    14
 -8.2459666984830826E-01 a       135     0     9     1    15
  3.1410247325997848E-01 a       136     0    10     1     1
 -2.0969356604524492E-01 a       137     0    10     1     2
  3.4099260954810001E-01 a       138     0    10     1     3
 -4.2813964929256376E-01 a       139     0    10     1     4
  6.5798511248813614E-04 a       140     0    10     1     5
 -5.4247370883595236E-01 a       141     0    10     1     6
 -2.6591929372777529E-01 a       142     0    10     1     7
  2.2837226586541368E-01 a       143     0    10     1     8
 -8.7106839535671568E-02 a       144     0    10     1     9
 -2.2914414227851387E-01 a       145     0    10     1    10
  4.6120376424637632E-01 a       146     0    10     1    11
  2.8844781791937008E-01 a       147     0    10     1    12
  1.5742617278367987E-01 a       148     0    10     1    13
  1.6828277214502854E-01 a       149     0    10     1    14
 -2.6912987249677756E-01 a       150     0    10     1    15
  1.8715713327051017E-01 a       151     0    11     1     1
  1.0241497288018429E-02 a       152     0    11     1     2
 -1.7137060923331293E-01 a       153     0    11     1     3
 -3.8959696006246386E-01 a       154     0    11     1     4
  4.1693646819414820E-01 a       155     0    11     1     5
 -5.5794186566575199E-02 a       156     0    11     1     6
  3.3522104540791098E-01 a       157     0    11     1     7
 -8.9580168122576423E-02 a       158     0    11     1     8
  2.4281553329517669E-01 a       159     0    11     1     9
  8.6032184624751457E-02 a       160     0    11     1    10
  2.1414883282770397E-01 a       161     0    11     1    11
 -1.2871454754293524E-01 a       162     0    11     1    12
  4.8779500251320146E-01 a       163     0    11     1    13
  3.0077655917274526E-01 a       164     0    11     1    14
  7.0022830894183263E-02 a       165     0    11     1    15
  6.9874958833423895E-01 a       166     0    12     1     1
  4.6462870284664232E-01 a       167     0    12     1     2
 -2.5340747162046690E-01 a       168     0    12     1     3
  5.6418643956489856E-01 a       169     0    12     1     4
  2.5495395464684406E-01 a       170     0    12     1     5
  3.0102556071303849E-01 a       171     0    12     1     6
 -3.7543306135617260E-01 a       172     0    12     1     7
  1.3462853869361088E-01 a       173     0    12     1     8
  4.0354631894646088E-02 a       174     0    12     1     9
 -2.4658459875835009E-01 a       175     0    12     1    10
  5.3723216016202398E-02 a       176     0    12     1    11
 -3.5125339577231102E-01 a       177     0    12     1    12
  6.9901832330045044E-02 a       178     0    12     1    13
 -4.1924197927184492E-01 a       179     0    12     1    14
  2.3164212295322975E-01 a       180     0    12     1    15
  4.4262282826048355E-01 a       181     0    13     1     1
 -6.6700961770716563E-02 a       182     0    13     1     2
 -1.3993788276896357E-01 a       183     0    13     1     3
 -3.6694990057760529E-02 a       184     0    13     1     4
  4.4863704076275440E-01 a       185     0    13     1     5
  2.9925783817107721E-01 a       186     0    13     1     6
 -1.0765945731916294E-02 a       187     0    13     1     7
 -5.5138976678282359E-01 a       188     0    13     1     8
 -1.4546714985532330E-01 a       189     0    13     1     9
  3.1346890086113871E-01 a       190     0    13     1    10
 -3.5231434011942613E-02 a       191     0    13     1    11
  3.1607042911191313E-01 a       192     0    13     1    12
  4.8592311418218964E-01 a       193     0    13     1    13
  1.6229265752723718E-01 a       194     0    13     1    14
 -4.4820888035417415E-02 a       195     0    13     1    15
  4.6590465435401812E-01 a       196     0    14     1     1
 -2.3377646718033823E-01 a       197     0    14     1     2
 -3.4744750027394876E-02 a       198     0    14     1     3
  1.9561984473123825E-01 a       199     0    14     1     4
 -3.7030987053306347E-01 a       200     0    14     1     5
 -1.9564217467712308E-01 a       201     0    14     1     6
 -2.6191731709168797E-01 a       202     0    14     1     7
  2.5071258493215547E-02 a       203     0    14     1     8
 -5.5248426790912952E-01 a       204     0    14     1     9
 -1.1326625845776606E-01 a       205     0    14     1    10
  3.5713322379971163E-01 a       206     0    14     1    11
  3.4023543650346177E-01 a       207     0    14     1    12
 -3.7979550348344693E-01 a       208     0    14     1    13
 -3.4664907520942208E-02 a       209     0    14     1    14
  1.7625192399870357E-01 a       210     0    14     1    15
  7.6774582363702826E-02 b       211     1     1
 -1.2986470117604965E-01 b       212     1     2
 -8.9352231028605733E-02 b       213     1     3
 -1.5444629875413396E-01 b       214     1     4
 -1.7837102291628515E-01 b       215     1     5
 -2.5826141225200883E-01 b       216     1     6
 -3.1271522027757487E-02 b       217     1     7
  1.1873635417170018E-01 b       218     1     8
  5.2152758607441674E-02 b       219     1     9
 -1.4898483297731011E-01 b       220     1    10
 -8.4897317829635513E-02 b       221     1    11
 -9.1933741273381622E-02 b       222     1    12
 -4.3268196475148785E-03 b       223     1    13
 -3.8330472191559239E-01 b       224     1    14
  5.9675561158388471E-02 b       225     1    15
 -3.4120019377995731E-01 a       226     1     1     2     1
  4.2607674703995659E-02 a       227     1     1     2     2
 -7.5952595747364000E-03 a       228     1     1     2     3
 -4.8438600599141329E-01 a       229     1     1     2     4
  1.7866069433441701E-02 a       230     1     1     2     5
 -2.0449748077816760E-01 a       231     1     1     2     6
 -1.3710212422469245E-01 a       232     1     1     2     7
 -1.2719616385981392E-01 a       233     1     1     2     8
 -6.3561253852973254E-01 a       234     1     1     2     9
 -3.4996352372926309E-01 a       235     1     1     2    10
  2.7803319445553920E-01 a       236     1     1     2    11
 -2.5001592030330122E-01 a       237     1     1     2    12
  5.0409889422714078E-02 a       238     1     1     2    13
  6.1464794790924615E-01 a       239     1     1     2    14
  2.0357752154464401E-01 a       240     1     1     2    15
  6.9456688960776169E-02 a       241     1     2     2     1
 -1.9696889286615682E-01 a       242     1     2     2     2
  2.7885178817500539E-01 a       243     1     2     2     3
  1.6608605821121250E-01 a       244     1     2     2     4
 -4.7444603872352792E-01 a       245     1     2     2     5
 -1.5389705216286945E-01 a       246     1     2     2     6
 -5.2755188287521787E-03 a       247     1     2     2     7
  4.2174015467189935E-01 a       248     1     2     2     8
  1.7974121205487548E-01 a       249     1     2     2     9
 -1.9377089092926011E-01 a       250     1     2     2    10
  2.3933903015779689E-01 a       251     1     2     2    11
  3.0108911270926358E-01 a       252     1     2     2    12
  5.2202879582265743E-02 a       253     1     2     2    13
 -1.7393074626811092E-01 a       254     1     2     2    14
 -2.6837380186190796E-01 a       255     1     2     2    15
  2.9311528561460071E-01 a       256     1     3     2     1
 -2.0768435736679365E-02 a       257     1     3     2     2
  8.1066617202010721E-02 a       258     1     3     2     3
 -3.9938312172385604E-01 a       259     1     3     2     4
  2.8012388457711268E-01 a       260     1     3     2     5
 -3.6038577065267263E-01 a       261     1     3     2     6
  1.4575020578823533E-01 a       262     1     3     2     7
 -2.0313473058784776E-01 a       263     1     3     2     8
  3.4295650290753127E-01 a       264     1     3     2     9
 -1.4112681081733372E-01 a       265     1     3     2    10
 -4.1956301333390306E-01 a       266     1     3     2    11
  2.8709509337379983E-02 a       267     1     3     2    12
  5.6757074550134602E-02 a       268     1     3     2    13
  1.5278988494801315E-01 a       269     1     3     2    14
 -6.3678339487205624E-02 a       270     1     3     2    15
 -3.1513249998580334E-01 a       271     1     4     2     1
  3.8797705342755429E-01 a       272     1     4     2     2
 -9.2109398407864782E-03 a       273     1     4     2     3
 -2.7711497664983059E-01 a       274     1     4     2     4
  1.5335287911421169E-01 a       275     1     4     2     5
 -4.5242306305437641E-01 a       276     1     4     2     6
  1.2260243472761442E-01 a       277     1     4     2     7
  4.8310376660482052E-01 a       278     1     4     2     8
 -3.0525716038556892E-02 a       279     1     4     2     9
  1.9743976704653526E-01 a       280     1     4     2    10
 -1.4870571421022846E-01 a       281     1     4     2    11
  2.3528395764672136E-01 a       282     1     4     2    12
  5.4733800382692077E-01 a       283     1     4     2    13
  4.2588640839489289E-01 a       284     1     4     2    14
 -3.3988312056232084E-01 a       285     1     4     2    15
  8.5570210527116386E-02 a       286     1     5     2     1
  5.9505461301753063E-02 a       287     1     5     2     2
  3.2184347130887830E-01 a       288     1     5     2     3
  9.9900523546026992E-02 a       289     1     5     2     4
 -6.2792437815486835E-01 a       290     1     5     2     5
  1.6346326744177653E-01 a       291     1     5     2     6
  1.9204099905211911E-02 a       292     1     5     2     7
  6.6841243122541000E-02 a       293     1     5     2     8
  3.9197305975007701E-01 a       294     1     5     2     9
  2.4257344700078434E-01 a       295     1     5     2    10
  1.6035760840637853E-01 a       296     1     5     2    11
 -3.9365471296851029E-02 a       297     1     5     2    12
 -2.3482250920437228E-01 a       298     1     5     2    13
 -2.7841557365438391E-01 a       299     1     5     2    14
  1.6579442033390634E-01 a       300     1     5     2    15
  4.6342130983701324E-01 a       301     1     6     2     1
 -1.4456292221908244E-02 a       302     1     6     2     2
 -1.4885340282716686E-01 a       303     1     6     2     3
  5.1270571269256482E-01 a       304     1     6     2     4
  2.6285229192130549E-01 a       305     1     6     2     5
  4.0492737951859875E-01 a       306     1     6     2     6
  4.9707045753998799E-02 a       307     1     6     2     7
 -1.0970522917551792E-01 a       308     1     6     2     8
  4.1789346493802204E-01 a       309     1     6     2     9
 -5.5291080173371504E-02 a       310     1     6     2    10
  1.4872132857101603E-01 a       311     1     6     2    11
 -2.3862957388273193E-01 a       312     1     6     2    12
  1.2534542544951072E-01 a       313     1     6     2    13
  2.2262986917387942E-01 a       314     1     6     2    14
 -3.3831222232050073E-01 a       315     1     6     2    15
 -1.2346748461571518E-01 a       316     1     7     2     1
  1.7674978301335831E-01 a       317     1     7     2     2
  3.5420092752290644E-01 a       318     1     7     2     3
  3.4035705301244318E-01 a       319     1     7     2     4
  1.9454272882061557E-01 a       320     1     7     2     5
 -4.6346996145459252E-01 a       321     1     7     2     6
  9.4692736001279532E-02 a       322     1     7     2     7
  2.2611147922507544E-02 a       323     1     7     2     8
  2.1000530060885894E-01 a       324     1     7     2     9
 -4.0729798999264172E-01 a       325     1     7     2    10
  1.6286138591522931E-01 a       326     1     7     2    11
 -3.1389430824077985E-01 a       327     1     7     2    12
  4.9845121314075846E-01 a       328     1     7     2    13
  1.9211766768687549E-01 a       329     1     7     2    14
  4.9742196196095295E-01 a       330     1     7     2    15
 -4.9865767225327084E-01 a       331     1     8     2     1
 -4.0586287891142481E-01 a       332     1     8     2     2
  1.5029268517619243E-01 a       333     1     8     2     3
 -2.0541081944116013E-01 a       334     1     8     2     4
 -2.2450918214897339E-01 a       335     1     8     2     5
 -2.4992569524245697E-01 a       336     1     8     2     6
 -2.7832169274740715E-01 a       337     1     8     2     7
 -1.9136414744289507E-01 a       338     1     8     2     8
 -2.4064592920106270E-01 a       339     1     8     2     9
 -3.8978579653090034E-01 a       340     1     8     2    10
  8.2387192361762340E-02 a       341     1     8     2    11
  1.6841586203428316E-01 a       342     1     8     2    12
 -5.2983679007451256E-01 a       343     1     8     2    13
 -1.3188941491381445E-01 a       344     1     8     2    14
 -2.7740997475642365E-01 a       345     1     8     2    15
  1.9315196385798736E-01 a       346     1     9     2     1
  5.5240098175286297E-03 a       347     1     9     2     2
 -9.5803171552683142E-02 a       348     1     9     2     3
  2.6006335029740746E-01 a       349     1     9     2     4
 -3.4932027004277041E-02 a       350     1     9     2     5
  3.9309714173380350E-01 a       351     1     9     2     6
  9.0946462626888991E-02 a       352     1     9     2     7
 -2.1675838569627956E-01 a       353     1     9     2     8
 -2.6065105992863025E-01 a       354     1     9     2     9
  5.5897705713466986E-02 a       355     1     9     2    10
 -3.5741275806315392E-01 a       356     1     9     2    11
  4.9661752964296879E-01 a       357     1     9     2    12
  2.4110329390138435E-01 a       358     1     9     2    13
 -4.8866985307468069E-01 a       359     1     9     2    14
  2.0973669177851975E-01 a       360     1     9     2    15
  3.1501521891799084E-01 a       361     1    10     2     1
 -1.5323677186978843E-01 a       362     1    10     2     2
  3.8337231231676777E-01 a       363     1    10     2     3
  4.7633702333175210E-01 a       364     1    10     2     4
  1.4978204748173407E-01 a       365     1    10     2     5
  1.4649491498152206E-01 a       366     1    10     2     6
 -1.4810612754299018E-02 a       367     1    10     2     7
 -2.5045110420904021E-01 a       368     1    10     2     8
  4.1205705458395338E-03 a       369     1    10     2     9
  2.9937777307319585E-01 a       370     1    10     2    10
 -2.5323803294807845E-01 a       371     1    10     2    11
  3.4807826568625666E-01 a       372     1    10     2    12
 -4.3032598223661489E-01 a       373     1    10     2    13
  6.0164975928717272E-02 a       374     1    10     2    14
 -2.7183884799146352E-01 a       375     1    10     2    15
  2.6118806460986643E-01 a       376     1    11     2     1
  1.4032473373538587E-01 a       377     1    11     2     2
  3.9992311202808417E-01 a       378     1    11     2     3
 -1.5170876918685901E-02 a       379     1    11     2     4
 -2.3989538999480989E-01 a       380     1    11     2     5
  8.4255062063854025E-02 a       381     1    11     2     6
 -1.4627642399974100E-01 a       382     1    11     2     7
 -5.4328421907083935E-01 a       383     1    11     2     8
  1.3615762371827694E-01 a       384     1    11     2     9
 -1.2396477858121996E-01 a       385     1    11     2    10
  4.1991592076014071E-02 a       386     1    11     2    11
  1.6585407543026240E-01 a       387     1    11     2    12
 -3.8695108054547284E-01 a       388     1    11     2    13
  4.8206814133492026E-01 a       389     1    11     2    14
  3.2026892909261301E-01 a       390     1    11     2    15
  1.3316582553650003E-02 a       391     1    12     2     1
  3.4038897184619138E-01 a       392     1    12     2     2
 -1.6813418214113235E-01 a       393     1    12     2     3
 -1.9320066970320393E-01 a       394     1    12     2     4
  1.0720668030348231E-01 a       395     1    12     2     5
 -6.0452696964165253E-01 a       396     1    12     2     6
  5.3290957406862502E-02 a       397     1    12     2     7
 -4.3210307050994107E-01 a       398     1    12     2     8
  4.4773088163179314E-01 a       399     1    12     2     9
  3.3696867315547457E-01 a       400     1    12     2    10
 -4.0253648088800342E-01 a       401     1    12     2    11
 -1.1745880245931122E-01 a       402     1    12     2    12
  3.4200426262264028E-01 a       403     1    12     2    13
  1.6216090614209866E-01 a       404     1    12     2    14
 -3.6649643640178195E-03 a       405     1    12     2    15
 -2.8791203560469009E-01 a       406     1    13     2     1
 -8.0772632039430997E-02 a       407     1    13     2     2
  2.3225098153317042E-01 a       408     1    13     2     3
 -1.2388927005595501E-02 a       409     1    13     2     4
 -4.8433657141193276E-01 a       410     1    13     2     5
 -2.1232179389218361E-01 a       411     1    13     2     6
 -2.2545686187753927E-01 a       412     1    13     2     7
 -1.4383023025030575E-01 a       413     1    13     2     8
 -1.1070293443795752E-02 a       414     1    13     2     9
 -1.3261952863391008E-01 a       415     1    13     2    10
  3.0787662601318366E-01 a       416     1    13     2    11
 -9.9312602581310444E-02 a       417     1    13     2    12
 -9.2873679631474120E-03 a       418     1    13     2    13
  4.7740864108977882E-01 a       419     1    13     2    14
 -2.7883508621923758E-01 a       420     1    13     2    15
  1.9326959788315001E-01 a       421     1    14     2     1
  3.6618078906436313E-01 a       422     1    14     2     2
  4.8357148935564809E-02 a       423     1    14     2     3
  1.8260662851021364E-01 a       424     1    14     2     4
  2.7678065843466099E-01 a       425     1    14     2     5
  1.4713060772157618E-01 a       426     1    14     2     6
 -4.0416005949509520E-01 a       427     1    14     2     7
  3.9644607992712916E-01 a       428     1    14     2     8
 -4.4370290968737930E-02 a       429     1    14     2     9
  1.1866486584267309E-01 a       430     1    14     2    10
  3.3257788128856003E-01 a       431     1    14     2    11
  2.0363490419769234E-01 a       432     1    14     2    12
  2.7599222117946237E-01 a       433     1    14     2    13
  2.9650071796773320E-01 a       434     1    14     2    14
  5.2166808179696093E-02 a       435     1    14     2    15
  3.0465622513422624E-01 a       436     1    15     2     1
  3.0492841409714122E-01 a       437     1    15     2     2
  3.4920328267381584E-01 a       438     1    15     2     3
  3.9003309897575039E-01 a       439     1    15     2     4
 -7.3607035124709486E-01 a       440     1    15     2     5
  2.0620716184720517E-01 a       441     1    15     2     6
  2.3694530628549565E-01 a       442     1    15     2     7
  5.3811042017672461E-01 a       443     1    15     2     8
 -1.1647367805761073E-01 a       444     1    15     2     9
  5.6449745085567424E-02 a       445     1    15     2    10
 -4.5170703040274035E-01 a       446     1    15     2    11
  3.7494540402152865E-01 a       447     1    15     2    12
  5.2231282277197455E-01 a       448     1    15     2    13
  8.6141211524483813E-02 a       449     1    15     2    14
  7.1618935032126241E-02 a       450     1    15     2    15
 -1.6230868298163384E-01 b       451     2     1
  1.1340376646056050E-02 b       452     2     2
 -1.1865325196297086E-01 b       453     2     3
 -4.6364959710499483E-02 b       454     2     4
 -1.5015427753725211E-01 b       455     2     5
  7.3570329768407786E-02 b       456     2     6
 -6.7343852144490356E-03 b       457     2     7
  8.2571334368470115E-03 b       458     2     8
 -6.6029637832670809E-02 b       459     2     9
 -2.8760613050617782E-02 b       460     2    10
 -1.8931542467090834E-01 b       461     2    11
 -3.5039019131421661E-01 b       462     2    12
 -1.5078989475638415E-02 b       463     2    13
 -1.4118300774260109E-01 b       464     2    14
  4.1309658211169074E-02 b       465     2    15
 -4.9828884285494052E-01 a       466     2     1     3     1
 -1.0923216333932138E+00 a       467     2     2     3     1
 -4.7518706185298482E-01 a       468     2     3     3     1
 -6.7568609430920545E-01 a       469     2     4     3     1
  9.1901200466019861E-01 a       470     2     5     3     1
  9.2069433708749604E-01 a       471     2     6     3     1
  3.7489451590251639E-02 a       472     2     7     3     1
 -9.4653111396498391E-01 a       473     2     8     3     1
 -9.0999754777945197E-01 a       474     2     9     3     1
 -7.1439279516992604E-01 a       475     2    10     3     1
  1.1460847252050671E-01 a       476     2    11     3     1
 -1.0049164895880187E+00 a       477     2    12     3     1
  4.3147235065347483E-01 a       478     2    13     3     1
 -5.1376474396799710E-01 a       479     2    14     3     1
  2.1191896218849673E-01 a       480     2    15     3     1
  3.6483814691082084E-01 b       481     3     1
