################################################################################
# Neural network connection values (weights and biases).
################################################################################
# Col  Name       Description
################################################################################
# 1    connection Neural network connection value.
# 2    t          Connection type (a = weight, b = bias).
# 3    index      Index enumerating weights.
# 4    l_s        Starting point layer (end point layer for biases).
# 5    n_s        Starting point neuron in starting layer (end point neuron for biases).
# 6    l_e        End point layer.
# 7    n_e        End point neuron in end layer.
################################################################################
#                      1 2         3     4     5     6     7
#             connection t     index   l_s   n_s   l_e   n_e
############################################################
 -1.8391436706226494E-01 a         1     0     1     1     1
  3.7568848949234190E-01 a         2     0     1     1     2
 -3.7080567283571764E-01 a         3     0     1     1     3
 -4.3536116759232535E-01 a         4     0     1     1     4
 -8.8605333275121656E-02 a         5     0     1     1     5
 -7.0592644066424081E-03 a         6     0     1     1     6
 -1.7634912670920355E-01 a         7     0     1     1     7
 -2.6966375004572690E-01 a         8     0     1     1     8
  2.7528264109535783E-01 a         9     0     1     1     9
  5.8484102138698778E-02 a        10     0     1     1    10
  2.0513104837643217E-01 a        11     0     1     1    11
 -3.4089887952001924E-01 a        12     0     1     1    12
  3.4066195644757397E-01 a        13     0     1     1    13
  1.6529220433421610E-01 a        14     0     1     1    14
  4.8370778879483538E-02 a        15     0     1     1    15
 -1.6585131739744574E-01 a        16     0     2     1     1
  5.7151402376702254E-01 a        17     0     2     1     2
  3.3674339478956594E-01 a        18     0     2     1     3
 -4.5023497734322471E-01 a        19     0     2     1     4
 -5.1751485677900222E-01 a        20     0     2     1     5
  1.6098555554743214E-03 a        21     0     2     1     6
 -3.0611511292780275E-01 a        22     0     2     1     7
  4.2526972552433656E-01 a        23     0     2     1     8
 -1.7066326094988707E-01 a        24     0     2     1     9
 -9.5714838441091354E-02 a        25     0     2     1    10
 -3.1640432342446539E-02 a        26     0     2     1    11
 -9.7871673404508128E-02 a        27     0     2     1    12
 -3.4739213953851233E-01 a        28     0     2     1    13
  3.3446795263216994E-01 a        29     0     2     1    14
 -2.8268016421010211E-01 a        30     0     2     1    15
 -3.2787786726789232E-02 a        31     0     3     1     1
  2.6197228501274999E-01 a        32     0     3     1     2
 -3.5711416617673614E-01 a        33     0     3     1     3
  3.6876733422375729E-01 a        34     0     3     1     4
 -3.3289755273414506E-01 a        35     0     3     1     5
 -2.0598765996758550E-01 a        36     0     3     1     6
  1.5871898404539661E-01 a        37     0     3     1     7
  7.3346065070590315E-03 a        38     0     3     1     8
 -1.2845273447148569E-02 a        39     0     3     1     9
  1.8657752551269507E-01 a        40     0     3     1    10
 -4.4496552103337256E-01 a        41     0     3     1    11
 -4.1477162495051895E-01 a        42     0     3     1    12
  8.1964271848369810E-02 a        43     0     3     1    13
  2.9232818820707618E-01 a        44     0     3     1    14
 -2.7695287633391134E-02 a        45     0     3     1    15
 -2.5116629109472072E-01 a        46     0     4     1     1
  1.1658968284454609E-03 a        47     0     4     1     2
 -8.2787445722821595E-02 a        48     0     4     1     3
 -2.8149895349362336E-01 a        49     0     4     1     4
 -4.0467594791631584E-01 a        50     0     4     1     5
  2.1251246150549835E-01 a        51     0     4     1     6
 -3.8382108295411943E-01 a        52     0     4     1     7
 -4.7437476690103224E-02 a        53     0     4     1     8
 -3.7318137357556608E-01 a        54     0     4     1     9
 -2.5307822606706426E-01 a        55     0     4     1    10
  1.5375197626209014E-01 a        56     0     4     1    11
 -4.0722514091559286E-01 a        57     0     4     1    12
  1.5354706811413637E-02 a        58     0     4     1    13
 -9.4969701579770763E-02 a        59     0     4     1    14
  2.6442154713576627E-01 a        60     0     4     1    15
  4.3016808439804788E-01 a        61     0     5     1     1
  4.4229874355129883E-01 a        62     0     5     1     2
 -2.3644713002799084E-01 a        63     0     5     1     3
 -4.0244861950728850E-01 a        64     0     5     1     4
  3.3978474582465185E-01 a        65     0     5     1     5
 -8.6282714257443910E-02 a        66     0     5     1     6
 -4.3239337253219934E-01 a        67     0     5     1     7
  1.7367435751511978E-01 a        68     0     5     1     8
 -5.2744637356908528E-02 a        69     0     5     1     9
 -3.1163760537900875E-01 a        70     0     5     1    10
 -2.2782620086340119E-02 a        71     0     5     1    11
 -2.1120997873853342E-01 a        72     0     5     1    12
 -4.0698664121742711E-01 a        73     0     5     1    13
  3.2185096376296968E-01 a        74     0     5     1    14
  1.9644757735145571E-01 a        75     0     5     1    15
  4.7209331408770933E-01 a        76     0     6     1     1
 -1.5780399125076450E-02 a        77     0     6     1     2
 -1.4088086177892331E-01 a        78     0     6     1     3
  4.2902361676100613E-02 a        79     0     6     1     4
  5.1897850953775926E-01 a        80     0     6     1     5
 -2.7740683661394472E-01 a        81     0     6     1     6
 -4.0221748694795950E-01 a        82     0     6     1     7
 -4.2124848876129795E-01 a        83     0     6     1     8
 -3.9599227142711757E-01 a        84     0     6     1     9
  4.4319234271728947E-01 a        85     0     6     1    10
 -9.9745906755641933E-02 a        86     0     6     1    11
  4.2035508074388778E-01 a        87     0     6     1    12
  2.2228112381146647E-01 a        88     0     6     1    13
  4.3080144707258505E-01 a        89     0     6     1    14
 -2.4569112784230970E-01 a        90     0     6     1    15
  1.6121510470891223E-01 a        91     0     7     1     1
  3.1964462541776500E-01 a        92     0     7     1     2
  1.4082921757767922E-01 a        93     0     7     1     3
 -5.5805966949416010E-02 a        94     0     7     1     4
  1.0401702129413488E-01 a        95     0     7     1     5
 -3.4527956207135731E-02 a        96     0     7     1     6
 -5.1074641137898369E-01 a        97     0     7     1     7
 -2.0599848140432950E-01 a        98     0     7     1     8
  2.9188316290630412E-01 a        99     0     7     1     9
  3.4511478404620483E-01 a       100     0     7     1    10
  2.1728534232942240E-01 a       101     0     7     1    11
 -3.0127540248393070E-01 a       102     0     7     1    12
 -1.4196335741219437E-01 a       103     0     7     1    13
  3.2579595076753548E-01 a       104     0     7     1    14
 -9.4865771810253310E-02 a       105     0     7     1    15
  3.2169695223880806E-01 a       106     0     8     1     1
 -2.1150082534257181E-01 a       107     0     8     1     2
  4.6590071677618489E-01 a       108     0     8     1     3
 -1.1946992161196762E-01 a       109     0     8     1     4
  5.4534219247606264E-01 a       110     0     8     1     5
 -4.6908996495115918E-01 a       111     0     8     1     6
 -2.5014299307198826E-02 a       112     0     8     1     7
 -1.3217605927721293E-01 a       113     0     8     1     8
 -2.1356140686243139E-01 a       114     0     8     1     9
  6.8906297260806471E-01 a       115     0     8     1    10
  7.1558714647752120E-01 a       116     0     8     1    11
 -3.2438230245424166E-01 a       117     0     8     1    12
 -1.9158258743016224E-01 a       118     0     8     1    13
  5.1455456343235048E-02 a       119     0     8     1    14
 -1.4844325300801689E-01 a       120     0     8     1    15
 -4.6252682113679194E-01 a       121     0     9     1     1
 -2.3474263145741703E-01 a       122     0     9     1     2
  2.6843078038979246E-02 a       123     0     9     1     3
 -7.7565851418594567E-02 a       124     0     9     1     4
 -2.9677531397005030E-01 a       125     0     9     1     5
  3.4442765162535895E-02 a       126     0     9     1     6
 -1.6149946661477343E-01 a       127     0     9     1     7
  5.1980896004299026E-01 a       128     0     9     1     8
  2.4348053729443381E-03 a       129     0     9     1     9
 -2.1500494298884271E-01 a       130     0     9     1    10
 -1.0152027130933730E-01 a       131     0     9     1    11
 -2.6795216714462838E-01 a       132     0     9     1    12
  1.3241366176087205E-01 a       133     0     9     1    13
  1.9861272876825517E-01 a       134     0     9     1    14
 -1.3870585695170926E-01 a       135     0     9     1    15
  2.0686249947576413E-01 a       136     0    10     1     1
 -3.1447067538985279E-01 a       137     0    10     1     2
 -3.6703813132325108E-01 a       138     0    10     1     3
 -7.9301006020403075E-02 a       139     0    10     1     4
 -4.8747273510813616E-01 a       140     0    10     1     5
  1.5003295378500164E-01 a       141     0    10     1     6
  3.4085660527338352E-01 a       142     0    10     1     7
 -4.9576489500911813E-01 a       143     0    10     1     8
 -1.8018970149992597E-01 a       144     0    10     1     9
 -4.3225560590926632E-01 a       145     0    10     1    10
 -4.8170886514533190E-02 a       146     0    10     1    11
  2.0755711124778020E-01 a       147     0    10     1    12
  6.6908725563581573E-02 a       148     0    10     1    13
  2.3773300484150048E-01 a       149     0    10     1    14
 -5.0721807392948452E-02 a       150     0    10     1    15
 -8.5829417453100687E-02 a       151     0    11     1     1
 -4.3689034355222206E-01 a       152     0    11     1     2
 -3.2018590997261870E-01 a       153     0    11     1     3
  2.4532546079863402E-01 a       154     0    11     1     4
  5.2690643080667887E-01 a       155     0    11     1     5
 -5.4989538605797153E-02 a       156     0    11     1     6
 -2.3654152057201663E-01 a       157     0    11     1     7
 -3.1415083494765134E-01 a       158     0    11     1     8
  3.7486653707515943E-01 a       159     0    11     1     9
  1.2582643608715614E-02 a       160     0    11     1    10
  5.3045947507298474E-01 a       161     0    11     1    11
 -1.1651103783773065E-01 a       162     0    11     1    12
 -4.8835219027165572E-01 a       163     0    11     1    13
  6.1177507299685685E-01 a       164     0    11     1    14
  3.1031909326980045E-01 a       165     0    11     1    15
  3.3310644752411483E-01 a       166     0    12     1     1
 -6.3026748055064988E-02 a       167     0    12     1     2
  1.2852963707086373E-01 a       168     0    12     1     3
 -1.5052248375088451E-01 a       169     0    12     1     4
 -9.7219016631874586E-02 a       170     0    12     1     5
 -1.7330503675360528E-01 a       171     0    12     1     6
  4.2954457633449827E-01 a       172     0    12     1     7
 -1.1759415550035021E-01 a       173     0    12     1     8
 -3.1163442878124564E-01 a       174     0    12     1     9
  3.0191984143500744E-01 a       175     0    12     1    10
  1.2741553375194564E-01 a       176     0    12     1    11
  3.9589840023668200E-02 a       177     0    12     1    12
  1.3884373274800077E-01 a       178     0    12     1    13
  1.9613451799335607E-01 a       179     0    12     1    14
 -1.4307809858549619E-01 a       180     0    12     1    15
  1.9232936247250826E-01 a       181     0    13     1     1
  9.8254943259968308E-02 a       182     0    13     1     2
 -4.3298394914484652E-02 a       183     0    13     1     3
  1.2942316725412464E-01 a       184     0    13     1     4
 -3.2863611600817894E-01 a       185     0    13     1     5
  3.0013674466866103E-01 a       186     0    13     1     6
  4.4280598461333204E-01 a       187     0    13     1     7
  3.1429893797804526E-01 a       188     0    13     1     8
  2.7165771456923954E-01 a       189     0    13     1     9
  1.8348150184670033E-02 a       190     0    13     1    10
 -4.0815175434076378E-01 a       191     0    13     1    11
  6.5208608957301240E-01 a       192     0    13     1    12
 -8.8208122383645643E-02 a       193     0    13     1    13
  5.4412812100591612E-01 a       194     0    13     1    14
  2.9415452582273577E-01 a       195     0    13     1    15
 -3.8887887641717328E-01 a       196     0    14     1     1
 -1.7212268618049753E-01 a       197     0    14     1     2
 -4.9181930702373450E-02 a       198     0    14     1     3
  9.9185783624594903E-02 a       199     0    14     1     4
 -2.8915029450208746E-01 a       200     0    14     1     5
  3.9678948493711869E-01 a       201     0    14     1     6
 -2.6760624168380909E-01 a       202     0    14     1     7
 -4.8426500560818192E-01 a       203     0    14     1     8
  3.1261101253924711E-01 a       204     0    14     1     9
  1.2971865181017450E-01 a       205     0    14     1    10
 -3.6913559982445893E-01 a       206     0    14     1    11
  1.2320286595272023E-01 a       207     0    14     1    12
 -4.5677878739737293E-01 a       208     0    14     1    13
 -1.7196577448733855E-01 a       209     0    14     1    14
 -2.1755900735666223E-01 a       210     0    14     1    15
 -1.2277497143110148E-01 a       211     0    15     1     1
 -4.8840898707742358E-01 a       212     0    15     1     2
 -3.3156124125881888E-03 a       213     0    15     1     3
 -1.9659768819259194E-01 a       214     0    15     1     4
 -8.9629389598927189E-02 a       215     0    15     1     5
 -1.5415118107180170E-01 a       216     0    15     1     6
  5.2539138568737376E-01 a       217     0    15     1     7
 -1.4773202947016464E-01 a       218     0    15     1     8
  3.2226310088869636E-01 a       219     0    15     1     9
 -6.1101639976324607E-01 a       220     0    15     1    10
  9.3733234679569719E-02 a       221     0    15     1    11
  3.8878637411641370E-01 a       222     0    15     1    12
  2.2738444576391567E-01 a       223     0    15     1    13
  1.1018812576910708E-01 a       224     0    15     1    14
  5.1059202910907797E-01 a       225     0    15     1    15
 -2.7803488120946723E-01 b       226     1     1
  3.0161299109518810E-02 b       227     1     2
  3.0953056471050217E-01 b       228     1     3
  2.8670178058213747E-01 b       229     1     4
  3.2998216881733222E-01 b       230     1     5
 -1.5860595919800907E-02 b       231     1     6
  1.8480200917964140E-01 b       232     1     7
  3.0867285099086361E-01 b       233     1     8
  1.3980869408474450E-01 b       234     1     9
  2.7216942948475192E-01 b       235     1    10
  1.2536085264436278E-01 b       236     1    11
 -1.2829031005702670E-02 b       237     1    12
 -2.5876782721166586E-01 b       238     1    13
  8.0751379215312225E-02 b       239     1    14
  9.8964577020001276E-02 b       240     1    15
 -1.8318663975169613E-01 a       241     1     1     2     1
  5.8337956936200430E-01 a       242     1     1     2     2
  1.4989103869330200E-01 a       243     1     1     2     3
 -5.3527011395887247E-01 a       244     1     1     2     4
 -1.4856350440970367E-01 a       245     1     1     2     5
 -3.6950815750491184E-01 a       246     1     1     2     6
  2.2492038507493074E-02 a       247     1     1     2     7
  3.3071066827377343E-01 a       248     1     1     2     8
  2.9219026106162582E-01 a       249     1     1     2     9
 -2.1997843702699474E-01 a       250     1     1     2    10
 -3.3960461197307734E-01 a       251     1     1     2    11
 -3.4312460679758094E-01 a       252     1     1     2    12
 -3.0479970065964945E-01 a       253     1     1     2    13
  2.0961018880480062E-01 a       254     1     1     2    14
  7.6959400896024516E-02 a       255     1     1     2    15
  3.7550583441105144E-02 a       256     1     2     2     1
 -2.8399208831620409E-01 a       257     1     2     2     2
  1.2856592361693658E-02 a       258     1     2     2     3
 -5.5349323260796716E-02 a       259     1     2     2     4
  5.1569489801500357E-01 a       260     1     2     2     5
 -1.5466894425867223E-01 a       261     1     2     2     6
 -1.2130096488417011E-01 a       262     1     2     2     7
 -2.9287368394554097E-01 a       263     1     2     2     8
  2.4810660898123366E-01 a       264     1     2     2     9
 -2.8733113037934249E-01 a       265     1     2     2    10
 -7.2598935566748138E-02 a       266     1     2     2    11
 -4.6754310187669595E-02 a       267     1     2     2    12
 -1.6138479100162889E-01 a       268     1     2     2    13
 -2.7382857879510020E-01 a       269     1     2     2    14
  1.6314563965851817E-01 a       270     1     2     2    15
  2.7593929383911538E-02 a       271     1     3     2     1
 -7.0014514279758619E-02 a       272     1     3     2     2
 -2.1900912482428331E-01 a       273     1     3     2     3
 -1.2706601327688172E-01 a       274     1     3     2     4
 -1.6711728839917186E-01 a       275     1     3     2     5
 -1.0796300440346922E-01 a       276     1     3     2     6
 -3.1026686529325836E-01 a       277     1     3     2     7
 -4.9751510231979940E-01 a       278     1     3     2     8
  2.3745471445026184E-01 a       279     1     3     2     9
  3.8398177947399664E-01 a       280     1     3     2    10
  3.4175600601556033E-01 a       281     1     3     2    11
 -2.6744188691030557E-01 a       282     1     3     2    12
 -1.5413086306195264E-01 a       283     1     3     2    13
  2.8438665481983350E-01 a       284     1     3     2    14
  2.2610368526828178E-01 a       285     1     3     2    15
  3.7024807192891379E-01 a       286     1     4     2     1
  1.7222562901302541E-01 a       287     1     4     2     2
 -3.3688904743899586E-02 a       288     1     4     2     3
 -2.7391435833883621E-01 a       289     1     4     2     4
 -3.1374120213960766E-01 a       290     1     4     2     5
 -1.7042661343383256E-01 a       291     1     4     2     6
 -5.3663052379524082E-02 a       292     1     4     2     7
  3.3892546293204977E-02 a       293     1     4     2     8
 -1.5555180909966257E-01 a       294     1     4     2     9
  7.9178146660844849E-03 a       295     1     4     2    10
  4.4763347061209413E-01 a       296     1     4     2    11
 -3.9180932011499409E-01 a       297     1     4     2    12
 -9.6661499874090995E-03 a       298     1     4     2    13
  1.1722004498310105E-01 a       299     1     4     2    14
 -2.8435290199813101E-01 a       300     1     4     2    15
 -1.3818218250108988E-01 a       301     1     5     2     1
 -1.2336653834074314E-01 a       302     1     5     2     2
  3.2429843663759961E-01 a       303     1     5     2     3
 -5.0713218779191549E-01 a       304     1     5     2     4
  3.0900867396366133E-01 a       305     1     5     2     5
 -4.8238799009845339E-02 a       306     1     5     2     6
 -4.9368525518233355E-02 a       307     1     5     2     7
 -7.3272059437034742E-02 a       308     1     5     2     8
  5.0072505771669840E-01 a       309     1     5     2     9
  6.4722319778789339E-01 a       310     1     5     2    10
 -1.6490444913928076E-01 a       311     1     5     2    11
  2.4726814901256899E-01 a       312     1     5     2    12
  1.0526231940864661E-01 a       313     1     5     2    13
  1.4540014445648380E-01 a       314     1     5     2    14
  2.8941384962980771E-01 a       315     1     5     2    15
  4.5545299087756719E-01 a       316     1     6     2     1
  4.0800494746027647E-03 a       317     1     6     2     2
 -3.4562973197190833E-01 a       318     1     6     2     3
 -1.9201191535608950E-01 a       319     1     6     2     4
 -1.9378271280174549E-02 a       320     1     6     2     5
  1.1361219623696919E-01 a       321     1     6     2     6
  4.5807670796932848E-01 a       322     1     6     2     7
  5.6593127058081671E-01 a       323     1     6     2     8
 -3.0832920022458710E-01 a       324     1     6     2     9
 -1.2481443295845872E-01 a       325     1     6     2    10
  1.5640085952833696E-01 a       326     1     6     2    11
 -6.1949578862037077E-03 a       327     1     6     2    12
  1.0923333675474041E-01 a       328     1     6     2    13
 -3.6671340138615927E-01 a       329     1     6     2    14
  3.7734414494889068E-01 a       330     1     6     2    15
 -1.6345269950607094E-01 a       331     1     7     2     1
 -2.6247410497744234E-01 a       332     1     7     2     2
 -3.3373553362345759E-01 a       333     1     7     2     3
  3.4618726855632587E-01 a       334     1     7     2     4
 -1.9463721367799558E-01 a       335     1     7     2     5
 -3.9949056992446424E-01 a       336     1     7     2     6
  3.5420164424114875E-01 a       337     1     7     2     7
 -3.4993418489239719E-01 a       338     1     7     2     8
 -7.6842622330104610E-02 a       339     1     7     2     9
  2.9303795499931840E-01 a       340     1     7     2    10
 -1.7975938261605340E-01 a       341     1     7     2    11
  2.8391914571710675E-01 a       342     1     7     2    12
  5.3431356859480861E-01 a       343     1     7     2    13
  1.9922581277275817E-01 a       344     1     7     2    14
 -3.0498498554592446E-01 a       345     1     7     2    15
  1.0242746181044024E-01 a       346     1     8     2     1
  2.8018945494522818E-01 a       347     1     8     2     2
 -6.5292476241265163E-02 a       348     1     8     2     3
  1.7640727905638059E-01 a       349     1     8     2     4
 -1.5848935361880878E-01 a       350     1     8     2     5
  2.7877147720720524E-01 a       351     1     8     2     6
 -1.0333671825861482E-01 a       352     1     8     2     7
 -2.8251944599817191E-01 a       353     1     8     2     8
 -5.0746112459402963E-02 a       354     1     8     2     9
  1.5867468964648809E-01 a       355     1     8     2    10
  3.6030733201837628E-01 a       356     1     8     2    11
  1.5372851339499427E-01 a       357     1     8     2    12
  2.3163878661787402E-01 a       358     1     8     2    13
 -1.9865510675416150E-02 a       359     1     8     2    14
  2.0562215562405822E-02 a       360     1     8     2    15
 -2.7770385992525720E-01 a       361     1     9     2     1
 -5.0191299351579809E-02 a       362     1     9     2     2
 -4.4193270442501903E-01 a       363     1     9     2     3
 -1.8971579929910740E-01 a       364     1     9     2     4
 -3.0663373788184722E-01 a       365     1     9     2     5
  9.3867301114327797E-02 a       366     1     9     2     6
  8.2674797394232835E-02 a       367     1     9     2     7
  4.0451831057279530E-01 a       368     1     9     2     8
  2.6173579690796678E-01 a       369     1     9     2     9
 -2.9317632566424562E-01 a       370     1     9     2    10
 -2.0016689581823455E-01 a       371     1     9     2    11
  3.6584547760941294E-01 a       372     1     9     2    12
  2.1677938425173715E-01 a       373     1     9     2    13
  2.4784554862765706E-01 a       374     1     9     2    14
  2.8955339033078797E-01 a       375     1     9     2    15
 -2.5428031109701682E-01 a       376     1    10     2     1
  6.1876706935647408E-01 a       377     1    10     2     2
  3.0028541744512919E-02 a       378     1    10     2     3
  8.9827720572675449E-02 a       379     1    10     2     4
  2.5193037674518931E-01 a       380     1    10     2     5
 -2.3461394197025864E-01 a       381     1    10     2     6
  9.1789110633731075E-02 a       382     1    10     2     7
 -5.0923172617679202E-01 a       383     1    10     2     8
  9.0979852889581755E-02 a       384     1    10     2     9
  5.2044580017412223E-01 a       385     1    10     2    10
 -2.4882781654268668E-01 a       386     1    10     2    11
 -2.7358206289617110E-01 a       387     1    10     2    12
 -3.2438445821356815E-01 a       388     1    10     2    13
  6.8702950390570972E-01 a       389     1    10     2    14
 -5.2027869203869870E-01 a       390     1    10     2    15
 -2.7432802883997376E-01 a       391     1    11     2     1
 -2.9744552729838164E-01 a       392     1    11     2     2
  1.9660645541481295E-01 a       393     1    11     2     3
  4.7856348052079140E-02 a       394     1    11     2     4
  2.0238771385233220E-01 a       395     1    11     2     5
 -5.8925692272375718E-01 a       396     1    11     2     6
 -5.4230403281658246E-01 a       397     1    11     2     7
  2.0080659462416431E-03 a       398     1    11     2     8
 -1.9709340732556066E-01 a       399     1    11     2     9
  4.7452965783946677E-01 a       400     1    11     2    10
 -4.5859035917249498E-02 a       401     1    11     2    11
  4.3865761145046434E-01 a       402     1    11     2    12
 -4.4786020568046137E-01 a       403     1    11     2    13
  4.9030422495143416E-01 a       404     1    11     2    14
  1.3380454630014590E-01 a       405     1    11     2    15
 -2.0464709747697721E-01 a       406     1    12     2     1
 -1.5198325020993414E-01 a       407     1    12     2     2
 -9.1607090745179851E-03 a       408     1    12     2     3
  3.2491004492186321E-01 a       409     1    12     2     4
 -3.8048351258219404E-01 a       410     1    12     2     5
 -4.8368432317540400E-01 a       411     1    12     2     6
  2.0750897041705876E-01 a       412     1    12     2     7
 -1.7532930220352164E-01 a       413     1    12     2     8
 -3.0490990003879737E-01 a       414     1    12     2     9
  2.3164310826861415E-01 a       415     1    12     2    10
 -1.7410274156175521E-03 a       416     1    12     2    11
 -4.0657680583789679E-01 a       417     1    12     2    12
  2.3738517521879013E-01 a       418     1    12     2    13
  3.3622529968050617E-02 a       419     1    12     2    14
  5.0404452006320455E-01 a       420     1    12     2    15
 -4.3011506974336849E-01 a       421     1    13     2     1
 -1.5859190375360308E-01 a       422     1    13     2     2
 -4.0511982373054575E-02 a       423     1    13     2     3
  3.1511562808217536E-01 a       424     1    13     2     4
 -1.0314332123397806E-01 a       425     1    13     2     5
  3.0598943229886116E-01 a       426     1    13     2     6
 -2.3092204529395116E-01 a       427     1    13     2     7
  5.5521676031200839E-02 a       428     1    13     2     8
  1.2549350689202532E-01 a       429     1    13     2     9
 -6.8123816695986716E-02 a       430     1    13     2    10
 -4.5440661385718828E-01 a       431     1    13     2    11
 -3.8689759148540415E-01 a       432     1    13     2    12
  1.2703344540572675E-01 a       433     1    13     2    13
 -4.5694169771938598E-01 a       434     1    13     2    14
  1.4486346601940558E-01 a       435     1    13     2    15
 -3.0546539657436872E-01 a       436     1    14     2     1
  9.1948674433773206E-02 a       437     1    14     2     2
  2.8065367212780290E-01 a       438     1    14     2     3
 -3.1895459652329046E-02 a       439     1    14     2     4
 -8.4831806884876582E-01 a       440     1    14     2     5
 -3.2066412633596342E-01 a       441     1    14     2     6
 -1.8721314979825970E-01 a       442     1    14     2     7
  1.6114003985096270E-03 a       443     1    14     2     8
  2.1988714350973088E-01 a       444     1    14     2     9
  3.3072162197636962E-01 a       445     1    14     2    10
 -1.8950565370528863E-01 a       446     1    14     2    11
  5.4074222941370076E-01 a       447     1    14     2    12
 -1.7924645269494280E-01 a       448     1    14     2    13
  2.1306303568337884E-01 a       449     1    14     2    14
  4.4683493650925432E-01 a       450     1    14     2    15
  3.7418089200020282E-01 a       451     1    15     2     1
 -1.3887453858272361E-01 a       452     1    15     2     2
 -1.6339932125591483E-01 a       453     1    15     2     3
  6.4600364682275771E-02 a       454     1    15     2     4
 -2.4747207061359464E-01 a       455     1    15     2     5
 -2.0869361545826409E-01 a       456     1    15     2     6
 -3.7455790153252053E-02 a       457     1    15     2     7
  1.7553341724044727E-01 a       458     1    15     2     8
 -1.3355260505949818E-01 a       459     1    15     2     9
  1.5577320177050025E-01 a       460     1    15     2    10
  1.7517410952564469E-01 a       461     1    15     2    11
  3.1161606229268546E-01 a       462     1    15     2    12
  3.3401401911384676E-01 a       463     1    15     2    13
 -4.1803250900074550E-02 a       464     1    15     2    14
  4.8254312003730904E-01 a       465     1    15     2    15
  1.0220576597894861E-01 b       466     2     1
 -1.1298179278419099E-01 b       467     2     2
 -1.4819954532110982E-01 b       468     2     3
 -5.4805410892512112E-02 b       469     2     4
  4.0616892805363458E-01 b       470     2     5
 -5.1722697225193848E-02 b       471     2     6
  1.9665840814537027E-03 b       472     2     7
 -1.7138745594874072E-01 b       473     2     8
 -6.1193523106653956E-02 b       474     2     9
  7.8433928118414639E-02 b       475     2    10
  1.7480348490183942E-01 b       476     2    11
  1.0944951259487011E-01 b       477     2    12
  1.7474024997442547E-01 b       478     2    13
  9.4898298985901436E-02 b       479     2    14
  3.9589712955671527E-02 b       480     2    15
  7.6286032274322857E-01 a       481     2     1     3     1
 -6.0524043502213709E-01 a       482     2     2     3     1
 -1.6068580331777690E-01 a       483     2     3     3     1
  6.8457366995516133E-01 a       484     2     4     3     1
 -1.2882196675067283E+00 a       485     2     5     3     1
  9.0381944454682561E-01 a       486     2     6     3     1
  6.8150435290206268E-01 a       487     2     7     3     1
  7.6438498894011864E-01 a       488     2     8     3     1
 -8.6996639793216490E-01 a       489     2     9     3     1
 -9.3426115598384740E-01 a       490     2    10     3     1
  7.1305540835086934E-01 a       491     2    11     3     1
 -1.9075182340053809E-01 a       492     2    12     3     1
  9.5316903240526785E-01 a       493     2    13     3     1
 -8.8593112388894069E-01 a       494     2    14     3     1
  2.9844485965971612E-01 a       495     2    15     3     1
  7.2411907294790168E-01 b       496     3     1
