################################################################################
# Neural network connection values (weights and biases).
################################################################################
# Col  Name       Description
################################################################################
# 1    connection Neural network connection value.
# 2    t          Connection type (a = weight, b = bias).
# 3    index      Index enumerating weights.
# 4    l_s        Starting point layer (end point layer for biases).
# 5    n_s        Starting point neuron in starting layer (end point neuron for biases).
# 6    l_e        End point layer.
# 7    n_e        End point neuron in end layer.
################################################################################
#                      1 2         3     4     5     6     7
#             connection t     index   l_s   n_s   l_e   n_e
############################################################
 -1.7365639535878191E-01 a         1     0     1     1     1
  2.7971450558185229E-01 a         2     0     1     1     2
 -9.2195716562016722E-02 a         3     0     1     1     3
 -3.2892214207669895E-01 a         4     0     1     1     4
  6.8398569662126707E-02 a         5     0     1     1     5
 -2.2040721962723703E-01 a         6     0     1     1     6
  2.7766678119630767E-01 a         7     0     1     1     7
  1.4479961035731106E-01 a         8     0     1     1     8
 -2.0839936259323966E-01 a         9     0     1     1     9
  1.7365803808440380E-01 a        10     0     1     1    10
  2.5886355510985687E-01 a        11     0     1     1    11
  5.2192090974446041E-02 a        12     0     1     1    12
 -3.7226752575509092E-01 a        13     0     1     1    13
 -9.9367286750039197E-02 a        14     0     1     1    14
 -2.1291906484794416E-02 a        15     0     1     1    15
  3.3248150535514809E-01 a        16     0     2     1     1
 -1.9323753302822844E-01 a        17     0     2     1     2
 -4.3469825131229678E-01 a        18     0     2     1     3
 -4.9855430617512386E-01 a        19     0     2     1     4
  4.0130821844358772E-01 a        20     0     2     1     5
 -3.0692755794223053E-01 a        21     0     2     1     6
 -4.5094140949672362E-01 a        22     0     2     1     7
 -1.8139239336020146E-01 a        23     0     2     1     8
  3.9567125530367375E-01 a        24     0     2     1     9
 -9.5148872525340628E-02 a        25     0     2     1    10
 -2.1295735187461008E-02 a        26     0     2     1    11
 -3.5648862684863836E-01 a        27     0     2     1    12
 -1.3654464386287729E-01 a        28     0     2     1    13
 -1.0655020431365050E-01 a        29     0     2     1    14
  1.7882303903181554E-01 a        30     0     2     1    15
  2.7268047918363397E-01 a        31     0     3     1     1
  1.6286853844967328E-01 a        32     0     3     1     2
 -1.7337181231907958E-01 a        33     0     3     1     3
  1.0242032599351987E-01 a        34     0     3     1     4
  3.2688512711392942E-01 a        35     0     3     1     5
  3.7067138339343726E-02 a        36     0     3     1     6
  3.2040590563170784E-01 a        37     0     3     1     7
  3.7673543969734374E-01 a        38     0     3     1     8
 -3.5877101967555480E-01 a        39     0     3     1     9
  3.9742474128401911E-01 a        40     0     3     1    10
  2.8266796527208532E-01 a        41     0     3     1    11
 -5.9000729041872639E-02 a        42     0     3     1    12
 -2.8997111745454995E-01 a        43     0     3     1    13
 -2.7547930362878204E-01 a        44     0     3     1    14
 -4.5329823799239277E-01 a        45     0     3     1    15
 -2.7108785038547339E-01 a        46     0     4     1     1
 -8.0604013635226911E-03 a        47     0     4     1     2
  3.5768596055639257E-02 a        48     0     4     1     3
  1.7169487701983868E-01 a        49     0     4     1     4
  1.8002096774278201E-01 a        50     0     4     1     5
  7.2207342833164757E-03 a        51     0     4     1     6
  9.1488870089128441E-02 a        52     0     4     1     7
  3.2520054218264771E-01 a        53     0     4     1     8
 -9.7348659341009725E-02 a        54     0     4     1     9
 -4.1684078970981597E-01 a        55     0     4     1    10
  4.0534934642062515E-01 a        56     0     4     1    11
 -3.5148109573168129E-01 a        57     0     4     1    12
  2.0215746947966250E-02 a        58     0     4     1    13
  3.5739364162651616E-01 a        59     0     4     1    14
  2.9427918608837156E-01 a        60     0     4     1    15
  2.4038363758652401E-01 a        61     0     5     1     1
 -3.1503516309303947E-01 a        62     0     5     1     2
 -3.1429202063110423E-01 a        63     0     5     1     3
  2.1480221539190814E-01 a        64     0     5     1     4
  4.1342714674709169E-01 a        65     0     5     1     5
  3.8030013256370521E-01 a        66     0     5     1     6
  3.6447718651975247E-01 a        67     0     5     1     7
  3.2070931186834017E-02 a        68     0     5     1     8
 -3.7841156567927076E-01 a        69     0     5     1     9
 -1.3543849425221047E-01 a        70     0     5     1    10
 -3.5253903492339550E-01 a        71     0     5     1    11
 -4.0890674636387164E-01 a        72     0     5     1    12
  2.5579036822742462E-01 a        73     0     5     1    13
  2.9722794006447667E-01 a        74     0     5     1    14
 -3.5001164885100444E-01 a        75     0     5     1    15
  2.5978846178992254E-01 a        76     0     6     1     1
 -3.4669999840064408E-01 a        77     0     6     1     2
  3.7640830231188499E-01 a        78     0     6     1     3
 -1.5229734086988297E-01 a        79     0     6     1     4
  2.2344264662410912E-01 a        80     0     6     1     5
  2.3153801743834473E-01 a        81     0     6     1     6
 -3.3611227412655048E-01 a        82     0     6     1     7
 -6.6804203607564269E-02 a        83     0     6     1     8
 -6.3514826320822629E-02 a        84     0     6     1     9
  3.2917393812005524E-01 a        85     0     6     1    10
  2.1763680205163852E-01 a        86     0     6     1    11
 -1.5494886981777004E-01 a        87     0     6     1    12
  8.7653288590599135E-02 a        88     0     6     1    13
  1.2753941210085931E-01 a        89     0     6     1    14
 -2.0570388733616229E-01 a        90     0     6     1    15
  5.1710330382241418E-02 a        91     0     7     1     1
  1.0445998647900671E-01 a        92     0     7     1     2
 -2.5578058249322043E-02 a        93     0     7     1     3
 -3.1681244301173822E-01 a        94     0     7     1     4
  2.0333313540909512E-01 a        95     0     7     1     5
 -1.8466831843504097E-01 a        96     0     7     1     6
  1.3499287573445323E-01 a        97     0     7     1     7
  4.4756069661753878E-01 a        98     0     7     1     8
 -3.1137980129090059E-01 a        99     0     7     1     9
  6.1248921765330318E-02 a       100     0     7     1    10
 -3.5577810426119910E-01 a       101     0     7     1    11
 -2.9782695930573988E-01 a       102     0     7     1    12
  1.2274686494464984E-01 a       103     0     7     1    13
  1.2502317864795246E-02 a       104     0     7     1    14
 -5.7181472444011938E-01 a       105     0     7     1    15
  4.1669206257838903E-01 a       106     0     8     1     1
 -1.1499275429419233E-01 a       107     0     8     1     2
 -7.6977585189156150E-02 a       108     0     8     1     3
 -2.5138504064081796E-01 a       109     0     8     1     4
 -4.7746218953399472E-01 a       110     0     8     1     5
  4.1618229529032214E-01 a       111     0     8     1     6
 -5.2168651428153537E-02 a       112     0     8     1     7
 -1.9490054061128184E-01 a       113     0     8     1     8
  4.1961505931275112E-01 a       114     0     8     1     9
 -4.4576552935595391E-03 a       115     0     8     1    10
  1.2502282965574585E-01 a       116     0     8     1    11
 -3.9718604106044358E-01 a       117     0     8     1    12
 -2.6120520873254477E-01 a       118     0     8     1    13
  6.3973932081194423E-02 a       119     0     8     1    14
 -3.2318684197967568E-01 a       120     0     8     1    15
  2.8239889105074384E-01 a       121     0     9     1     1
 -1.9902466010588857E-01 a       122     0     9     1     2
 -2.5990251767419731E-01 a       123     0     9     1     3
  2.8922119672096325E-01 a       124     0     9     1     4
 -6.1001155582476363E-01 a       125     0     9     1     5
 -1.0715106412613787E-01 a       126     0     9     1     6
  1.0799136097520887E-01 a       127     0     9     1     7
 -3.4686669864217290E-01 a       128     0     9     1     8
  1.8589134991174344E-01 a       129     0     9     1     9
  2.0137513932719850E-01 a       130     0     9     1    10
  3.9904614639905855E-02 a       131     0     9     1    11
  2.8459059383747509E-01 a       132     0     9     1    12
  2.9289133099222037E-01 a       133     0     9     1    13
 -4.8102318032987879E-01 a       134     0     9     1    14
 -3.5461045781363382E-01 a       135     0     9     1    15
  6.0803411979814226E-01 a       136     0    10     1     1
 -1.3321359136864830E-01 a       137     0    10     1     2
  2.7130822995187787E-01 a       138     0    10     1     3
 -4.1185802768950269E-01 a       139     0    10     1     4
 -2.0022484854081099E-01 a       140     0    10     1     5
 -3.7207938814328795E-01 a       141     0    10     1     6
 -1.4232918733935179E-01 a       142     0    10     1     7
  9.0644946901007051E-02 a       143     0    10     1     8
 -4.1372324826502022E-02 a       144     0    10     1     9
 -3.8877106735259342E-01 a       145     0    10     1    10
  2.1146433273303675E-01 a       146     0    10     1    11
  1.7519486533563966E-01 a       147     0    10     1    12
 -2.3481646584459899E-02 a       148     0    10     1    13
  2.5702091239903951E-01 a       149     0    10     1    14
  1.5312386948441548E-01 a       150     0    10     1    15
  7.6822185468973805E-02 a       151     0    11     1     1
 -5.5890246058133843E-02 a       152     0    11     1     2
 -1.7412944164749120E-01 a       153     0    11     1     3
 -4.0659107195542221E-01 a       154     0    11     1     4
  4.0590381860421598E-01 a       155     0    11     1     5
 -4.4069461158139776E-02 a       156     0    11     1     6
  2.7976113126897961E-01 a       157     0    11     1     7
 -4.4809325539987337E-02 a       158     0    11     1     8
  2.3560926856077224E-01 a       159     0    11     1     9
  1.9338304432773741E-02 a       160     0    11     1    10
  1.9585928631774382E-01 a       161     0    11     1    11
 -1.2919503303184446E-01 a       162     0    11     1    12
  4.3193030484623057E-01 a       163     0    11     1    13
  2.4791997403785954E-01 a       164     0    11     1    14
 -2.5135011262696190E-02 a       165     0    11     1    15
  5.4420762539657741E-01 a       166     0    12     1     1
  3.2500623294228098E-01 a       167     0    12     1     2
 -2.3753744845115971E-01 a       168     0    12     1     3
  4.3059414545433744E-01 a       169     0    12     1     4
  3.8518464825041943E-01 a       170     0    12     1     5
  2.0765650790894161E-01 a       171     0    12     1     6
 -4.1219523920078438E-01 a       172     0    12     1     7
  3.7807977503789175E-01 a       173     0    12     1     8
  5.3545890674963459E-02 a       174     0    12     1     9
 -3.0231399808422271E-01 a       175     0    12     1    10
  1.6643451990530449E-02 a       176     0    12     1    11
 -2.5872997046727536E-01 a       177     0    12     1    12
  1.2637165870708342E-01 a       178     0    12     1    13
 -4.3618110952957567E-01 a       179     0    12     1    14
  1.2532061609226619E-01 a       180     0    12     1    15
  2.2306508405760866E-01 a       181     0    13     1     1
 -1.8082282653820994E-01 a       182     0    13     1     2
 -1.3583968686177567E-01 a       183     0    13     1     3
 -4.7578508648804405E-02 a       184     0    13     1     4
  4.6619224863800568E-01 a       185     0    13     1     5
  2.8597549749405538E-01 a       186     0    13     1     6
 -1.2255012058312928E-01 a       187     0    13     1     7
 -4.2517712458788698E-01 a       188     0    13     1     8
 -1.4939007766835669E-01 a       189     0    13     1     9
  1.9934338239588331E-01 a       190     0    13     1    10
 -7.8937972121201391E-02 a       191     0    13     1    11
  3.3913298579162021E-01 a       192     0    13     1    12
  3.9961743412346273E-01 a       193     0    13     1    13
  8.4400048838831621E-02 a       194     0    13     1    14
 -1.6206791254494199E-01 a       195     0    13     1    15
  5.2008050986345145E-01 a       196     0    14     1     1
 -2.3777589321517256E-01 a       197     0    14     1     2
 -2.9393187959824488E-02 a       198     0    14     1     3
  2.6318063876429149E-01 a       199     0    14     1     4
 -2.6148381667544851E-01 a       200     0    14     1     5
 -2.6604040732306400E-01 a       201     0    14     1     6
 -2.9036130904515967E-01 a       202     0    14     1     7
  1.6626803224390951E-01 a       203     0    14     1     8
 -5.1131223681094562E-01 a       204     0    14     1     9
 -1.5370417403736467E-01 a       205     0    14     1    10
  2.2382735459083328E-01 a       206     0    14     1    11
  4.1177684180888607E-01 a       207     0    14     1    12
 -3.4163334200365730E-01 a       208     0    14     1    13
  1.1684244442000379E-02 a       209     0    14     1    14
  3.3064488613702214E-01 a       210     0    14     1    15
  2.0246490612462285E-02 b       211     1     1
 -1.3516060845960673E-01 b       212     1     2
 -8.4417733728515854E-02 b       213     1     3
 -1.8057311522658079E-01 b       214     1     4
 -9.0115190044034080E-02 b       215     1     5
 -1.4435300571169996E-01 b       216     1     6
 -1.3877959382363841E-01 b       217     1     7
  2.0057746691593861E-01 b       218     1     8
  4.5732035028703016E-02 b       219     1     9
 -1.6875666435161787E-01 b       220     1    10
 -8.5931289009705841E-02 b       221     1    11
 -3.3332285484491804E-02 b       222     1    12
 -3.8362068307596503E-02 b       223     1    13
 -2.7178536759377592E-01 b       224     1    14
  5.6733585756990968E-03 b       225     1    15
 -2.4951971051758121E-01 a       226     1     1     2     1
 -4.9809024689446348E-02 a       227     1     1     2     2
  1.3037270384076762E-02 a       228     1     1     2     3
 -9.0957679669651181E-02 a       229     1     1     2     4
 -2.2116564503466499E-01 a       230     1     1     2     5
  1.0435880203339271E-03 a       231     1     1     2     6
 -6.5821126180884981E-02 a       232     1     1     2     7
 -2.1916397787968214E-01 a       233     1     1     2     8
 -2.2095917227275966E-01 a       234     1     1     2     9
 -4.3969479479724166E-01 a       235     1     1     2    10
  2.6754019402927287E-01 a       236     1     1     2    11
 -3.7255258476191999E-01 a       237     1     1     2    12
  2.3864843913118816E-01 a       238     1     1     2    13
  2.4991487293058162E-01 a       239     1     1     2    14
  2.7418560379647056E-01 a       240     1     1     2    15
  2.1710829151152564E-02 a       241     1     2     2     1
 -1.8991212496648130E-01 a       242     1     2     2     2
  3.1389950483793966E-01 a       243     1     2     2     3
 -1.2771154297273649E-03 a       244     1     2     2     4
 -2.5349682713573851E-01 a       245     1     2     2     5
 -1.7928846515210686E-01 a       246     1     2     2     6
 -9.3103735372950264E-03 a       247     1     2     2     7
  3.9831452246436438E-01 a       248     1     2     2     8
  1.3857638154767263E-01 a       249     1     2     2     9
 -6.7606899902942344E-02 a       250     1     2     2    10
  2.0222085577319410E-01 a       251     1     2     2    11
  3.9440109748089019E-01 a       252     1     2     2    12
 -1.9649120603211159E-01 a       253     1     2     2    13
 -7.6463859288449385E-02 a       254     1     2     2    14
 -2.7611721547953749E-01 a       255     1     2     2    15
  2.7437477400827337E-01 a       256     1     3     2     1
 -2.5997087157592570E-02 a       257     1     3     2     2
  4.1205782356769395E-02 a       258     1     3     2     3
 -3.6335465524414989E-01 a       259     1     3     2     4
  4.1090462403596723E-01 a       260     1     3     2     5
 -2.8495511182847028E-01 a       261     1     3     2     6
  1.1791635233740591E-01 a       262     1     3     2     7
 -7.4540284203316043E-02 a       263     1     3     2     8
  3.9265783967688450E-01 a       264     1     3     2     9
 -8.1370699962603432E-02 a       265     1     3     2    10
 -4.0698363217772282E-01 a       266     1     3     2    11
 -1.3033165630190554E-02 a       267     1     3     2    12
 -7.0318332953563045E-02 a       268     1     3     2    13
  2.3045142695563691E-02 a       269     1     3     2    14
 -8.3043907565760106E-02 a       270     1     3     2    15
 -3.8524935241402053E-01 a       271     1     4     2     1
  3.5288786841021125E-01 a       272     1     4     2     2
  1.8499998224014800E-02 a       273     1     4     2     3
 -2.8358711507819873E-01 a       274     1     4     2     4
  2.7968466558769284E-01 a       275     1     4     2     5
 -4.5411621819463616E-01 a       276     1     4     2     6
  1.1368525316459950E-01 a       277     1     4     2     7
  4.4555627644309892E-01 a       278     1     4     2     8
 -1.8362025179514938E-02 a       279     1     4     2     9
  2.7612831911718949E-01 a       280     1     4     2    10
 -1.4412850679374692E-01 a       281     1     4     2    11
  3.2977680071528043E-01 a       282     1     4     2    12
  2.5501815540620570E-01 a       283     1     4     2    13
  4.5877738786818911E-01 a       284     1     4     2    14
 -3.4257298191034824E-01 a       285     1     4     2    15
  3.6359376265933149E-02 a       286     1     5     2     1
  1.0833359914879713E-01 a       287     1     5     2     2
  3.6121503698826474E-01 a       288     1     5     2     3
  4.2479459009463851E-02 a       289     1     5     2     4
 -3.9862746769133828E-01 a       290     1     5     2     5
  9.1806237207023286E-02 a       291     1     5     2     6
  9.7258233412045227E-04 a       292     1     5     2     7
  5.8837257360715468E-02 a       293     1     5     2     8
  2.1566727193358817E-01 a       294     1     5     2     9
  1.4179562968961390E-01 a       295     1     5     2    10
  1.6214720855206041E-01 a       296     1     5     2    11
  4.9364689473717485E-02 a       297     1     5     2    12
 -4.6610276805315837E-01 a       298     1     5     2    13
 -1.5990910205903694E-01 a       299     1     5     2    14
  1.7183264421570316E-01 a       300     1     5     2    15
  4.5739624145422009E-01 a       301     1     6     2     1
 -2.2553965562207817E-02 a       302     1     6     2     2
 -1.8855276416405115E-01 a       303     1     6     2     3
  3.9746067931955759E-01 a       304     1     6     2     4
  2.0250663481730144E-01 a       305     1     6     2     5
  4.0659625664698801E-01 a       306     1     6     2     6
  3.0190134055856157E-02 a       307     1     6     2     7
 -9.0765325073001710E-02 a       308     1     6     2     8
  3.3689195985337950E-01 a       309     1     6     2     9
 -1.5339291465964508E-01 a       310     1     6     2    10
  1.3096199079304313E-01 a       311     1     6     2    11
 -3.7606660229186478E-01 a       312     1     6     2    12
 -1.9825602549351348E-01 a       313     1     6     2    13
  2.5815170264579040E-01 a       314     1     6     2    14
 -2.8686770311130150E-01 a       315     1     6     2    15
 -1.1280149507788287E-01 a       316     1     7     2     1
  2.6031397561503505E-01 a       317     1     7     2     2
  4.0264921031634610E-01 a       318     1     7     2     3
  1.8980708767064045E-01 a       319     1     7     2     4
  3.6783550516567459E-01 a       320     1     7     2     5
 -3.9614097262370751E-01 a       321     1     7     2     6
  7.4149339320936619E-02 a       322     1     7     2     7
 -8.8518525944734933E-03 a       323     1     7     2     8
  2.3063290563899450E-01 a       324     1     7     2     9
 -3.7346597581528079E-01 a       325     1     7     2    10
  2.5401392987545685E-01 a       326     1     7     2    11
 -3.5076185775204755E-01 a       327     1     7     2    12
  4.1979365524623313E-01 a       328     1     7     2    13
  1.6442344499064920E-01 a       329     1     7     2    14
  4.3033933191258722E-01 a       330     1     7     2    15
 -5.0600300204778925E-01 a       331     1     8     2     1
 -3.2264564342700386E-01 a       332     1     8     2     2
  2.2600974327755782E-01 a       333     1     8     2     3
 -1.8333903521925030E-01 a       334     1     8     2     4
 -3.7362939509878601E-01 a       335     1     8     2     5
 -2.0194654788189201E-01 a       336     1     8     2     6
 -2.2997891782643662E-01 a       337     1     8     2     7
 -2.4943536006776260E-01 a       338     1     8     2     8
 -1.4200804789090551E-01 a       339     1     8     2     9
 -3.5587612122657408E-01 a       340     1     8     2    10
  1.1508865550988205E-02 a       341     1     8     2    11
  1.3478422799791057E-01 a       342     1     8     2    12
 -2.7808233791320092E-01 a       343     1     8     2    13
 -1.0155212135338557E-02 a       344     1     8     2    14
 -2.3629273189647737E-01 a       345     1     8     2    15
  2.0200354964237791E-01 a       346     1     9     2     1
 -1.0892353315604569E-02 a       347     1     9     2     2
 -5.9945247902127914E-02 a       348     1     9     2     3
  2.8166168430906979E-01 a       349     1     9     2     4
  1.9673619575285267E-02 a       350     1     9     2     5
  3.5906227899286458E-01 a       351     1     9     2     6
  7.2144979778442322E-02 a       352     1     9     2     7
 -1.6342851290312213E-01 a       353     1     9     2     8
 -3.2528587519527058E-01 a       354     1     9     2     9
  1.0131650742653502E-01 a       355     1     9     2    10
 -3.5575624890481616E-01 a       356     1     9     2    11
  3.8698835922812336E-01 a       357     1     9     2    12
  2.3891776597996217E-01 a       358     1     9     2    13
 -3.9859056210679900E-01 a       359     1     9     2    14
  1.4976001748697426E-01 a       360     1     9     2    15
  3.5133176364188967E-01 a       361     1    10     2     1
 -1.0545981735347065E-01 a       362     1    10     2     2
  3.0543667620523951E-01 a       363     1    10     2     3
  3.9090691289500734E-01 a       364     1    10     2     4
  1.8126519952463888E-01 a       365     1    10     2     5
  1.3916506019616201E-01 a       366     1    10     2     6
 -4.1502126544109681E-02 a       367     1    10     2     7
 -2.0278021664630533E-01 a       368     1    10     2     8
  5.5948748750852442E-02 a       369     1    10     2     9
  3.6639056811390364E-01 a       370     1    10     2    10
 -2.2436753365123438E-01 a       371     1    10     2    11
  4.3042658910143883E-01 a       372     1    10     2    12
 -4.3617269612412801E-01 a       373     1    10     2    13
 -7.1947475795150359E-02 a       374     1    10     2    14
 -3.0911162411079640E-01 a       375     1    10     2    15
  2.6903398547289464E-01 a       376     1    11     2     1
  2.5268232163805959E-01 a       377     1    11     2     2
  4.0951340487021493E-01 a       378     1    11     2     3
 -1.7598881792664098E-01 a       379     1    11     2     4
 -1.5028575141167333E-01 a       380     1    11     2     5
  6.9833634357763019E-02 a       381     1    11     2     6
 -1.3931611219268081E-01 a       382     1    11     2     7
 -4.0296239607316492E-01 a       383     1    11     2     8
  1.7758263097270877E-01 a       384     1    11     2     9
 -1.6968874358583683E-01 a       385     1    11     2    10
  3.5304909292184015E-02 a       386     1    11     2    11
  2.3568188099313042E-01 a       387     1    11     2    12
 -1.6679833750631293E-01 a       388     1    11     2    13
  3.7039612038842251E-01 a       389     1    11     2    14
  3.3614319063670506E-01 a       390     1    11     2    15
  9.4215008445076957E-03 a       391     1    12     2     1
  3.1156628930164776E-01 a       392     1    12     2     2
 -2.9824557737853896E-01 a       393     1    12     2     3
 -1.2031659138913837E-01 a       394     1    12     2     4
  2.5758546080121618E-02 a       395     1    12     2     5
 -4.2518773875501525E-01 a       396     1    12     2     6
  2.8105044894584711E-02 a       397     1    12     2     7
 -2.8829374827449400E-01 a       398     1    12     2     8
  4.8473514978143284E-01 a       399     1    12     2     9
  3.2229307458688006E-01 a       400     1    12     2    10
 -3.8872442483583786E-01 a       401     1    12     2    11
 -1.6485283957280181E-01 a       402     1    12     2    12
  2.6827853211325209E-01 a       403     1    12     2    13
 -1.4634579876940938E-02 a       404     1    12     2    14
 -1.9973503943724637E-02 a       405     1    12     2    15
 -2.2535032824548376E-01 a       406     1    13     2     1
  1.8181163392889679E-02 a       407     1    13     2     2
  1.8647405012145304E-01 a       408     1    13     2     3
 -1.5576962061307983E-02 a       409     1    13     2     4
 -3.6700681383513728E-01 a       410     1    13     2     5
 -1.5461731274482915E-01 a       411     1    13     2     6
 -2.6939448896892487E-01 a       412     1    13     2     7
 -7.7852243772020130E-02 a       413     1    13     2     8
  7.7605410521462996E-03 a       414     1    13     2     9
 -1.3845170342213670E-01 a       415     1    13     2    10
  3.7790170524149691E-01 a       416     1    13     2    11
 -3.1976614579480277E-02 a       417     1    13     2    12
 -1.3667765159798729E-03 a       418     1    13     2    13
  4.4640224171506498E-01 a       419     1    13     2    14
 -3.1323215305488444E-01 a       420     1    13     2    15
  2.2051095284430025E-01 a       421     1    14     2     1
  3.9283837849082548E-01 a       422     1    14     2     2
  5.0399874573719521E-02 a       423     1    14     2     3
  2.5102409764501221E-01 a       424     1    14     2     4
  1.5139769889383384E-01 a       425     1    14     2     5
  2.7468965531315176E-01 a       426     1    14     2     6
 -4.1316603309739552E-01 a       427     1    14     2     7
  4.3135577099832728E-01 a       428     1    14     2     8
 -8.0554929373656534E-02 a       429     1    14     2     9
  5.6098595434118190E-03 a       430     1    14     2    10
  3.2519897703284895E-01 a       431     1    14     2    11
  1.1235119637904519E-02 a       432     1    14     2    12
  1.6176683622872171E-01 a       433     1    14     2    13
  3.5222341629987847E-01 a       434     1    14     2    14
  6.4186695678927944E-02 a       435     1    14     2    15
  4.3384476633402247E-01 a       436     1    15     2     1
  3.0052426466975296E-01 a       437     1    15     2     2
  4.5687820438796978E-01 a       438     1    15     2     3
  2.9752912323512654E-01 a       439     1    15     2     4
 -5.2970938748864649E-01 a       440     1    15     2     5
  2.0786874470339220E-01 a       441     1    15     2     6
  2.6432122355614052E-01 a       442     1    15     2     7
  3.5981370259251988E-01 a       443     1    15     2     8
  1.0711214430034110E-03 a       444     1    15     2     9
  8.4481337050847594E-02 a       445     1    15     2    10
 -4.4287517406370047E-01 a       446     1    15     2    11
  3.5549617418600754E-01 a       447     1    15     2    12
  2.1805689344087659E-01 a       448     1    15     2    13
  2.4245664492927080E-01 a       449     1    15     2    14
  1.0312114135003926E-01 a       450     1    15     2    15
 -1.2260349834254206E-01 b       451     2     1
 -2.7909144614086421E-02 b       452     2     2
 -6.8758774337131637E-02 b       453     2     3
 -3.3135635930309174E-02 b       454     2     4
 -2.4643938190624640E-01 b       455     2     5
  9.4412088446132442E-02 b       456     2     6
 -9.3033507469492457E-03 b       457     2     7
 -1.3724946433033400E-01 b       458     2     8
 -6.6106197943860440E-02 b       459     2     9
 -2.4524334108458980E-02 b       460     2    10
 -1.6282824207699473E-01 b       461     2    11
 -2.7454558041071736E-01 b       462     2    12
 -1.2978192638147524E-02 b       463     2    13
 -1.7289001782308849E-01 b       464     2    14
  8.3073366330662258E-04 b       465     2    15
 -5.1006157047906808E-01 a       466     2     1     3     1
 -1.0208030896245222E+00 a       467     2     2     3     1
 -4.4813697716510703E-01 a       468     2     3     3     1
 -6.0165896473412073E-01 a       469     2     4     3     1
  8.8472569337133655E-01 a       470     2     5     3     1
  8.7303734620175832E-01 a       471     2     6     3     1
 -2.5881554258936214E-02 a       472     2     7     3     1
 -9.1043625925727767E-01 a       473     2     8     3     1
 -8.8009621258993476E-01 a       474     2     9     3     1
 -7.0420910520315450E-01 a       475     2    10     3     1
  2.1729208359879168E-02 a       476     2    11     3     1
 -8.4224116453834841E-01 a       477     2    12     3     1
  4.3207674010182362E-01 a       478     2    13     3     1
 -3.9011539310770393E-01 a       479     2    14     3     1
  2.1007543972173384E-01 a       480     2    15     3     1
  3.6205953647396388E-01 b       481     3     1
